[2672] 2015/10/06 11:16:17.538 API InitInstance 
[2672] 2015/10/06 11:16:17.542 SKQuoteLib_Initialize ¡GB222875498
[2672] 2015/10/06 11:16:17.542 SKQuoteLib_Initialize ¡Ghttps://order2.capital.com.tw/
[2672] 2015/10/06 11:16:20.611 SKQuoteLib_Initialize  SUCCESS 
[2672] 2015/10/06 11:16:21.410 SKQuoteLib_EnterMonitor IP¡Ginfo12.capital.com.tw
[2672] 2015/10/06 11:16:26.449 SKQuoteLib_RequestStocks (1,TSEA,TX00,TX09,TX10,TX12,TX03,TX06,TE00,TE09,TE10,TE12,TE03,TE06,TF00,TF09,TF10,TF12,TF03,TF06)
[2672] 2015/10/06 11:16:26.450 Divide StockNo {TSEA}
[2672] 2015/10/06 11:16:26.523 Stock Not Exist 
[2672] 2015/10/06 11:16:26.524 Divide StockNo {TX00}
[2672] 2015/10/06 11:16:26.524 Stock Not Exist 
[2672] 2015/10/06 11:16:26.525 Divide StockNo {TX09}
[2672] 2015/10/06 11:16:26.525 Stock Not Exist 
[2672] 2015/10/06 11:16:26.526 Divide StockNo {TX10}
[2672] 2015/10/06 11:16:26.526 Stock Not Exist 
[2672] 2015/10/06 11:16:26.527 Divide StockNo {TX12}
[2672] 2015/10/06 11:16:26.527 Stock Not Exist 
[2672] 2015/10/06 11:16:26.528 Divide StockNo {TX03}
[2672] 2015/10/06 11:16:26.528 Stock Not Exist 
[2672] 2015/10/06 11:16:26.528 Divide StockNo {TX06}
[2672] 2015/10/06 11:16:26.529 Stock Not Exist 
[2672] 2015/10/06 11:16:26.529 Divide StockNo {TE00}
[2672] 2015/10/06 11:16:26.530 Stock Not Exist 
[2672] 2015/10/06 11:16:26.530 Divide StockNo {TE09}
[2672] 2015/10/06 11:16:26.531 Stock Not Exist 
[2672] 2015/10/06 11:16:26.531 Divide StockNo {TE10}
[2672] 2015/10/06 11:16:26.532 Stock Not Exist 
[2672] 2015/10/06 11:16:26.532 Divide StockNo {TE12}
[2672] 2015/10/06 11:16:26.533 Stock Not Exist 
[2672] 2015/10/06 11:16:26.533 Divide StockNo {TE03}
[2672] 2015/10/06 11:16:26.534 Stock Not Exist 
[2672] 2015/10/06 11:16:26.534 Divide StockNo {TE06}
[2672] 2015/10/06 11:16:26.534 Stock Not Exist 
[2672] 2015/10/06 11:16:26.535 Divide StockNo {TF00}
[2672] 2015/10/06 11:16:26.535 Stock Not Exist 
[2672] 2015/10/06 11:16:26.536 Divide StockNo {TF09}
[2672] 2015/10/06 11:16:26.536 Stock Not Exist 
[2672] 2015/10/06 11:16:26.537 Divide StockNo {TF10}
[2672] 2015/10/06 11:16:26.537 Stock Not Exist 
[2672] 2015/10/06 11:16:26.538 Divide StockNo {TF12}
[2672] 2015/10/06 11:16:26.538 Stock Not Exist 
[2672] 2015/10/06 11:16:26.539 Divide StockNo {TF03}
[2672] 2015/10/06 11:16:26.539 Stock Not Exist 
[2672] 2015/10/06 11:16:26.540 Divide StockNo {TF06}
[2672] 2015/10/06 11:16:26.540 Stock Not Exist 
[2672] 2015/10/06 11:16:26.541 SKQuoteLib_RequestStocks Page 1
[2672] 2015/10/06 11:16:26.582 SKQuoteLib_AttachConnectionCallBack 
[2672] 2015/10/06 11:16:26.584 SKQuoteLib_AttachQuoteCallBack 
[2672] 2015/10/06 11:16:26.973 SocketConnect Type¡G100  ErrorCode¡G0
[2672] 2015/10/06 11:16:31.096 Stocks Ready
[2672] 2015/10/06 11:16:32.120 SKQuoteLib_RequestServerTime ¡G
[2672] 2015/10/06 11:16:32.121 SKQuoteLib_GetServerTime ¡G
[2672] 2015/10/06 11:16:32.665 SKQuoteLib_RequestServerTime ¡G
[2672] 2015/10/06 11:16:32.665 SKQuoteLib_GetServerTime ¡G
[2672] 2015/10/06 11:16:33.678 SKQuoteLib_RequestServerTime ¡G
[2672] 2015/10/06 11:16:33.678 SKQuoteLib_GetServerTime ¡G
[2672] 2015/10/06 11:16:34.693 SKQuoteLib_RequestServerTime ¡G
[2672] 2015/10/06 11:16:34.693 SKQuoteLib_GetServerTime ¡G
[2672] 2015/10/06 11:16:35.710 SKQuoteLib_RequestServerTime ¡G
[2672] 2015/10/06 11:16:35.710 SKQuoteLib_GetServerTime ¡G
[2672] 2015/10/06 11:16:36.722 SKQuoteLib_RequestServerTime ¡G
[2672] 2015/10/06 11:16:36.722 SKQuoteLib_GetServerTime ¡G
[2672] 2015/10/06 11:16:37.736 SKQuoteLib_RequestServerTime ¡G
[2672] 2015/10/06 11:16:37.736 SKQuoteLib_GetServerTime ¡G
[2672] 2015/10/06 11:16:38.750 SKQuoteLib_RequestServerTime ¡G
[2672] 2015/10/06 11:16:38.750 SKQuoteLib_GetServerTime ¡G
[2672] 2015/10/06 11:16:39.764 SKQuoteLib_RequestServerTime ¡G
[2672] 2015/10/06 11:16:39.764 SKQuoteLib_GetServerTime ¡G
[2672] 2015/10/06 11:16:40.777 SKQuoteLib_RequestServerTime ¡G
[2672] 2015/10/06 11:16:40.777 SKQuoteLib_GetServerTime ¡G
[2672] 2015/10/06 11:16:41.791 SKQuoteLib_RequestServerTime ¡G
[2672] 2015/10/06 11:16:41.791 SKQuoteLib_GetServerTime ¡G
[2672] 2015/10/06 11:16:42.805 SKQuoteLib_RequestServerTime ¡G
[2672] 2015/10/06 11:16:42.805 SKQuoteLib_GetServerTime ¡G
[2672] 2015/10/06 11:16:43.819 SKQuoteLib_RequestServerTime ¡G
[2672] 2015/10/06 11:16:43.819 SKQuoteLib_GetServerTime ¡G
[2672] 2015/10/06 11:16:44.833 SKQuoteLib_RequestServerTime ¡G
[2672] 2015/10/06 11:16:44.833 SKQuoteLib_GetServerTime ¡G
[2672] 2015/10/06 11:16:45.847 SKQuoteLib_RequestServerTime ¡G
[2672] 2015/10/06 11:16:45.847 SKQuoteLib_GetServerTime ¡G
[2672] 2015/10/06 11:16:46.861 SKQuoteLib_RequestServerTime ¡G
[2672] 2015/10/06 11:16:46.861 SKQuoteLib_GetServerTime ¡G
[2672] 2015/10/06 11:16:47.875 SKQuoteLib_RequestServerTime ¡G
[2672] 2015/10/06 11:16:47.875 SKQuoteLib_GetServerTime ¡G
[2672] 2015/10/06 11:16:48.888 SKQuoteLib_RequestServerTime ¡G
[2672] 2015/10/06 11:16:48.888 SKQuoteLib_GetServerTime ¡G
[2672] 2015/10/06 11:16:49.902 SKQuoteLib_RequestServerTime ¡G
[2672] 2015/10/06 11:16:49.902 SKQuoteLib_GetServerTime ¡G
[2672] 2015/10/06 11:16:50.916 SKQuoteLib_RequestServerTime ¡G
[2672] 2015/10/06 11:16:50.916 SKQuoteLib_GetServerTime ¡G
[2672] 2015/10/06 11:16:51.930 SKQuoteLib_RequestServerTime ¡G
[2672] 2015/10/06 11:16:51.930 SKQuoteLib_GetServerTime ¡G
[2672] 2015/10/06 11:16:52.944 SKQuoteLib_RequestServerTime ¡G
[2672] 2015/10/06 11:16:52.944 SKQuoteLib_GetServerTime ¡G
[2672] 2015/10/06 11:16:53.958 SKQuoteLib_RequestServerTime ¡G
[2672] 2015/10/06 11:16:53.958 SKQuoteLib_GetServerTime ¡G
[2672] 2015/10/06 11:16:54.973 SKQuoteLib_RequestServerTime ¡G
[2672] 2015/10/06 11:16:54.973 SKQuoteLib_GetServerTime ¡G
[2672] 2015/10/06 11:16:55.987 SKQuoteLib_RequestServerTime ¡G
[2672] 2015/10/06 11:16:55.987 SKQuoteLib_GetServerTime ¡G
[2672] 2015/10/06 11:17:01.636 SKQuoteLib_RequestStocks (1,TSEA,TX00,TX09,TX10,TX12,TX03,TX06,TE00,TE09,TE10,TE12,TE03,TE06,TF00,TF09,TF10,TF12,TF03,TF06)
[2672] 2015/10/06 11:17:01.637 Divide StockNo {TSEA}
[2672] 2015/10/06 11:17:01.638 Add Basket MarketNo¡G0 StockIdx¡G12643
[2672] 2015/10/06 11:17:01.638 Divide StockNo {TX00}
[2672] 2015/10/06 11:17:01.639 Add Basket MarketNo¡G2 StockIdx¡G0
[2672] 2015/10/06 11:17:01.639 Divide StockNo {TX09}
[2672] 2015/10/06 11:17:01.640 Stock Not Exist 
[2672] 2015/10/06 11:17:01.641 Divide StockNo {TX10}
[2672] 2015/10/06 11:17:01.641 Add Basket MarketNo¡G2 StockIdx¡G1
[2672] 2015/10/06 11:17:01.642 Divide StockNo {TX12}
[2672] 2015/10/06 11:17:01.642 Add Basket MarketNo¡G2 StockIdx¡G3
[2672] 2015/10/06 11:17:01.643 Divide StockNo {TX03}
[2672] 2015/10/06 11:17:01.643 Add Basket MarketNo¡G2 StockIdx¡G4
[2672] 2015/10/06 11:17:01.644 Divide StockNo {TX06}
[2672] 2015/10/06 11:17:01.644 Add Basket MarketNo¡G2 StockIdx¡G5
[2672] 2015/10/06 11:17:01.645 Divide StockNo {TE00}
[2672] 2015/10/06 11:17:01.645 Add Basket MarketNo¡G2 StockIdx¡G14
[2672] 2015/10/06 11:17:01.646 Divide StockNo {TE09}
[2672] 2015/10/06 11:17:01.647 Stock Not Exist 
[2672] 2015/10/06 11:17:01.647 Divide StockNo {TE10}
[2672] 2015/10/06 11:17:01.648 Add Basket MarketNo¡G2 StockIdx¡G15
[2672] 2015/10/06 11:17:01.648 Divide StockNo {TE12}
[2672] 2015/10/06 11:17:01.649 Add Basket MarketNo¡G2 StockIdx¡G17
[2672] 2015/10/06 11:17:01.650 Divide StockNo {TE03}
[2672] 2015/10/06 11:17:01.650 Add Basket MarketNo¡G2 StockIdx¡G18
[2672] 2015/10/06 11:17:01.653 Divide StockNo {TE06}
[2672] 2015/10/06 11:17:01.654 Add Basket MarketNo¡G2 StockIdx¡G19
[2672] 2015/10/06 11:17:01.655 Divide StockNo {TF00}
[2672] 2015/10/06 11:17:01.655 Add Basket MarketNo¡G2 StockIdx¡G20
[2672] 2015/10/06 11:17:01.656 Divide StockNo {TF09}
[2672] 2015/10/06 11:17:01.657 Stock Not Exist 
[2672] 2015/10/06 11:17:01.657 Divide StockNo {TF10}
[2672] 2015/10/06 11:17:01.658 Add Basket MarketNo¡G2 StockIdx¡G21
[2672] 2015/10/06 11:17:01.658 Divide StockNo {TF12}
[2672] 2015/10/06 11:17:01.659 Add Basket MarketNo¡G2 StockIdx¡G23
[2672] 2015/10/06 11:17:01.659 Divide StockNo {TF03}
[2672] 2015/10/06 11:17:01.660 Add Basket MarketNo¡G2 StockIdx¡G24
[2672] 2015/10/06 11:17:01.661 Divide StockNo {TF06}
[2672] 2015/10/06 11:17:01.661 Add Basket MarketNo¡G2 StockIdx¡G25
[2672] 2015/10/06 11:17:01.662 SKQuoteLib_RequestStocks Page 1
[2672] 2015/10/06 11:17:01.683 SKQuoteLib_RequestServerTime ¡G
[2672] 2015/10/06 11:17:01.683 SKQuoteLib_GetServerTime ¡G
[2672] 2015/10/06 11:17:02.071 SKQuoteLib_RequestServerTime ¡G
[2672] 2015/10/06 11:17:02.072 SKQuoteLib_GetServerTime ¡G
[2672] 2015/10/06 11:17:03.085 SKQuoteLib_RequestServerTime ¡G
[2672] 2015/10/06 11:17:03.085 SKQuoteLib_GetServerTime ¡G
[2672] 2015/10/06 11:17:04.099 SKQuoteLib_RequestServerTime ¡G
[2672] 2015/10/06 11:17:04.099 SKQuoteLib_GetServerTime ¡G
[2672] 2015/10/06 11:17:05.113 SKQuoteLib_RequestServerTime ¡G
[2672] 2015/10/06 11:17:05.113 SKQuoteLib_GetServerTime ¡G
[2672] 2015/10/06 11:17:06.127 SKQuoteLib_RequestServerTime ¡G
[2672] 2015/10/06 11:17:06.127 SKQuoteLib_GetServerTime ¡G
[2672] 2015/10/06 11:17:07.141 SKQuoteLib_RequestServerTime ¡G
[2672] 2015/10/06 11:17:07.141 SKQuoteLib_GetServerTime ¡G
[2672] 2015/10/06 11:17:08.154 SKQuoteLib_RequestServerTime ¡G
[2672] 2015/10/06 11:17:08.154 SKQuoteLib_GetServerTime ¡G
