[5496] 2015/11/10 11:06:25.786 API InitInstance 
[5496] 2015/11/10 11:06:25.789 SKQuoteLib_Initialize ¡GB222875498
[5496] 2015/11/10 11:06:25.790 SKQuoteLib_Initialize ¡Ghttps://order2.capital.com.tw/
[5496] 2015/11/10 11:06:26.685 SKQuoteLib_Initialize  SUCCESS 
[5496] 2015/11/10 11:06:26.743 SKQuoteLib_EnterMonitor IP¡Ginfo16.capital.com.tw
[5496] 2015/11/10 11:06:26.752 SKQuoteLib_AttachConnectionCallBack 
[5496] 2015/11/10 11:06:26.753 SKQuoteLib_AttachQuoteCallBack 
[5496] 2015/11/10 11:06:30.874 SocketConnect Type¡G100  ErrorCode¡G0
[5496] 2015/11/10 11:06:33.670 Stocks Ready
[5496] 2015/11/10 11:06:34.342 SKQuoteLib_RequestServerTime ¡G
[5496] 2015/11/10 11:06:34.342 SKQuoteLib_GetServerTime ¡G
[5496] 2015/11/10 11:06:34.903 SKQuoteLib_RequestServerTime ¡G
[5496] 2015/11/10 11:06:34.903 SKQuoteLib_GetServerTime ¡G
[5496] 2015/11/10 11:06:35.917 SKQuoteLib_RequestServerTime ¡G
[5496] 2015/11/10 11:06:35.917 SKQuoteLib_GetServerTime ¡G
[5496] 2015/11/10 11:06:35.997 SKQuoteLib_RequestStocks (1,TSEA,TX00,TX11,TX12,TX03,TX06,TX09,TE00,TE11,TE12,TE03,TE06,TE09,TF00,TF11,TF12,TF03,TF06,TF09)
[5496] 2015/11/10 11:06:35.998 Divide StockNo {TSEA}
[5496] 2015/11/10 11:06:35.998 Add Basket MarketNo¡G0 StockIdx¡G12272
[5496] 2015/11/10 11:06:35.999 Divide StockNo {TX00}
[5496] 2015/11/10 11:06:35.999 Add Basket MarketNo¡G2 StockIdx¡G0
[5496] 2015/11/10 11:06:36.000 Divide StockNo {TX11}
[5496] 2015/11/10 11:06:36.000 Add Basket MarketNo¡G2 StockIdx¡G1
[5496] 2015/11/10 11:06:36.001 Divide StockNo {TX12}
[5496] 2015/11/10 11:06:36.002 Add Basket MarketNo¡G2 StockIdx¡G2
[5496] 2015/11/10 11:06:36.002 Divide StockNo {TX03}
[5496] 2015/11/10 11:06:36.003 Add Basket MarketNo¡G2 StockIdx¡G3
[5496] 2015/11/10 11:06:36.003 Divide StockNo {TX06}
[5496] 2015/11/10 11:06:36.004 Add Basket MarketNo¡G2 StockIdx¡G4
[5496] 2015/11/10 11:06:36.004 Divide StockNo {TX09}
[5496] 2015/11/10 11:06:36.005 Add Basket MarketNo¡G2 StockIdx¡G5
[5496] 2015/11/10 11:06:36.005 Divide StockNo {TE00}
[5496] 2015/11/10 11:06:36.006 Add Basket MarketNo¡G2 StockIdx¡G14
[5496] 2015/11/10 11:06:36.006 Divide StockNo {TE11}
[5496] 2015/11/10 11:06:36.007 Add Basket MarketNo¡G2 StockIdx¡G15
[5496] 2015/11/10 11:06:36.008 Divide StockNo {TE12}
[5496] 2015/11/10 11:06:36.008 Add Basket MarketNo¡G2 StockIdx¡G16
[5496] 2015/11/10 11:06:36.009 Divide StockNo {TE03}
[5496] 2015/11/10 11:06:36.009 Add Basket MarketNo¡G2 StockIdx¡G17
[5496] 2015/11/10 11:06:36.010 Divide StockNo {TE06}
[5496] 2015/11/10 11:06:36.010 Add Basket MarketNo¡G2 StockIdx¡G18
[5496] 2015/11/10 11:06:36.011 Divide StockNo {TE09}
[5496] 2015/11/10 11:06:36.011 Add Basket MarketNo¡G2 StockIdx¡G19
[5496] 2015/11/10 11:06:36.012 Divide StockNo {TF00}
[5496] 2015/11/10 11:06:36.012 Add Basket MarketNo¡G2 StockIdx¡G20
[5496] 2015/11/10 11:06:36.013 Divide StockNo {TF11}
[5496] 2015/11/10 11:06:36.013 Add Basket MarketNo¡G2 StockIdx¡G21
[5496] 2015/11/10 11:06:36.014 Divide StockNo {TF12}
[5496] 2015/11/10 11:06:36.014 Add Basket MarketNo¡G2 StockIdx¡G22
[5496] 2015/11/10 11:06:36.015 Divide StockNo {TF03}
[5496] 2015/11/10 11:06:36.015 Add Basket MarketNo¡G2 StockIdx¡G23
[5496] 2015/11/10 11:06:36.016 Divide StockNo {TF06}
[5496] 2015/11/10 11:06:36.016 Add Basket MarketNo¡G2 StockIdx¡G24
[5496] 2015/11/10 11:06:36.017 Divide StockNo {TF09}
[5496] 2015/11/10 11:06:36.017 Add Basket MarketNo¡G2 StockIdx¡G25
[5496] 2015/11/10 11:06:36.018 SKQuoteLib_RequestStocks Page 1
[5496] 2015/11/10 11:06:38.961 SKQuoteLib_RequestServerTime ¡G
[5496] 2015/11/10 11:06:38.962 SKQuoteLib_GetServerTime ¡G
[5496] 2015/11/10 11:06:39.973 SKQuoteLib_RequestServerTime ¡G
[5496] 2015/11/10 11:06:39.973 SKQuoteLib_GetServerTime ¡G
[5496] 2015/11/10 11:06:40.987 SKQuoteLib_RequestServerTime ¡G
[5496] 2015/11/10 11:06:40.987 SKQuoteLib_GetServerTime ¡G
[5496] 2015/11/10 11:06:42.071 SKQuoteLib_RequestServerTime ¡G
[5496] 2015/11/10 11:06:42.072 SKQuoteLib_GetServerTime ¡G
[5496] 2015/11/10 11:06:43.014 SKQuoteLib_RequestServerTime ¡G
[5496] 2015/11/10 11:06:43.014 SKQuoteLib_GetServerTime ¡G
[5496] 2015/11/10 11:06:44.029 SKQuoteLib_RequestServerTime ¡G
[5496] 2015/11/10 11:06:44.029 SKQuoteLib_GetServerTime ¡G
[5496] 2015/11/10 11:06:45.042 SKQuoteLib_RequestServerTime ¡G
[5496] 2015/11/10 11:06:45.042 SKQuoteLib_GetServerTime ¡G
[5496] 2015/11/10 11:06:46.056 SKQuoteLib_RequestServerTime ¡G
[5496] 2015/11/10 11:06:46.056 SKQuoteLib_GetServerTime ¡G
[5496] 2015/11/10 11:06:47.070 SKQuoteLib_RequestServerTime ¡G
[5496] 2015/11/10 11:06:47.070 SKQuoteLib_GetServerTime ¡G
[5496] 2015/11/10 11:06:48.084 SKQuoteLib_RequestServerTime ¡G
[5496] 2015/11/10 11:06:48.084 SKQuoteLib_GetServerTime ¡G
[5496] 2015/11/10 11:06:49.098 SKQuoteLib_RequestServerTime ¡G
[5496] 2015/11/10 11:06:49.098 SKQuoteLib_GetServerTime ¡G
[5496] 2015/11/10 11:06:50.112 SKQuoteLib_RequestServerTime ¡G
[5496] 2015/11/10 11:06:50.112 SKQuoteLib_GetServerTime ¡G
[5496] 2015/11/10 11:06:51.127 SKQuoteLib_RequestServerTime ¡G
[5496] 2015/11/10 11:06:51.127 SKQuoteLib_GetServerTime ¡G
[5496] 2015/11/10 11:06:52.141 SKQuoteLib_RequestServerTime ¡G
[5496] 2015/11/10 11:06:52.141 SKQuoteLib_GetServerTime ¡G
[5496] 2015/11/10 11:06:53.155 SKQuoteLib_RequestServerTime ¡G
[5496] 2015/11/10 11:06:53.155 SKQuoteLib_GetServerTime ¡G
[5496] 2015/11/10 11:06:54.168 SKQuoteLib_RequestServerTime ¡G
[5496] 2015/11/10 11:06:54.168 SKQuoteLib_GetServerTime ¡G
[5496] 2015/11/10 11:06:55.183 SKQuoteLib_RequestServerTime ¡G
[5496] 2015/11/10 11:06:55.183 SKQuoteLib_GetServerTime ¡G
[5496] 2015/11/10 11:06:56.197 SKQuoteLib_RequestServerTime ¡G
[5496] 2015/11/10 11:06:56.197 SKQuoteLib_GetServerTime ¡G
[5496] 2015/11/10 11:06:57.210 SKQuoteLib_RequestServerTime ¡G
[5496] 2015/11/10 11:06:57.210 SKQuoteLib_GetServerTime ¡G
[5496] 2015/11/10 11:06:58.224 SKQuoteLib_RequestServerTime ¡G
[5496] 2015/11/10 11:06:58.224 SKQuoteLib_GetServerTime ¡G
[5496] 2015/11/10 11:06:59.239 SKQuoteLib_RequestServerTime ¡G
[5496] 2015/11/10 11:06:59.239 SKQuoteLib_GetServerTime ¡G
[5496] 2015/11/10 11:07:00.253 SKQuoteLib_RequestServerTime ¡G
[5496] 2015/11/10 11:07:00.253 SKQuoteLib_GetServerTime ¡G
[5496] 2015/11/10 11:07:01.266 SKQuoteLib_RequestServerTime ¡G
[5496] 2015/11/10 11:07:01.266 SKQuoteLib_GetServerTime ¡G
[5496] 2015/11/10 11:07:02.281 SKQuoteLib_RequestServerTime ¡G
[5496] 2015/11/10 11:07:02.281 SKQuoteLib_GetServerTime ¡G
[5496] 2015/11/10 11:07:03.294 SKQuoteLib_RequestServerTime ¡G
[5496] 2015/11/10 11:07:03.294 SKQuoteLib_GetServerTime ¡G
[5496] 2015/11/10 11:07:04.309 SKQuoteLib_RequestServerTime ¡G
[5496] 2015/11/10 11:07:04.309 SKQuoteLib_GetServerTime ¡G
[5496] 2015/11/10 11:07:05.323 SKQuoteLib_RequestServerTime ¡G
[5496] 2015/11/10 11:07:05.323 SKQuoteLib_GetServerTime ¡G
[5496] 2015/11/10 11:07:06.337 SKQuoteLib_RequestServerTime ¡G
[5496] 2015/11/10 11:07:06.337 SKQuoteLib_GetServerTime ¡G
[5496] 2015/11/10 11:07:07.350 SKQuoteLib_RequestServerTime ¡G
[5496] 2015/11/10 11:07:07.350 SKQuoteLib_GetServerTime ¡G
[5496] 2015/11/10 11:07:08.365 SKQuoteLib_RequestServerTime ¡G
[5496] 2015/11/10 11:07:08.365 SKQuoteLib_GetServerTime ¡G
[5496] 2015/11/10 11:07:09.380 SKQuoteLib_RequestServerTime ¡G
[5496] 2015/11/10 11:07:09.380 SKQuoteLib_GetServerTime ¡G
[5496] 2015/11/10 11:07:10.394 SKQuoteLib_RequestServerTime ¡G
[5496] 2015/11/10 11:07:10.394 SKQuoteLib_GetServerTime ¡G
[5496] 2015/11/10 11:07:11.408 SKQuoteLib_RequestServerTime ¡G
[5496] 2015/11/10 11:07:11.408 SKQuoteLib_GetServerTime ¡G
[5496] 2015/11/10 11:07:12.422 SKQuoteLib_RequestServerTime ¡G
[5496] 2015/11/10 11:07:12.422 SKQuoteLib_GetServerTime ¡G
[5496] 2015/11/10 11:07:13.434 SKQuoteLib_RequestServerTime ¡G
[5496] 2015/11/10 11:07:13.434 SKQuoteLib_GetServerTime ¡G
[5496] 2015/11/10 11:07:14.448 SKQuoteLib_RequestServerTime ¡G
[5496] 2015/11/10 11:07:14.448 SKQuoteLib_GetServerTime ¡G
[5496] 2015/11/10 11:07:15.462 SKQuoteLib_RequestServerTime ¡G
[5496] 2015/11/10 11:07:15.462 SKQuoteLib_GetServerTime ¡G
[5496] 2015/11/10 11:07:16.477 SKQuoteLib_RequestServerTime ¡G
[5496] 2015/11/10 11:07:16.477 SKQuoteLib_GetServerTime ¡G
[5496] 2015/11/10 11:07:17.490 SKQuoteLib_RequestServerTime ¡G
[5496] 2015/11/10 11:07:17.490 SKQuoteLib_GetServerTime ¡G
[5496] 2015/11/10 11:07:18.504 SKQuoteLib_RequestServerTime ¡G
[5496] 2015/11/10 11:07:18.504 SKQuoteLib_GetServerTime ¡G
[5496] 2015/11/10 11:07:19.519 SKQuoteLib_RequestServerTime ¡G
[5496] 2015/11/10 11:07:19.519 SKQuoteLib_GetServerTime ¡G
[5496] 2015/11/10 11:07:20.533 SKQuoteLib_RequestServerTime ¡G
[5496] 2015/11/10 11:07:20.533 SKQuoteLib_GetServerTime ¡G
[5496] 2015/11/10 11:07:21.547 SKQuoteLib_RequestServerTime ¡G
[5496] 2015/11/10 11:07:21.547 SKQuoteLib_GetServerTime ¡G
[5496] 2015/11/10 11:07:22.561 SKQuoteLib_RequestServerTime ¡G
[5496] 2015/11/10 11:07:22.561 SKQuoteLib_GetServerTime ¡G
[5496] 2015/11/10 11:07:23.575 SKQuoteLib_RequestServerTime ¡G
[5496] 2015/11/10 11:07:23.575 SKQuoteLib_GetServerTime ¡G
[5496] 2015/11/10 11:07:24.588 SKQuoteLib_RequestServerTime ¡G
[5496] 2015/11/10 11:07:24.588 SKQuoteLib_GetServerTime ¡G
[5496] 2015/11/10 11:07:25.603 SKQuoteLib_RequestServerTime ¡G
[5496] 2015/11/10 11:07:25.603 SKQuoteLib_GetServerTime ¡G
[5496] 2015/11/10 11:07:26.617 SKQuoteLib_RequestServerTime ¡G
[5496] 2015/11/10 11:07:26.617 SKQuoteLib_GetServerTime ¡G
[5496] 2015/11/10 11:07:27.631 SKQuoteLib_RequestServerTime ¡G
[5496] 2015/11/10 11:07:27.631 SKQuoteLib_GetServerTime ¡G
[5496] 2015/11/10 11:07:28.645 SKQuoteLib_RequestServerTime ¡G
[5496] 2015/11/10 11:07:28.645 SKQuoteLib_GetServerTime ¡G
[5496] 2015/11/10 11:07:29.659 SKQuoteLib_RequestServerTime ¡G
[5496] 2015/11/10 11:07:29.659 SKQuoteLib_GetServerTime ¡G
[5496] 2015/11/10 11:07:30.673 SKQuoteLib_RequestServerTime ¡G
[5496] 2015/11/10 11:07:30.673 SKQuoteLib_GetServerTime ¡G
[5496] 2015/11/10 11:07:30.875 Check Link Status 
[5496] 2015/11/10 11:07:31.687 SKQuoteLib_RequestServerTime ¡G
[5496] 2015/11/10 11:07:31.687 SKQuoteLib_GetServerTime ¡G
[5496] 2015/11/10 11:07:32.700 SKQuoteLib_RequestServerTime ¡G
[5496] 2015/11/10 11:07:32.700 SKQuoteLib_GetServerTime ¡G
[5496] 2015/11/10 11:07:33.714 SKQuoteLib_RequestServerTime ¡G
[5496] 2015/11/10 11:07:33.714 SKQuoteLib_GetServerTime ¡G
[5496] 2015/11/10 11:07:34.728 SKQuoteLib_RequestServerTime ¡G
[5496] 2015/11/10 11:07:34.728 SKQuoteLib_GetServerTime ¡G
[5496] 2015/11/10 11:07:35.742 SKQuoteLib_RequestServerTime ¡G
[5496] 2015/11/10 11:07:35.742 SKQuoteLib_GetServerTime ¡G
[5496] 2015/11/10 11:07:36.756 SKQuoteLib_RequestServerTime ¡G
[5496] 2015/11/10 11:07:36.756 SKQuoteLib_GetServerTime ¡G
[5496] 2015/11/10 11:07:37.770 SKQuoteLib_RequestServerTime ¡G
[5496] 2015/11/10 11:07:37.770 SKQuoteLib_GetServerTime ¡G
[5496] 2015/11/10 11:07:38.784 SKQuoteLib_RequestServerTime ¡G
[5496] 2015/11/10 11:07:38.784 SKQuoteLib_GetServerTime ¡G
[5496] 2015/11/10 11:07:39.798 SKQuoteLib_RequestServerTime ¡G
[5496] 2015/11/10 11:07:39.798 SKQuoteLib_GetServerTime ¡G
[5496] 2015/11/10 11:07:40.812 SKQuoteLib_RequestServerTime ¡G
[5496] 2015/11/10 11:07:40.812 SKQuoteLib_GetServerTime ¡G
[5496] 2015/11/10 11:07:41.826 SKQuoteLib_RequestServerTime ¡G
[5496] 2015/11/10 11:07:41.826 SKQuoteLib_GetServerTime ¡G
[5496] 2015/11/10 11:07:42.841 SKQuoteLib_RequestServerTime ¡G
[5496] 2015/11/10 11:07:42.841 SKQuoteLib_GetServerTime ¡G
[5496] 2015/11/10 11:07:43.855 SKQuoteLib_RequestServerTime ¡G
[5496] 2015/11/10 11:07:43.855 SKQuoteLib_GetServerTime ¡G
[5496] 2015/11/10 11:07:44.869 SKQuoteLib_RequestServerTime ¡G
[5496] 2015/11/10 11:07:44.869 SKQuoteLib_GetServerTime ¡G
[5496] 2015/11/10 11:07:45.890 SKQuoteLib_RequestServerTime ¡G
[5496] 2015/11/10 11:07:45.891 SKQuoteLib_GetServerTime ¡G
[5496] 2015/11/10 11:07:46.897 SKQuoteLib_RequestServerTime ¡G
[5496] 2015/11/10 11:07:46.897 SKQuoteLib_GetServerTime ¡G
[5496] 2015/11/10 11:07:47.911 SKQuoteLib_RequestServerTime ¡G
[5496] 2015/11/10 11:07:47.911 SKQuoteLib_GetServerTime ¡G
[5496] 2015/11/10 11:07:48.925 SKQuoteLib_RequestServerTime ¡G
[5496] 2015/11/10 11:07:48.925 SKQuoteLib_GetServerTime ¡G
[5496] 2015/11/10 11:07:49.939 SKQuoteLib_RequestServerTime ¡G
[5496] 2015/11/10 11:07:49.939 SKQuoteLib_GetServerTime ¡G
[5496] 2015/11/10 11:07:50.953 SKQuoteLib_RequestServerTime ¡G
[5496] 2015/11/10 11:07:50.953 SKQuoteLib_GetServerTime ¡G
[5496] 2015/11/10 11:07:51.966 SKQuoteLib_RequestServerTime ¡G
[5496] 2015/11/10 11:07:51.967 SKQuoteLib_GetServerTime ¡G
[5496] 2015/11/10 11:07:52.980 SKQuoteLib_RequestServerTime ¡G
[5496] 2015/11/10 11:07:52.980 SKQuoteLib_GetServerTime ¡G
[5496] 2015/11/10 11:07:53.994 SKQuoteLib_RequestServerTime ¡G
[5496] 2015/11/10 11:07:53.994 SKQuoteLib_GetServerTime ¡G
[5496] 2015/11/10 11:07:55.008 SKQuoteLib_RequestServerTime ¡G
[5496] 2015/11/10 11:07:55.008 SKQuoteLib_GetServerTime ¡G
[5496] 2015/11/10 11:07:56.022 SKQuoteLib_RequestServerTime ¡G
[5496] 2015/11/10 11:07:56.022 SKQuoteLib_GetServerTime ¡G
[5496] 2015/11/10 11:07:57.036 SKQuoteLib_RequestServerTime ¡G
[5496] 2015/11/10 11:07:57.036 SKQuoteLib_GetServerTime ¡G
[5496] 2015/11/10 11:07:58.050 SKQuoteLib_RequestServerTime ¡G
[5496] 2015/11/10 11:07:58.050 SKQuoteLib_GetServerTime ¡G
[5496] 2015/11/10 11:07:59.064 SKQuoteLib_RequestServerTime ¡G
[5496] 2015/11/10 11:07:59.064 SKQuoteLib_GetServerTime ¡G
[5496] 2015/11/10 11:08:00.078 SKQuoteLib_RequestServerTime ¡G
[5496] 2015/11/10 11:08:00.078 SKQuoteLib_GetServerTime ¡G
[5496] 2015/11/10 11:08:01.093 SKQuoteLib_RequestServerTime ¡G
[5496] 2015/11/10 11:08:01.093 SKQuoteLib_GetServerTime ¡G
[5496] 2015/11/10 11:08:02.107 SKQuoteLib_RequestServerTime ¡G
[5496] 2015/11/10 11:08:02.107 SKQuoteLib_GetServerTime ¡G
[5496] 2015/11/10 11:08:03.121 SKQuoteLib_RequestServerTime ¡G
[5496] 2015/11/10 11:08:03.121 SKQuoteLib_GetServerTime ¡G
[5496] 2015/11/10 11:08:04.135 SKQuoteLib_RequestServerTime ¡G
[5496] 2015/11/10 11:08:04.135 SKQuoteLib_GetServerTime ¡G
[5496] 2015/11/10 11:08:05.149 SKQuoteLib_RequestServerTime ¡G
[5496] 2015/11/10 11:08:05.149 SKQuoteLib_GetServerTime ¡G
[5496] 2015/11/10 11:08:06.163 SKQuoteLib_RequestServerTime ¡G
[5496] 2015/11/10 11:08:06.163 SKQuoteLib_GetServerTime ¡G
[5496] 2015/11/10 11:08:07.177 SKQuoteLib_RequestServerTime ¡G
[5496] 2015/11/10 11:08:07.177 SKQuoteLib_GetServerTime ¡G
[5496] 2015/11/10 11:08:08.191 SKQuoteLib_RequestServerTime ¡G
[5496] 2015/11/10 11:08:08.191 SKQuoteLib_GetServerTime ¡G
[5496] 2015/11/10 11:08:09.205 SKQuoteLib_RequestServerTime ¡G
[5496] 2015/11/10 11:08:09.205 SKQuoteLib_GetServerTime ¡G
[5496] 2015/11/10 11:08:10.219 SKQuoteLib_RequestServerTime ¡G
[5496] 2015/11/10 11:08:10.219 SKQuoteLib_GetServerTime ¡G
[5496] 2015/11/10 11:08:11.233 SKQuoteLib_RequestServerTime ¡G
[5496] 2015/11/10 11:08:11.233 SKQuoteLib_GetServerTime ¡G
[5496] 2015/11/10 11:08:12.246 SKQuoteLib_RequestServerTime ¡G
[5496] 2015/11/10 11:08:12.246 SKQuoteLib_GetServerTime ¡G
[5496] 2015/11/10 11:08:13.260 SKQuoteLib_RequestServerTime ¡G
[5496] 2015/11/10 11:08:13.260 SKQuoteLib_GetServerTime ¡G
[5496] 2015/11/10 11:08:14.274 SKQuoteLib_RequestServerTime ¡G
[5496] 2015/11/10 11:08:14.274 SKQuoteLib_GetServerTime ¡G
[5496] 2015/11/10 11:08:15.288 SKQuoteLib_RequestServerTime ¡G
[5496] 2015/11/10 11:08:15.288 SKQuoteLib_GetServerTime ¡G
[5496] 2015/11/10 11:08:16.302 SKQuoteLib_RequestServerTime ¡G
[5496] 2015/11/10 11:08:16.302 SKQuoteLib_GetServerTime ¡G
[5496] 2015/11/10 11:08:17.316 SKQuoteLib_RequestServerTime ¡G
[5496] 2015/11/10 11:08:17.316 SKQuoteLib_GetServerTime ¡G
[5496] 2015/11/10 11:08:18.331 SKQuoteLib_RequestServerTime ¡G
[5496] 2015/11/10 11:08:18.331 SKQuoteLib_GetServerTime ¡G
[5496] 2015/11/10 11:08:19.345 SKQuoteLib_RequestServerTime ¡G
[5496] 2015/11/10 11:08:19.345 SKQuoteLib_GetServerTime ¡G
[5496] 2015/11/10 11:08:20.359 SKQuoteLib_RequestServerTime ¡G
[5496] 2015/11/10 11:08:20.359 SKQuoteLib_GetServerTime ¡G
[5496] 2015/11/10 11:08:21.373 SKQuoteLib_RequestServerTime ¡G
[5496] 2015/11/10 11:08:21.373 SKQuoteLib_GetServerTime ¡G
[5496] 2015/11/10 11:08:22.387 SKQuoteLib_RequestServerTime ¡G
[5496] 2015/11/10 11:08:22.387 SKQuoteLib_GetServerTime ¡G
[5496] 2015/11/10 11:08:23.401 SKQuoteLib_RequestServerTime ¡G
[5496] 2015/11/10 11:08:23.401 SKQuoteLib_GetServerTime ¡G
[5496] 2015/11/10 11:08:24.415 SKQuoteLib_RequestServerTime ¡G
[5496] 2015/11/10 11:08:24.415 SKQuoteLib_GetServerTime ¡G
[5496] 2015/11/10 11:08:25.429 SKQuoteLib_RequestServerTime ¡G
[5496] 2015/11/10 11:08:25.429 SKQuoteLib_GetServerTime ¡G
[5496] 2015/11/10 11:08:26.443 SKQuoteLib_RequestServerTime ¡G
[5496] 2015/11/10 11:08:26.443 SKQuoteLib_GetServerTime ¡G
[5496] 2015/11/10 11:08:27.457 SKQuoteLib_RequestServerTime ¡G
[5496] 2015/11/10 11:08:27.457 SKQuoteLib_GetServerTime ¡G
[5496] 2015/11/10 11:08:28.471 SKQuoteLib_RequestServerTime ¡G
[5496] 2015/11/10 11:08:28.471 SKQuoteLib_GetServerTime ¡G
[5496] 2015/11/10 11:08:29.485 SKQuoteLib_RequestServerTime ¡G
[5496] 2015/11/10 11:08:29.485 SKQuoteLib_GetServerTime ¡G
[5496] 2015/11/10 11:08:30.499 SKQuoteLib_RequestServerTime ¡G
[5496] 2015/11/10 11:08:30.499 SKQuoteLib_GetServerTime ¡G
[5496] 2015/11/10 11:08:30.890 Check Link Status 
[5496] 2015/11/10 11:08:31.513 SKQuoteLib_RequestServerTime ¡G
[5496] 2015/11/10 11:08:31.513 SKQuoteLib_GetServerTime ¡G
[5496] 2015/11/10 11:08:32.526 SKQuoteLib_RequestServerTime ¡G
[5496] 2015/11/10 11:08:32.526 SKQuoteLib_GetServerTime ¡G
[5496] 2015/11/10 11:08:33.540 SKQuoteLib_RequestServerTime ¡G
[5496] 2015/11/10 11:08:33.540 SKQuoteLib_GetServerTime ¡G
[5496] 2015/11/10 11:08:34.554 SKQuoteLib_RequestServerTime ¡G
[5496] 2015/11/10 11:08:34.554 SKQuoteLib_GetServerTime ¡G
[5496] 2015/11/10 11:08:35.569 SKQuoteLib_RequestServerTime ¡G
[5496] 2015/11/10 11:08:35.569 SKQuoteLib_GetServerTime ¡G
[5496] 2015/11/10 11:08:36.584 SKQuoteLib_RequestServerTime ¡G
[5496] 2015/11/10 11:08:36.584 SKQuoteLib_GetServerTime ¡G
[5496] 2015/11/10 11:08:37.598 SKQuoteLib_RequestServerTime ¡G
[5496] 2015/11/10 11:08:37.598 SKQuoteLib_GetServerTime ¡G
[5496] 2015/11/10 11:08:38.612 SKQuoteLib_RequestServerTime ¡G
[5496] 2015/11/10 11:08:38.612 SKQuoteLib_GetServerTime ¡G
[5496] 2015/11/10 11:08:39.625 SKQuoteLib_RequestServerTime ¡G
[5496] 2015/11/10 11:08:39.625 SKQuoteLib_GetServerTime ¡G
[5496] 2015/11/10 11:08:40.639 SKQuoteLib_RequestServerTime ¡G
[5496] 2015/11/10 11:08:40.639 SKQuoteLib_GetServerTime ¡G
[5496] 2015/11/10 11:08:41.653 SKQuoteLib_RequestServerTime ¡G
[5496] 2015/11/10 11:08:41.653 SKQuoteLib_GetServerTime ¡G
[5496] 2015/11/10 11:08:42.667 SKQuoteLib_RequestServerTime ¡G
[5496] 2015/11/10 11:08:42.667 SKQuoteLib_GetServerTime ¡G
[5496] 2015/11/10 11:08:43.682 SKQuoteLib_RequestServerTime ¡G
[5496] 2015/11/10 11:08:43.682 SKQuoteLib_GetServerTime ¡G
[5496] 2015/11/10 11:08:44.696 SKQuoteLib_RequestServerTime ¡G
[5496] 2015/11/10 11:08:44.696 SKQuoteLib_GetServerTime ¡G
[5496] 2015/11/10 11:08:45.709 SKQuoteLib_RequestServerTime ¡G
[5496] 2015/11/10 11:08:45.709 SKQuoteLib_GetServerTime ¡G
[5496] 2015/11/10 11:08:46.724 SKQuoteLib_RequestServerTime ¡G
[5496] 2015/11/10 11:08:46.724 SKQuoteLib_GetServerTime ¡G
[5496] 2015/11/10 11:08:47.738 SKQuoteLib_RequestServerTime ¡G
[5496] 2015/11/10 11:08:47.738 SKQuoteLib_GetServerTime ¡G
[5496] 2015/11/10 11:08:48.751 SKQuoteLib_RequestServerTime ¡G
[5496] 2015/11/10 11:08:48.751 SKQuoteLib_GetServerTime ¡G
[5496] 2015/11/10 11:08:49.765 SKQuoteLib_RequestServerTime ¡G
[5496] 2015/11/10 11:08:49.765 SKQuoteLib_GetServerTime ¡G
[5496] 2015/11/10 11:08:50.780 SKQuoteLib_RequestServerTime ¡G
[5496] 2015/11/10 11:08:50.780 SKQuoteLib_GetServerTime ¡G
[5496] 2015/11/10 11:08:51.793 SKQuoteLib_RequestServerTime ¡G
[5496] 2015/11/10 11:08:51.793 SKQuoteLib_GetServerTime ¡G
[5496] 2015/11/10 11:08:52.807 SKQuoteLib_RequestServerTime ¡G
[5496] 2015/11/10 11:08:52.807 SKQuoteLib_GetServerTime ¡G
[5496] 2015/11/10 11:08:53.821 SKQuoteLib_RequestServerTime ¡G
[5496] 2015/11/10 11:08:53.821 SKQuoteLib_GetServerTime ¡G
[5496] 2015/11/10 11:08:54.835 SKQuoteLib_RequestServerTime ¡G
[5496] 2015/11/10 11:08:54.835 SKQuoteLib_GetServerTime ¡G
[5496] 2015/11/10 11:08:55.849 SKQuoteLib_RequestServerTime ¡G
[5496] 2015/11/10 11:08:55.849 SKQuoteLib_GetServerTime ¡G
[5496] 2015/11/10 11:08:56.863 SKQuoteLib_RequestServerTime ¡G
[5496] 2015/11/10 11:08:56.863 SKQuoteLib_GetServerTime ¡G
[5496] 2015/11/10 11:08:57.878 SKQuoteLib_RequestServerTime ¡G
[5496] 2015/11/10 11:08:57.878 SKQuoteLib_GetServerTime ¡G
[5496] 2015/11/10 11:08:58.892 SKQuoteLib_RequestServerTime ¡G
[5496] 2015/11/10 11:08:58.892 SKQuoteLib_GetServerTime ¡G
[5496] 2015/11/10 11:08:59.905 SKQuoteLib_RequestServerTime ¡G
[5496] 2015/11/10 11:08:59.905 SKQuoteLib_GetServerTime ¡G
[5496] 2015/11/10 11:09:00.926 SKQuoteLib_RequestServerTime ¡G
[5496] 2015/11/10 11:09:00.926 SKQuoteLib_GetServerTime ¡G
[5496] 2015/11/10 11:09:01.933 SKQuoteLib_RequestServerTime ¡G
[5496] 2015/11/10 11:09:01.933 SKQuoteLib_GetServerTime ¡G
[5496] 2015/11/10 11:09:02.947 SKQuoteLib_RequestServerTime ¡G
[5496] 2015/11/10 11:09:02.947 SKQuoteLib_GetServerTime ¡G
[5496] 2015/11/10 11:09:03.961 SKQuoteLib_RequestServerTime ¡G
[5496] 2015/11/10 11:09:03.961 SKQuoteLib_GetServerTime ¡G
[5496] 2015/11/10 11:09:04.975 SKQuoteLib_RequestServerTime ¡G
[5496] 2015/11/10 11:09:04.975 SKQuoteLib_GetServerTime ¡G
[5496] 2015/11/10 11:09:05.989 SKQuoteLib_RequestServerTime ¡G
[5496] 2015/11/10 11:09:05.989 SKQuoteLib_GetServerTime ¡G
[5496] 2015/11/10 11:09:07.003 SKQuoteLib_RequestServerTime ¡G
[5496] 2015/11/10 11:09:07.003 SKQuoteLib_GetServerTime ¡G
[5496] 2015/11/10 11:09:08.017 SKQuoteLib_RequestServerTime ¡G
[5496] 2015/11/10 11:09:08.017 SKQuoteLib_GetServerTime ¡G
[5496] 2015/11/10 11:09:09.031 SKQuoteLib_RequestServerTime ¡G
[5496] 2015/11/10 11:09:09.031 SKQuoteLib_GetServerTime ¡G
[5496] 2015/11/10 11:09:10.046 SKQuoteLib_RequestServerTime ¡G
[5496] 2015/11/10 11:09:10.046 SKQuoteLib_GetServerTime ¡G
[5496] 2015/11/10 11:09:11.059 SKQuoteLib_RequestServerTime ¡G
[5496] 2015/11/10 11:09:11.059 SKQuoteLib_GetServerTime ¡G
[5496] 2015/11/10 11:09:12.074 SKQuoteLib_RequestServerTime ¡G
[5496] 2015/11/10 11:09:12.074 SKQuoteLib_GetServerTime ¡G
[5496] 2015/11/10 11:09:13.088 SKQuoteLib_RequestServerTime ¡G
[5496] 2015/11/10 11:09:13.088 SKQuoteLib_GetServerTime ¡G
[5496] 2015/11/10 11:09:14.102 SKQuoteLib_RequestServerTime ¡G
[5496] 2015/11/10 11:09:14.102 SKQuoteLib_GetServerTime ¡G
[5496] 2015/11/10 11:09:15.116 SKQuoteLib_RequestServerTime ¡G
[5496] 2015/11/10 11:09:15.116 SKQuoteLib_GetServerTime ¡G
[5496] 2015/11/10 11:09:16.130 SKQuoteLib_RequestServerTime ¡G
[5496] 2015/11/10 11:09:16.130 SKQuoteLib_GetServerTime ¡G
[5496] 2015/11/10 11:09:17.144 SKQuoteLib_RequestServerTime ¡G
[5496] 2015/11/10 11:09:17.144 SKQuoteLib_GetServerTime ¡G
[5496] 2015/11/10 11:09:18.158 SKQuoteLib_RequestServerTime ¡G
[5496] 2015/11/10 11:09:18.158 SKQuoteLib_GetServerTime ¡G
[5496] 2015/11/10 11:09:19.172 SKQuoteLib_RequestServerTime ¡G
[5496] 2015/11/10 11:09:19.172 SKQuoteLib_GetServerTime ¡G
[5496] 2015/11/10 11:09:20.185 SKQuoteLib_RequestServerTime ¡G
[5496] 2015/11/10 11:09:20.185 SKQuoteLib_GetServerTime ¡G
[5496] 2015/11/10 11:09:21.199 SKQuoteLib_RequestServerTime ¡G
[5496] 2015/11/10 11:09:21.199 SKQuoteLib_GetServerTime ¡G
[5496] 2015/11/10 11:09:22.213 SKQuoteLib_RequestServerTime ¡G
[5496] 2015/11/10 11:09:22.213 SKQuoteLib_GetServerTime ¡G
[5496] 2015/11/10 11:09:23.227 SKQuoteLib_RequestServerTime ¡G
[5496] 2015/11/10 11:09:23.227 SKQuoteLib_GetServerTime ¡G
[5496] 2015/11/10 11:09:24.241 SKQuoteLib_RequestServerTime ¡G
[5496] 2015/11/10 11:09:24.241 SKQuoteLib_GetServerTime ¡G
[5496] 2015/11/10 11:09:25.255 SKQuoteLib_RequestServerTime ¡G
[5496] 2015/11/10 11:09:25.255 SKQuoteLib_GetServerTime ¡G
[5496] 2015/11/10 11:09:26.269 SKQuoteLib_RequestServerTime ¡G
[5496] 2015/11/10 11:09:26.269 SKQuoteLib_GetServerTime ¡G
[5496] 2015/11/10 11:09:27.283 SKQuoteLib_RequestServerTime ¡G
[5496] 2015/11/10 11:09:27.283 SKQuoteLib_GetServerTime ¡G
[5496] 2015/11/10 11:09:28.299 SKQuoteLib_RequestServerTime ¡G
[5496] 2015/11/10 11:09:28.299 SKQuoteLib_GetServerTime ¡G
[5496] 2015/11/10 11:09:29.312 SKQuoteLib_RequestServerTime ¡G
[5496] 2015/11/10 11:09:29.312 SKQuoteLib_GetServerTime ¡G
[5496] 2015/11/10 11:09:30.326 SKQuoteLib_RequestServerTime ¡G
[5496] 2015/11/10 11:09:30.326 SKQuoteLib_GetServerTime ¡G
[5496] 2015/11/10 11:09:30.904 Check Link Status 
[5496] 2015/11/10 11:09:31.339 SKQuoteLib_RequestServerTime ¡G
[5496] 2015/11/10 11:09:31.339 SKQuoteLib_GetServerTime ¡G
[5496] 2015/11/10 11:09:32.353 SKQuoteLib_RequestServerTime ¡G
[5496] 2015/11/10 11:09:32.353 SKQuoteLib_GetServerTime ¡G
[5496] 2015/11/10 11:09:33.367 SKQuoteLib_RequestServerTime ¡G
[5496] 2015/11/10 11:09:33.367 SKQuoteLib_GetServerTime ¡G
[5496] 2015/11/10 11:09:34.381 SKQuoteLib_RequestServerTime ¡G
[5496] 2015/11/10 11:09:34.381 SKQuoteLib_GetServerTime ¡G
[5496] 2015/11/10 11:09:35.396 SKQuoteLib_RequestServerTime ¡G
[5496] 2015/11/10 11:09:35.396 SKQuoteLib_GetServerTime ¡G
[5496] 2015/11/10 11:09:36.410 SKQuoteLib_RequestServerTime ¡G
[5496] 2015/11/10 11:09:36.410 SKQuoteLib_GetServerTime ¡G
[5496] 2015/11/10 11:09:37.424 SKQuoteLib_RequestServerTime ¡G
[5496] 2015/11/10 11:09:37.424 SKQuoteLib_GetServerTime ¡G
[5496] 2015/11/10 11:09:38.437 SKQuoteLib_RequestServerTime ¡G
[5496] 2015/11/10 11:09:38.437 SKQuoteLib_GetServerTime ¡G
[5496] 2015/11/10 11:09:39.452 SKQuoteLib_RequestServerTime ¡G
[5496] 2015/11/10 11:09:39.452 SKQuoteLib_GetServerTime ¡G
[5496] 2015/11/10 11:09:40.465 SKQuoteLib_RequestServerTime ¡G
[5496] 2015/11/10 11:09:40.465 SKQuoteLib_GetServerTime ¡G
[5496] 2015/11/10 11:09:41.479 SKQuoteLib_RequestServerTime ¡G
[5496] 2015/11/10 11:09:41.479 SKQuoteLib_GetServerTime ¡G
[5496] 2015/11/10 11:09:42.494 SKQuoteLib_RequestServerTime ¡G
[5496] 2015/11/10 11:09:42.494 SKQuoteLib_GetServerTime ¡G
[5496] 2015/11/10 11:09:43.508 SKQuoteLib_RequestServerTime ¡G
[5496] 2015/11/10 11:09:43.508 SKQuoteLib_GetServerTime ¡G
[5496] 2015/11/10 11:09:44.522 SKQuoteLib_RequestServerTime ¡G
[5496] 2015/11/10 11:09:44.522 SKQuoteLib_GetServerTime ¡G
[5496] 2015/11/10 11:09:45.536 SKQuoteLib_RequestServerTime ¡G
[5496] 2015/11/10 11:09:45.536 SKQuoteLib_GetServerTime ¡G
[5496] 2015/11/10 11:09:46.551 SKQuoteLib_RequestServerTime ¡G
[5496] 2015/11/10 11:09:46.551 SKQuoteLib_GetServerTime ¡G
[5496] 2015/11/10 11:09:47.564 SKQuoteLib_RequestServerTime ¡G
[5496] 2015/11/10 11:09:47.564 SKQuoteLib_GetServerTime ¡G
[5496] 2015/11/10 11:09:48.579 SKQuoteLib_RequestServerTime ¡G
[5496] 2015/11/10 11:09:48.579 SKQuoteLib_GetServerTime ¡G
[5496] 2015/11/10 11:09:49.592 SKQuoteLib_RequestServerTime ¡G
[5496] 2015/11/10 11:09:49.592 SKQuoteLib_GetServerTime ¡G
[5496] 2015/11/10 11:09:50.605 SKQuoteLib_RequestServerTime ¡G
[5496] 2015/11/10 11:09:50.605 SKQuoteLib_GetServerTime ¡G
[5496] 2015/11/10 11:09:51.619 SKQuoteLib_RequestServerTime ¡G
[5496] 2015/11/10 11:09:51.619 SKQuoteLib_GetServerTime ¡G
[5496] 2015/11/10 11:09:52.633 SKQuoteLib_RequestServerTime ¡G
[5496] 2015/11/10 11:09:52.633 SKQuoteLib_GetServerTime ¡G
[5496] 2015/11/10 11:09:53.647 SKQuoteLib_RequestServerTime ¡G
[5496] 2015/11/10 11:09:53.647 SKQuoteLib_GetServerTime ¡G
[5496] 2015/11/10 11:09:54.662 SKQuoteLib_RequestServerTime ¡G
[5496] 2015/11/10 11:09:54.662 SKQuoteLib_GetServerTime ¡G
[5496] 2015/11/10 11:09:55.676 SKQuoteLib_RequestServerTime ¡G
[5496] 2015/11/10 11:09:55.676 SKQuoteLib_GetServerTime ¡G
[5496] 2015/11/10 11:09:56.690 SKQuoteLib_RequestServerTime ¡G
[5496] 2015/11/10 11:09:56.690 SKQuoteLib_GetServerTime ¡G
[5496] 2015/11/10 11:09:57.704 SKQuoteLib_RequestServerTime ¡G
[5496] 2015/11/10 11:09:57.704 SKQuoteLib_GetServerTime ¡G
[5496] 2015/11/10 11:09:58.718 SKQuoteLib_RequestServerTime ¡G
[5496] 2015/11/10 11:09:58.718 SKQuoteLib_GetServerTime ¡G
[5496] 2015/11/10 11:09:59.732 SKQuoteLib_RequestServerTime ¡G
[5496] 2015/11/10 11:09:59.732 SKQuoteLib_GetServerTime ¡G
[5496] 2015/11/10 11:10:00.745 SKQuoteLib_RequestServerTime ¡G
[5496] 2015/11/10 11:10:00.745 SKQuoteLib_GetServerTime ¡G
[5496] 2015/11/10 11:10:01.759 SKQuoteLib_RequestServerTime ¡G
[5496] 2015/11/10 11:10:01.759 SKQuoteLib_GetServerTime ¡G
[5496] 2015/11/10 11:10:02.774 SKQuoteLib_RequestServerTime ¡G
[5496] 2015/11/10 11:10:02.774 SKQuoteLib_GetServerTime ¡G
[5496] 2015/11/10 11:10:03.788 SKQuoteLib_RequestServerTime ¡G
[5496] 2015/11/10 11:10:03.788 SKQuoteLib_GetServerTime ¡G
[5496] 2015/11/10 11:10:04.802 SKQuoteLib_RequestServerTime ¡G
[5496] 2015/11/10 11:10:04.802 SKQuoteLib_GetServerTime ¡G
[5496] 2015/11/10 11:10:05.816 SKQuoteLib_RequestServerTime ¡G
[5496] 2015/11/10 11:10:05.816 SKQuoteLib_GetServerTime ¡G
[5496] 2015/11/10 11:10:06.830 SKQuoteLib_RequestServerTime ¡G
[5496] 2015/11/10 11:10:06.830 SKQuoteLib_GetServerTime ¡G
[5496] 2015/11/10 11:10:07.844 SKQuoteLib_RequestServerTime ¡G
[5496] 2015/11/10 11:10:07.844 SKQuoteLib_GetServerTime ¡G
[5496] 2015/11/10 11:10:08.858 SKQuoteLib_RequestServerTime ¡G
[5496] 2015/11/10 11:10:08.858 SKQuoteLib_GetServerTime ¡G
[5496] 2015/11/10 11:10:09.871 SKQuoteLib_RequestServerTime ¡G
[5496] 2015/11/10 11:10:09.871 SKQuoteLib_GetServerTime ¡G
[5496] 2015/11/10 11:10:10.885 SKQuoteLib_RequestServerTime ¡G
[5496] 2015/11/10 11:10:10.885 SKQuoteLib_GetServerTime ¡G
[5496] 2015/11/10 11:10:11.899 SKQuoteLib_RequestServerTime ¡G
[5496] 2015/11/10 11:10:11.899 SKQuoteLib_GetServerTime ¡G
[5496] 2015/11/10 11:10:12.913 SKQuoteLib_RequestServerTime ¡G
[5496] 2015/11/10 11:10:12.913 SKQuoteLib_GetServerTime ¡G
[5496] 2015/11/10 11:10:13.927 SKQuoteLib_RequestServerTime ¡G
[5496] 2015/11/10 11:10:13.927 SKQuoteLib_GetServerTime ¡G
[5496] 2015/11/10 11:10:14.941 SKQuoteLib_RequestServerTime ¡G
[5496] 2015/11/10 11:10:14.941 SKQuoteLib_GetServerTime ¡G
[5496] 2015/11/10 11:10:15.962 SKQuoteLib_RequestServerTime ¡G
[5496] 2015/11/10 11:10:15.962 SKQuoteLib_GetServerTime ¡G
[5496] 2015/11/10 11:10:16.969 SKQuoteLib_RequestServerTime ¡G
[5496] 2015/11/10 11:10:16.969 SKQuoteLib_GetServerTime ¡G
[5496] 2015/11/10 11:10:17.983 SKQuoteLib_RequestServerTime ¡G
[5496] 2015/11/10 11:10:17.983 SKQuoteLib_GetServerTime ¡G
[5496] 2015/11/10 11:10:18.997 SKQuoteLib_RequestServerTime ¡G
[5496] 2015/11/10 11:10:18.997 SKQuoteLib_GetServerTime ¡G
[5496] 2015/11/10 11:10:20.012 SKQuoteLib_RequestServerTime ¡G
[5496] 2015/11/10 11:10:20.012 SKQuoteLib_GetServerTime ¡G
[5496] 2015/11/10 11:10:21.026 SKQuoteLib_RequestServerTime ¡G
[5496] 2015/11/10 11:10:21.026 SKQuoteLib_GetServerTime ¡G
[5496] 2015/11/10 11:10:22.040 SKQuoteLib_RequestServerTime ¡G
[5496] 2015/11/10 11:10:22.040 SKQuoteLib_GetServerTime ¡G
[5496] 2015/11/10 11:10:23.054 SKQuoteLib_RequestServerTime ¡G
[5496] 2015/11/10 11:10:23.054 SKQuoteLib_GetServerTime ¡G
[5496] 2015/11/10 11:10:24.068 SKQuoteLib_RequestServerTime ¡G
[5496] 2015/11/10 11:10:24.068 SKQuoteLib_GetServerTime ¡G
[5496] 2015/11/10 11:10:25.082 SKQuoteLib_RequestServerTime ¡G
[5496] 2015/11/10 11:10:25.082 SKQuoteLib_GetServerTime ¡G
[5496] 2015/11/10 11:10:26.096 SKQuoteLib_RequestServerTime ¡G
[5496] 2015/11/10 11:10:26.096 SKQuoteLib_GetServerTime ¡G
[5496] 2015/11/10 11:10:27.110 SKQuoteLib_RequestServerTime ¡G
[5496] 2015/11/10 11:10:27.110 SKQuoteLib_GetServerTime ¡G
[5496] 2015/11/10 11:10:28.124 SKQuoteLib_RequestServerTime ¡G
[5496] 2015/11/10 11:10:28.124 SKQuoteLib_GetServerTime ¡G
[5496] 2015/11/10 11:10:29.138 SKQuoteLib_RequestServerTime ¡G
[5496] 2015/11/10 11:10:29.138 SKQuoteLib_GetServerTime ¡G
[5496] 2015/11/10 11:10:30.151 SKQuoteLib_RequestServerTime ¡G
[5496] 2015/11/10 11:10:30.151 SKQuoteLib_GetServerTime ¡G
[5496] 2015/11/10 11:10:30.916 Check Link Status 
[5496] 2015/11/10 11:10:31.165 SKQuoteLib_RequestServerTime ¡G
[5496] 2015/11/10 11:10:31.165 SKQuoteLib_GetServerTime ¡G
[5496] 2015/11/10 11:10:32.179 SKQuoteLib_RequestServerTime ¡G
[5496] 2015/11/10 11:10:32.179 SKQuoteLib_GetServerTime ¡G
[5496] 2015/11/10 11:10:33.193 SKQuoteLib_RequestServerTime ¡G
[5496] 2015/11/10 11:10:33.193 SKQuoteLib_GetServerTime ¡G
[5496] 2015/11/10 11:10:34.207 SKQuoteLib_RequestServerTime ¡G
[5496] 2015/11/10 11:10:34.207 SKQuoteLib_GetServerTime ¡G
[5496] 2015/11/10 11:10:35.221 SKQuoteLib_RequestServerTime ¡G
[5496] 2015/11/10 11:10:35.221 SKQuoteLib_GetServerTime ¡G
[5496] 2015/11/10 11:10:36.235 SKQuoteLib_RequestServerTime ¡G
[5496] 2015/11/10 11:10:36.235 SKQuoteLib_GetServerTime ¡G
[5496] 2015/11/10 11:10:37.249 SKQuoteLib_RequestServerTime ¡G
[5496] 2015/11/10 11:10:37.249 SKQuoteLib_GetServerTime ¡G
[5496] 2015/11/10 11:10:38.264 SKQuoteLib_RequestServerTime ¡G
[5496] 2015/11/10 11:10:38.264 SKQuoteLib_GetServerTime ¡G
[5496] 2015/11/10 11:10:39.278 SKQuoteLib_RequestServerTime ¡G
[5496] 2015/11/10 11:10:39.278 SKQuoteLib_GetServerTime ¡G
[5496] 2015/11/10 11:10:40.292 SKQuoteLib_RequestServerTime ¡G
[5496] 2015/11/10 11:10:40.292 SKQuoteLib_GetServerTime ¡G
[5496] 2015/11/10 11:10:41.306 SKQuoteLib_RequestServerTime ¡G
[5496] 2015/11/10 11:10:41.306 SKQuoteLib_GetServerTime ¡G
[5496] 2015/11/10 11:10:42.320 SKQuoteLib_RequestServerTime ¡G
[5496] 2015/11/10 11:10:42.320 SKQuoteLib_GetServerTime ¡G
[5496] 2015/11/10 11:10:43.334 SKQuoteLib_RequestServerTime ¡G
[5496] 2015/11/10 11:10:43.334 SKQuoteLib_GetServerTime ¡G
[5496] 2015/11/10 11:10:44.348 SKQuoteLib_RequestServerTime ¡G
[5496] 2015/11/10 11:10:44.348 SKQuoteLib_GetServerTime ¡G
[5496] 2015/11/10 11:10:45.362 SKQuoteLib_RequestServerTime ¡G
[5496] 2015/11/10 11:10:45.362 SKQuoteLib_GetServerTime ¡G
[5496] 2015/11/10 11:10:46.376 SKQuoteLib_RequestServerTime ¡G
[5496] 2015/11/10 11:10:46.376 SKQuoteLib_GetServerTime ¡G
[5496] 2015/11/10 11:10:47.390 SKQuoteLib_RequestServerTime ¡G
[5496] 2015/11/10 11:10:47.390 SKQuoteLib_GetServerTime ¡G
[5496] 2015/11/10 11:10:48.404 SKQuoteLib_RequestServerTime ¡G
[5496] 2015/11/10 11:10:48.404 SKQuoteLib_GetServerTime ¡G
[5496] 2015/11/10 11:10:49.417 SKQuoteLib_RequestServerTime ¡G
[5496] 2015/11/10 11:10:49.417 SKQuoteLib_GetServerTime ¡G
[5496] 2015/11/10 11:10:50.431 SKQuoteLib_RequestServerTime ¡G
[5496] 2015/11/10 11:10:50.431 SKQuoteLib_GetServerTime ¡G
[5496] 2015/11/10 11:10:51.445 SKQuoteLib_RequestServerTime ¡G
[5496] 2015/11/10 11:10:51.445 SKQuoteLib_GetServerTime ¡G
[5496] 2015/11/10 11:10:52.459 SKQuoteLib_RequestServerTime ¡G
[5496] 2015/11/10 11:10:52.459 SKQuoteLib_GetServerTime ¡G
[5496] 2015/11/10 11:10:53.473 SKQuoteLib_RequestServerTime ¡G
[5496] 2015/11/10 11:10:53.473 SKQuoteLib_GetServerTime ¡G
[5496] 2015/11/10 11:10:54.487 SKQuoteLib_RequestServerTime ¡G
[5496] 2015/11/10 11:10:54.487 SKQuoteLib_GetServerTime ¡G
[5496] 2015/11/10 11:10:55.502 SKQuoteLib_RequestServerTime ¡G
[5496] 2015/11/10 11:10:55.502 SKQuoteLib_GetServerTime ¡G
[5496] 2015/11/10 11:10:56.516 SKQuoteLib_RequestServerTime ¡G
[5496] 2015/11/10 11:10:56.516 SKQuoteLib_GetServerTime ¡G
[5496] 2015/11/10 11:10:57.530 SKQuoteLib_RequestServerTime ¡G
[5496] 2015/11/10 11:10:57.530 SKQuoteLib_GetServerTime ¡G
[5496] 2015/11/10 11:10:58.544 SKQuoteLib_RequestServerTime ¡G
[5496] 2015/11/10 11:10:58.544 SKQuoteLib_GetServerTime ¡G
[5496] 2015/11/10 11:10:59.558 SKQuoteLib_RequestServerTime ¡G
[5496] 2015/11/10 11:10:59.558 SKQuoteLib_GetServerTime ¡G
[5496] 2015/11/10 11:11:00.572 SKQuoteLib_RequestServerTime ¡G
[5496] 2015/11/10 11:11:00.572 SKQuoteLib_GetServerTime ¡G
[5496] 2015/11/10 11:11:01.586 SKQuoteLib_RequestServerTime ¡G
[5496] 2015/11/10 11:11:01.586 SKQuoteLib_GetServerTime ¡G
[5496] 2015/11/10 11:11:02.600 SKQuoteLib_RequestServerTime ¡G
[5496] 2015/11/10 11:11:02.600 SKQuoteLib_GetServerTime ¡G
[5496] 2015/11/10 11:11:03.614 SKQuoteLib_RequestServerTime ¡G
[5496] 2015/11/10 11:11:03.614 SKQuoteLib_GetServerTime ¡G
[5496] 2015/11/10 11:11:04.629 SKQuoteLib_RequestServerTime ¡G
[5496] 2015/11/10 11:11:04.629 SKQuoteLib_GetServerTime ¡G
[5496] 2015/11/10 11:11:05.643 SKQuoteLib_RequestServerTime ¡G
[5496] 2015/11/10 11:11:05.643 SKQuoteLib_GetServerTime ¡G
[5496] 2015/11/10 11:11:06.657 SKQuoteLib_RequestServerTime ¡G
[5496] 2015/11/10 11:11:06.657 SKQuoteLib_GetServerTime ¡G
[5496] 2015/11/10 11:11:07.671 SKQuoteLib_RequestServerTime ¡G
[5496] 2015/11/10 11:11:07.671 SKQuoteLib_GetServerTime ¡G
[5496] 2015/11/10 11:11:08.684 SKQuoteLib_RequestServerTime ¡G
[5496] 2015/11/10 11:11:08.684 SKQuoteLib_GetServerTime ¡G
[5496] 2015/11/10 11:11:09.697 SKQuoteLib_RequestServerTime ¡G
[5496] 2015/11/10 11:11:09.697 SKQuoteLib_GetServerTime ¡G
[5496] 2015/11/10 11:11:10.711 SKQuoteLib_RequestServerTime ¡G
[5496] 2015/11/10 11:11:10.711 SKQuoteLib_GetServerTime ¡G
[5496] 2015/11/10 11:11:11.726 SKQuoteLib_RequestServerTime ¡G
[5496] 2015/11/10 11:11:11.726 SKQuoteLib_GetServerTime ¡G
[5496] 2015/11/10 11:11:12.741 SKQuoteLib_RequestServerTime ¡G
[5496] 2015/11/10 11:11:12.741 SKQuoteLib_GetServerTime ¡G
[5496] 2015/11/10 11:11:13.754 SKQuoteLib_RequestServerTime ¡G
[5496] 2015/11/10 11:11:13.754 SKQuoteLib_GetServerTime ¡G
[5496] 2015/11/10 11:11:14.768 SKQuoteLib_RequestServerTime ¡G
[5496] 2015/11/10 11:11:14.768 SKQuoteLib_GetServerTime ¡G
[5496] 2015/11/10 11:11:15.782 SKQuoteLib_RequestServerTime ¡G
[5496] 2015/11/10 11:11:15.782 SKQuoteLib_GetServerTime ¡G
[5496] 2015/11/10 11:11:16.797 SKQuoteLib_RequestServerTime ¡G
[5496] 2015/11/10 11:11:16.797 SKQuoteLib_GetServerTime ¡G
[5496] 2015/11/10 11:11:17.811 SKQuoteLib_RequestServerTime ¡G
[5496] 2015/11/10 11:11:17.811 SKQuoteLib_GetServerTime ¡G
[5496] 2015/11/10 11:11:18.824 SKQuoteLib_RequestServerTime ¡G
[5496] 2015/11/10 11:11:18.824 SKQuoteLib_GetServerTime ¡G
[5496] 2015/11/10 11:11:19.838 SKQuoteLib_RequestServerTime ¡G
[5496] 2015/11/10 11:11:19.838 SKQuoteLib_GetServerTime ¡G
[5496] 2015/11/10 11:11:20.852 SKQuoteLib_RequestServerTime ¡G
[5496] 2015/11/10 11:11:20.852 SKQuoteLib_GetServerTime ¡G
[5496] 2015/11/10 11:11:21.866 SKQuoteLib_RequestServerTime ¡G
[5496] 2015/11/10 11:11:21.866 SKQuoteLib_GetServerTime ¡G
[5496] 2015/11/10 11:11:22.880 SKQuoteLib_RequestServerTime ¡G
[5496] 2015/11/10 11:11:22.880 SKQuoteLib_GetServerTime ¡G
[5496] 2015/11/10 11:11:23.895 SKQuoteLib_RequestServerTime ¡G
[5496] 2015/11/10 11:11:23.895 SKQuoteLib_GetServerTime ¡G
[5496] 2015/11/10 11:11:24.909 SKQuoteLib_RequestServerTime ¡G
[5496] 2015/11/10 11:11:24.909 SKQuoteLib_GetServerTime ¡G
[5496] 2015/11/10 11:11:25.923 SKQuoteLib_RequestServerTime ¡G
[5496] 2015/11/10 11:11:25.923 SKQuoteLib_GetServerTime ¡G
[5496] 2015/11/10 11:11:26.937 SKQuoteLib_RequestServerTime ¡G
[5496] 2015/11/10 11:11:26.937 SKQuoteLib_GetServerTime ¡G
[5496] 2015/11/10 11:11:27.951 SKQuoteLib_RequestServerTime ¡G
[5496] 2015/11/10 11:11:27.951 SKQuoteLib_GetServerTime ¡G
[5496] 2015/11/10 11:11:28.963 SKQuoteLib_RequestServerTime ¡G
[5496] 2015/11/10 11:11:28.963 SKQuoteLib_GetServerTime ¡G
[5496] 2015/11/10 11:11:29.979 SKQuoteLib_RequestServerTime ¡G
[5496] 2015/11/10 11:11:29.979 SKQuoteLib_GetServerTime ¡G
[5496] 2015/11/10 11:11:30.930 Check Link Status 
[5496] 2015/11/10 11:11:30.998 SKQuoteLib_RequestServerTime ¡G
[5496] 2015/11/10 11:11:30.999 SKQuoteLib_GetServerTime ¡G
[5496] 2015/11/10 11:11:32.007 SKQuoteLib_RequestServerTime ¡G
[5496] 2015/11/10 11:11:32.007 SKQuoteLib_GetServerTime ¡G
[5496] 2015/11/10 11:11:33.021 SKQuoteLib_RequestServerTime ¡G
[5496] 2015/11/10 11:11:33.021 SKQuoteLib_GetServerTime ¡G
[5496] 2015/11/10 11:11:34.034 SKQuoteLib_RequestServerTime ¡G
[5496] 2015/11/10 11:11:34.034 SKQuoteLib_GetServerTime ¡G
[5496] 2015/11/10 11:11:35.049 SKQuoteLib_RequestServerTime ¡G
[5496] 2015/11/10 11:11:35.049 SKQuoteLib_GetServerTime ¡G
[5496] 2015/11/10 11:11:36.063 SKQuoteLib_RequestServerTime ¡G
[5496] 2015/11/10 11:11:36.063 SKQuoteLib_GetServerTime ¡G
[5496] 2015/11/10 11:11:37.076 SKQuoteLib_RequestServerTime ¡G
[5496] 2015/11/10 11:11:37.076 SKQuoteLib_GetServerTime ¡G
[5496] 2015/11/10 11:11:38.090 SKQuoteLib_RequestServerTime ¡G
[5496] 2015/11/10 11:11:38.090 SKQuoteLib_GetServerTime ¡G
[5496] 2015/11/10 11:11:39.104 SKQuoteLib_RequestServerTime ¡G
[5496] 2015/11/10 11:11:39.104 SKQuoteLib_GetServerTime ¡G
[5496] 2015/11/10 11:11:40.118 SKQuoteLib_RequestServerTime ¡G
[5496] 2015/11/10 11:11:40.118 SKQuoteLib_GetServerTime ¡G
[5496] 2015/11/10 11:11:41.132 SKQuoteLib_RequestServerTime ¡G
[5496] 2015/11/10 11:11:41.132 SKQuoteLib_GetServerTime ¡G
[5496] 2015/11/10 11:11:42.147 SKQuoteLib_RequestServerTime ¡G
[5496] 2015/11/10 11:11:42.147 SKQuoteLib_GetServerTime ¡G
[5496] 2015/11/10 11:11:43.160 SKQuoteLib_RequestServerTime ¡G
[5496] 2015/11/10 11:11:43.160 SKQuoteLib_GetServerTime ¡G
[5496] 2015/11/10 11:11:44.174 SKQuoteLib_RequestServerTime ¡G
[5496] 2015/11/10 11:11:44.174 SKQuoteLib_GetServerTime ¡G
[5496] 2015/11/10 11:11:45.188 SKQuoteLib_RequestServerTime ¡G
[5496] 2015/11/10 11:11:45.188 SKQuoteLib_GetServerTime ¡G
[5496] 2015/11/10 11:11:46.202 SKQuoteLib_RequestServerTime ¡G
[5496] 2015/11/10 11:11:46.202 SKQuoteLib_GetServerTime ¡G
[5496] 2015/11/10 11:11:47.216 SKQuoteLib_RequestServerTime ¡G
[5496] 2015/11/10 11:11:47.216 SKQuoteLib_GetServerTime ¡G
[5496] 2015/11/10 11:11:48.231 SKQuoteLib_RequestServerTime ¡G
[5496] 2015/11/10 11:11:48.231 SKQuoteLib_GetServerTime ¡G
[5496] 2015/11/10 11:11:49.245 SKQuoteLib_RequestServerTime ¡G
[5496] 2015/11/10 11:11:49.245 SKQuoteLib_GetServerTime ¡G
[5496] 2015/11/10 11:11:50.259 SKQuoteLib_RequestServerTime ¡G
[5496] 2015/11/10 11:11:50.259 SKQuoteLib_GetServerTime ¡G
[5496] 2015/11/10 11:11:51.272 SKQuoteLib_RequestServerTime ¡G
[5496] 2015/11/10 11:11:51.272 SKQuoteLib_GetServerTime ¡G
[5496] 2015/11/10 11:11:52.287 SKQuoteLib_RequestServerTime ¡G
[5496] 2015/11/10 11:11:52.287 SKQuoteLib_GetServerTime ¡G
[5496] 2015/11/10 11:11:53.300 SKQuoteLib_RequestServerTime ¡G
[5496] 2015/11/10 11:11:53.300 SKQuoteLib_GetServerTime ¡G
[5496] 2015/11/10 11:11:54.314 SKQuoteLib_RequestServerTime ¡G
[5496] 2015/11/10 11:11:54.314 SKQuoteLib_GetServerTime ¡G
[5496] 2015/11/10 11:11:55.329 SKQuoteLib_RequestServerTime ¡G
[5496] 2015/11/10 11:11:55.329 SKQuoteLib_GetServerTime ¡G
[5496] 2015/11/10 11:11:56.342 SKQuoteLib_RequestServerTime ¡G
[5496] 2015/11/10 11:11:56.342 SKQuoteLib_GetServerTime ¡G
[5496] 2015/11/10 11:11:57.356 SKQuoteLib_RequestServerTime ¡G
[5496] 2015/11/10 11:11:57.356 SKQuoteLib_GetServerTime ¡G
[5496] 2015/11/10 11:11:58.370 SKQuoteLib_RequestServerTime ¡G
[5496] 2015/11/10 11:11:58.370 SKQuoteLib_GetServerTime ¡G
[5496] 2015/11/10 11:11:59.384 SKQuoteLib_RequestServerTime ¡G
[5496] 2015/11/10 11:11:59.384 SKQuoteLib_GetServerTime ¡G
[5496] 2015/11/10 11:12:00.398 SKQuoteLib_RequestServerTime ¡G
[5496] 2015/11/10 11:12:00.398 SKQuoteLib_GetServerTime ¡G
[5496] 2015/11/10 11:12:01.412 SKQuoteLib_RequestServerTime ¡G
[5496] 2015/11/10 11:12:01.412 SKQuoteLib_GetServerTime ¡G
[5496] 2015/11/10 11:12:02.426 SKQuoteLib_RequestServerTime ¡G
[5496] 2015/11/10 11:12:02.426 SKQuoteLib_GetServerTime ¡G
[5496] 2015/11/10 11:12:03.440 SKQuoteLib_RequestServerTime ¡G
[5496] 2015/11/10 11:12:03.440 SKQuoteLib_GetServerTime ¡G
[5496] 2015/11/10 11:12:04.454 SKQuoteLib_RequestServerTime ¡G
[5496] 2015/11/10 11:12:04.454 SKQuoteLib_GetServerTime ¡G
[5496] 2015/11/10 11:12:05.469 SKQuoteLib_RequestServerTime ¡G
[5496] 2015/11/10 11:12:05.469 SKQuoteLib_GetServerTime ¡G
[5496] 2015/11/10 11:12:06.484 SKQuoteLib_RequestServerTime ¡G
[5496] 2015/11/10 11:12:06.484 SKQuoteLib_GetServerTime ¡G
[5496] 2015/11/10 11:12:07.498 SKQuoteLib_RequestServerTime ¡G
[5496] 2015/11/10 11:12:07.498 SKQuoteLib_GetServerTime ¡G
[5496] 2015/11/10 11:12:08.510 SKQuoteLib_RequestServerTime ¡G
[5496] 2015/11/10 11:12:08.510 SKQuoteLib_GetServerTime ¡G
[5496] 2015/11/10 11:12:09.524 SKQuoteLib_RequestServerTime ¡G
[5496] 2015/11/10 11:12:09.524 SKQuoteLib_GetServerTime ¡G
[5496] 2015/11/10 11:12:10.538 SKQuoteLib_RequestServerTime ¡G
[5496] 2015/11/10 11:12:10.538 SKQuoteLib_GetServerTime ¡G
[5496] 2015/11/10 11:12:11.552 SKQuoteLib_RequestServerTime ¡G
[5496] 2015/11/10 11:12:11.552 SKQuoteLib_GetServerTime ¡G
[5496] 2015/11/10 11:12:12.567 SKQuoteLib_RequestServerTime ¡G
[5496] 2015/11/10 11:12:12.567 SKQuoteLib_GetServerTime ¡G
[5496] 2015/11/10 11:12:13.580 SKQuoteLib_RequestServerTime ¡G
[5496] 2015/11/10 11:12:13.580 SKQuoteLib_GetServerTime ¡G
[5496] 2015/11/10 11:12:14.594 SKQuoteLib_RequestServerTime ¡G
[5496] 2015/11/10 11:12:14.594 SKQuoteLib_GetServerTime ¡G
[5496] 2015/11/10 11:12:15.609 SKQuoteLib_RequestServerTime ¡G
[5496] 2015/11/10 11:12:15.609 SKQuoteLib_GetServerTime ¡G
[5496] 2015/11/10 11:12:16.623 SKQuoteLib_RequestServerTime ¡G
[5496] 2015/11/10 11:12:16.623 SKQuoteLib_GetServerTime ¡G
[5496] 2015/11/10 11:12:17.637 SKQuoteLib_RequestServerTime ¡G
[5496] 2015/11/10 11:12:17.637 SKQuoteLib_GetServerTime ¡G
[5496] 2015/11/10 11:12:18.651 SKQuoteLib_RequestServerTime ¡G
[5496] 2015/11/10 11:12:18.651 SKQuoteLib_GetServerTime ¡G
[5496] 2015/11/10 11:12:19.665 SKQuoteLib_RequestServerTime ¡G
[5496] 2015/11/10 11:12:19.665 SKQuoteLib_GetServerTime ¡G
[5496] 2015/11/10 11:12:20.679 SKQuoteLib_RequestServerTime ¡G
[5496] 2015/11/10 11:12:20.679 SKQuoteLib_GetServerTime ¡G
[5496] 2015/11/10 11:12:21.693 SKQuoteLib_RequestServerTime ¡G
[5496] 2015/11/10 11:12:21.693 SKQuoteLib_GetServerTime ¡G
[5496] 2015/11/10 11:12:22.708 SKQuoteLib_RequestServerTime ¡G
[5496] 2015/11/10 11:12:22.708 SKQuoteLib_GetServerTime ¡G
[5496] 2015/11/10 11:12:23.721 SKQuoteLib_RequestServerTime ¡G
[5496] 2015/11/10 11:12:23.721 SKQuoteLib_GetServerTime ¡G
[5496] 2015/11/10 11:12:24.735 SKQuoteLib_RequestServerTime ¡G
[5496] 2015/11/10 11:12:24.735 SKQuoteLib_GetServerTime ¡G
[5496] 2015/11/10 11:12:25.750 SKQuoteLib_RequestServerTime ¡G
[5496] 2015/11/10 11:12:25.750 SKQuoteLib_GetServerTime ¡G
[5496] 2015/11/10 11:12:26.764 SKQuoteLib_RequestServerTime ¡G
[5496] 2015/11/10 11:12:26.764 SKQuoteLib_GetServerTime ¡G
[5496] 2015/11/10 11:12:27.776 SKQuoteLib_RequestServerTime ¡G
[5496] 2015/11/10 11:12:27.776 SKQuoteLib_GetServerTime ¡G
[5496] 2015/11/10 11:12:28.790 SKQuoteLib_RequestServerTime ¡G
[5496] 2015/11/10 11:12:28.790 SKQuoteLib_GetServerTime ¡G
[5496] 2015/11/10 11:12:29.804 SKQuoteLib_RequestServerTime ¡G
[5496] 2015/11/10 11:12:29.804 SKQuoteLib_GetServerTime ¡G
[5496] 2015/11/10 11:12:30.818 SKQuoteLib_RequestServerTime ¡G
[5496] 2015/11/10 11:12:30.818 SKQuoteLib_GetServerTime ¡G
[5496] 2015/11/10 11:12:30.944 Check Link Status 
[5496] 2015/11/10 11:12:31.832 SKQuoteLib_RequestServerTime ¡G
[5496] 2015/11/10 11:12:31.832 SKQuoteLib_GetServerTime ¡G
[5496] 2015/11/10 11:12:32.847 SKQuoteLib_RequestServerTime ¡G
[5496] 2015/11/10 11:12:32.847 SKQuoteLib_GetServerTime ¡G
[5496] 2015/11/10 11:12:33.860 SKQuoteLib_RequestServerTime ¡G
[5496] 2015/11/10 11:12:33.860 SKQuoteLib_GetServerTime ¡G
[5496] 2015/11/10 11:12:34.874 SKQuoteLib_RequestServerTime ¡G
[5496] 2015/11/10 11:12:34.874 SKQuoteLib_GetServerTime ¡G
[5496] 2015/11/10 11:12:35.888 SKQuoteLib_RequestServerTime ¡G
[5496] 2015/11/10 11:12:35.888 SKQuoteLib_GetServerTime ¡G
[5496] 2015/11/10 11:12:36.903 SKQuoteLib_RequestServerTime ¡G
[5496] 2015/11/10 11:12:36.903 SKQuoteLib_GetServerTime ¡G
[5496] 2015/11/10 11:12:37.916 SKQuoteLib_RequestServerTime ¡G
[5496] 2015/11/10 11:12:37.916 SKQuoteLib_GetServerTime ¡G
[5496] 2015/11/10 11:12:38.930 SKQuoteLib_RequestServerTime ¡G
[5496] 2015/11/10 11:12:38.930 SKQuoteLib_GetServerTime ¡G
[5496] 2015/11/10 11:12:39.945 SKQuoteLib_RequestServerTime ¡G
[5496] 2015/11/10 11:12:39.945 SKQuoteLib_GetServerTime ¡G
[5496] 2015/11/10 11:12:40.959 SKQuoteLib_RequestServerTime ¡G
[5496] 2015/11/10 11:12:40.959 SKQuoteLib_GetServerTime ¡G
[5496] 2015/11/10 11:12:41.973 SKQuoteLib_RequestServerTime ¡G
[5496] 2015/11/10 11:12:41.973 SKQuoteLib_GetServerTime ¡G
[5496] 2015/11/10 11:12:42.987 SKQuoteLib_RequestServerTime ¡G
[5496] 2015/11/10 11:12:42.987 SKQuoteLib_GetServerTime ¡G
[5496] 2015/11/10 11:12:44.001 SKQuoteLib_RequestServerTime ¡G
[5496] 2015/11/10 11:12:44.001 SKQuoteLib_GetServerTime ¡G
[5496] 2015/11/10 11:12:45.015 SKQuoteLib_RequestServerTime ¡G
[5496] 2015/11/10 11:12:45.015 SKQuoteLib_GetServerTime ¡G
[5496] 2015/11/10 11:12:46.037 SKQuoteLib_RequestServerTime ¡G
[5496] 2015/11/10 11:12:46.038 SKQuoteLib_GetServerTime ¡G
[5496] 2015/11/10 11:12:47.043 SKQuoteLib_RequestServerTime ¡G
[5496] 2015/11/10 11:12:47.043 SKQuoteLib_GetServerTime ¡G
[5496] 2015/11/10 11:12:48.056 SKQuoteLib_RequestServerTime ¡G
[5496] 2015/11/10 11:12:48.056 SKQuoteLib_GetServerTime ¡G
[5496] 2015/11/10 11:12:49.070 SKQuoteLib_RequestServerTime ¡G
[5496] 2015/11/10 11:12:49.070 SKQuoteLib_GetServerTime ¡G
[5496] 2015/11/10 11:12:50.084 SKQuoteLib_RequestServerTime ¡G
[5496] 2015/11/10 11:12:50.084 SKQuoteLib_GetServerTime ¡G
[5496] 2015/11/10 11:12:51.098 SKQuoteLib_RequestServerTime ¡G
[5496] 2015/11/10 11:12:51.098 SKQuoteLib_GetServerTime ¡G
[5496] 2015/11/10 11:12:52.112 SKQuoteLib_RequestServerTime ¡G
[5496] 2015/11/10 11:12:52.112 SKQuoteLib_GetServerTime ¡G
[5496] 2015/11/10 11:12:53.126 SKQuoteLib_RequestServerTime ¡G
[5496] 2015/11/10 11:12:53.126 SKQuoteLib_GetServerTime ¡G
[5496] 2015/11/10 11:12:54.140 SKQuoteLib_RequestServerTime ¡G
[5496] 2015/11/10 11:12:54.140 SKQuoteLib_GetServerTime ¡G
[5496] 2015/11/10 11:12:55.154 SKQuoteLib_RequestServerTime ¡G
[5496] 2015/11/10 11:12:55.154 SKQuoteLib_GetServerTime ¡G
[5496] 2015/11/10 11:12:56.168 SKQuoteLib_RequestServerTime ¡G
[5496] 2015/11/10 11:12:56.168 SKQuoteLib_GetServerTime ¡G
[5496] 2015/11/10 11:12:57.182 SKQuoteLib_RequestServerTime ¡G
[5496] 2015/11/10 11:12:57.182 SKQuoteLib_GetServerTime ¡G
[5496] 2015/11/10 11:12:58.197 SKQuoteLib_RequestServerTime ¡G
[5496] 2015/11/10 11:12:58.197 SKQuoteLib_GetServerTime ¡G
[5496] 2015/11/10 11:12:59.211 SKQuoteLib_RequestServerTime ¡G
[5496] 2015/11/10 11:12:59.211 SKQuoteLib_GetServerTime ¡G
[5496] 2015/11/10 11:13:00.225 SKQuoteLib_RequestServerTime ¡G
[5496] 2015/11/10 11:13:00.225 SKQuoteLib_GetServerTime ¡G
[5496] 2015/11/10 11:13:01.239 SKQuoteLib_RequestServerTime ¡G
[5496] 2015/11/10 11:13:01.239 SKQuoteLib_GetServerTime ¡G
[5496] 2015/11/10 11:13:02.253 SKQuoteLib_RequestServerTime ¡G
[5496] 2015/11/10 11:13:02.253 SKQuoteLib_GetServerTime ¡G
[5496] 2015/11/10 11:13:03.267 SKQuoteLib_RequestServerTime ¡G
[5496] 2015/11/10 11:13:03.267 SKQuoteLib_GetServerTime ¡G
[5496] 2015/11/10 11:13:04.281 SKQuoteLib_RequestServerTime ¡G
[5496] 2015/11/10 11:13:04.281 SKQuoteLib_GetServerTime ¡G
[5496] 2015/11/10 11:13:05.295 SKQuoteLib_RequestServerTime ¡G
[5496] 2015/11/10 11:13:05.295 SKQuoteLib_GetServerTime ¡G
[5496] 2015/11/10 11:13:06.309 SKQuoteLib_RequestServerTime ¡G
[5496] 2015/11/10 11:13:06.309 SKQuoteLib_GetServerTime ¡G
[5496] 2015/11/10 11:13:07.322 SKQuoteLib_RequestServerTime ¡G
[5496] 2015/11/10 11:13:07.322 SKQuoteLib_GetServerTime ¡G
[5496] 2015/11/10 11:13:08.336 SKQuoteLib_RequestServerTime ¡G
[5496] 2015/11/10 11:13:08.336 SKQuoteLib_GetServerTime ¡G
[5496] 2015/11/10 11:13:09.350 SKQuoteLib_RequestServerTime ¡G
[5496] 2015/11/10 11:13:09.350 SKQuoteLib_GetServerTime ¡G
[5496] 2015/11/10 11:13:10.364 SKQuoteLib_RequestServerTime ¡G
[5496] 2015/11/10 11:13:10.364 SKQuoteLib_GetServerTime ¡G
[5496] 2015/11/10 11:13:11.378 SKQuoteLib_RequestServerTime ¡G
[5496] 2015/11/10 11:13:11.378 SKQuoteLib_GetServerTime ¡G
[5496] 2015/11/10 11:13:12.392 SKQuoteLib_RequestServerTime ¡G
[5496] 2015/11/10 11:13:12.392 SKQuoteLib_GetServerTime ¡G
[5496] 2015/11/10 11:13:13.406 SKQuoteLib_RequestServerTime ¡G
[5496] 2015/11/10 11:13:13.406 SKQuoteLib_GetServerTime ¡G
[5496] 2015/11/10 11:13:14.420 SKQuoteLib_RequestServerTime ¡G
[5496] 2015/11/10 11:13:14.420 SKQuoteLib_GetServerTime ¡G
[5496] 2015/11/10 11:13:15.435 SKQuoteLib_RequestServerTime ¡G
[5496] 2015/11/10 11:13:15.435 SKQuoteLib_GetServerTime ¡G
[5496] 2015/11/10 11:13:16.449 SKQuoteLib_RequestServerTime ¡G
[5496] 2015/11/10 11:13:16.449 SKQuoteLib_GetServerTime ¡G
[5496] 2015/11/10 11:13:17.463 SKQuoteLib_RequestServerTime ¡G
[5496] 2015/11/10 11:13:17.463 SKQuoteLib_GetServerTime ¡G
[5496] 2015/11/10 11:13:18.477 SKQuoteLib_RequestServerTime ¡G
[5496] 2015/11/10 11:13:18.477 SKQuoteLib_GetServerTime ¡G
[5496] 2015/11/10 11:13:19.491 SKQuoteLib_RequestServerTime ¡G
[5496] 2015/11/10 11:13:19.491 SKQuoteLib_GetServerTime ¡G
[5496] 2015/11/10 11:13:20.505 SKQuoteLib_RequestServerTime ¡G
[5496] 2015/11/10 11:13:20.505 SKQuoteLib_GetServerTime ¡G
[5496] 2015/11/10 11:13:21.519 SKQuoteLib_RequestServerTime ¡G
[5496] 2015/11/10 11:13:21.519 SKQuoteLib_GetServerTime ¡G
[5496] 2015/11/10 11:13:22.533 SKQuoteLib_RequestServerTime ¡G
[5496] 2015/11/10 11:13:22.533 SKQuoteLib_GetServerTime ¡G
[5496] 2015/11/10 11:13:23.547 SKQuoteLib_RequestServerTime ¡G
[5496] 2015/11/10 11:13:23.547 SKQuoteLib_GetServerTime ¡G
[5496] 2015/11/10 11:13:24.561 SKQuoteLib_RequestServerTime ¡G
[5496] 2015/11/10 11:13:24.561 SKQuoteLib_GetServerTime ¡G
[5496] 2015/11/10 11:13:25.575 SKQuoteLib_RequestServerTime ¡G
[5496] 2015/11/10 11:13:25.575 SKQuoteLib_GetServerTime ¡G
[5496] 2015/11/10 11:13:26.589 SKQuoteLib_RequestServerTime ¡G
[5496] 2015/11/10 11:13:26.589 SKQuoteLib_GetServerTime ¡G
[5496] 2015/11/10 11:13:27.602 SKQuoteLib_RequestServerTime ¡G
[5496] 2015/11/10 11:13:27.602 SKQuoteLib_GetServerTime ¡G
[5496] 2015/11/10 11:13:28.616 SKQuoteLib_RequestServerTime ¡G
[5496] 2015/11/10 11:13:28.616 SKQuoteLib_GetServerTime ¡G
[5496] 2015/11/10 11:13:29.630 SKQuoteLib_RequestServerTime ¡G
[5496] 2015/11/10 11:13:29.630 SKQuoteLib_GetServerTime ¡G
[5496] 2015/11/10 11:13:30.644 SKQuoteLib_RequestServerTime ¡G
[5496] 2015/11/10 11:13:30.644 SKQuoteLib_GetServerTime ¡G
[5496] 2015/11/10 11:13:30.957 Check Link Status 
[5496] 2015/11/10 11:13:31.658 SKQuoteLib_RequestServerTime ¡G
[5496] 2015/11/10 11:13:31.658 SKQuoteLib_GetServerTime ¡G
[5496] 2015/11/10 11:13:32.673 SKQuoteLib_RequestServerTime ¡G
[5496] 2015/11/10 11:13:32.673 SKQuoteLib_GetServerTime ¡G
[5496] 2015/11/10 11:13:33.687 SKQuoteLib_RequestServerTime ¡G
[5496] 2015/11/10 11:13:33.687 SKQuoteLib_GetServerTime ¡G
[5496] 2015/11/10 11:13:34.701 SKQuoteLib_RequestServerTime ¡G
[5496] 2015/11/10 11:13:34.701 SKQuoteLib_GetServerTime ¡G
[5496] 2015/11/10 11:13:35.715 SKQuoteLib_RequestServerTime ¡G
[5496] 2015/11/10 11:13:35.715 SKQuoteLib_GetServerTime ¡G
[5496] 2015/11/10 11:13:36.729 SKQuoteLib_RequestServerTime ¡G
[5496] 2015/11/10 11:13:36.729 SKQuoteLib_GetServerTime ¡G
[5496] 2015/11/10 11:13:37.743 SKQuoteLib_RequestServerTime ¡G
[5496] 2015/11/10 11:13:37.743 SKQuoteLib_GetServerTime ¡G
[5496] 2015/11/10 11:13:38.757 SKQuoteLib_RequestServerTime ¡G
[5496] 2015/11/10 11:13:38.757 SKQuoteLib_GetServerTime ¡G
[5496] 2015/11/10 11:13:39.771 SKQuoteLib_RequestServerTime ¡G
[5496] 2015/11/10 11:13:39.771 SKQuoteLib_GetServerTime ¡G
[5496] 2015/11/10 11:13:40.786 SKQuoteLib_RequestServerTime ¡G
[5496] 2015/11/10 11:13:40.786 SKQuoteLib_GetServerTime ¡G
[5496] 2015/11/10 11:13:41.800 SKQuoteLib_RequestServerTime ¡G
[5496] 2015/11/10 11:13:41.800 SKQuoteLib_GetServerTime ¡G
[5496] 2015/11/10 11:13:42.814 SKQuoteLib_RequestServerTime ¡G
[5496] 2015/11/10 11:13:42.814 SKQuoteLib_GetServerTime ¡G
[5496] 2015/11/10 11:13:43.828 SKQuoteLib_RequestServerTime ¡G
[5496] 2015/11/10 11:13:43.828 SKQuoteLib_GetServerTime ¡G
[5496] 2015/11/10 11:13:44.841 SKQuoteLib_RequestServerTime ¡G
[5496] 2015/11/10 11:13:44.841 SKQuoteLib_GetServerTime ¡G
[5496] 2015/11/10 11:13:45.855 SKQuoteLib_RequestServerTime ¡G
[5496] 2015/11/10 11:13:45.855 SKQuoteLib_GetServerTime ¡G
[5496] 2015/11/10 11:13:46.868 SKQuoteLib_RequestServerTime ¡G
[5496] 2015/11/10 11:13:46.868 SKQuoteLib_GetServerTime ¡G
[5496] 2015/11/10 11:13:47.882 SKQuoteLib_RequestServerTime ¡G
[5496] 2015/11/10 11:13:47.882 SKQuoteLib_GetServerTime ¡G
[5496] 2015/11/10 11:13:48.896 SKQuoteLib_RequestServerTime ¡G
[5496] 2015/11/10 11:13:48.896 SKQuoteLib_GetServerTime ¡G
[5496] 2015/11/10 11:13:49.912 SKQuoteLib_RequestServerTime ¡G
[5496] 2015/11/10 11:13:49.912 SKQuoteLib_GetServerTime ¡G
[5496] 2015/11/10 11:13:50.926 SKQuoteLib_RequestServerTime ¡G
[5496] 2015/11/10 11:13:50.926 SKQuoteLib_GetServerTime ¡G
[5496] 2015/11/10 11:13:51.939 SKQuoteLib_RequestServerTime ¡G
[5496] 2015/11/10 11:13:51.939 SKQuoteLib_GetServerTime ¡G
[5496] 2015/11/10 11:13:52.954 SKQuoteLib_RequestServerTime ¡G
[5496] 2015/11/10 11:13:52.954 SKQuoteLib_GetServerTime ¡G
[5496] 2015/11/10 11:13:53.968 SKQuoteLib_RequestServerTime ¡G
[5496] 2015/11/10 11:13:53.968 SKQuoteLib_GetServerTime ¡G
[5496] 2015/11/10 11:13:54.981 SKQuoteLib_RequestServerTime ¡G
[5496] 2015/11/10 11:13:54.981 SKQuoteLib_GetServerTime ¡G
[5496] 2015/11/10 11:13:55.995 SKQuoteLib_RequestServerTime ¡G
[5496] 2015/11/10 11:13:55.995 SKQuoteLib_GetServerTime ¡G
[5496] 2015/11/10 11:13:57.009 SKQuoteLib_RequestServerTime ¡G
[5496] 2015/11/10 11:13:57.009 SKQuoteLib_GetServerTime ¡G
[5496] 2015/11/10 11:13:58.023 SKQuoteLib_RequestServerTime ¡G
[5496] 2015/11/10 11:13:58.023 SKQuoteLib_GetServerTime ¡G
[5496] 2015/11/10 11:13:59.038 SKQuoteLib_RequestServerTime ¡G
[5496] 2015/11/10 11:13:59.038 SKQuoteLib_GetServerTime ¡G
[5496] 2015/11/10 11:14:00.052 SKQuoteLib_RequestServerTime ¡G
[5496] 2015/11/10 11:14:00.052 SKQuoteLib_GetServerTime ¡G
[5496] 2015/11/10 11:14:01.072 SKQuoteLib_RequestServerTime ¡G
[5496] 2015/11/10 11:14:01.072 SKQuoteLib_GetServerTime ¡G
[5496] 2015/11/10 11:14:02.079 SKQuoteLib_RequestServerTime ¡G
[5496] 2015/11/10 11:14:02.079 SKQuoteLib_GetServerTime ¡G
[5496] 2015/11/10 11:14:03.094 SKQuoteLib_RequestServerTime ¡G
[5496] 2015/11/10 11:14:03.094 SKQuoteLib_GetServerTime ¡G
[5496] 2015/11/10 11:14:04.108 SKQuoteLib_RequestServerTime ¡G
[5496] 2015/11/10 11:14:04.108 SKQuoteLib_GetServerTime ¡G
[5496] 2015/11/10 11:14:05.121 SKQuoteLib_RequestServerTime ¡G
[5496] 2015/11/10 11:14:05.121 SKQuoteLib_GetServerTime ¡G
[5496] 2015/11/10 11:14:06.135 SKQuoteLib_RequestServerTime ¡G
[5496] 2015/11/10 11:14:06.135 SKQuoteLib_GetServerTime ¡G
[5496] 2015/11/10 11:14:07.148 SKQuoteLib_RequestServerTime ¡G
[5496] 2015/11/10 11:14:07.148 SKQuoteLib_GetServerTime ¡G
[5496] 2015/11/10 11:14:08.163 SKQuoteLib_RequestServerTime ¡G
[5496] 2015/11/10 11:14:08.163 SKQuoteLib_GetServerTime ¡G
[5496] 2015/11/10 11:14:09.177 SKQuoteLib_RequestServerTime ¡G
[5496] 2015/11/10 11:14:09.177 SKQuoteLib_GetServerTime ¡G
[5496] 2015/11/10 11:14:10.191 SKQuoteLib_RequestServerTime ¡G
[5496] 2015/11/10 11:14:10.191 SKQuoteLib_GetServerTime ¡G
[5496] 2015/11/10 11:14:11.206 SKQuoteLib_RequestServerTime ¡G
[5496] 2015/11/10 11:14:11.206 SKQuoteLib_GetServerTime ¡G
[5496] 2015/11/10 11:14:12.220 SKQuoteLib_RequestServerTime ¡G
[5496] 2015/11/10 11:14:12.220 SKQuoteLib_GetServerTime ¡G
[5496] 2015/11/10 11:14:13.234 SKQuoteLib_RequestServerTime ¡G
[5496] 2015/11/10 11:14:13.234 SKQuoteLib_GetServerTime ¡G
[5496] 2015/11/10 11:14:14.248 SKQuoteLib_RequestServerTime ¡G
[5496] 2015/11/10 11:14:14.248 SKQuoteLib_GetServerTime ¡G
[5496] 2015/11/10 11:14:15.261 SKQuoteLib_RequestServerTime ¡G
[5496] 2015/11/10 11:14:15.261 SKQuoteLib_GetServerTime ¡G
[5496] 2015/11/10 11:14:16.275 SKQuoteLib_RequestServerTime ¡G
[5496] 2015/11/10 11:14:16.275 SKQuoteLib_GetServerTime ¡G
[5496] 2015/11/10 11:14:17.289 SKQuoteLib_RequestServerTime ¡G
[5496] 2015/11/10 11:14:17.289 SKQuoteLib_GetServerTime ¡G
[5496] 2015/11/10 11:14:18.303 SKQuoteLib_RequestServerTime ¡G
[5496] 2015/11/10 11:14:18.303 SKQuoteLib_GetServerTime ¡G
[5496] 2015/11/10 11:14:19.317 SKQuoteLib_RequestServerTime ¡G
[5496] 2015/11/10 11:14:19.317 SKQuoteLib_GetServerTime ¡G
[5496] 2015/11/10 11:14:20.332 SKQuoteLib_RequestServerTime ¡G
[5496] 2015/11/10 11:14:20.332 SKQuoteLib_GetServerTime ¡G
[5496] 2015/11/10 11:14:21.345 SKQuoteLib_RequestServerTime ¡G
[5496] 2015/11/10 11:14:21.346 SKQuoteLib_GetServerTime ¡G
[5496] 2015/11/10 11:14:22.359 SKQuoteLib_RequestServerTime ¡G
[5496] 2015/11/10 11:14:22.360 SKQuoteLib_GetServerTime ¡G
[5496] 2015/11/10 11:14:23.373 SKQuoteLib_RequestServerTime ¡G
[5496] 2015/11/10 11:14:23.373 SKQuoteLib_GetServerTime ¡G
[5496] 2015/11/10 11:14:24.387 SKQuoteLib_RequestServerTime ¡G
[5496] 2015/11/10 11:14:24.387 SKQuoteLib_GetServerTime ¡G
[5496] 2015/11/10 11:14:25.402 SKQuoteLib_RequestServerTime ¡G
[5496] 2015/11/10 11:14:25.402 SKQuoteLib_GetServerTime ¡G
[5496] 2015/11/10 11:14:26.415 SKQuoteLib_RequestServerTime ¡G
[5496] 2015/11/10 11:14:26.416 SKQuoteLib_GetServerTime ¡G
[5496] 2015/11/10 11:14:27.429 SKQuoteLib_RequestServerTime ¡G
[5496] 2015/11/10 11:14:27.429 SKQuoteLib_GetServerTime ¡G
[5496] 2015/11/10 11:14:28.444 SKQuoteLib_RequestServerTime ¡G
[5496] 2015/11/10 11:14:28.444 SKQuoteLib_GetServerTime ¡G
[5496] 2015/11/10 11:14:29.458 SKQuoteLib_RequestServerTime ¡G
[5496] 2015/11/10 11:14:29.458 SKQuoteLib_GetServerTime ¡G
[5496] 2015/11/10 11:14:30.472 SKQuoteLib_RequestServerTime ¡G
[5496] 2015/11/10 11:14:30.472 SKQuoteLib_GetServerTime ¡G
[5496] 2015/11/10 11:14:30.970 Check Link Status 
[5496] 2015/11/10 11:14:31.486 SKQuoteLib_RequestServerTime ¡G
[5496] 2015/11/10 11:14:31.486 SKQuoteLib_GetServerTime ¡G
[5496] 2015/11/10 11:14:32.500 SKQuoteLib_RequestServerTime ¡G
[5496] 2015/11/10 11:14:32.500 SKQuoteLib_GetServerTime ¡G
[5496] 2015/11/10 11:14:33.514 SKQuoteLib_RequestServerTime ¡G
[5496] 2015/11/10 11:14:33.514 SKQuoteLib_GetServerTime ¡G
[5496] 2015/11/10 11:14:34.527 SKQuoteLib_RequestServerTime ¡G
[5496] 2015/11/10 11:14:34.527 SKQuoteLib_GetServerTime ¡G
[5496] 2015/11/10 11:14:35.541 SKQuoteLib_RequestServerTime ¡G
[5496] 2015/11/10 11:14:35.542 SKQuoteLib_GetServerTime ¡G
[5496] 2015/11/10 11:14:36.555 SKQuoteLib_RequestServerTime ¡G
[5496] 2015/11/10 11:14:36.555 SKQuoteLib_GetServerTime ¡G
[5496] 2015/11/10 11:14:37.569 SKQuoteLib_RequestServerTime ¡G
[5496] 2015/11/10 11:14:37.569 SKQuoteLib_GetServerTime ¡G
[5496] 2015/11/10 11:14:38.583 SKQuoteLib_RequestServerTime ¡G
[5496] 2015/11/10 11:14:38.583 SKQuoteLib_GetServerTime ¡G
[5496] 2015/11/10 11:14:39.597 SKQuoteLib_RequestServerTime ¡G
[5496] 2015/11/10 11:14:39.597 SKQuoteLib_GetServerTime ¡G
[5496] 2015/11/10 11:14:40.611 SKQuoteLib_RequestServerTime ¡G
[5496] 2015/11/10 11:14:40.611 SKQuoteLib_GetServerTime ¡G
[5496] 2015/11/10 11:14:41.625 SKQuoteLib_RequestServerTime ¡G
[5496] 2015/11/10 11:14:41.625 SKQuoteLib_GetServerTime ¡G
[5496] 2015/11/10 11:14:42.640 SKQuoteLib_RequestServerTime ¡G
[5496] 2015/11/10 11:14:42.640 SKQuoteLib_GetServerTime ¡G
[5496] 2015/11/10 11:14:43.655 SKQuoteLib_RequestServerTime ¡G
[5496] 2015/11/10 11:14:43.655 SKQuoteLib_GetServerTime ¡G
[5496] 2015/11/10 11:14:44.669 SKQuoteLib_RequestServerTime ¡G
[5496] 2015/11/10 11:14:44.669 SKQuoteLib_GetServerTime ¡G
[5496] 2015/11/10 11:14:45.682 SKQuoteLib_RequestServerTime ¡G
[5496] 2015/11/10 11:14:45.682 SKQuoteLib_GetServerTime ¡G
[5496] 2015/11/10 11:14:46.695 SKQuoteLib_RequestServerTime ¡G
[5496] 2015/11/10 11:14:46.695 SKQuoteLib_GetServerTime ¡G
[5496] 2015/11/10 11:14:47.709 SKQuoteLib_RequestServerTime ¡G
[5496] 2015/11/10 11:14:47.709 SKQuoteLib_GetServerTime ¡G
[5496] 2015/11/10 11:14:48.724 SKQuoteLib_RequestServerTime ¡G
[5496] 2015/11/10 11:14:48.724 SKQuoteLib_GetServerTime ¡G
[5496] 2015/11/10 11:14:49.738 SKQuoteLib_RequestServerTime ¡G
[5496] 2015/11/10 11:14:49.738 SKQuoteLib_GetServerTime ¡G
[5496] 2015/11/10 11:14:50.752 SKQuoteLib_RequestServerTime ¡G
[5496] 2015/11/10 11:14:50.752 SKQuoteLib_GetServerTime ¡G
[5496] 2015/11/10 11:14:51.766 SKQuoteLib_RequestServerTime ¡G
[5496] 2015/11/10 11:14:51.766 SKQuoteLib_GetServerTime ¡G
[5496] 2015/11/10 11:14:52.780 SKQuoteLib_RequestServerTime ¡G
[5496] 2015/11/10 11:14:52.781 SKQuoteLib_GetServerTime ¡G
[5496] 2015/11/10 11:14:53.794 SKQuoteLib_RequestServerTime ¡G
[5496] 2015/11/10 11:14:53.794 SKQuoteLib_GetServerTime ¡G
[5496] 2015/11/10 11:14:54.807 SKQuoteLib_RequestServerTime ¡G
[5496] 2015/11/10 11:14:54.807 SKQuoteLib_GetServerTime ¡G
[5496] 2015/11/10 11:14:55.822 SKQuoteLib_RequestServerTime ¡G
[5496] 2015/11/10 11:14:55.822 SKQuoteLib_GetServerTime ¡G
[5496] 2015/11/10 11:14:56.835 SKQuoteLib_RequestServerTime ¡G
[5496] 2015/11/10 11:14:56.835 SKQuoteLib_GetServerTime ¡G
[5496] 2015/11/10 11:14:57.849 SKQuoteLib_RequestServerTime ¡G
[5496] 2015/11/10 11:14:57.849 SKQuoteLib_GetServerTime ¡G
[5496] 2015/11/10 11:14:58.865 SKQuoteLib_RequestServerTime ¡G
[5496] 2015/11/10 11:14:58.865 SKQuoteLib_GetServerTime ¡G
[5496] 2015/11/10 11:14:59.878 SKQuoteLib_RequestServerTime ¡G
[5496] 2015/11/10 11:14:59.878 SKQuoteLib_GetServerTime ¡G
[5496] 2015/11/10 11:15:00.893 SKQuoteLib_RequestServerTime ¡G
[5496] 2015/11/10 11:15:00.893 SKQuoteLib_GetServerTime ¡G
[5496] 2015/11/10 11:15:01.906 SKQuoteLib_RequestServerTime ¡G
[5496] 2015/11/10 11:15:01.908 SKQuoteLib_GetServerTime ¡G
[5496] 2015/11/10 11:15:02.920 SKQuoteLib_RequestServerTime ¡G
[5496] 2015/11/10 11:15:02.920 SKQuoteLib_GetServerTime ¡G
[5496] 2015/11/10 11:15:03.935 SKQuoteLib_RequestServerTime ¡G
[5496] 2015/11/10 11:15:03.935 SKQuoteLib_GetServerTime ¡G
[5496] 2015/11/10 11:15:04.948 SKQuoteLib_RequestServerTime ¡G
[5496] 2015/11/10 11:15:04.948 SKQuoteLib_GetServerTime ¡G
[5496] 2015/11/10 11:15:05.962 SKQuoteLib_RequestServerTime ¡G
[5496] 2015/11/10 11:15:05.962 SKQuoteLib_GetServerTime ¡G
[5496] 2015/11/10 11:15:06.975 SKQuoteLib_RequestServerTime ¡G
[5496] 2015/11/10 11:15:06.975 SKQuoteLib_GetServerTime ¡G
[5496] 2015/11/10 11:15:07.989 SKQuoteLib_RequestServerTime ¡G
[5496] 2015/11/10 11:15:07.989 SKQuoteLib_GetServerTime ¡G
[5496] 2015/11/10 11:15:09.003 SKQuoteLib_RequestServerTime ¡G
[5496] 2015/11/10 11:15:09.003 SKQuoteLib_GetServerTime ¡G
[5496] 2015/11/10 11:15:10.018 SKQuoteLib_RequestServerTime ¡G
[5496] 2015/11/10 11:15:10.018 SKQuoteLib_GetServerTime ¡G
[5496] 2015/11/10 11:15:11.031 SKQuoteLib_RequestServerTime ¡G
[5496] 2015/11/10 11:15:11.031 SKQuoteLib_GetServerTime ¡G
[5496] 2015/11/10 11:15:12.046 SKQuoteLib_RequestServerTime ¡G
[5496] 2015/11/10 11:15:12.046 SKQuoteLib_GetServerTime ¡G
[5496] 2015/11/10 11:15:13.059 SKQuoteLib_RequestServerTime ¡G
[5496] 2015/11/10 11:15:13.059 SKQuoteLib_GetServerTime ¡G
[5496] 2015/11/10 11:15:14.073 SKQuoteLib_RequestServerTime ¡G
[5496] 2015/11/10 11:15:14.073 SKQuoteLib_GetServerTime ¡G
[5496] 2015/11/10 11:15:15.087 SKQuoteLib_RequestServerTime ¡G
[5496] 2015/11/10 11:15:15.087 SKQuoteLib_GetServerTime ¡G
[5496] 2015/11/10 11:15:16.107 SKQuoteLib_RequestServerTime ¡G
[5496] 2015/11/10 11:15:16.108 SKQuoteLib_GetServerTime ¡G
[5496] 2015/11/10 11:15:17.115 SKQuoteLib_RequestServerTime ¡G
[5496] 2015/11/10 11:15:17.115 SKQuoteLib_GetServerTime ¡G
[5496] 2015/11/10 11:15:18.130 SKQuoteLib_RequestServerTime ¡G
[5496] 2015/11/10 11:15:18.131 SKQuoteLib_GetServerTime ¡G
[5496] 2015/11/10 11:15:19.144 SKQuoteLib_RequestServerTime ¡G
[5496] 2015/11/10 11:15:19.144 SKQuoteLib_GetServerTime ¡G
[5496] 2015/11/10 11:15:20.158 SKQuoteLib_RequestServerTime ¡G
[5496] 2015/11/10 11:15:20.158 SKQuoteLib_GetServerTime ¡G
[5496] 2015/11/10 11:15:21.172 SKQuoteLib_RequestServerTime ¡G
[5496] 2015/11/10 11:15:21.172 SKQuoteLib_GetServerTime ¡G
[5496] 2015/11/10 11:15:22.186 SKQuoteLib_RequestServerTime ¡G
[5496] 2015/11/10 11:15:22.186 SKQuoteLib_GetServerTime ¡G
[5496] 2015/11/10 11:15:23.200 SKQuoteLib_RequestServerTime ¡G
[5496] 2015/11/10 11:15:23.200 SKQuoteLib_GetServerTime ¡G
[5496] 2015/11/10 11:15:24.214 SKQuoteLib_RequestServerTime ¡G
[5496] 2015/11/10 11:15:24.214 SKQuoteLib_GetServerTime ¡G
[5496] 2015/11/10 11:15:25.227 SKQuoteLib_RequestServerTime ¡G
[5496] 2015/11/10 11:15:25.227 SKQuoteLib_GetServerTime ¡G
[5496] 2015/11/10 11:15:26.241 SKQuoteLib_RequestServerTime ¡G
[5496] 2015/11/10 11:15:26.241 SKQuoteLib_GetServerTime ¡G
[5496] 2015/11/10 11:15:27.255 SKQuoteLib_RequestServerTime ¡G
[5496] 2015/11/10 11:15:27.255 SKQuoteLib_GetServerTime ¡G
[5496] 2015/11/10 11:15:28.269 SKQuoteLib_RequestServerTime ¡G
[5496] 2015/11/10 11:15:28.269 SKQuoteLib_GetServerTime ¡G
[5496] 2015/11/10 11:15:29.283 SKQuoteLib_RequestServerTime ¡G
[5496] 2015/11/10 11:15:29.283 SKQuoteLib_GetServerTime ¡G
[5496] 2015/11/10 11:15:30.297 SKQuoteLib_RequestServerTime ¡G
[5496] 2015/11/10 11:15:30.297 SKQuoteLib_GetServerTime ¡G
[5496] 2015/11/10 11:15:30.984 Check Link Status 
[5496] 2015/11/10 11:15:31.311 SKQuoteLib_RequestServerTime ¡G
[5496] 2015/11/10 11:15:31.311 SKQuoteLib_GetServerTime ¡G
[5496] 2015/11/10 11:15:32.327 SKQuoteLib_RequestServerTime ¡G
[5496] 2015/11/10 11:15:32.328 SKQuoteLib_GetServerTime ¡G
[5496] 2015/11/10 11:15:33.339 SKQuoteLib_RequestServerTime ¡G
[5496] 2015/11/10 11:15:33.339 SKQuoteLib_GetServerTime ¡G
[5496] 2015/11/10 11:15:34.355 SKQuoteLib_RequestServerTime ¡G
[5496] 2015/11/10 11:15:34.356 SKQuoteLib_GetServerTime ¡G
[5496] 2015/11/10 11:15:35.368 SKQuoteLib_RequestServerTime ¡G
[5496] 2015/11/10 11:15:35.368 SKQuoteLib_GetServerTime ¡G
[5496] 2015/11/10 11:15:36.382 SKQuoteLib_RequestServerTime ¡G
[5496] 2015/11/10 11:15:36.382 SKQuoteLib_GetServerTime ¡G
[5496] 2015/11/10 11:15:37.396 SKQuoteLib_RequestServerTime ¡G
[5496] 2015/11/10 11:15:37.397 SKQuoteLib_GetServerTime ¡G
[5496] 2015/11/10 11:15:38.410 SKQuoteLib_RequestServerTime ¡G
[5496] 2015/11/10 11:15:38.410 SKQuoteLib_GetServerTime ¡G
[5496] 2015/11/10 11:15:39.424 SKQuoteLib_RequestServerTime ¡G
[5496] 2015/11/10 11:15:39.424 SKQuoteLib_GetServerTime ¡G
[5496] 2015/11/10 11:15:40.438 SKQuoteLib_RequestServerTime ¡G
[5496] 2015/11/10 11:15:40.438 SKQuoteLib_GetServerTime ¡G
[5496] 2015/11/10 11:15:41.452 SKQuoteLib_RequestServerTime ¡G
[5496] 2015/11/10 11:15:41.452 SKQuoteLib_GetServerTime ¡G
[5496] 2015/11/10 11:15:42.466 SKQuoteLib_RequestServerTime ¡G
[5496] 2015/11/10 11:15:42.466 SKQuoteLib_GetServerTime ¡G
[5496] 2015/11/10 11:15:43.480 SKQuoteLib_RequestServerTime ¡G
[5496] 2015/11/10 11:15:43.481 SKQuoteLib_GetServerTime ¡G
[5496] 2015/11/10 11:15:44.494 SKQuoteLib_RequestServerTime ¡G
[5496] 2015/11/10 11:15:44.494 SKQuoteLib_GetServerTime ¡G
[5496] 2015/11/10 11:15:45.507 SKQuoteLib_RequestServerTime ¡G
[5496] 2015/11/10 11:15:45.507 SKQuoteLib_GetServerTime ¡G
[5496] 2015/11/10 11:15:46.521 SKQuoteLib_RequestServerTime ¡G
[5496] 2015/11/10 11:15:46.521 SKQuoteLib_GetServerTime ¡G
[5496] 2015/11/10 11:15:47.535 SKQuoteLib_RequestServerTime ¡G
[5496] 2015/11/10 11:15:47.535 SKQuoteLib_GetServerTime ¡G
[5496] 2015/11/10 11:15:48.549 SKQuoteLib_RequestServerTime ¡G
[5496] 2015/11/10 11:15:48.549 SKQuoteLib_GetServerTime ¡G
[5496] 2015/11/10 11:15:49.563 SKQuoteLib_RequestServerTime ¡G
[5496] 2015/11/10 11:15:49.563 SKQuoteLib_GetServerTime ¡G
[5496] 2015/11/10 11:15:50.581 SKQuoteLib_RequestServerTime ¡G
[5496] 2015/11/10 11:15:50.582 SKQuoteLib_GetServerTime ¡G
[5496] 2015/11/10 11:15:51.591 SKQuoteLib_RequestServerTime ¡G
[5496] 2015/11/10 11:15:51.591 SKQuoteLib_GetServerTime ¡G
[5496] 2015/11/10 11:15:52.606 SKQuoteLib_RequestServerTime ¡G
[5496] 2015/11/10 11:15:52.606 SKQuoteLib_GetServerTime ¡G
[5496] 2015/11/10 11:15:53.620 SKQuoteLib_RequestServerTime ¡G
[5496] 2015/11/10 11:15:53.620 SKQuoteLib_GetServerTime ¡G
[5496] 2015/11/10 11:15:54.634 SKQuoteLib_RequestServerTime ¡G
[5496] 2015/11/10 11:15:54.634 SKQuoteLib_GetServerTime ¡G
[5496] 2015/11/10 11:15:55.648 SKQuoteLib_RequestServerTime ¡G
[5496] 2015/11/10 11:15:55.648 SKQuoteLib_GetServerTime ¡G
[5496] 2015/11/10 11:15:56.662 SKQuoteLib_RequestServerTime ¡G
[5496] 2015/11/10 11:15:56.662 SKQuoteLib_GetServerTime ¡G
[5496] 2015/11/10 11:15:57.676 SKQuoteLib_RequestServerTime ¡G
[5496] 2015/11/10 11:15:57.676 SKQuoteLib_GetServerTime ¡G
[5496] 2015/11/10 11:15:58.690 SKQuoteLib_RequestServerTime ¡G
[5496] 2015/11/10 11:15:58.690 SKQuoteLib_GetServerTime ¡G
[5496] 2015/11/10 11:15:59.704 SKQuoteLib_RequestServerTime ¡G
[5496] 2015/11/10 11:15:59.704 SKQuoteLib_GetServerTime ¡G
[5496] 2015/11/10 11:16:00.718 SKQuoteLib_RequestServerTime ¡G
[5496] 2015/11/10 11:16:00.718 SKQuoteLib_GetServerTime ¡G
[5496] 2015/11/10 11:16:01.732 SKQuoteLib_RequestServerTime ¡G
[5496] 2015/11/10 11:16:01.732 SKQuoteLib_GetServerTime ¡G
[5496] 2015/11/10 11:16:02.746 SKQuoteLib_RequestServerTime ¡G
[5496] 2015/11/10 11:16:02.746 SKQuoteLib_GetServerTime ¡G
[5496] 2015/11/10 11:16:03.760 SKQuoteLib_RequestServerTime ¡G
[5496] 2015/11/10 11:16:03.760 SKQuoteLib_GetServerTime ¡G
[5496] 2015/11/10 11:16:04.773 SKQuoteLib_RequestServerTime ¡G
[5496] 2015/11/10 11:16:04.773 SKQuoteLib_GetServerTime ¡G
[5496] 2015/11/10 11:16:05.787 SKQuoteLib_RequestServerTime ¡G
[5496] 2015/11/10 11:16:05.787 SKQuoteLib_GetServerTime ¡G
[5496] 2015/11/10 11:16:06.801 SKQuoteLib_RequestServerTime ¡G
[5496] 2015/11/10 11:16:06.801 SKQuoteLib_GetServerTime ¡G
[5496] 2015/11/10 11:16:07.815 SKQuoteLib_RequestServerTime ¡G
[5496] 2015/11/10 11:16:07.815 SKQuoteLib_GetServerTime ¡G
[5496] 2015/11/10 11:16:08.829 SKQuoteLib_RequestServerTime ¡G
[5496] 2015/11/10 11:16:08.829 SKQuoteLib_GetServerTime ¡G
[5496] 2015/11/10 11:16:09.844 SKQuoteLib_RequestServerTime ¡G
[5496] 2015/11/10 11:16:09.844 SKQuoteLib_GetServerTime ¡G
[5496] 2015/11/10 11:16:10.858 SKQuoteLib_RequestServerTime ¡G
[5496] 2015/11/10 11:16:10.858 SKQuoteLib_GetServerTime ¡G
[5496] 2015/11/10 11:16:11.872 SKQuoteLib_RequestServerTime ¡G
[5496] 2015/11/10 11:16:11.872 SKQuoteLib_GetServerTime ¡G
[5496] 2015/11/10 11:16:12.886 SKQuoteLib_RequestServerTime ¡G
[5496] 2015/11/10 11:16:12.886 SKQuoteLib_GetServerTime ¡G
[5496] 2015/11/10 11:16:13.900 SKQuoteLib_RequestServerTime ¡G
[5496] 2015/11/10 11:16:13.900 SKQuoteLib_GetServerTime ¡G
[5496] 2015/11/10 11:16:14.914 SKQuoteLib_RequestServerTime ¡G
[5496] 2015/11/10 11:16:14.914 SKQuoteLib_GetServerTime ¡G
[5496] 2015/11/10 11:16:15.928 SKQuoteLib_RequestServerTime ¡G
[5496] 2015/11/10 11:16:15.928 SKQuoteLib_GetServerTime ¡G
[5496] 2015/11/10 11:16:16.942 SKQuoteLib_RequestServerTime ¡G
[5496] 2015/11/10 11:16:16.942 SKQuoteLib_GetServerTime ¡G
[5496] 2015/11/10 11:16:17.956 SKQuoteLib_RequestServerTime ¡G
[5496] 2015/11/10 11:16:17.956 SKQuoteLib_GetServerTime ¡G
[5496] 2015/11/10 11:16:18.970 SKQuoteLib_RequestServerTime ¡G
[5496] 2015/11/10 11:16:18.970 SKQuoteLib_GetServerTime ¡G
[5496] 2015/11/10 11:16:19.985 SKQuoteLib_RequestServerTime ¡G
[5496] 2015/11/10 11:16:19.985 SKQuoteLib_GetServerTime ¡G
[5496] 2015/11/10 11:16:20.999 SKQuoteLib_RequestServerTime ¡G
[5496] 2015/11/10 11:16:20.999 SKQuoteLib_GetServerTime ¡G
[5496] 2015/11/10 11:16:22.013 SKQuoteLib_RequestServerTime ¡G
[5496] 2015/11/10 11:16:22.013 SKQuoteLib_GetServerTime ¡G
[5496] 2015/11/10 11:16:23.026 SKQuoteLib_RequestServerTime ¡G
[5496] 2015/11/10 11:16:23.026 SKQuoteLib_GetServerTime ¡G
[5496] 2015/11/10 11:16:24.039 SKQuoteLib_RequestServerTime ¡G
[5496] 2015/11/10 11:16:24.039 SKQuoteLib_GetServerTime ¡G
[5496] 2015/11/10 11:16:25.053 SKQuoteLib_RequestServerTime ¡G
[5496] 2015/11/10 11:16:25.053 SKQuoteLib_GetServerTime ¡G
[5496] 2015/11/10 11:16:26.068 SKQuoteLib_RequestServerTime ¡G
[5496] 2015/11/10 11:16:26.068 SKQuoteLib_GetServerTime ¡G
[5496] 2015/11/10 11:16:27.081 SKQuoteLib_RequestServerTime ¡G
[5496] 2015/11/10 11:16:27.081 SKQuoteLib_GetServerTime ¡G
[5496] 2015/11/10 11:16:28.097 SKQuoteLib_RequestServerTime ¡G
[5496] 2015/11/10 11:16:28.097 SKQuoteLib_GetServerTime ¡G
[5496] 2015/11/10 11:16:29.111 SKQuoteLib_RequestServerTime ¡G
[5496] 2015/11/10 11:16:29.111 SKQuoteLib_GetServerTime ¡G
[5496] 2015/11/10 11:16:30.124 SKQuoteLib_RequestServerTime ¡G
[5496] 2015/11/10 11:16:30.125 SKQuoteLib_GetServerTime ¡G
[5496] 2015/11/10 11:16:30.998 Check Link Status 
[5496] 2015/11/10 11:16:31.146 SKQuoteLib_RequestServerTime ¡G
[5496] 2015/11/10 11:16:31.146 SKQuoteLib_GetServerTime ¡G
[5496] 2015/11/10 11:16:32.153 SKQuoteLib_RequestServerTime ¡G
[5496] 2015/11/10 11:16:32.153 SKQuoteLib_GetServerTime ¡G
[5496] 2015/11/10 11:16:33.166 SKQuoteLib_RequestServerTime ¡G
[5496] 2015/11/10 11:16:33.166 SKQuoteLib_GetServerTime ¡G
[5496] 2015/11/10 11:16:34.181 SKQuoteLib_RequestServerTime ¡G
[5496] 2015/11/10 11:16:34.181 SKQuoteLib_GetServerTime ¡G
[5496] 2015/11/10 11:16:35.195 SKQuoteLib_RequestServerTime ¡G
[5496] 2015/11/10 11:16:35.195 SKQuoteLib_GetServerTime ¡G
[5496] 2015/11/10 11:16:36.208 SKQuoteLib_RequestServerTime ¡G
[5496] 2015/11/10 11:16:36.208 SKQuoteLib_GetServerTime ¡G
