[3248] 2015/09/10 09:38:27.787 API InitInstance 
[3248] 2015/09/10 09:38:27.790 SKOSQuoteLib_Initialize  ID：B222875498
[3248] 2015/09/10 09:38:27.791 SKOSQuoteLib_Initialize  Server：https://order2.capital.com.tw/
[3248] 2015/09/10 09:38:31.603 SKOSQuoteLib_EnterMonitor(0)
[3248] 2015/09/10 09:38:31.604 Connect FORT05.capital.com.tw 443
[3248] 2015/09/10 09:38:31.606 SKOSQuoteLib_RequestStocks (1,CME,NQ_1509#CME,NQ_1512#CME,NQ_1603#CME,NQ_1606#CME,EC_1509#CME,EC_1512#CME,EC_1603#CME,EC_1606#CBT,YM1509#CBT,YM1512#CBT,YM1603#CBT,YM1606#NYM,CL1510#NYM,CL1511#NYM,CL1512#NYM,CL1601#NYM,CL1602#NYM,GC1508#NYM,GC1510#NYM,GC1512#NYM,GC1602#NYM,GC1604#NYM,GC1606#NYM,SI1509#NYM,SI1512#NYM,SI1603#SGX,NKNT1509#SGX,NKNT1512#SGX,NKNT1603#SGX,NKNT1606#HKF,MHI1508#HKF,MHI1509#HKF,MHI1512#EUR,DAX1509#EUR,DAX1512#EUR,DAX1603#CFX,CIF1509#CFX,CIF1510#CFX,CIF1512#CME,NQ_1509#CME,NQ_1512#CME,NQ_1603#CME,NQ_1606#CME,EC_1509#CME,EC_1512#CME,EC_1603#CME,EC_1606#CBT,YM1509#CBT,YM1512#CBT,YM1603#CBT,YM1606#NYM,CL1510#NYM,CL1511#NYM,CL1512#NYM,CL1601#NYM,CL1602#NYM,GC1508#NYM,GC1510#NYM,GC1512#NYM,GC1602#NYM,GC1604#NYM,GC1606#NYM,SI1509#NYM,SI1512#NYM,SI1603#SGX,NKNT1509#SGX,NKNT1512#SGX,NKNT1603#SGX,NKNT1606#HKF,MHI1508#HKF,MHI1509#HKF,MHI1512#EUR,DAX1509#EUR,DAX1512#EUR,DAX1603#CFX,CIF1509#CFX,CIF1510#CFX,CIF1512#CME,NQ_1509#CME,NQ_1512#CME,NQ_1603#CME,NQ_1606#CME,EC_1509#CME,EC_1512#CME,EC_1603#CME,EC_1606#CBT,YM1509#CBT,YM1512#CBT,YM1603#CBT,YM1606#NYM,CL1510#NYM,CL1511#NYM,CL1512#NYM,CL1601#NYM,CL1602#NYM,GC1508#NYM,GC1510#NYM,GC1512#NYM,GC1602#NYM,GC1604#NYM,GC1606#NYM,SI1509#NYM,SI1512#NYM,SI1603#SGX,NKNT1509#SGX,NKNT1512#SGX,NKNT1603#SGX,NKNT1606#HKF,MHI1508#HKF,MHI1509#HKF,MHI1512#EUR,DAX1509#EUR,DAX1512#EUR,DAX1603#CFX,CIF1509#CFX,CIF1510#CFX,CIF1512#CME,NQ_1509#CME,NQ_1512#CME,NQ_1603#CME,NQ_1606#CME,EC_1509#CME,EC_1512#CME,EC_1603#CME,EC_1606#CBT,YM1509#CBT,YM1512#CBT,YM1603#CBT,YM1606#NYM,CL1510#NYM,CL1511#NYM,CL1512#NYM,CL1601#NYM,CL1602#NYM,GC1508#NYM,GC1510#NYM,GC1512#NYM,GC1602#NYM,GC1604#NYM,GC1606#NYM,SI1509#NYM,SI1512#NYM,SI1603#SGX,NKNT1509#SGX,NKNT1512#SGX,NKNT1603#SGX,NKNT1606#HKF,MHI1508#HKF,MHI1509#HKF,MHI1512#EUR,DAX1509#EUR,DAX1512#EUR,DAX1603#CFX,CIF1509#CFX,CIF1510#CFX,CIF1512#CME,NQ_1509#CME,NQ_1512#CME,NQ_1603#CME,NQ_1606#CME,EC_1509#CME,EC_1512#CME,EC_1603#CME,EC_1606#CBT,YM1509#CBT,YM1512#CBT,YM1603#CBT,YM1606#NYM,CL1510#NYM,CL1511#NYM,CL1512#NYM,CL1601#NYM,CL1602#NYM,GC1508#NYM,GC1510#NYM,GC1512#NYM,GC1602#NYM,GC1604#NYM,GC1606#NYM,SI1509#NYM,SI1512#NYM,SI1603#SGX,NKNT1509#SGX,NKNT1512#SGX,NKNT1603#SGX,NKNT1606#HKF,MHI1508#HKF,MHI1509#HKF,MHI1512#EUR,DAX1509#EUR,DAX1512#EUR,DAX1603#CFX,CIF1509#CFX,CIF1510#CFX,CIF1512#)
[3248] 2015/09/10 09:38:31.621 連線通知: RegisterOnConnectCallBack 涵式未註冊
[3248] 2015/09/10 09:38:31.622 SK_SUBJECT_CONNECTION_CONNECTED，Code: 0
[3248] 2015/09/10 09:38:31.633 SKOSQuoteLib_AttachConnectCallBack
[3248] 2015/09/10 09:38:31.634 SKOSQuoteLib_AttachQuoteCallBack
[3904] 2015/09/10 14:28:29.060 API InitInstance 
[3904] 2015/09/10 14:28:29.063 SKOSQuoteLib_Initialize  ID：B222875498
[3904] 2015/09/10 14:28:29.063 SKOSQuoteLib_Initialize  Server：https://order2.capital.com.tw/
[3904] 2015/09/10 14:28:32.946 SKOSQuoteLib_EnterMonitor(0)
[3904] 2015/09/10 14:28:32.947 Connect FORT09.capital.com.tw 443
[3904] 2015/09/10 14:28:32.949 SKOSQuoteLib_RequestStocks (1,CME,NQ_1509#CME,NQ_1512#CME,NQ_1603#CME,NQ_1606#CME,EC_1509#CME,EC_1512#CME,EC_1603#CME,EC_1606#CBT,YM1509#CBT,YM1512#CBT,YM1603#CBT,YM1606#NYM,CL1510#NYM,CL1511#NYM,CL1512#NYM,CL1601#NYM,CL1602#NYM,GC1508#NYM,GC1510#NYM,GC1512#NYM,GC1602#NYM,GC1604#NYM,GC1606#NYM,SI1509#NYM,SI1512#NYM,SI1603#SGX,NKNT1509#SGX,NKNT1512#SGX,NKNT1603#SGX,NKNT1606#HKF,MHI1508#HKF,MHI1509#HKF,MHI1512#EUR,DAX1509#EUR,DAX1512#EUR,DAX1603#CFX,CIF1509#CFX,CIF1510#CFX,CIF1512#CME,NQ_1509#CME,NQ_1512#CME,NQ_1603#CME,NQ_1606#CME,EC_1509#CME,EC_1512#CME,EC_1603#CME,EC_1606#CBT,YM1509#CBT,YM1512#CBT,YM1603#CBT,YM1606#NYM,CL1510#NYM,CL1511#NYM,CL1512#NYM,CL1601#NYM,CL1602#NYM,GC1508#NYM,GC1510#NYM,GC1512#NYM,GC1602#NYM,GC1604#NYM,GC1606#NYM,SI1509#NYM,SI1512#NYM,SI1603#SGX,NKNT1509#SGX,NKNT1512#SGX,NKNT1603#SGX,NKNT1606#HKF,MHI1508#HKF,MHI1509#HKF,MHI1512#EUR,DAX1509#EUR,DAX1512#EUR,DAX1603#CFX,CIF1509#CFX,CIF1510#CFX,CIF1512#CME,NQ_1509#CME,NQ_1512#CME,NQ_1603#CME,NQ_1606#CME,EC_1509#CME,EC_1512#CME,EC_1603#CME,EC_1606#CBT,YM1509#CBT,YM1512#CBT,YM1603#CBT,YM1606#NYM,CL1510#NYM,CL1511#NYM,CL1512#NYM,CL1601#NYM,CL1602#NYM,GC1508#NYM,GC1510#NYM,GC1512#NYM,GC1602#NYM,GC1604#NYM,GC1606#NYM,SI1509#NYM,SI1512#NYM,SI1603#SGX,NKNT1509#SGX,NKNT1512#SGX,NKNT1603#SGX,NKNT1606#HKF,MHI1508#HKF,MHI1509#HKF,MHI1512#EUR,DAX1509#EUR,DAX1512#EUR,DAX1603#CFX,CIF1509#CFX,CIF1510#CFX,CIF1512#CME,NQ_1509#CME,NQ_1512#CME,NQ_1603#CME,NQ_1606#CME,EC_1509#CME,EC_1512#CME,EC_1603#CME,EC_1606#CBT,YM1509#CBT,YM1512#CBT,YM1603#CBT,YM1606#NYM,CL1510#NYM,CL1511#NYM,CL1512#NYM,CL1601#NYM,CL1602#NYM,GC1508#NYM,GC1510#NYM,GC1512#NYM,GC1602#NYM,GC1604#NYM,GC1606#NYM,SI1509#NYM,SI1512#NYM,SI1603#SGX,NKNT1509#SGX,NKNT1512#SGX,NKNT1603#SGX,NKNT1606#HKF,MHI1508#HKF,MHI1509#HKF,MHI1512#EUR,DAX1509#EUR,DAX1512#EUR,DAX1603#CFX,CIF1509#CFX,CIF1510#CFX,CIF1512#CME,NQ_1509#CME,NQ_1512#CME,NQ_1603#CME,NQ_1606#CME,EC_1509#CME,EC_1512#CME,EC_1603#CME,EC_1606#CBT,YM1509#CBT,YM1512#CBT,YM1603#CBT,YM1606#NYM,CL1510#NYM,CL1511#NYM,CL1512#NYM,CL1601#NYM,CL1602#NYM,GC1508#NYM,GC1510#NYM,GC1512#NYM,GC1602#NYM,GC1604#NYM,GC1606#NYM,SI1509#NYM,SI1512#NYM,SI1603#SGX,NKNT1509#SGX,NKNT1512#SGX,NKNT1603#SGX,NKNT1606#HKF,MHI1508#HKF,MHI1509#HKF,MHI1512#EUR,DAX1509#EUR,DAX1512#EUR,DAX1603#CFX,CIF1509#CFX,CIF1510#CFX,CIF1512#)
[3904] 2015/09/10 14:28:32.975 SKOSQuoteLib_AttachConnectCallBack
[3904] 2015/09/10 14:28:32.976 SKOSQuoteLib_AttachQuoteCallBack
[3904] 2015/09/10 14:28:33.030 SK_SUBJECT_CONNECTION_CONNECTED，Code: 0
[5368] 2015/09/10 14:31:21.677 API InitInstance 
[5368] 2015/09/10 14:31:21.679 SKOSQuoteLib_Initialize  ID：B222875498
[5368] 2015/09/10 14:31:21.680 SKOSQuoteLib_Initialize  Server：https://order2.capital.com.tw/
[5368] 2015/09/10 14:31:25.349 SKOSQuoteLib_EnterMonitor(0)
[5368] 2015/09/10 14:31:25.350 Connect FORT05.capital.com.tw 443
[5368] 2015/09/10 14:31:25.352 SKOSQuoteLib_RequestStocks (1,CME,NQ_1509#CME,NQ_1512#CME,NQ_1603#CME,NQ_1606#CME,EC_1509#CME,EC_1512#CME,EC_1603#CME,EC_1606#CBT,YM1509#CBT,YM1512#CBT,YM1603#CBT,YM1606#NYM,CL1510#NYM,CL1511#NYM,CL1512#NYM,CL1601#NYM,CL1602#NYM,GC1508#NYM,GC1510#NYM,GC1512#NYM,GC1602#NYM,GC1604#NYM,GC1606#NYM,SI1509#NYM,SI1512#NYM,SI1603#SGX,NKNT1509#SGX,NKNT1512#SGX,NKNT1603#SGX,NKNT1606#HKF,MHI1508#HKF,MHI1509#HKF,MHI1512#EUR,DAX1509#EUR,DAX1512#EUR,DAX1603#CFX,CIF1509#CFX,CIF1510#CFX,CIF1512#CME,NQ_1509#CME,NQ_1512#CME,NQ_1603#CME,NQ_1606#CME,EC_1509#CME,EC_1512#CME,EC_1603#CME,EC_1606#CBT,YM1509#CBT,YM1512#CBT,YM1603#CBT,YM1606#NYM,CL1510#NYM,CL1511#NYM,CL1512#NYM,CL1601#NYM,CL1602#NYM,GC1508#NYM,GC1510#NYM,GC1512#NYM,GC1602#NYM,GC1604#NYM,GC1606#NYM,SI1509#NYM,SI1512#NYM,SI1603#SGX,NKNT1509#SGX,NKNT1512#SGX,NKNT1603#SGX,NKNT1606#HKF,MHI1508#HKF,MHI1509#HKF,MHI1512#EUR,DAX1509#EUR,DAX1512#EUR,DAX1603#CFX,CIF1509#CFX,CIF1510#CFX,CIF1512#CME,NQ_1509#CME,NQ_1512#CME,NQ_1603#CME,NQ_1606#CME,EC_1509#CME,EC_1512#CME,EC_1603#CME,EC_1606#CBT,YM1509#CBT,YM1512#CBT,YM1603#CBT,YM1606#NYM,CL1510#NYM,CL1511#NYM,CL1512#NYM,CL1601#NYM,CL1602#NYM,GC1508#NYM,GC1510#NYM,GC1512#NYM,GC1602#NYM,GC1604#NYM,GC1606#NYM,SI1509#NYM,SI1512#NYM,SI1603#SGX,NKNT1509#SGX,NKNT1512#SGX,NKNT1603#SGX,NKNT1606#HKF,MHI1508#HKF,MHI1509#HKF,MHI1512#EUR,DAX1509#EUR,DAX1512#EUR,DAX1603#CFX,CIF1509#CFX,CIF1510#CFX,CIF1512#CME,NQ_1509#CME,NQ_1512#CME,NQ_1603#CME,NQ_1606#CME,EC_1509#CME,EC_1512#CME,EC_1603#CME,EC_1606#CBT,YM1509#CBT,YM1512#CBT,YM1603#CBT,YM1606#NYM,CL1510#NYM,CL1511#NYM,CL1512#NYM,CL1601#NYM,CL1602#NYM,GC1508#NYM,GC1510#NYM,GC1512#NYM,GC1602#NYM,GC1604#NYM,GC1606#NYM,SI1509#NYM,SI1512#NYM,SI1603#SGX,NKNT1509#SGX,NKNT1512#SGX,NKNT1603#SGX,NKNT1606#HKF,MHI1508#HKF,MHI1509#HKF,MHI1512#EUR,DAX1509#EUR,DAX1512#EUR,DAX1603#CFX,CIF1509#CFX,CIF1510#CFX,CIF1512#CME,NQ_1509#CME,NQ_1512#CME,NQ_1603#CME,NQ_1606#CME,EC_1509#CME,EC_1512#CME,EC_1603#CME,EC_1606#CBT,YM1509#CBT,YM1512#CBT,YM1603#CBT,YM1606#NYM,CL1510#NYM,CL1511#NYM,CL1512#NYM,CL1601#NYM,CL1602#NYM,GC1508#NYM,GC1510#NYM,GC1512#NYM,GC1602#NYM,GC1604#NYM,GC1606#NYM,SI1509#NYM,SI1512#NYM,SI1603#SGX,NKNT1509#SGX,NKNT1512#SGX,NKNT1603#SGX,NKNT1606#HKF,MHI1508#HKF,MHI1509#HKF,MHI1512#EUR,DAX1509#EUR,DAX1512#EUR,DAX1603#CFX,CIF1509#CFX,CIF1510#CFX,CIF1512#)
[5368] 2015/09/10 14:31:25.385 連線通知: RegisterOnConnectCallBack 涵式未註冊
[5368] 2015/09/10 14:31:25.387 SK_SUBJECT_CONNECTION_CONNECTED，Code: 0
[5368] 2015/09/10 14:31:25.402 SKOSQuoteLib_AttachConnectCallBack
[5368] 2015/09/10 14:31:25.403 SKOSQuoteLib_AttachQuoteCallBack
[5592] 2015/09/10 14:31:55.349 API InitInstance 
[5592] 2015/09/10 14:31:55.351 SKOSQuoteLib_Initialize  ID：B222875498
[5592] 2015/09/10 14:31:55.352 SKOSQuoteLib_Initialize  Server：https://order2.capital.com.tw/
[5592] 2015/09/10 14:31:59.131 SKOSQuoteLib_EnterMonitor(0)
[5592] 2015/09/10 14:31:59.132 Connect FORT05.capital.com.tw 443
[5592] 2015/09/10 14:31:59.134 SKOSQuoteLib_RequestStocks (1,CME,NQ_1509#CME,NQ_1512#CME,NQ_1603#CME,NQ_1606#CME,EC_1509#CME,EC_1512#CME,EC_1603#CME,EC_1606#CBT,YM1509#CBT,YM1512#CBT,YM1603#CBT,YM1606#NYM,CL1510#NYM,CL1511#NYM,CL1512#NYM,CL1601#NYM,CL1602#NYM,GC1508#NYM,GC1510#NYM,GC1512#NYM,GC1602#NYM,GC1604#NYM,GC1606#NYM,SI1509#NYM,SI1512#NYM,SI1603#SGX,NKNT1509#SGX,NKNT1512#SGX,NKNT1603#SGX,NKNT1606#HKF,MHI1508#HKF,MHI1509#HKF,MHI1512#EUR,DAX1509#EUR,DAX1512#EUR,DAX1603#CFX,CIF1509#CFX,CIF1510#CFX,CIF1512#CME,NQ_1509#CME,NQ_1512#CME,NQ_1603#CME,NQ_1606#CME,EC_1509#CME,EC_1512#CME,EC_1603#CME,EC_1606#CBT,YM1509#CBT,YM1512#CBT,YM1603#CBT,YM1606#NYM,CL1510#NYM,CL1511#NYM,CL1512#NYM,CL1601#NYM,CL1602#NYM,GC1508#NYM,GC1510#NYM,GC1512#NYM,GC1602#NYM,GC1604#NYM,GC1606#NYM,SI1509#NYM,SI1512#NYM,SI1603#SGX,NKNT1509#SGX,NKNT1512#SGX,NKNT1603#SGX,NKNT1606#HKF,MHI1508#HKF,MHI1509#HKF,MHI1512#EUR,DAX1509#EUR,DAX1512#EUR,DAX1603#CFX,CIF1509#CFX,CIF1510#CFX,CIF1512#CME,NQ_1509#CME,NQ_1512#CME,NQ_1603#CME,NQ_1606#CME,EC_1509#CME,EC_1512#CME,EC_1603#CME,EC_1606#CBT,YM1509#CBT,YM1512#CBT,YM1603#CBT,YM1606#NYM,CL1510#NYM,CL1511#NYM,CL1512#NYM,CL1601#NYM,CL1602#NYM,GC1508#NYM,GC1510#NYM,GC1512#NYM,GC1602#NYM,GC1604#NYM,GC1606#NYM,SI1509#NYM,SI1512#NYM,SI1603#SGX,NKNT1509#SGX,NKNT1512#SGX,NKNT1603#SGX,NKNT1606#HKF,MHI1508#HKF,MHI1509#HKF,MHI1512#EUR,DAX1509#EUR,DAX1512#EUR,DAX1603#CFX,CIF1509#CFX,CIF1510#CFX,CIF1512#CME,NQ_1509#CME,NQ_1512#CME,NQ_1603#CME,NQ_1606#CME,EC_1509#CME,EC_1512#CME,EC_1603#CME,EC_1606#CBT,YM1509#CBT,YM1512#CBT,YM1603#CBT,YM1606#NYM,CL1510#NYM,CL1511#NYM,CL1512#NYM,CL1601#NYM,CL1602#NYM,GC1508#NYM,GC1510#NYM,GC1512#NYM,GC1602#NYM,GC1604#NYM,GC1606#NYM,SI1509#NYM,SI1512#NYM,SI1603#SGX,NKNT1509#SGX,NKNT1512#SGX,NKNT1603#SGX,NKNT1606#HKF,MHI1508#HKF,MHI1509#HKF,MHI1512#EUR,DAX1509#EUR,DAX1512#EUR,DAX1603#CFX,CIF1509#CFX,CIF1510#CFX,CIF1512#CME,NQ_1509#CME,NQ_1512#CME,NQ_1603#CME,NQ_1606#CME,EC_1509#CME,EC_1512#CME,EC_1603#CME,EC_1606#CBT,YM1509#CBT,YM1512#CBT,YM1603#CBT,YM1606#NYM,CL1510#NYM,CL1511#NYM,CL1512#NYM,CL1601#NYM,CL1602#NYM,GC1508#NYM,GC1510#NYM,GC1512#NYM,GC1602#NYM,GC1604#NYM,GC1606#NYM,SI1509#NYM,SI1512#NYM,SI1603#SGX,NKNT1509#SGX,NKNT1512#SGX,NKNT1603#SGX,NKNT1606#HKF,MHI1508#HKF,MHI1509#HKF,MHI1512#EUR,DAX1509#EUR,DAX1512#EUR,DAX1603#CFX,CIF1509#CFX,CIF1510#CFX,CIF1512#)
[5592] 2015/09/10 14:31:59.152 連線通知: RegisterOnConnectCallBack 涵式未註冊
[5592] 2015/09/10 14:31:59.160 SK_SUBJECT_CONNECTION_CONNECTED，Code: 0
[5592] 2015/09/10 14:31:59.161 SKOSQuoteLib_AttachConnectCallBack
[5592] 2015/09/10 14:31:59.163 SKOSQuoteLib_AttachQuoteCallBack
[1968] 2015/09/10 14:34:20.906 API InitInstance 
[1968] 2015/09/10 14:34:20.908 SKOSQuoteLib_Initialize  ID：B222875498
[1968] 2015/09/10 14:34:20.909 SKOSQuoteLib_Initialize  Server：https://order2.capital.com.tw/
[1968] 2015/09/10 14:34:24.564 SKOSQuoteLib_EnterMonitor(0)
[1968] 2015/09/10 14:34:24.565 Connect FORT07.capital.com.tw 443
[1968] 2015/09/10 14:34:24.567 SKOSQuoteLib_RequestStocks (1,CME,NQ_1509#CME,NQ_1512#CME,NQ_1603#CME,NQ_1606#CME,EC_1509#CME,EC_1512#CME,EC_1603#CME,EC_1606#CBT,YM1509#CBT,YM1512#CBT,YM1603#CBT,YM1606#NYM,CL1510#NYM,CL1511#NYM,CL1512#NYM,CL1601#NYM,CL1602#NYM,GC1508#NYM,GC1510#NYM,GC1512#NYM,GC1602#NYM,GC1604#NYM,GC1606#NYM,SI1509#NYM,SI1512#NYM,SI1603#SGX,NKNT1509#SGX,NKNT1512#SGX,NKNT1603#SGX,NKNT1606#HKF,MHI1508#HKF,MHI1509#HKF,MHI1512#EUR,DAX1509#EUR,DAX1512#EUR,DAX1603#CFX,CIF1509#CFX,CIF1510#CFX,CIF1512#CME,NQ_1509#CME,NQ_1512#CME,NQ_1603#CME,NQ_1606#CME,EC_1509#CME,EC_1512#CME,EC_1603#CME,EC_1606#CBT,YM1509#CBT,YM1512#CBT,YM1603#CBT,YM1606#NYM,CL1510#NYM,CL1511#NYM,CL1512#NYM,CL1601#NYM,CL1602#NYM,GC1508#NYM,GC1510#NYM,GC1512#NYM,GC1602#NYM,GC1604#NYM,GC1606#NYM,SI1509#NYM,SI1512#NYM,SI1603#SGX,NKNT1509#SGX,NKNT1512#SGX,NKNT1603#SGX,NKNT1606#HKF,MHI1508#HKF,MHI1509#HKF,MHI1512#EUR,DAX1509#EUR,DAX1512#EUR,DAX1603#CFX,CIF1509#CFX,CIF1510#CFX,CIF1512#CME,NQ_1509#CME,NQ_1512#CME,NQ_1603#CME,NQ_1606#CME,EC_1509#CME,EC_1512#CME,EC_1603#CME,EC_1606#CBT,YM1509#CBT,YM1512#CBT,YM1603#CBT,YM1606#NYM,CL1510#NYM,CL1511#NYM,CL1512#NYM,CL1601#NYM,CL1602#NYM,GC1508#NYM,GC1510#NYM,GC1512#NYM,GC1602#NYM,GC1604#NYM,GC1606#NYM,SI1509#NYM,SI1512#NYM,SI1603#SGX,NKNT1509#SGX,NKNT1512#SGX,NKNT1603#SGX,NKNT1606#HKF,MHI1508#HKF,MHI1509#HKF,MHI1512#EUR,DAX1509#EUR,DAX1512#EUR,DAX1603#CFX,CIF1509#CFX,CIF1510#CFX,CIF1512#CME,NQ_1509#CME,NQ_1512#CME,NQ_1603#CME,NQ_1606#CME,EC_1509#CME,EC_1512#CME,EC_1603#CME,EC_1606#CBT,YM1509#CBT,YM1512#CBT,YM1603#CBT,YM1606#NYM,CL1510#NYM,CL1511#NYM,CL1512#NYM,CL1601#NYM,CL1602#NYM,GC1508#NYM,GC1510#NYM,GC1512#NYM,GC1602#NYM,GC1604#NYM,GC1606#NYM,SI1509#NYM,SI1512#NYM,SI1603#SGX,NKNT1509#SGX,NKNT1512#SGX,NKNT1603#SGX,NKNT1606#HKF,MHI1508#HKF,MHI1509#HKF,MHI1512#EUR,DAX1509#EUR,DAX1512#EUR,DAX1603#CFX,CIF1509#CFX,CIF1510#CFX,CIF1512#CME,NQ_1509#CME,NQ_1512#CME,NQ_1603#CME,NQ_1606#CME,EC_1509#CME,EC_1512#CME,EC_1603#CME,EC_1606#CBT,YM1509#CBT,YM1512#CBT,YM1603#CBT,YM1606#NYM,CL1510#NYM,CL1511#NYM,CL1512#NYM,CL1601#NYM,CL1602#NYM,GC1508#NYM,GC1510#NYM,GC1512#NYM,GC1602#NYM,GC1604#NYM,GC1606#NYM,SI1509#NYM,SI1512#NYM,SI1603#SGX,NKNT1509#SGX,NKNT1512#SGX,NKNT1603#SGX,NKNT1606#HKF,MHI1508#HKF,MHI1509#HKF,MHI1512#EUR,DAX1509#EUR,DAX1512#EUR,DAX1603#CFX,CIF1509#CFX,CIF1510#CFX,CIF1512#)
[1968] 2015/09/10 14:34:24.585 連線通知: RegisterOnConnectCallBack 涵式未註冊
[1968] 2015/09/10 14:34:24.588 SK_SUBJECT_CONNECTION_CONNECTED，Code: 0
[1968] 2015/09/10 14:34:24.595 SKOSQuoteLib_AttachConnectCallBack
[1968] 2015/09/10 14:34:24.596 SKOSQuoteLib_AttachQuoteCallBack
