[10484] 2016/02/25 15:59:43.711 API InitInstance 
[10484] 2016/02/25 15:59:43.713 SKQuoteLib_Initialize ¡GB222875498
[10484] 2016/02/25 15:59:43.714 SKQuoteLib_Initialize ¡Ghttps://order2.capital.com.tw/
[10484] 2016/02/25 15:59:44.232 SKQuoteLib_Initialize  SUCCESS 
[10484] 2016/02/25 15:59:44.251 SKQuoteLib_EnterMonitor IP¡Ginfo8.capital.com.tw
[10484] 2016/02/25 15:59:44.253 SKQuoteLib_AttachConnectionCallBack 
[10484] 2016/02/25 15:59:44.254 SKQuoteLib_AttachQuoteCallBack 
[10484] 2016/02/25 15:59:44.255 SKQuoteLib_AttachBest5CallBack 
[10484] 2016/02/25 15:59:45.116 SocketConnect Type¡G100  ErrorCode¡G0
[10484] 2016/02/25 15:59:46.486 Stocks Ready
[10484] 2016/02/25 16:00:02.210 SKQuoteLib_RequestStocks (1,TSEA,TX00,TX03,TX04,TX06,TX09,TX12,TE00,TE03,TE04,TE06,TE09,TE12,TF00,TF03,TF04,TF06,TF09,TF12)
[10484] 2016/02/25 16:00:02.212 Divide StockNo {TSEA}
[10484] 2016/02/25 16:00:02.212 Add Basket MarketNo¡G0 StockIdx¡G11004
[10484] 2016/02/25 16:00:02.213 Divide StockNo {TX00}
[10484] 2016/02/25 16:00:02.213 Add Basket MarketNo¡G2 StockIdx¡G0
[10484] 2016/02/25 16:00:02.213 Divide StockNo {TX03}
[10484] 2016/02/25 16:00:02.214 Add Basket MarketNo¡G2 StockIdx¡G1
[10484] 2016/02/25 16:00:02.214 Divide StockNo {TX04}
[10484] 2016/02/25 16:00:02.215 Add Basket MarketNo¡G2 StockIdx¡G2
[10484] 2016/02/25 16:00:02.215 Divide StockNo {TX06}
[10484] 2016/02/25 16:00:02.216 Add Basket MarketNo¡G2 StockIdx¡G3
[10484] 2016/02/25 16:00:02.216 Divide StockNo {TX09}
[10484] 2016/02/25 16:00:02.216 Add Basket MarketNo¡G2 StockIdx¡G4
[10484] 2016/02/25 16:00:02.217 Divide StockNo {TX12}
[10484] 2016/02/25 16:00:02.217 Add Basket MarketNo¡G2 StockIdx¡G5
[10484] 2016/02/25 16:00:02.218 Divide StockNo {TE00}
[10484] 2016/02/25 16:00:02.218 Add Basket MarketNo¡G2 StockIdx¡G14
[10484] 2016/02/25 16:00:02.218 Divide StockNo {TE03}
[10484] 2016/02/25 16:00:02.219 Add Basket MarketNo¡G2 StockIdx¡G15
[10484] 2016/02/25 16:00:02.219 Divide StockNo {TE04}
[10484] 2016/02/25 16:00:02.220 Add Basket MarketNo¡G2 StockIdx¡G16
[10484] 2016/02/25 16:00:02.220 Divide StockNo {TE06}
[10484] 2016/02/25 16:00:02.220 Add Basket MarketNo¡G2 StockIdx¡G17
[10484] 2016/02/25 16:00:02.221 Divide StockNo {TE09}
[10484] 2016/02/25 16:00:02.221 Add Basket MarketNo¡G2 StockIdx¡G18
[10484] 2016/02/25 16:00:02.222 Divide StockNo {TE12}
[10484] 2016/02/25 16:00:02.222 Add Basket MarketNo¡G2 StockIdx¡G19
[10484] 2016/02/25 16:00:02.223 Divide StockNo {TF00}
[10484] 2016/02/25 16:00:02.223 Add Basket MarketNo¡G2 StockIdx¡G20
[10484] 2016/02/25 16:00:02.223 Divide StockNo {TF03}
[10484] 2016/02/25 16:00:02.224 Add Basket MarketNo¡G2 StockIdx¡G21
[10484] 2016/02/25 16:00:02.224 Divide StockNo {TF04}
[10484] 2016/02/25 16:00:02.225 Add Basket MarketNo¡G2 StockIdx¡G22
[10484] 2016/02/25 16:00:02.225 Divide StockNo {TF06}
[10484] 2016/02/25 16:00:02.225 Add Basket MarketNo¡G2 StockIdx¡G23
[10484] 2016/02/25 16:00:02.226 Divide StockNo {TF09}
[10484] 2016/02/25 16:00:02.226 Add Basket MarketNo¡G2 StockIdx¡G24
[10484] 2016/02/25 16:00:02.227 Divide StockNo {TF12}
[10484] 2016/02/25 16:00:02.227 Add Basket MarketNo¡G2 StockIdx¡G25
[10484] 2016/02/25 16:00:02.227 SKQuoteLib_RequestStocks Page 1
[10484] 2016/02/25 16:00:02.229 SKQuoteLib_RequestTicks (0,TSEA)
[10484] 2016/02/25 16:00:02.230 SKQuoteLib_RequestTicks (0,TX00)
[10484] 2016/02/25 16:00:02.231 SKQuoteLib_RequestTicks (0,TX03)
[10484] 2016/02/25 16:00:02.231 SKQuoteLib_RequestTicks (0,TX04)
[10484] 2016/02/25 16:00:02.231 SKQuoteLib_RequestTicks (0,TX06)
[10484] 2016/02/25 16:00:02.232 SKQuoteLib_RequestTicks (0,TX09)
[10484] 2016/02/25 16:00:02.232 SKQuoteLib_RequestTicks (0,TX12)
[10484] 2016/02/25 16:00:02.233 SKQuoteLib_RequestTicks (0,TE00)
[10484] 2016/02/25 16:00:02.234 SKQuoteLib_RequestTicks (0,TE03)
[10484] 2016/02/25 16:00:02.234 SKQuoteLib_RequestTicks (0,TE04)
[10484] 2016/02/25 16:00:02.235 SKQuoteLib_RequestTicks (0,TE06)
[10484] 2016/02/25 16:00:02.235 SKQuoteLib_RequestTicks (0,TE09)
[10484] 2016/02/25 16:00:02.236 SKQuoteLib_RequestTicks (0,TE12)
[10484] 2016/02/25 16:00:02.237 SKQuoteLib_RequestTicks (0,TF00)
[10484] 2016/02/25 16:00:02.237 SKQuoteLib_RequestTicks (0,TF03)
[10484] 2016/02/25 16:00:02.239 SKQuoteLib_RequestTicks (0,TF04)
[10484] 2016/02/25 16:00:02.239 SKQuoteLib_RequestTicks (0,TF06)
[10484] 2016/02/25 16:00:02.239 SKQuoteLib_RequestTicks (0,TF09)
[10484] 2016/02/25 16:00:02.239 SKQuoteLib_RequestTicks (0,TF12)
[10484] 2016/02/25 16:00:45.117 Check Link Status 
[10484] 2016/02/25 16:01:45.117 Check Link Status 
[10484] 2016/02/25 16:02:45.117 Check Link Status 
[3180] 2016/02/25 16:04:11.629 API InitInstance 
[3180] 2016/02/25 16:04:11.632 SKQuoteLib_Initialize ¡GB222875498
[3180] 2016/02/25 16:04:11.632 SKQuoteLib_Initialize ¡Ghttps://order2.capital.com.tw/
[3180] 2016/02/25 16:04:12.016 SKQuoteLib_Initialize  SUCCESS 
[3180] 2016/02/25 16:04:12.036 SKQuoteLib_EnterMonitor IP¡Ginfo21.capital.com.tw
[3180] 2016/02/25 16:04:12.038 SKQuoteLib_AttachConnectionCallBack 
[3180] 2016/02/25 16:04:12.039 SKQuoteLib_AttachQuoteCallBack 
[3180] 2016/02/25 16:04:12.039 SKQuoteLib_AttachBest5CallBack 
[3180] 2016/02/25 16:04:12.825 SocketConnect Type¡G100  ErrorCode¡G0
[3180] 2016/02/25 16:04:14.300 Stocks Ready
