[10484] 2016/02/25 15:59:44.430 API InitInstance 
[10484] 2016/02/25 15:59:44.433 SKOSQuoteLib_Initialize  ID¡GB222875498
[10484] 2016/02/25 15:59:44.433 SKOSQuoteLib_Initialize  Server¡Ghttps://order2.capital.com.tw/
[10484] 2016/02/25 15:59:45.099 SKOSQuoteLib_EnterMonitor(0)
[10484] 2016/02/25 15:59:45.100 Connect FORT03.capital.com.tw 443
[10484] 2016/02/25 15:59:45.103 SKOSQuoteLib_AttachConnectCallBack
[10484] 2016/02/25 15:59:45.104 SKOSQuoteLib_AttachQuoteCallBack
[10484] 2016/02/25 15:59:45.104 SKOSQuoteLib_AttachBest5CallBack
[10484] 2016/02/25 15:59:45.137 SK_SUBJECT_CONNECTION_CONNECTED¡ACode: 0
[10484] 2016/02/25 16:00:03.325 SKOSQuoteLib_RequestStocks (1,CME,NQ_1603#CME,NQ_1606#CME,NQ_1609#CME,NQ_1612#CME,EC_1603#CME,EC_1606#CBT,YM1603#CBT,YM1606#NYM,CL1604#NYM,CL1605#NYM,GC1602#NYM,GC1604#NYM,SI1603#NYM,SI1605#SGX,NKN1603#SGX,NKN1606#SGX,CN1602#SGX,CN1603#HKF,MHI1602#HKF,MHI1603#EUR,DAX1603#EUR,DAX1606#CFX,CIF1603#CFX,CIF1604)
[10484] 2016/02/25 16:00:03.329 SKOSQuoteLib_RequestTicks (0,CME,NQ_1603)
[10484] 2016/02/25 16:00:03.431 SKOSQuoteLib_RequestTicks (0,CME,NQ_1606)
[10484] 2016/02/25 16:00:03.533 SKOSQuoteLib_RequestTicks (0,CME,NQ_1609)
[10484] 2016/02/25 16:00:03.634 SKOSQuoteLib_RequestTicks (0,CME,NQ_1612)
[10484] 2016/02/25 16:00:03.737 SKOSQuoteLib_RequestTicks (0,CME,EC_1603)
[10484] 2016/02/25 16:00:03.840 SKOSQuoteLib_RequestTicks (0,CME,EC_1606)
[10484] 2016/02/25 16:00:03.942 SKOSQuoteLib_RequestTicks (0,CBT,YM1603)
[10484] 2016/02/25 16:00:04.044 SKOSQuoteLib_RequestTicks (0,CBT,YM1606)
[10484] 2016/02/25 16:00:04.146 SKOSQuoteLib_RequestTicks (0,NYM,CL1604)
[10484] 2016/02/25 16:00:04.248 SKOSQuoteLib_RequestTicks (0,NYM,CL1605)
[10484] 2016/02/25 16:00:04.349 SKOSQuoteLib_RequestTicks (0,NYM,GC1602)
[10484] 2016/02/25 16:00:04.451 SKOSQuoteLib_RequestTicks (0,NYM,GC1604)
[10484] 2016/02/25 16:00:04.554 SKOSQuoteLib_RequestTicks (0,NYM,SI1603)
[10484] 2016/02/25 16:00:04.657 SKOSQuoteLib_RequestTicks (0,NYM,SI1605)
[10484] 2016/02/25 16:00:04.760 SKOSQuoteLib_RequestTicks (0,SGX,NKN1603)
[10484] 2016/02/25 16:00:04.862 SKOSQuoteLib_RequestTicks (0,SGX,NKN1606)
[10484] 2016/02/25 16:00:04.965 SKOSQuoteLib_RequestTicks (0,SGX,CN1602)
[10484] 2016/02/25 16:00:05.067 SKOSQuoteLib_RequestTicks (0,SGX,CN1603)
[10484] 2016/02/25 16:00:05.169 SKOSQuoteLib_RequestTicks (0,HKF,MHI1602)
[10484] 2016/02/25 16:00:05.270 SKOSQuoteLib_RequestTicks (0,HKF,MHI1603)
[10484] 2016/02/25 16:00:05.371 SKOSQuoteLib_RequestTicks (0,EUR,DAX1603)
[10484] 2016/02/25 16:00:05.474 SKOSQuoteLib_RequestTicks (0,EUR,DAX1606)
[10484] 2016/02/25 16:00:05.576 SKOSQuoteLib_RequestTicks (0,CFX,CIF1603)
[10484] 2016/02/25 16:00:05.679 SKOSQuoteLib_RequestTicks (0,CFX,CIF1604)
[3180] 2016/02/25 16:04:12.045 API InitInstance 
[3180] 2016/02/25 16:04:12.047 SKOSQuoteLib_Initialize  ID¡GB222875498
[3180] 2016/02/25 16:04:12.048 SKOSQuoteLib_Initialize  Server¡Ghttps://order2.capital.com.tw/
[3180] 2016/02/25 16:04:12.806 SKOSQuoteLib_EnterMonitor(0)
[3180] 2016/02/25 16:04:12.806 Connect FORT03.capital.com.tw 443
[3180] 2016/02/25 16:04:12.809 SKOSQuoteLib_AttachConnectCallBack
[3180] 2016/02/25 16:04:12.809 SKOSQuoteLib_AttachQuoteCallBack
[3180] 2016/02/25 16:04:12.810 SKOSQuoteLib_AttachBest5CallBack
[3180] 2016/02/25 16:04:12.829 SK_SUBJECT_CONNECTION_CONNECTED¡ACode: 0
