[4112] 2015/09/09 11:08:18.350 -------------------------------
[4112] 2015/09/09 11:08:18.350 海期報價版本：2.5.5
[4112] 2015/09/09 11:08:22.032 連線通知: RegisterOnConnectCallBack 涵式未註冊
[4112] 2015/09/09 11:08:22.032 SKOSQuoteLib_RequestStocks 查無商品代號：[NYM,GC1508]
[4112] 2015/09/09 11:08:22.032 SKOSQuoteLib_RequestStocks 查無商品代號：[HKF,MHI1508]
[4112] 2015/09/09 11:08:22.032 SKOSQuoteLib_RequestStocks 查無商品代號：[NYM,GC1508]
[4112] 2015/09/09 11:08:22.032 SKOSQuoteLib_RequestStocks 查無商品代號：[HKF,MHI1508]
[4112] 2015/09/09 11:08:22.032 SKOSQuoteLib_RequestStocks 查無商品代號：[NYM,GC1508]
[4112] 2015/09/09 11:08:22.032 SKOSQuoteLib_RequestStocks 查無商品代號：[HKF,MHI1508]
[4112] 2015/09/09 11:08:22.032 SKOSQuoteLib_RequestStocks 查無商品代號：[NYM,GC1508]
[4112] 2015/09/09 11:08:22.032 SKOSQuoteLib_RequestStocks 查無商品代號：[HKF,MHI1508]
[4112] 2015/09/09 11:08:22.032 SKOSQuoteLib_RequestStocks 查無商品代號：[NYM,GC1508]
[4112] 2015/09/09 11:08:22.032 SKOSQuoteLib_RequestStocks 查無商品代號：[HKF,MHI1508]
[4084] 2015/09/09 16:17:27.626 -------------------------------
[4084] 2015/09/09 16:17:27.628 海期報價版本：2.5.5
[4084] 2015/09/09 16:17:31.106 SKOSQuoteLib_RequestStocks 查無商品代號：[NYM,GC1508]
[4084] 2015/09/09 16:17:31.106 SKOSQuoteLib_RequestStocks 查無商品代號：[HKF,MHI1508]
[4084] 2015/09/09 16:17:31.107 SKOSQuoteLib_RequestStocks 查無商品代號：[NYM,GC1508]
[4084] 2015/09/09 16:17:31.109 連線通知: RegisterOnConnectCallBack 涵式未註冊
[4084] 2015/09/09 16:17:31.110 SKOSQuoteLib_RequestStocks 查無商品代號：[HKF,MHI1508]
[4084] 2015/09/09 16:17:31.111 SKOSQuoteLib_RequestStocks 查無商品代號：[NYM,GC1508]
[4084] 2015/09/09 16:17:31.112 SKOSQuoteLib_RequestStocks 查無商品代號：[HKF,MHI1508]
[4084] 2015/09/09 16:17:31.112 SKOSQuoteLib_RequestStocks 查無商品代號：[NYM,GC1508]
[4084] 2015/09/09 16:17:31.113 SKOSQuoteLib_RequestStocks 查無商品代號：[HKF,MHI1508]
[4084] 2015/09/09 16:17:31.114 SKOSQuoteLib_RequestStocks 查無商品代號：[NYM,GC1508]
[4084] 2015/09/09 16:17:31.115 SKOSQuoteLib_RequestStocks 查無商品代號：[HKF,MHI1508]
[4628] 2015/09/09 16:25:05.144 -------------------------------
[4628] 2015/09/09 16:25:05.146 海期報價版本：2.5.5
[4628] 2015/09/09 16:25:08.712 SKOSQuoteLib_RequestStocks 查無商品代號：[NYM,GC1508]
[4628] 2015/09/09 16:25:08.713 連線通知: RegisterOnConnectCallBack 涵式未註冊
[4628] 2015/09/09 16:25:08.714 SKOSQuoteLib_RequestStocks 查無商品代號：[HKF,MHI1508]
[4628] 2015/09/09 16:25:08.715 SKOSQuoteLib_RequestStocks 查無商品代號：[NYM,GC1508]
[4628] 2015/09/09 16:25:08.716 SKOSQuoteLib_RequestStocks 查無商品代號：[HKF,MHI1508]
[4628] 2015/09/09 16:25:08.717 SKOSQuoteLib_RequestStocks 查無商品代號：[NYM,GC1508]
[4628] 2015/09/09 16:25:08.718 SKOSQuoteLib_RequestStocks 查無商品代號：[HKF,MHI1508]
[4628] 2015/09/09 16:25:08.718 SKOSQuoteLib_RequestStocks 查無商品代號：[NYM,GC1508]
[4628] 2015/09/09 16:25:08.719 SKOSQuoteLib_RequestStocks 查無商品代號：[HKF,MHI1508]
[4628] 2015/09/09 16:25:08.720 SKOSQuoteLib_RequestStocks 查無商品代號：[NYM,GC1508]
[4628] 2015/09/09 16:25:08.721 SKOSQuoteLib_RequestStocks 查無商品代號：[HKF,MHI1508]
[1380] 2015/09/09 16:33:02.077 -------------------------------
[1380] 2015/09/09 16:33:02.080 海期報價版本：2.5.5
[1380] 2015/09/09 16:33:06.142 連線通知: RegisterOnConnectCallBack 涵式未註冊
[1380] 2015/09/09 16:33:06.143 SKOSQuoteLib_RequestStocks 查無商品代號：[NYM,GC1508]
[1380] 2015/09/09 16:33:06.144 SKOSQuoteLib_RequestStocks 查無商品代號：[HKF,MHI1508]
[1380] 2015/09/09 16:33:06.145 SKOSQuoteLib_RequestStocks 查無商品代號：[NYM,GC1508]
[1380] 2015/09/09 16:33:06.146 SKOSQuoteLib_RequestStocks 查無商品代號：[HKF,MHI1508]
[1380] 2015/09/09 16:33:06.147 SKOSQuoteLib_RequestStocks 查無商品代號：[NYM,GC1508]
[1380] 2015/09/09 16:33:06.147 SKOSQuoteLib_RequestStocks 查無商品代號：[HKF,MHI1508]
[1380] 2015/09/09 16:33:06.148 SKOSQuoteLib_RequestStocks 查無商品代號：[NYM,GC1508]
[1380] 2015/09/09 16:33:06.149 SKOSQuoteLib_RequestStocks 查無商品代號：[HKF,MHI1508]
[1380] 2015/09/09 16:33:06.150 SKOSQuoteLib_RequestStocks 查無商品代號：[NYM,GC1508]
[1380] 2015/09/09 16:33:06.160 SKOSQuoteLib_RequestStocks 查無商品代號：[HKF,MHI1508]
[2836] 2015/09/09 16:37:17.779 -------------------------------
[2836] 2015/09/09 16:37:17.779 海期報價版本：2.5.5
[2836] 2015/09/09 16:37:21.431 SKOSQuoteLib_RequestStocks 查無商品代號：[NYM,GC1508]
[2836] 2015/09/09 16:37:21.431 SKOSQuoteLib_RequestStocks 查無商品代號：[HKF,MHI1508]
[2836] 2015/09/09 16:37:21.431 SKOSQuoteLib_RequestStocks 查無商品代號：[NYM,GC1508]
[2836] 2015/09/09 16:37:21.431 SKOSQuoteLib_RequestStocks 查無商品代號：[HKF,MHI1508]
[2836] 2015/09/09 16:37:21.431 SKOSQuoteLib_RequestStocks 查無商品代號：[NYM,GC1508]
[2836] 2015/09/09 16:37:21.431 SKOSQuoteLib_RequestStocks 查無商品代號：[HKF,MHI1508]
[2836] 2015/09/09 16:37:21.431 SKOSQuoteLib_RequestStocks 查無商品代號：[NYM,GC1508]
[2836] 2015/09/09 16:37:21.431 SKOSQuoteLib_RequestStocks 查無商品代號：[HKF,MHI1508]
[2836] 2015/09/09 16:37:21.431 SKOSQuoteLib_RequestStocks 查無商品代號：[NYM,GC1508]
[2836] 2015/09/09 16:37:21.431 SKOSQuoteLib_RequestStocks 查無商品代號：[HKF,MHI1508]
[2836] 2015/09/09 16:37:21.431 連線通知: RegisterOnConnectCallBack 涵式未註冊
[5388] 2015/09/09 16:37:57.670 -------------------------------
[5388] 2015/09/09 16:37:57.686 海期報價版本：2.5.5
[5388] 2015/09/09 16:38:01.276 連線通知: RegisterOnConnectCallBack 涵式未註冊
[5388] 2015/09/09 16:38:01.276 SKOSQuoteLib_RequestStocks 查無商品代號：[NYM,GC1508]
[5388] 2015/09/09 16:38:01.276 SKOSQuoteLib_RequestStocks 查無商品代號：[HKF,MHI1508]
[5388] 2015/09/09 16:38:01.276 SKOSQuoteLib_RequestStocks 查無商品代號：[NYM,GC1508]
[5388] 2015/09/09 16:38:01.276 SKOSQuoteLib_RequestStocks 查無商品代號：[HKF,MHI1508]
[5388] 2015/09/09 16:38:01.276 SKOSQuoteLib_RequestStocks 查無商品代號：[NYM,GC1508]
[5388] 2015/09/09 16:38:01.276 SKOSQuoteLib_RequestStocks 查無商品代號：[HKF,MHI1508]
[5388] 2015/09/09 16:38:01.276 SKOSQuoteLib_RequestStocks 查無商品代號：[NYM,GC1508]
[5388] 2015/09/09 16:38:01.276 SKOSQuoteLib_RequestStocks 查無商品代號：[HKF,MHI1508]
[5388] 2015/09/09 16:38:01.276 SKOSQuoteLib_RequestStocks 查無商品代號：[NYM,GC1508]
[5388] 2015/09/09 16:38:01.276 SKOSQuoteLib_RequestStocks 查無商品代號：[HKF,MHI1508]
[6048] 2015/09/09 16:38:56.628 -------------------------------
[6048] 2015/09/09 16:38:56.628 海期報價版本：2.5.5
[6048] 2015/09/09 16:39:00.185 連線通知: RegisterOnConnectCallBack 涵式未註冊
[6048] 2015/09/09 16:39:00.185 SKOSQuoteLib_RequestStocks 查無商品代號：[NYM,GC1508]
[6048] 2015/09/09 16:39:00.185 SKOSQuoteLib_RequestStocks 查無商品代號：[HKF,MHI1508]
[6048] 2015/09/09 16:39:00.185 SKOSQuoteLib_RequestStocks 查無商品代號：[NYM,GC1508]
[6048] 2015/09/09 16:39:00.185 SKOSQuoteLib_RequestStocks 查無商品代號：[HKF,MHI1508]
[6048] 2015/09/09 16:39:00.185 SKOSQuoteLib_RequestStocks 查無商品代號：[NYM,GC1508]
[6048] 2015/09/09 16:39:00.185 SKOSQuoteLib_RequestStocks 查無商品代號：[HKF,MHI1508]
[6048] 2015/09/09 16:39:00.185 SKOSQuoteLib_RequestStocks 查無商品代號：[NYM,GC1508]
[6048] 2015/09/09 16:39:00.185 SKOSQuoteLib_RequestStocks 查無商品代號：[HKF,MHI1508]
[6048] 2015/09/09 16:39:00.185 SKOSQuoteLib_RequestStocks 查無商品代號：[NYM,GC1508]
[6048] 2015/09/09 16:39:00.185 SKOSQuoteLib_RequestStocks 查無商品代號：[HKF,MHI1508]
[5836] 2015/09/09 16:51:48.751 -------------------------------
[5836] 2015/09/09 16:51:48.767 海期報價版本：2.5.5
[5836] 2015/09/09 16:51:52.511 SKOSQuoteLib_RequestStocks 查無商品代號：[NYM,GC1508]
[5836] 2015/09/09 16:51:52.511 連線通知: RegisterOnConnectCallBack 涵式未註冊
[5836] 2015/09/09 16:51:52.511 SKOSQuoteLib_RequestStocks 查無商品代號：[HKF,MHI1508]
[5836] 2015/09/09 16:51:52.511 SKOSQuoteLib_RequestStocks 查無商品代號：[NYM,GC1508]
[5836] 2015/09/09 16:51:52.511 SKOSQuoteLib_RequestStocks 查無商品代號：[HKF,MHI1508]
[5836] 2015/09/09 16:51:52.511 SKOSQuoteLib_RequestStocks 查無商品代號：[NYM,GC1508]
[5836] 2015/09/09 16:51:52.511 SKOSQuoteLib_RequestStocks 查無商品代號：[HKF,MHI1508]
[5836] 2015/09/09 16:51:52.511 SKOSQuoteLib_RequestStocks 查無商品代號：[NYM,GC1508]
[5836] 2015/09/09 16:51:52.511 SKOSQuoteLib_RequestStocks 查無商品代號：[HKF,MHI1508]
[5836] 2015/09/09 16:51:52.511 SKOSQuoteLib_RequestStocks 查無商品代號：[NYM,GC1508]
[5836] 2015/09/09 16:51:52.511 SKOSQuoteLib_RequestStocks 查無商品代號：[HKF,MHI1508]
[5248] 2015/09/09 16:54:49.025 -------------------------------
[5248] 2015/09/09 16:54:49.027 海期報價版本：2.5.5
[5248] 2015/09/09 16:54:52.541 SKOSQuoteLib_RequestStocks 查無商品代號：[NYM,GC1508]
[5248] 2015/09/09 16:54:52.542 SKOSQuoteLib_RequestStocks 查無商品代號：[HKF,MHI1508]
[5248] 2015/09/09 16:54:52.543 SKOSQuoteLib_RequestStocks 查無商品代號：[NYM,GC1508]
[5248] 2015/09/09 16:54:52.544 SKOSQuoteLib_RequestStocks 查無商品代號：[HKF,MHI1508]
[5248] 2015/09/09 16:54:52.545 SKOSQuoteLib_RequestStocks 查無商品代號：[NYM,GC1508]
[5248] 2015/09/09 16:54:52.546 SKOSQuoteLib_RequestStocks 查無商品代號：[HKF,MHI1508]
[5248] 2015/09/09 16:54:52.547 SKOSQuoteLib_RequestStocks 查無商品代號：[NYM,GC1508]
[5248] 2015/09/09 16:54:52.548 SKOSQuoteLib_RequestStocks 查無商品代號：[HKF,MHI1508]
[5248] 2015/09/09 16:54:52.549 SKOSQuoteLib_RequestStocks 查無商品代號：[NYM,GC1508]
[5248] 2015/09/09 16:54:52.550 SKOSQuoteLib_RequestStocks 查無商品代號：[HKF,MHI1508]
[5860] 2015/09/09 16:56:23.224 -------------------------------
[5860] 2015/09/09 16:56:23.224 海期報價版本：2.5.5
[5860] 2015/09/09 16:56:26.758 連線通知: RegisterOnConnectCallBack 涵式未註冊
[5860] 2015/09/09 16:56:26.758 SKOSQuoteLib_RequestStocks 查無商品代號：[NYM,GC1508]
[5860] 2015/09/09 16:56:26.758 SKOSQuoteLib_RequestStocks 查無商品代號：[HKF,MHI1508]
[5860] 2015/09/09 16:56:26.758 SKOSQuoteLib_RequestStocks 查無商品代號：[NYM,GC1508]
[5860] 2015/09/09 16:56:26.758 SKOSQuoteLib_RequestStocks 查無商品代號：[HKF,MHI1508]
[5860] 2015/09/09 16:56:26.758 SKOSQuoteLib_RequestStocks 查無商品代號：[NYM,GC1508]
[5860] 2015/09/09 16:56:26.758 SKOSQuoteLib_RequestStocks 查無商品代號：[HKF,MHI1508]
[5860] 2015/09/09 16:56:26.758 SKOSQuoteLib_RequestStocks 查無商品代號：[NYM,GC1508]
[5860] 2015/09/09 16:56:26.758 SKOSQuoteLib_RequestStocks 查無商品代號：[HKF,MHI1508]
[5860] 2015/09/09 16:56:26.758 SKOSQuoteLib_RequestStocks 查無商品代號：[NYM,GC1508]
[5860] 2015/09/09 16:56:26.758 SKOSQuoteLib_RequestStocks 查無商品代號：[HKF,MHI1508]
[2700] 2015/09/09 16:58:24.965 -------------------------------
[2700] 2015/09/09 16:58:24.981 海期報價版本：2.5.5
[2700] 2015/09/09 16:58:28.492 連線通知: RegisterOnConnectCallBack 涵式未註冊
[2700] 2015/09/09 16:58:28.492 SKOSQuoteLib_RequestStocks 查無商品代號：[NYM,GC1508]
[2700] 2015/09/09 16:58:28.492 SKOSQuoteLib_RequestStocks 查無商品代號：[HKF,MHI1508]
[2700] 2015/09/09 16:58:28.492 SKOSQuoteLib_RequestStocks 查無商品代號：[NYM,GC1508]
[2700] 2015/09/09 16:58:28.492 SKOSQuoteLib_RequestStocks 查無商品代號：[HKF,MHI1508]
[2700] 2015/09/09 16:58:28.492 SKOSQuoteLib_RequestStocks 查無商品代號：[NYM,GC1508]
[2700] 2015/09/09 16:58:28.492 SKOSQuoteLib_RequestStocks 查無商品代號：[HKF,MHI1508]
[2700] 2015/09/09 16:58:28.492 SKOSQuoteLib_RequestStocks 查無商品代號：[NYM,GC1508]
[2700] 2015/09/09 16:58:28.492 SKOSQuoteLib_RequestStocks 查無商品代號：[HKF,MHI1508]
[2700] 2015/09/09 16:58:28.492 SKOSQuoteLib_RequestStocks 查無商品代號：[NYM,GC1508]
[2700] 2015/09/09 16:58:28.492 SKOSQuoteLib_RequestStocks 查無商品代號：[HKF,MHI1508]
[1056] 2015/09/09 17:00:02.644 -------------------------------
[1056] 2015/09/09 17:00:02.644 海期報價版本：2.5.5
[1056] 2015/09/09 17:00:06.514 SKOSQuoteLib_RequestStocks 查無商品代號：[NYM,GC1508]
[1056] 2015/09/09 17:00:06.514 SKOSQuoteLib_RequestStocks 查無商品代號：[HKF,MHI1508]
[1056] 2015/09/09 17:00:06.514 SKOSQuoteLib_RequestStocks 查無商品代號：[NYM,GC1508]
[1056] 2015/09/09 17:00:06.514 SKOSQuoteLib_RequestStocks 查無商品代號：[HKF,MHI1508]
[1056] 2015/09/09 17:00:06.514 SKOSQuoteLib_RequestStocks 查無商品代號：[NYM,GC1508]
[1056] 2015/09/09 17:00:06.514 SKOSQuoteLib_RequestStocks 查無商品代號：[HKF,MHI1508]
[1056] 2015/09/09 17:00:06.514 SKOSQuoteLib_RequestStocks 查無商品代號：[NYM,GC1508]
[1056] 2015/09/09 17:00:06.514 SKOSQuoteLib_RequestStocks 查無商品代號：[HKF,MHI1508]
[1056] 2015/09/09 17:00:06.514 SKOSQuoteLib_RequestStocks 查無商品代號：[NYM,GC1508]
[1056] 2015/09/09 17:00:06.514 SKOSQuoteLib_RequestStocks 查無商品代號：[HKF,MHI1508]
[4184] 2015/09/09 17:01:13.404 -------------------------------
[4184] 2015/09/09 17:01:13.404 海期報價版本：2.5.5
[4184] 2015/09/09 17:01:17.070 SKOSQuoteLib_RequestStocks 查無商品代號：[NYM,GC1508]
[4184] 2015/09/09 17:01:17.070 SKOSQuoteLib_RequestStocks 查無商品代號：[HKF,MHI1508]
[4184] 2015/09/09 17:01:17.070 SKOSQuoteLib_RequestStocks 查無商品代號：[NYM,GC1508]
[4184] 2015/09/09 17:01:17.070 SKOSQuoteLib_RequestStocks 查無商品代號：[HKF,MHI1508]
[4184] 2015/09/09 17:01:17.070 SKOSQuoteLib_RequestStocks 查無商品代號：[NYM,GC1508]
[4184] 2015/09/09 17:01:17.070 SKOSQuoteLib_RequestStocks 查無商品代號：[HKF,MHI1508]
[4184] 2015/09/09 17:01:17.070 SKOSQuoteLib_RequestStocks 查無商品代號：[NYM,GC1508]
[4184] 2015/09/09 17:01:17.070 SKOSQuoteLib_RequestStocks 查無商品代號：[HKF,MHI1508]
[4184] 2015/09/09 17:01:17.070 SKOSQuoteLib_RequestStocks 查無商品代號：[NYM,GC1508]
[4184] 2015/09/09 17:01:17.070 SKOSQuoteLib_RequestStocks 查無商品代號：[HKF,MHI1508]
[5052] 2015/09/09 17:03:05.057 -------------------------------
[5052] 2015/09/09 17:03:05.057 海期報價版本：2.5.5
[5052] 2015/09/09 17:03:08.598 SKOSQuoteLib_RequestStocks 查無商品代號：[NYM,GC1508]
[5052] 2015/09/09 17:03:08.598 連線通知: RegisterOnConnectCallBack 涵式未註冊
[5052] 2015/09/09 17:03:08.598 SKOSQuoteLib_RequestStocks 查無商品代號：[HKF,MHI1508]
[5052] 2015/09/09 17:03:08.598 SKOSQuoteLib_RequestStocks 查無商品代號：[NYM,GC1508]
[5052] 2015/09/09 17:03:08.598 SKOSQuoteLib_RequestStocks 查無商品代號：[HKF,MHI1508]
[5052] 2015/09/09 17:03:08.598 SKOSQuoteLib_RequestStocks 查無商品代號：[NYM,GC1508]
[5052] 2015/09/09 17:03:08.598 SKOSQuoteLib_RequestStocks 查無商品代號：[HKF,MHI1508]
[5052] 2015/09/09 17:03:08.598 SKOSQuoteLib_RequestStocks 查無商品代號：[NYM,GC1508]
[5052] 2015/09/09 17:03:08.598 SKOSQuoteLib_RequestStocks 查無商品代號：[HKF,MHI1508]
[5052] 2015/09/09 17:03:08.598 SKOSQuoteLib_RequestStocks 查無商品代號：[NYM,GC1508]
[5052] 2015/09/09 17:03:08.598 SKOSQuoteLib_RequestStocks 查無商品代號：[HKF,MHI1508]
[4184] 2015/09/09 17:06:06.089 -------------------------------
[4184] 2015/09/09 17:06:06.089 海期報價版本：2.5.5
[4184] 2015/09/09 17:06:09.803 SKOSQuoteLib_RequestStocks 查無商品代號：[NYM,GC1508]
[4184] 2015/09/09 17:06:09.803 SKOSQuoteLib_RequestStocks 查無商品代號：[HKF,MHI1508]
[4184] 2015/09/09 17:06:09.819 SKOSQuoteLib_RequestStocks 查無商品代號：[NYM,GC1508]
[4184] 2015/09/09 17:06:09.819 SKOSQuoteLib_RequestStocks 查無商品代號：[HKF,MHI1508]
[4184] 2015/09/09 17:06:09.819 SKOSQuoteLib_RequestStocks 查無商品代號：[NYM,GC1508]
[4184] 2015/09/09 17:06:09.819 SKOSQuoteLib_RequestStocks 查無商品代號：[HKF,MHI1508]
[4184] 2015/09/09 17:06:09.819 SKOSQuoteLib_RequestStocks 查無商品代號：[NYM,GC1508]
[4184] 2015/09/09 17:06:09.819 SKOSQuoteLib_RequestStocks 查無商品代號：[HKF,MHI1508]
[4184] 2015/09/09 17:06:09.834 SKOSQuoteLib_RequestStocks 查無商品代號：[NYM,GC1508]
[4184] 2015/09/09 17:06:09.834 SKOSQuoteLib_RequestStocks 查無商品代號：[HKF,MHI1508]
[1788] 2015/09/09 17:07:37.723 -------------------------------
[1788] 2015/09/09 17:07:37.723 海期報價版本：2.5.5
[1788] 2015/09/09 17:07:41.404 SKOSQuoteLib_RequestStocks 查無商品代號：[NYM,GC1508]
[1788] 2015/09/09 17:07:41.404 SKOSQuoteLib_RequestStocks 查無商品代號：[HKF,MHI1508]
[1788] 2015/09/09 17:07:41.404 SKOSQuoteLib_RequestStocks 查無商品代號：[NYM,GC1508]
[1788] 2015/09/09 17:07:41.404 SKOSQuoteLib_RequestStocks 查無商品代號：[HKF,MHI1508]
[1788] 2015/09/09 17:07:41.404 SKOSQuoteLib_RequestStocks 查無商品代號：[NYM,GC1508]
[1788] 2015/09/09 17:07:41.404 SKOSQuoteLib_RequestStocks 查無商品代號：[HKF,MHI1508]
[1788] 2015/09/09 17:07:41.404 SKOSQuoteLib_RequestStocks 查無商品代號：[NYM,GC1508]
[1788] 2015/09/09 17:07:41.404 SKOSQuoteLib_RequestStocks 查無商品代號：[HKF,MHI1508]
[1788] 2015/09/09 17:07:41.404 SKOSQuoteLib_RequestStocks 查無商品代號：[NYM,GC1508]
[1788] 2015/09/09 17:07:41.404 SKOSQuoteLib_RequestStocks 查無商品代號：[HKF,MHI1508]
[3328] 2015/09/09 17:09:46.731 -------------------------------
[3328] 2015/09/09 17:09:46.731 海期報價版本：2.5.5
[3328] 2015/09/09 17:09:50.555 SKOSQuoteLib_RequestStocks 查無商品代號：[NYM,GC1508]
[3328] 2015/09/09 17:09:50.555 SKOSQuoteLib_RequestStocks 查無商品代號：[HKF,MHI1508]
[3328] 2015/09/09 17:09:50.555 SKOSQuoteLib_RequestStocks 查無商品代號：[NYM,GC1508]
[3328] 2015/09/09 17:09:50.555 SKOSQuoteLib_RequestStocks 查無商品代號：[HKF,MHI1508]
[3328] 2015/09/09 17:09:50.555 連線通知: RegisterOnConnectCallBack 涵式未註冊
[3328] 2015/09/09 17:09:50.555 SKOSQuoteLib_RequestStocks 查無商品代號：[NYM,GC1508]
[3328] 2015/09/09 17:09:50.555 SKOSQuoteLib_RequestStocks 查無商品代號：[HKF,MHI1508]
[3328] 2015/09/09 17:09:50.555 SKOSQuoteLib_RequestStocks 查無商品代號：[NYM,GC1508]
[3328] 2015/09/09 17:09:50.555 SKOSQuoteLib_RequestStocks 查無商品代號：[HKF,MHI1508]
[3328] 2015/09/09 17:09:50.555 SKOSQuoteLib_RequestStocks 查無商品代號：[NYM,GC1508]
[3328] 2015/09/09 17:09:50.555 SKOSQuoteLib_RequestStocks 查無商品代號：[HKF,MHI1508]
[5136] 2015/09/09 17:10:16.210 -------------------------------
[5136] 2015/09/09 17:10:16.210 海期報價版本：2.5.5
[5136] 2015/09/09 17:10:19.862 連線通知: RegisterOnConnectCallBack 涵式未註冊
[5136] 2015/09/09 17:10:19.862 SKOSQuoteLib_RequestStocks 查無商品代號：[NYM,GC1508]
[5136] 2015/09/09 17:10:19.862 SKOSQuoteLib_RequestStocks 查無商品代號：[HKF,MHI1508]
[5136] 2015/09/09 17:10:19.862 SKOSQuoteLib_RequestStocks 查無商品代號：[NYM,GC1508]
[5136] 2015/09/09 17:10:19.862 SKOSQuoteLib_RequestStocks 查無商品代號：[HKF,MHI1508]
[5136] 2015/09/09 17:10:19.862 SKOSQuoteLib_RequestStocks 查無商品代號：[NYM,GC1508]
[5136] 2015/09/09 17:10:19.862 SKOSQuoteLib_RequestStocks 查無商品代號：[HKF,MHI1508]
[5136] 2015/09/09 17:10:19.862 SKOSQuoteLib_RequestStocks 查無商品代號：[NYM,GC1508]
[5136] 2015/09/09 17:10:19.862 SKOSQuoteLib_RequestStocks 查無商品代號：[HKF,MHI1508]
[5136] 2015/09/09 17:10:19.862 SKOSQuoteLib_RequestStocks 查無商品代號：[NYM,GC1508]
[5136] 2015/09/09 17:10:19.862 SKOSQuoteLib_RequestStocks 查無商品代號：[HKF,MHI1508]
[4188] 2015/09/09 17:10:43.022 -------------------------------
[4188] 2015/09/09 17:10:43.022 海期報價版本：2.5.5
[4188] 2015/09/09 17:10:46.644 連線通知: RegisterOnConnectCallBack 涵式未註冊
[4188] 2015/09/09 17:10:46.644 SKOSQuoteLib_RequestStocks 查無商品代號：[NYM,GC1508]
[4188] 2015/09/09 17:10:46.644 SKOSQuoteLib_RequestStocks 查無商品代號：[HKF,MHI1508]
[4188] 2015/09/09 17:10:46.644 SKOSQuoteLib_RequestStocks 查無商品代號：[NYM,GC1508]
[4188] 2015/09/09 17:10:46.644 SKOSQuoteLib_RequestStocks 查無商品代號：[HKF,MHI1508]
[4188] 2015/09/09 17:10:46.644 SKOSQuoteLib_RequestStocks 查無商品代號：[NYM,GC1508]
[4188] 2015/09/09 17:10:46.644 SKOSQuoteLib_RequestStocks 查無商品代號：[HKF,MHI1508]
[4188] 2015/09/09 17:10:46.644 SKOSQuoteLib_RequestStocks 查無商品代號：[NYM,GC1508]
[4188] 2015/09/09 17:10:46.644 SKOSQuoteLib_RequestStocks 查無商品代號：[HKF,MHI1508]
[4188] 2015/09/09 17:10:46.644 SKOSQuoteLib_RequestStocks 查無商品代號：[NYM,GC1508]
[4188] 2015/09/09 17:10:46.644 SKOSQuoteLib_RequestStocks 查無商品代號：[HKF,MHI1508]
[472] 2015/09/09 17:12:24.052 -------------------------------
[472] 2015/09/09 17:12:24.052 海期報價版本：2.5.5
[472] 2015/09/09 17:12:27.656 SKOSQuoteLib_RequestStocks 查無商品代號：[NYM,GC1508]
[472] 2015/09/09 17:12:27.656 SKOSQuoteLib_RequestStocks 查無商品代號：[HKF,MHI1508]
[472] 2015/09/09 17:12:27.656 SKOSQuoteLib_RequestStocks 查無商品代號：[NYM,GC1508]
[472] 2015/09/09 17:12:27.656 SKOSQuoteLib_RequestStocks 查無商品代號：[HKF,MHI1508]
[472] 2015/09/09 17:12:27.656 SKOSQuoteLib_RequestStocks 查無商品代號：[NYM,GC1508]
[472] 2015/09/09 17:12:27.656 SKOSQuoteLib_RequestStocks 查無商品代號：[HKF,MHI1508]
[472] 2015/09/09 17:12:27.656 SKOSQuoteLib_RequestStocks 查無商品代號：[NYM,GC1508]
[472] 2015/09/09 17:12:27.656 SKOSQuoteLib_RequestStocks 查無商品代號：[HKF,MHI1508]
[472] 2015/09/09 17:12:27.656 SKOSQuoteLib_RequestStocks 查無商品代號：[NYM,GC1508]
[472] 2015/09/09 17:12:27.656 SKOSQuoteLib_RequestStocks 查無商品代號：[HKF,MHI1508]
[4300] 2015/09/09 17:16:03.704 -------------------------------
[4300] 2015/09/09 17:16:03.706 海期報價版本：2.5.5
[4300] 2015/09/09 17:16:07.616 SKOSQuoteLib_RequestStocks 查無商品代號：[NYM,GC1508]
[4300] 2015/09/09 17:16:07.617 連線通知: RegisterOnConnectCallBack 涵式未註冊
[4300] 2015/09/09 17:16:07.617 SKOSQuoteLib_RequestStocks 查無商品代號：[HKF,MHI1508]
[4300] 2015/09/09 17:16:07.619 SKOSQuoteLib_RequestStocks 查無商品代號：[NYM,GC1508]
[4300] 2015/09/09 17:16:07.620 SKOSQuoteLib_RequestStocks 查無商品代號：[HKF,MHI1508]
[4300] 2015/09/09 17:16:07.621 SKOSQuoteLib_RequestStocks 查無商品代號：[NYM,GC1508]
[4300] 2015/09/09 17:16:07.621 SKOSQuoteLib_RequestStocks 查無商品代號：[HKF,MHI1508]
[4300] 2015/09/09 17:16:07.622 SKOSQuoteLib_RequestStocks 查無商品代號：[NYM,GC1508]
[4300] 2015/09/09 17:16:07.623 SKOSQuoteLib_RequestStocks 查無商品代號：[HKF,MHI1508]
[4300] 2015/09/09 17:16:07.624 SKOSQuoteLib_RequestStocks 查無商品代號：[NYM,GC1508]
[4300] 2015/09/09 17:16:07.625 SKOSQuoteLib_RequestStocks 查無商品代號：[HKF,MHI1508]
[6080] 2015/09/09 17:19:17.259 -------------------------------
[6080] 2015/09/09 17:19:17.259 海期報價版本：2.5.5
[6080] 2015/09/09 17:19:20.738 SKOSQuoteLib_RequestStocks 查無商品代號：[NYM,GC1508]
[6080] 2015/09/09 17:19:20.738 連線通知: RegisterOnConnectCallBack 涵式未註冊
[6080] 2015/09/09 17:19:20.738 SKOSQuoteLib_RequestStocks 查無商品代號：[HKF,MHI1508]
[6080] 2015/09/09 17:19:20.738 SKOSQuoteLib_RequestStocks 查無商品代號：[NYM,GC1508]
[6080] 2015/09/09 17:19:20.738 SKOSQuoteLib_RequestStocks 查無商品代號：[HKF,MHI1508]
[6080] 2015/09/09 17:19:20.738 SKOSQuoteLib_RequestStocks 查無商品代號：[NYM,GC1508]
[6080] 2015/09/09 17:19:20.738 SKOSQuoteLib_RequestStocks 查無商品代號：[HKF,MHI1508]
[6080] 2015/09/09 17:19:20.738 SKOSQuoteLib_RequestStocks 查無商品代號：[NYM,GC1508]
[6080] 2015/09/09 17:19:20.738 SKOSQuoteLib_RequestStocks 查無商品代號：[HKF,MHI1508]
[6080] 2015/09/09 17:19:20.738 SKOSQuoteLib_RequestStocks 查無商品代號：[NYM,GC1508]
[6080] 2015/09/09 17:19:20.738 SKOSQuoteLib_RequestStocks 查無商品代號：[HKF,MHI1508]
[6056] 2015/09/09 17:22:58.788 -------------------------------
[6056] 2015/09/09 17:22:58.788 海期報價版本：2.5.5
[6056] 2015/09/09 17:23:02.393 連線通知: RegisterOnConnectCallBack 涵式未註冊
[6056] 2015/09/09 17:23:02.393 SKOSQuoteLib_RequestStocks 查無商品代號：[NYM,GC1508]
[6056] 2015/09/09 17:23:02.393 SKOSQuoteLib_RequestStocks 查無商品代號：[HKF,MHI1508]
[6056] 2015/09/09 17:23:02.393 SKOSQuoteLib_RequestStocks 查無商品代號：[NYM,GC1508]
[6056] 2015/09/09 17:23:02.393 SKOSQuoteLib_RequestStocks 查無商品代號：[HKF,MHI1508]
[6056] 2015/09/09 17:23:02.393 SKOSQuoteLib_RequestStocks 查無商品代號：[NYM,GC1508]
[6056] 2015/09/09 17:23:02.393 SKOSQuoteLib_RequestStocks 查無商品代號：[HKF,MHI1508]
[6056] 2015/09/09 17:23:02.393 SKOSQuoteLib_RequestStocks 查無商品代號：[NYM,GC1508]
[6056] 2015/09/09 17:23:02.393 SKOSQuoteLib_RequestStocks 查無商品代號：[HKF,MHI1508]
[6056] 2015/09/09 17:23:02.393 SKOSQuoteLib_RequestStocks 查無商品代號：[NYM,GC1508]
[6056] 2015/09/09 17:23:02.393 SKOSQuoteLib_RequestStocks 查無商品代號：[HKF,MHI1508]
[5844] 2015/09/09 17:25:23.750 -------------------------------
[5844] 2015/09/09 17:25:23.750 海期報價版本：2.5.5
[5844] 2015/09/09 17:25:27.200 SKOSQuoteLib_RequestStocks 查無商品代號：[NYM,GC1508]
[5844] 2015/09/09 17:25:27.200 SKOSQuoteLib_RequestStocks 查無商品代號：[HKF,MHI1508]
[5844] 2015/09/09 17:25:27.200 SKOSQuoteLib_RequestStocks 查無商品代號：[NYM,GC1508]
[5844] 2015/09/09 17:25:27.200 SKOSQuoteLib_RequestStocks 查無商品代號：[HKF,MHI1508]
[5844] 2015/09/09 17:25:27.200 SKOSQuoteLib_RequestStocks 查無商品代號：[NYM,GC1508]
[5844] 2015/09/09 17:25:27.200 SKOSQuoteLib_RequestStocks 查無商品代號：[HKF,MHI1508]
[5844] 2015/09/09 17:25:27.200 SKOSQuoteLib_RequestStocks 查無商品代號：[NYM,GC1508]
[5844] 2015/09/09 17:25:27.200 SKOSQuoteLib_RequestStocks 查無商品代號：[HKF,MHI1508]
[5844] 2015/09/09 17:25:27.200 SKOSQuoteLib_RequestStocks 查無商品代號：[NYM,GC1508]
[5844] 2015/09/09 17:25:27.200 SKOSQuoteLib_RequestStocks 查無商品代號：[HKF,MHI1508]
[5844] 2015/09/09 17:25:27.216 連線通知: RegisterOnConnectCallBack 涵式未註冊
[3740] 2015/09/09 17:26:08.250 -------------------------------
[3740] 2015/09/09 17:26:08.252 海期報價版本：2.5.5
[3740] 2015/09/09 17:26:12.055 SKOSQuoteLib_RequestStocks 查無商品代號：[NYM,GC1508]
[3740] 2015/09/09 17:26:12.056 SKOSQuoteLib_RequestStocks 查無商品代號：[HKF,MHI1508]
[3740] 2015/09/09 17:26:12.057 SKOSQuoteLib_RequestStocks 查無商品代號：[NYM,GC1508]
[3740] 2015/09/09 17:26:12.058 SKOSQuoteLib_RequestStocks 查無商品代號：[HKF,MHI1508]
[3740] 2015/09/09 17:26:12.059 SKOSQuoteLib_RequestStocks 查無商品代號：[NYM,GC1508]
[3740] 2015/09/09 17:26:12.060 SKOSQuoteLib_RequestStocks 查無商品代號：[HKF,MHI1508]
[3740] 2015/09/09 17:26:12.061 SKOSQuoteLib_RequestStocks 查無商品代號：[NYM,GC1508]
[3740] 2015/09/09 17:26:12.061 SKOSQuoteLib_RequestStocks 查無商品代號：[HKF,MHI1508]
[3740] 2015/09/09 17:26:12.062 SKOSQuoteLib_RequestStocks 查無商品代號：[NYM,GC1508]
[3740] 2015/09/09 17:26:12.063 SKOSQuoteLib_RequestStocks 查無商品代號：[HKF,MHI1508]
[3248] 2015/09/10 09:38:27.785 -------------------------------
[3248] 2015/09/10 09:38:27.790 海期報價版本：2.5.5
[3248] 2015/09/10 09:38:31.622 連線通知: RegisterOnConnectCallBack 涵式未註冊
[3248] 2015/09/10 09:38:31.624 SKOSQuoteLib_RequestStocks 查無商品代號：[NYM,GC1508]
[3248] 2015/09/10 09:38:31.625 SKOSQuoteLib_RequestStocks 查無商品代號：[HKF,MHI1508]
[3248] 2015/09/10 09:38:31.626 SKOSQuoteLib_RequestStocks 查無商品代號：[NYM,GC1508]
[3248] 2015/09/10 09:38:31.626 SKOSQuoteLib_RequestStocks 查無商品代號：[HKF,MHI1508]
[3248] 2015/09/10 09:38:31.627 SKOSQuoteLib_RequestStocks 查無商品代號：[NYM,GC1508]
[3248] 2015/09/10 09:38:31.628 SKOSQuoteLib_RequestStocks 查無商品代號：[HKF,MHI1508]
[3248] 2015/09/10 09:38:31.629 SKOSQuoteLib_RequestStocks 查無商品代號：[NYM,GC1508]
[3248] 2015/09/10 09:38:31.630 SKOSQuoteLib_RequestStocks 查無商品代號：[HKF,MHI1508]
[3248] 2015/09/10 09:38:31.630 SKOSQuoteLib_RequestStocks 查無商品代號：[NYM,GC1508]
[3248] 2015/09/10 09:38:31.631 SKOSQuoteLib_RequestStocks 查無商品代號：[HKF,MHI1508]
[3904] 2015/09/10 14:28:29.059 -------------------------------
[3904] 2015/09/10 14:28:29.062 海期報價版本：2.5.5
[3904] 2015/09/10 14:28:32.965 SKOSQuoteLib_RequestStocks 查無商品代號：[NYM,GC1508]
[3904] 2015/09/10 14:28:32.966 SKOSQuoteLib_RequestStocks 查無商品代號：[HKF,MHI1508]
[3904] 2015/09/10 14:28:32.967 SKOSQuoteLib_RequestStocks 查無商品代號：[NYM,GC1508]
[3904] 2015/09/10 14:28:32.968 SKOSQuoteLib_RequestStocks 查無商品代號：[HKF,MHI1508]
[3904] 2015/09/10 14:28:32.968 SKOSQuoteLib_RequestStocks 查無商品代號：[NYM,GC1508]
[3904] 2015/09/10 14:28:32.969 SKOSQuoteLib_RequestStocks 查無商品代號：[HKF,MHI1508]
[3904] 2015/09/10 14:28:32.970 SKOSQuoteLib_RequestStocks 查無商品代號：[NYM,GC1508]
[3904] 2015/09/10 14:28:32.971 SKOSQuoteLib_RequestStocks 查無商品代號：[HKF,MHI1508]
[3904] 2015/09/10 14:28:32.972 SKOSQuoteLib_RequestStocks 查無商品代號：[NYM,GC1508]
[3904] 2015/09/10 14:28:32.973 SKOSQuoteLib_RequestStocks 查無商品代號：[HKF,MHI1508]
[5368] 2015/09/10 14:31:21.676 -------------------------------
[5368] 2015/09/10 14:31:21.679 海期報價版本：2.5.5
[5368] 2015/09/10 14:31:25.386 連線通知: RegisterOnConnectCallBack 涵式未註冊
[5368] 2015/09/10 14:31:25.388 SKOSQuoteLib_RequestStocks 查無商品代號：[NYM,GC1508]
[5368] 2015/09/10 14:31:25.389 SKOSQuoteLib_RequestStocks 查無商品代號：[HKF,MHI1508]
[5368] 2015/09/10 14:31:25.390 SKOSQuoteLib_RequestStocks 查無商品代號：[NYM,GC1508]
[5368] 2015/09/10 14:31:25.391 SKOSQuoteLib_RequestStocks 查無商品代號：[HKF,MHI1508]
[5368] 2015/09/10 14:31:25.392 SKOSQuoteLib_RequestStocks 查無商品代號：[NYM,GC1508]
[5368] 2015/09/10 14:31:25.393 SKOSQuoteLib_RequestStocks 查無商品代號：[HKF,MHI1508]
[5368] 2015/09/10 14:31:25.395 SKOSQuoteLib_RequestStocks 查無商品代號：[NYM,GC1508]
[5368] 2015/09/10 14:31:25.396 SKOSQuoteLib_RequestStocks 查無商品代號：[HKF,MHI1508]
[5368] 2015/09/10 14:31:25.398 SKOSQuoteLib_RequestStocks 查無商品代號：[NYM,GC1508]
[5368] 2015/09/10 14:31:25.400 SKOSQuoteLib_RequestStocks 查無商品代號：[HKF,MHI1508]
[5592] 2015/09/10 14:31:55.348 -------------------------------
[5592] 2015/09/10 14:31:55.351 海期報價版本：2.5.5
[5592] 2015/09/10 14:31:59.150 SKOSQuoteLib_RequestStocks 查無商品代號：[NYM,GC1508]
[5592] 2015/09/10 14:31:59.150 SKOSQuoteLib_RequestStocks 查無商品代號：[HKF,MHI1508]
[5592] 2015/09/10 14:31:59.151 SKOSQuoteLib_RequestStocks 查無商品代號：[NYM,GC1508]
[5592] 2015/09/10 14:31:59.153 SKOSQuoteLib_RequestStocks 查無商品代號：[HKF,MHI1508]
[5592] 2015/09/10 14:31:59.154 SKOSQuoteLib_RequestStocks 查無商品代號：[NYM,GC1508]
[5592] 2015/09/10 14:31:59.155 SKOSQuoteLib_RequestStocks 查無商品代號：[HKF,MHI1508]
[5592] 2015/09/10 14:31:59.156 SKOSQuoteLib_RequestStocks 查無商品代號：[NYM,GC1508]
[5592] 2015/09/10 14:31:59.157 SKOSQuoteLib_RequestStocks 查無商品代號：[HKF,MHI1508]
[5592] 2015/09/10 14:31:59.158 SKOSQuoteLib_RequestStocks 查無商品代號：[NYM,GC1508]
[5592] 2015/09/10 14:31:59.159 連線通知: RegisterOnConnectCallBack 涵式未註冊
[5592] 2015/09/10 14:31:59.160 SKOSQuoteLib_RequestStocks 查無商品代號：[HKF,MHI1508]
[1968] 2015/09/10 14:34:20.905 -------------------------------
[1968] 2015/09/10 14:34:20.908 海期報價版本：2.5.5
[1968] 2015/09/10 14:34:24.583 SKOSQuoteLib_RequestStocks 查無商品代號：[NYM,GC1508]
[1968] 2015/09/10 14:34:24.584 SKOSQuoteLib_RequestStocks 查無商品代號：[HKF,MHI1508]
[1968] 2015/09/10 14:34:24.584 SKOSQuoteLib_RequestStocks 查無商品代號：[NYM,GC1508]
[1968] 2015/09/10 14:34:24.586 連線通知: RegisterOnConnectCallBack 涵式未註冊
[1968] 2015/09/10 14:34:24.587 SKOSQuoteLib_RequestStocks 查無商品代號：[HKF,MHI1508]
[1968] 2015/09/10 14:34:24.589 SKOSQuoteLib_RequestStocks 查無商品代號：[NYM,GC1508]
[1968] 2015/09/10 14:34:24.589 SKOSQuoteLib_RequestStocks 查無商品代號：[HKF,MHI1508]
[1968] 2015/09/10 14:34:24.590 SKOSQuoteLib_RequestStocks 查無商品代號：[NYM,GC1508]
[1968] 2015/09/10 14:34:24.591 SKOSQuoteLib_RequestStocks 查無商品代號：[HKF,MHI1508]
[1968] 2015/09/10 14:34:24.592 SKOSQuoteLib_RequestStocks 查無商品代號：[NYM,GC1508]
[1968] 2015/09/10 14:34:24.593 SKOSQuoteLib_RequestStocks 查無商品代號：[HKF,MHI1508]
[2672] 2015/10/06 11:16:26.855 -------------------------------
[2672] 2015/10/06 11:16:26.874 海期報價版本：2.5.5
[2672] 2015/10/06 11:16:31.791 連線通知: RegisterOnConnectCallBack 涵式未註冊
[2672] 2015/10/06 11:16:32.101 SKOSQuoteLib_RequestStocks 查無商品代號：[CME,NQ_1509]
[2672] 2015/10/06 11:16:32.102 SKOSQuoteLib_RequestStocks 查無商品代號：[CME,EC_1509]
[2672] 2015/10/06 11:16:32.103 SKOSQuoteLib_RequestStocks 查無商品代號：[CBT,YM1509]
[2672] 2015/10/06 11:16:32.104 SKOSQuoteLib_RequestStocks 查無商品代號：[NYM,CL1510]
[2672] 2015/10/06 11:16:32.105 SKOSQuoteLib_RequestStocks 查無商品代號：[NYM,GC1508]
[2672] 2015/10/06 11:16:32.106 SKOSQuoteLib_RequestStocks 查無商品代號：[NYM,SI1509]
[2672] 2015/10/06 11:16:32.106 SKOSQuoteLib_RequestStocks 查無商品代號：[SGX,NKNT1509]
[2672] 2015/10/06 11:16:32.107 SKOSQuoteLib_RequestStocks 查無商品代號：[HKF,MHI1508]
[2672] 2015/10/06 11:16:32.108 SKOSQuoteLib_RequestStocks 查無商品代號：[HKF,MHI1509]
[2672] 2015/10/06 11:16:32.109 SKOSQuoteLib_RequestStocks 查無商品代號：[EUR,DAX1509]
[2672] 2015/10/06 11:16:32.110 SKOSQuoteLib_RequestStocks 查無商品代號：[CFX,CIF1509]
[2672] 2015/10/06 11:16:32.110 SKOSQuoteLib_RequestStocks 查無商品代號：[CME,NQ_1509]
[2672] 2015/10/06 11:16:32.111 SKOSQuoteLib_RequestStocks 查無商品代號：[CME,EC_1509]
[2672] 2015/10/06 11:16:32.112 SKOSQuoteLib_RequestStocks 查無商品代號：[CBT,YM1509]
[2672] 2015/10/06 11:16:32.113 SKOSQuoteLib_RequestStocks 查無商品代號：[NYM,CL1510]
[2672] 2015/10/06 11:16:32.114 SKOSQuoteLib_RequestStocks 查無商品代號：[NYM,GC1508]
[2672] 2015/10/06 11:16:32.115 SKOSQuoteLib_RequestStocks 查無商品代號：[NYM,SI1509]
[2672] 2015/10/06 11:16:32.116 SKOSQuoteLib_RequestStocks 查無商品代號：[SGX,NKNT1509]
[2672] 2015/10/06 11:16:32.116 SKOSQuoteLib_RequestStocks 查無商品代號：[HKF,MHI1508]
[2672] 2015/10/06 11:16:32.117 SKOSQuoteLib_RequestStocks 查無商品代號：[HKF,MHI1509]
[2672] 2015/10/06 11:16:32.121 SKOSQuoteLib_RequestStocks 查無商品代號：[EUR,DAX1509]
[2672] 2015/10/06 11:16:32.122 SKOSQuoteLib_RequestStocks 查無商品代號：[CFX,CIF1509]
[2672] 2015/10/06 11:16:32.123 SKOSQuoteLib_RequestStocks 查無商品代號：[CME,NQ_1509]
[2672] 2015/10/06 11:16:32.124 SKOSQuoteLib_RequestStocks 查無商品代號：[CME,EC_1509]
[2672] 2015/10/06 11:16:32.125 SKOSQuoteLib_RequestStocks 查無商品代號：[CBT,YM1509]
[2672] 2015/10/06 11:16:32.126 SKOSQuoteLib_RequestStocks 查無商品代號：[NYM,CL1510]
[2672] 2015/10/06 11:16:32.126 SKOSQuoteLib_RequestStocks 查無商品代號：[NYM,GC1508]
[2672] 2015/10/06 11:16:32.127 SKOSQuoteLib_RequestStocks 查無商品代號：[NYM,SI1509]
[2672] 2015/10/06 11:16:32.128 SKOSQuoteLib_RequestStocks 查無商品代號：[SGX,NKNT1509]
[2672] 2015/10/06 11:16:32.129 SKOSQuoteLib_RequestStocks 查無商品代號：[HKF,MHI1508]
[2672] 2015/10/06 11:16:32.129 SKOSQuoteLib_RequestStocks 查無商品代號：[HKF,MHI1509]
[2672] 2015/10/06 11:16:32.130 SKOSQuoteLib_RequestStocks 查無商品代號：[EUR,DAX1509]
[2672] 2015/10/06 11:16:32.131 SKOSQuoteLib_RequestStocks 查無商品代號：[CFX,CIF1509]
[2672] 2015/10/06 11:16:32.132 SKOSQuoteLib_RequestStocks 查無商品代號：[CME,NQ_1509]
[2672] 2015/10/06 11:16:32.132 SKOSQuoteLib_RequestStocks 查無商品代號：[CME,EC_1509]
[2672] 2015/10/06 11:16:32.133 SKOSQuoteLib_RequestStocks 查無商品代號：[CBT,YM1509]
[2672] 2015/10/06 11:16:32.134 SKOSQuoteLib_RequestStocks 查無商品代號：[NYM,CL1510]
[2672] 2015/10/06 11:16:32.135 SKOSQuoteLib_RequestStocks 查無商品代號：[NYM,GC1508]
[2672] 2015/10/06 11:16:32.135 SKOSQuoteLib_RequestStocks 查無商品代號：[NYM,SI1509]
[2672] 2015/10/06 11:16:32.136 SKOSQuoteLib_RequestStocks 查無商品代號：[SGX,NKNT1509]
[2672] 2015/10/06 11:16:32.137 SKOSQuoteLib_RequestStocks 查無商品代號：[HKF,MHI1508]
[2672] 2015/10/06 11:16:32.138 SKOSQuoteLib_RequestStocks 查無商品代號：[HKF,MHI1509]
[2672] 2015/10/06 11:16:32.138 SKOSQuoteLib_RequestStocks 查無商品代號：[EUR,DAX1509]
[2672] 2015/10/06 11:16:32.139 SKOSQuoteLib_RequestStocks 查無商品代號：[CFX,CIF1509]
[2672] 2015/10/06 11:16:32.145 SKOSQuoteLib_RequestStocks 查無商品代號：[CME,NQ_1509]
[2672] 2015/10/06 11:16:32.146 SKOSQuoteLib_RequestStocks 查無商品代號：[CME,EC_1509]
[2672] 2015/10/06 11:16:32.148 SKOSQuoteLib_RequestStocks 查無商品代號：[CBT,YM1509]
[2672] 2015/10/06 11:16:32.149 SKOSQuoteLib_RequestStocks 查無商品代號：[NYM,CL1510]
[2672] 2015/10/06 11:16:32.151 SKOSQuoteLib_RequestStocks 查無商品代號：[NYM,GC1508]
[2672] 2015/10/06 11:16:32.153 SKOSQuoteLib_RequestStocks 查無商品代號：[NYM,SI1509]
[2672] 2015/10/06 11:16:32.153 SKOSQuoteLib_RequestStocks 查無商品代號：[SGX,NKNT1509]
[2672] 2015/10/06 11:16:32.155 SKOSQuoteLib_RequestStocks 查無商品代號：[HKF,MHI1508]
[2672] 2015/10/06 11:16:32.157 SKOSQuoteLib_RequestStocks 查無商品代號：[HKF,MHI1509]
[2672] 2015/10/06 11:16:32.158 SKOSQuoteLib_RequestStocks 查無商品代號：[EUR,DAX1509]
[2672] 2015/10/06 11:16:32.162 SKOSQuoteLib_RequestStocks 查無商品代號：[CFX,CIF1509]
[4136] 2015/10/07 17:46:43.565 -------------------------------
[4136] 2015/10/07 17:46:43.567 海期報價版本：2.5.5
[4136] 2015/10/07 17:46:53.562 SKOSQuoteLib_RequestStocks 查無商品代號：[CME,NQ_1509]
[4136] 2015/10/07 17:46:53.563 SKOSQuoteLib_RequestStocks 查無商品代號：[CME,EC_1509]
[4136] 2015/10/07 17:46:53.564 SKOSQuoteLib_RequestStocks 查無商品代號：[CBT,YM1509]
[4136] 2015/10/07 17:46:53.565 SKOSQuoteLib_RequestStocks 查無商品代號：[NYM,CL1510]
[4136] 2015/10/07 17:46:53.566 SKOSQuoteLib_RequestStocks 查無商品代號：[NYM,GC1508]
[4136] 2015/10/07 17:46:53.566 SKOSQuoteLib_RequestStocks 查無商品代號：[NYM,SI1509]
[4136] 2015/10/07 17:46:53.567 SKOSQuoteLib_RequestStocks 查無商品代號：[SGX,NKNT1509]
[4136] 2015/10/07 17:46:53.568 SKOSQuoteLib_RequestStocks 查無商品代號：[HKF,MHI1508]
[4136] 2015/10/07 17:46:53.569 SKOSQuoteLib_RequestStocks 查無商品代號：[HKF,MHI1509]
[4136] 2015/10/07 17:46:53.570 SKOSQuoteLib_RequestStocks 查無商品代號：[EUR,DAX1509]
[4136] 2015/10/07 17:46:53.570 SKOSQuoteLib_RequestStocks 查無商品代號：[CFX,CIF1509]
[4136] 2015/10/07 17:46:53.571 SKOSQuoteLib_RequestStocks 查無商品代號：[CME,NQ_1509]
[4136] 2015/10/07 17:46:53.572 SKOSQuoteLib_RequestStocks 查無商品代號：[CME,EC_1509]
[4136] 2015/10/07 17:46:53.573 SKOSQuoteLib_RequestStocks 查無商品代號：[CBT,YM1509]
[4136] 2015/10/07 17:46:53.573 SKOSQuoteLib_RequestStocks 查無商品代號：[NYM,CL1510]
[4136] 2015/10/07 17:46:53.574 SKOSQuoteLib_RequestStocks 查無商品代號：[NYM,GC1508]
[4136] 2015/10/07 17:46:53.575 SKOSQuoteLib_RequestStocks 查無商品代號：[NYM,SI1509]
[4136] 2015/10/07 17:46:53.576 SKOSQuoteLib_RequestStocks 查無商品代號：[SGX,NKNT1509]
[4136] 2015/10/07 17:46:53.576 SKOSQuoteLib_RequestStocks 查無商品代號：[HKF,MHI1508]
[4136] 2015/10/07 17:46:53.577 SKOSQuoteLib_RequestStocks 查無商品代號：[HKF,MHI1509]
[4136] 2015/10/07 17:46:53.578 SKOSQuoteLib_RequestStocks 查無商品代號：[EUR,DAX1509]
[4136] 2015/10/07 17:46:53.579 SKOSQuoteLib_RequestStocks 查無商品代號：[CFX,CIF1509]
[4136] 2015/10/07 17:46:53.580 SKOSQuoteLib_RequestStocks 查無商品代號：[CME,NQ_1509]
[4136] 2015/10/07 17:46:53.580 SKOSQuoteLib_RequestStocks 查無商品代號：[CME,EC_1509]
[4136] 2015/10/07 17:46:53.581 SKOSQuoteLib_RequestStocks 查無商品代號：[CBT,YM1509]
[4136] 2015/10/07 17:46:53.582 SKOSQuoteLib_RequestStocks 查無商品代號：[NYM,CL1510]
[4136] 2015/10/07 17:46:53.583 SKOSQuoteLib_RequestStocks 查無商品代號：[NYM,GC1508]
[4136] 2015/10/07 17:46:53.583 SKOSQuoteLib_RequestStocks 查無商品代號：[NYM,SI1509]
[4136] 2015/10/07 17:46:53.584 SKOSQuoteLib_RequestStocks 查無商品代號：[SGX,NKNT1509]
[4136] 2015/10/07 17:46:53.585 SKOSQuoteLib_RequestStocks 查無商品代號：[HKF,MHI1508]
[4136] 2015/10/07 17:46:53.586 SKOSQuoteLib_RequestStocks 查無商品代號：[HKF,MHI1509]
[4136] 2015/10/07 17:46:53.586 SKOSQuoteLib_RequestStocks 查無商品代號：[EUR,DAX1509]
[4136] 2015/10/07 17:46:53.587 SKOSQuoteLib_RequestStocks 查無商品代號：[CFX,CIF1509]
[4136] 2015/10/07 17:46:53.588 SKOSQuoteLib_RequestStocks 查無商品代號：[CME,NQ_1509]
[4136] 2015/10/07 17:46:53.589 SKOSQuoteLib_RequestStocks 查無商品代號：[CME,EC_1509]
[4136] 2015/10/07 17:46:53.589 SKOSQuoteLib_RequestStocks 查無商品代號：[CBT,YM1509]
[4136] 2015/10/07 17:46:53.590 SKOSQuoteLib_RequestStocks 查無商品代號：[NYM,CL1510]
[4136] 2015/10/07 17:46:53.591 SKOSQuoteLib_RequestStocks 查無商品代號：[NYM,GC1508]
[4136] 2015/10/07 17:46:53.592 SKOSQuoteLib_RequestStocks 查無商品代號：[NYM,SI1509]
[4136] 2015/10/07 17:46:53.592 SKOSQuoteLib_RequestStocks 查無商品代號：[SGX,NKNT1509]
[4136] 2015/10/07 17:46:53.593 SKOSQuoteLib_RequestStocks 查無商品代號：[HKF,MHI1508]
[4136] 2015/10/07 17:46:53.594 SKOSQuoteLib_RequestStocks 查無商品代號：[HKF,MHI1509]
[4136] 2015/10/07 17:46:53.595 SKOSQuoteLib_RequestStocks 查無商品代號：[EUR,DAX1509]
[4136] 2015/10/07 17:46:53.596 SKOSQuoteLib_RequestStocks 查無商品代號：[CFX,CIF1509]
[4136] 2015/10/07 17:46:53.597 SKOSQuoteLib_RequestStocks 查無商品代號：[CME,NQ_1509]
[4136] 2015/10/07 17:46:53.597 SKOSQuoteLib_RequestStocks 查無商品代號：[CME,EC_1509]
[4136] 2015/10/07 17:46:53.598 SKOSQuoteLib_RequestStocks 查無商品代號：[CBT,YM1509]
[4136] 2015/10/07 17:46:53.599 SKOSQuoteLib_RequestStocks 查無商品代號：[NYM,CL1510]
[4136] 2015/10/07 17:46:53.600 SKOSQuoteLib_RequestStocks 查無商品代號：[NYM,GC1508]
[4136] 2015/10/07 17:46:53.601 SKOSQuoteLib_RequestStocks 查無商品代號：[NYM,SI1509]
[4136] 2015/10/07 17:46:53.601 SKOSQuoteLib_RequestStocks 查無商品代號：[SGX,NKNT1509]
[4136] 2015/10/07 17:46:53.602 SKOSQuoteLib_RequestStocks 查無商品代號：[HKF,MHI1508]
[4136] 2015/10/07 17:46:53.603 SKOSQuoteLib_RequestStocks 查無商品代號：[HKF,MHI1509]
[4136] 2015/10/07 17:46:53.604 SKOSQuoteLib_RequestStocks 查無商品代號：[EUR,DAX1509]
[4136] 2015/10/07 17:46:53.604 SKOSQuoteLib_RequestStocks 查無商品代號：[CFX,CIF1509]
[5496] 2015/11/10 11:06:27.293 -------------------------------
[5496] 2015/11/10 11:06:27.296 海期報價版本：2.5.5
[5496] 2015/11/10 11:06:30.852 連線通知: RegisterOnConnectCallBack 涵式未註冊
[5496] 2015/11/10 11:06:38.944  GetStockByIndex idx:855不存在
[10484] 2016/02/25 15:59:44.424 -------------------------------
[10484] 2016/02/25 15:59:44.432 海期報價版本：2.5.5
[10484] 2016/02/25 16:00:03.324  GetStockByIndex idx:890不存在
[3180] 2016/02/25 16:04:12.045 -------------------------------
[3180] 2016/02/25 16:04:12.047 海期報價版本：2.5.5
