[7664] 2016/03/03 10:39:51.580 API InitInstance 
[7664] 2016/03/03 10:39:51.583 SKQuoteLib_Initialize ¡GB222875498
[7664] 2016/03/03 10:39:51.584 SKQuoteLib_Initialize ¡Ghttps://order2.capital.com.tw/
[7664] 2016/03/03 10:39:52.701 SKQuoteLib_Initialize  SUCCESS 
[7664] 2016/03/03 10:39:52.719 SKQuoteLib_EnterMonitor IP¡Ginfo8.capital.com.tw
[7664] 2016/03/03 10:39:52.721 SKQuoteLib_AttachConnectionCallBack 
[7664] 2016/03/03 10:39:52.722 SKQuoteLib_AttachQuoteCallBack 
[7664] 2016/03/03 10:39:52.723 SKQuoteLib_AttachBest5CallBack 
[7664] 2016/03/03 10:39:53.485 SocketConnect Type¡G100  ErrorCode¡G0
[7664] 2016/03/03 10:39:54.830 Stocks Ready
[7664] 2016/03/03 10:40:10.586 SKQuoteLib_RequestStocks (1,TSEA,TX00,TX03,TX04,TX06,TX09,TX12,TE00,TE03,TE04,TE06,TE09,TE12,TF00,TF03,TF04,TF06,TF09,TF12)
[7664] 2016/03/03 10:40:10.587 Divide StockNo {TSEA}
[7664] 2016/03/03 10:40:10.587 Add Basket MarketNo¡G0 StockIdx¡G10649
[7664] 2016/03/03 10:40:10.588 Divide StockNo {TX00}
[7664] 2016/03/03 10:40:10.588 Add Basket MarketNo¡G2 StockIdx¡G0
[7664] 2016/03/03 10:40:10.589 Divide StockNo {TX03}
[7664] 2016/03/03 10:40:10.589 Add Basket MarketNo¡G2 StockIdx¡G1
[7664] 2016/03/03 10:40:10.589 Divide StockNo {TX04}
[7664] 2016/03/03 10:40:10.590 Add Basket MarketNo¡G2 StockIdx¡G2
[7664] 2016/03/03 10:40:10.590 Divide StockNo {TX06}
[7664] 2016/03/03 10:40:10.591 Add Basket MarketNo¡G2 StockIdx¡G3
[7664] 2016/03/03 10:40:10.591 Divide StockNo {TX09}
[7664] 2016/03/03 10:40:10.591 Add Basket MarketNo¡G2 StockIdx¡G4
[7664] 2016/03/03 10:40:10.592 Divide StockNo {TX12}
[7664] 2016/03/03 10:40:10.592 Add Basket MarketNo¡G2 StockIdx¡G5
[7664] 2016/03/03 10:40:10.593 Divide StockNo {TE00}
[7664] 2016/03/03 10:40:10.593 Add Basket MarketNo¡G2 StockIdx¡G14
[7664] 2016/03/03 10:40:10.593 Divide StockNo {TE03}
[7664] 2016/03/03 10:40:10.594 Add Basket MarketNo¡G2 StockIdx¡G15
[7664] 2016/03/03 10:40:10.594 Divide StockNo {TE04}
[7664] 2016/03/03 10:40:10.594 Add Basket MarketNo¡G2 StockIdx¡G16
[7664] 2016/03/03 10:40:10.595 Divide StockNo {TE06}
[7664] 2016/03/03 10:40:10.595 Add Basket MarketNo¡G2 StockIdx¡G17
[7664] 2016/03/03 10:40:10.596 Divide StockNo {TE09}
[7664] 2016/03/03 10:40:10.596 Add Basket MarketNo¡G2 StockIdx¡G18
[7664] 2016/03/03 10:40:10.596 Divide StockNo {TE12}
[7664] 2016/03/03 10:40:10.597 Add Basket MarketNo¡G2 StockIdx¡G19
[7664] 2016/03/03 10:40:10.597 Divide StockNo {TF00}
[7664] 2016/03/03 10:40:10.598 Add Basket MarketNo¡G2 StockIdx¡G20
[7664] 2016/03/03 10:40:10.598 Divide StockNo {TF03}
[7664] 2016/03/03 10:40:10.598 Add Basket MarketNo¡G2 StockIdx¡G21
[7664] 2016/03/03 10:40:10.599 Divide StockNo {TF04}
[7664] 2016/03/03 10:40:10.599 Add Basket MarketNo¡G2 StockIdx¡G22
[7664] 2016/03/03 10:40:10.600 Divide StockNo {TF06}
[7664] 2016/03/03 10:40:10.600 Add Basket MarketNo¡G2 StockIdx¡G23
[7664] 2016/03/03 10:40:10.600 Divide StockNo {TF09}
[7664] 2016/03/03 10:40:10.601 Add Basket MarketNo¡G2 StockIdx¡G24
[7664] 2016/03/03 10:40:10.602 Divide StockNo {TF12}
[7664] 2016/03/03 10:40:10.602 Add Basket MarketNo¡G2 StockIdx¡G25
[7664] 2016/03/03 10:40:10.602 SKQuoteLib_RequestStocks Page 1
[7664] 2016/03/03 10:40:10.604 SKQuoteLib_RequestTicks (0,TSEA)
[7664] 2016/03/03 10:40:10.605 SKQuoteLib_RequestTicks (0,TX00)
[7664] 2016/03/03 10:40:10.605 SKQuoteLib_RequestTicks (0,TX03)
[7664] 2016/03/03 10:40:10.606 SKQuoteLib_RequestTicks (0,TX04)
[7664] 2016/03/03 10:40:10.607 SKQuoteLib_RequestTicks (0,TX06)
[7664] 2016/03/03 10:40:10.607 SKQuoteLib_RequestTicks (0,TX09)
[7664] 2016/03/03 10:40:10.608 SKQuoteLib_RequestTicks (0,TX12)
[7664] 2016/03/03 10:40:10.609 SKQuoteLib_RequestTicks (0,TE00)
[7664] 2016/03/03 10:40:10.609 SKQuoteLib_RequestTicks (0,TE03)
[7664] 2016/03/03 10:40:10.610 SKQuoteLib_RequestTicks (0,TE04)
[7664] 2016/03/03 10:40:10.610 SKQuoteLib_RequestTicks (0,TE06)
[7664] 2016/03/03 10:40:10.611 SKQuoteLib_RequestTicks (0,TE09)
[7664] 2016/03/03 10:40:10.611 SKQuoteLib_RequestTicks (0,TE12)
[7664] 2016/03/03 10:40:10.612 SKQuoteLib_RequestTicks (0,TF00)
[7664] 2016/03/03 10:40:10.613 SKQuoteLib_RequestTicks (0,TF03)
[7664] 2016/03/03 10:40:10.613 SKQuoteLib_RequestTicks (0,TF04)
[7664] 2016/03/03 10:40:10.614 SKQuoteLib_RequestTicks (0,TF06)
[7664] 2016/03/03 10:40:10.615 SKQuoteLib_RequestTicks (0,TF09)
[7664] 2016/03/03 10:40:10.615 SKQuoteLib_RequestTicks (0,TF12)
[7664] 2016/03/03 10:40:53.479 Check Link Status 
[7664] 2016/03/03 10:41:53.474 Check Link Status 
[7664] 2016/03/03 10:42:53.479 Check Link Status 
[7664] 2016/03/03 10:43:53.478 Check Link Status 
[9328] 2016/03/03 10:44:09.525 API InitInstance 
[9328] 2016/03/03 10:44:09.528 SKQuoteLib_Initialize ¡GB222875498
[9328] 2016/03/03 10:44:09.529 SKQuoteLib_Initialize ¡Ghttps://order2.capital.com.tw/
[9328] 2016/03/03 10:44:10.681 SKQuoteLib_Initialize  SUCCESS 
[9328] 2016/03/03 10:44:10.707 SKQuoteLib_EnterMonitor IP¡Ginfo10.capital.com.tw
[9328] 2016/03/03 10:44:10.709 SKQuoteLib_AttachConnectionCallBack 
[9328] 2016/03/03 10:44:10.710 SKQuoteLib_AttachQuoteCallBack 
[9328] 2016/03/03 10:44:10.711 SKQuoteLib_AttachBest5CallBack 
[9328] 2016/03/03 10:44:11.676 SocketConnect Type¡G100  ErrorCode¡G0
[9328] 2016/03/03 10:44:13.339 Stocks Ready
[9328] 2016/03/03 10:44:28.746 SKQuoteLib_RequestStocks (1,TSEA,TX00,TX03,TX04,TX06,TX09,TX12,TE00,TE03,TE04,TE06,TE09,TE12,TF00,TF03,TF04,TF06,TF09,TF12)
[9328] 2016/03/03 10:44:28.747 Divide StockNo {TSEA}
[9328] 2016/03/03 10:44:28.748 Add Basket MarketNo¡G0 StockIdx¡G10649
[9328] 2016/03/03 10:44:28.748 Divide StockNo {TX00}
[9328] 2016/03/03 10:44:28.749 Add Basket MarketNo¡G2 StockIdx¡G0
[9328] 2016/03/03 10:44:28.749 Divide StockNo {TX03}
[9328] 2016/03/03 10:44:28.750 Add Basket MarketNo¡G2 StockIdx¡G1
[9328] 2016/03/03 10:44:28.750 Divide StockNo {TX04}
[9328] 2016/03/03 10:44:28.750 Add Basket MarketNo¡G2 StockIdx¡G2
[9328] 2016/03/03 10:44:28.751 Divide StockNo {TX06}
[9328] 2016/03/03 10:44:28.751 Add Basket MarketNo¡G2 StockIdx¡G3
[9328] 2016/03/03 10:44:28.752 Divide StockNo {TX09}
[9328] 2016/03/03 10:44:28.752 Add Basket MarketNo¡G2 StockIdx¡G4
[9328] 2016/03/03 10:44:28.753 Divide StockNo {TX12}
[9328] 2016/03/03 10:44:28.753 Add Basket MarketNo¡G2 StockIdx¡G5
[9328] 2016/03/03 10:44:28.754 Divide StockNo {TE00}
[9328] 2016/03/03 10:44:28.754 Add Basket MarketNo¡G2 StockIdx¡G14
[9328] 2016/03/03 10:44:28.754 Divide StockNo {TE03}
[9328] 2016/03/03 10:44:28.755 Add Basket MarketNo¡G2 StockIdx¡G15
[9328] 2016/03/03 10:44:28.755 Divide StockNo {TE04}
[9328] 2016/03/03 10:44:28.756 Add Basket MarketNo¡G2 StockIdx¡G16
[9328] 2016/03/03 10:44:28.756 Divide StockNo {TE06}
[9328] 2016/03/03 10:44:28.756 Add Basket MarketNo¡G2 StockIdx¡G17
[9328] 2016/03/03 10:44:28.757 Divide StockNo {TE09}
[9328] 2016/03/03 10:44:28.757 Add Basket MarketNo¡G2 StockIdx¡G18
[9328] 2016/03/03 10:44:28.758 Divide StockNo {TE12}
[9328] 2016/03/03 10:44:28.758 Add Basket MarketNo¡G2 StockIdx¡G19
[9328] 2016/03/03 10:44:28.759 Divide StockNo {TF00}
[9328] 2016/03/03 10:44:28.759 Add Basket MarketNo¡G2 StockIdx¡G20
[9328] 2016/03/03 10:44:28.759 Divide StockNo {TF03}
[9328] 2016/03/03 10:44:28.760 Add Basket MarketNo¡G2 StockIdx¡G21
[9328] 2016/03/03 10:44:28.760 Divide StockNo {TF04}
[9328] 2016/03/03 10:44:28.761 Add Basket MarketNo¡G2 StockIdx¡G22
[9328] 2016/03/03 10:44:28.761 Divide StockNo {TF06}
[9328] 2016/03/03 10:44:28.761 Add Basket MarketNo¡G2 StockIdx¡G23
[9328] 2016/03/03 10:44:28.762 Divide StockNo {TF09}
[9328] 2016/03/03 10:44:28.762 Add Basket MarketNo¡G2 StockIdx¡G24
[9328] 2016/03/03 10:44:28.763 Divide StockNo {TF12}
[9328] 2016/03/03 10:44:28.763 Add Basket MarketNo¡G2 StockIdx¡G25
[9328] 2016/03/03 10:44:28.763 SKQuoteLib_RequestStocks Page 1
[9328] 2016/03/03 10:44:28.766 SKQuoteLib_RequestTicks (0,TSEA)
[9328] 2016/03/03 10:44:28.767 SKQuoteLib_RequestTicks (0,TX00)
[9328] 2016/03/03 10:44:28.767 SKQuoteLib_RequestTicks (0,TX03)
[9328] 2016/03/03 10:44:28.768 SKQuoteLib_RequestTicks (0,TX04)
[9328] 2016/03/03 10:44:28.769 SKQuoteLib_RequestTicks (0,TX06)
[9328] 2016/03/03 10:44:28.770 SKQuoteLib_RequestTicks (0,TX09)
[9328] 2016/03/03 10:44:28.770 SKQuoteLib_RequestTicks (0,TX12)
[9328] 2016/03/03 10:44:28.771 SKQuoteLib_RequestTicks (0,TE00)
[9328] 2016/03/03 10:44:28.772 SKQuoteLib_RequestTicks (0,TE03)
[9328] 2016/03/03 10:44:28.772 SKQuoteLib_RequestTicks (0,TE04)
[9328] 2016/03/03 10:44:28.773 SKQuoteLib_RequestTicks (0,TE06)
[9328] 2016/03/03 10:44:28.773 SKQuoteLib_RequestTicks (0,TE09)
[9328] 2016/03/03 10:44:28.774 SKQuoteLib_RequestTicks (0,TE12)
[9328] 2016/03/03 10:44:28.775 SKQuoteLib_RequestTicks (0,TF00)
[9328] 2016/03/03 10:44:28.775 SKQuoteLib_RequestTicks (0,TF03)
[9328] 2016/03/03 10:44:28.776 SKQuoteLib_RequestTicks (0,TF04)
[9328] 2016/03/03 10:44:28.776 SKQuoteLib_RequestTicks (0,TF06)
[9328] 2016/03/03 10:44:28.777 SKQuoteLib_RequestTicks (0,TF09)
[9328] 2016/03/03 10:44:28.777 SKQuoteLib_RequestTicks (0,TF12)
[8204] 2016/03/03 10:47:04.602 API InitInstance 
[8204] 2016/03/03 10:47:04.604 SKQuoteLib_Initialize ¡GB222875498
[8204] 2016/03/03 10:47:04.605 SKQuoteLib_Initialize ¡Ghttps://order2.capital.com.tw/
[8204] 2016/03/03 10:47:05.097 SKQuoteLib_Initialize  SUCCESS 
[8204] 2016/03/03 10:47:05.103 SKQuoteLib_EnterMonitor IP¡Ginfo10.capital.com.tw
[8204] 2016/03/03 10:47:05.106 SKQuoteLib_AttachConnectionCallBack 
[8204] 2016/03/03 10:47:05.108 SKQuoteLib_AttachQuoteCallBack 
[8204] 2016/03/03 10:47:05.109 SKQuoteLib_AttachBest5CallBack 
[8204] 2016/03/03 10:47:05.460 SocketConnect Type¡G100  ErrorCode¡G0
[8204] 2016/03/03 10:47:06.788 Stocks Ready
[8204] 2016/03/03 10:47:22.552 SKQuoteLib_RequestStocks (1,TSEA,TX00,TX03,TX04,TX06,TX09,TX12,TE00,TE03,TE04,TE06,TE09,TE12,TF00,TF03,TF04,TF06,TF09,TF12)
[8204] 2016/03/03 10:47:22.553 Divide StockNo {TSEA}
[8204] 2016/03/03 10:47:22.553 Add Basket MarketNo¡G0 StockIdx¡G10649
[8204] 2016/03/03 10:47:22.554 Divide StockNo {TX00}
[8204] 2016/03/03 10:47:22.554 Add Basket MarketNo¡G2 StockIdx¡G0
[8204] 2016/03/03 10:47:22.554 Divide StockNo {TX03}
[8204] 2016/03/03 10:47:22.555 Add Basket MarketNo¡G2 StockIdx¡G1
[8204] 2016/03/03 10:47:22.555 Divide StockNo {TX04}
[8204] 2016/03/03 10:47:22.556 Add Basket MarketNo¡G2 StockIdx¡G2
[8204] 2016/03/03 10:47:22.556 Divide StockNo {TX06}
[8204] 2016/03/03 10:47:22.556 Add Basket MarketNo¡G2 StockIdx¡G3
[8204] 2016/03/03 10:47:22.557 Divide StockNo {TX09}
[8204] 2016/03/03 10:47:22.557 Add Basket MarketNo¡G2 StockIdx¡G4
[8204] 2016/03/03 10:47:22.558 Divide StockNo {TX12}
[8204] 2016/03/03 10:47:22.558 Add Basket MarketNo¡G2 StockIdx¡G5
[8204] 2016/03/03 10:47:22.558 Divide StockNo {TE00}
[8204] 2016/03/03 10:47:22.559 Add Basket MarketNo¡G2 StockIdx¡G14
[8204] 2016/03/03 10:47:22.559 Divide StockNo {TE03}
[8204] 2016/03/03 10:47:22.559 Add Basket MarketNo¡G2 StockIdx¡G15
[8204] 2016/03/03 10:47:22.560 Divide StockNo {TE04}
[8204] 2016/03/03 10:47:22.560 Add Basket MarketNo¡G2 StockIdx¡G16
[8204] 2016/03/03 10:47:22.561 Divide StockNo {TE06}
[8204] 2016/03/03 10:47:22.561 Add Basket MarketNo¡G2 StockIdx¡G17
[8204] 2016/03/03 10:47:22.561 Divide StockNo {TE09}
[8204] 2016/03/03 10:47:22.562 Add Basket MarketNo¡G2 StockIdx¡G18
[8204] 2016/03/03 10:47:22.562 Divide StockNo {TE12}
[8204] 2016/03/03 10:47:22.562 Add Basket MarketNo¡G2 StockIdx¡G19
[8204] 2016/03/03 10:47:22.563 Divide StockNo {TF00}
[8204] 2016/03/03 10:47:22.563 Add Basket MarketNo¡G2 StockIdx¡G20
[8204] 2016/03/03 10:47:22.564 Divide StockNo {TF03}
[8204] 2016/03/03 10:47:22.564 Add Basket MarketNo¡G2 StockIdx¡G21
[8204] 2016/03/03 10:47:22.564 Divide StockNo {TF04}
[8204] 2016/03/03 10:47:22.565 Add Basket MarketNo¡G2 StockIdx¡G22
[8204] 2016/03/03 10:47:22.565 Divide StockNo {TF06}
[8204] 2016/03/03 10:47:22.566 Add Basket MarketNo¡G2 StockIdx¡G23
[8204] 2016/03/03 10:47:22.566 Divide StockNo {TF09}
[8204] 2016/03/03 10:47:22.566 Add Basket MarketNo¡G2 StockIdx¡G24
[8204] 2016/03/03 10:47:22.567 Divide StockNo {TF12}
[8204] 2016/03/03 10:47:22.567 Add Basket MarketNo¡G2 StockIdx¡G25
[8204] 2016/03/03 10:47:22.568 SKQuoteLib_RequestStocks Page 1
[8204] 2016/03/03 10:47:22.570 SKQuoteLib_RequestTicks (0,TSEA)
[8204] 2016/03/03 10:47:22.571 SKQuoteLib_RequestTicks (0,TX00)
[8204] 2016/03/03 10:47:22.571 SKQuoteLib_RequestTicks (0,TX03)
[8204] 2016/03/03 10:47:22.571 SKQuoteLib_RequestTicks (0,TX04)
[8204] 2016/03/03 10:47:22.572 SKQuoteLib_RequestTicks (0,TX06)
[8204] 2016/03/03 10:47:22.572 SKQuoteLib_RequestTicks (0,TX09)
[8204] 2016/03/03 10:47:22.574 SKQuoteLib_RequestTicks (0,TX12)
[8204] 2016/03/03 10:47:22.574 SKQuoteLib_RequestTicks (0,TE00)
[8204] 2016/03/03 10:47:22.575 SKQuoteLib_RequestTicks (0,TE03)
[8204] 2016/03/03 10:47:22.576 SKQuoteLib_RequestTicks (0,TE04)
[8204] 2016/03/03 10:47:22.576 SKQuoteLib_RequestTicks (0,TE06)
[8204] 2016/03/03 10:47:22.577 SKQuoteLib_RequestTicks (0,TE09)
[8204] 2016/03/03 10:47:22.577 SKQuoteLib_RequestTicks (0,TE12)
[8204] 2016/03/03 10:47:22.578 SKQuoteLib_RequestTicks (0,TF00)
[8204] 2016/03/03 10:47:22.578 SKQuoteLib_RequestTicks (0,TF03)
[8204] 2016/03/03 10:47:22.579 SKQuoteLib_RequestTicks (0,TF04)
[8204] 2016/03/03 10:47:22.579 SKQuoteLib_RequestTicks (0,TF06)
[8204] 2016/03/03 10:47:22.580 SKQuoteLib_RequestTicks (0,TF09)
[8204] 2016/03/03 10:47:22.580 SKQuoteLib_RequestTicks (0,TF12)
[8204] 2016/03/03 10:48:05.461 Check Link Status 
[8204] 2016/03/03 10:49:05.458 Check Link Status 
[8204] 2016/03/03 10:50:05.463 Check Link Status 
[8204] 2016/03/03 10:51:05.463 Check Link Status 
[8204] 2016/03/03 10:52:05.458 Check Link Status 
[8204] 2016/03/03 10:53:05.460 Check Link Status 
[8204] 2016/03/03 10:54:05.458 Check Link Status 
[8204] 2016/03/03 10:55:05.460 Check Link Status 
[8204] 2016/03/03 10:56:05.464 Check Link Status 
[8204] 2016/03/03 10:57:05.463 Check Link Status 
[8204] 2016/03/03 10:58:05.463 Check Link Status 
[8204] 2016/03/03 10:59:05.458 Check Link Status 
[8204] 2016/03/03 11:00:05.458 Check Link Status 
[8204] 2016/03/03 11:01:05.464 Check Link Status 
[8204] 2016/03/03 11:02:05.459 Check Link Status 
[8204] 2016/03/03 11:03:05.457 Check Link Status 
[8204] 2016/03/03 11:04:05.457 Check Link Status 
[8204] 2016/03/03 11:05:05.466 Check Link Status 
[8204] 2016/03/03 11:06:05.461 Check Link Status 
[8204] 2016/03/03 11:07:05.457 Check Link Status 
[8204] 2016/03/03 11:08:05.457 Check Link Status 
[8204] 2016/03/03 11:09:05.460 Check Link Status 
[8204] 2016/03/03 11:10:05.463 Check Link Status 
[8204] 2016/03/03 11:11:05.462 Check Link Status 
[8204] 2016/03/03 11:12:05.458 Check Link Status 
[8204] 2016/03/03 11:13:05.457 Check Link Status 
[8204] 2016/03/03 11:14:05.457 Check Link Status 
[8204] 2016/03/03 11:15:05.457 Check Link Status 
[8204] 2016/03/03 11:16:05.457 Check Link Status 
[8204] 2016/03/03 11:17:05.457 Check Link Status 
[8204] 2016/03/03 11:18:05.457 Check Link Status 
[8204] 2016/03/03 11:19:05.458 Check Link Status 
[11908] 2016/03/03 11:19:12.583 API InitInstance 
[11908] 2016/03/03 11:19:12.585 SKQuoteLib_Initialize ¡GB222875498
[11908] 2016/03/03 11:19:12.586 SKQuoteLib_Initialize ¡Ghttps://order2.capital.com.tw/
[11908] 2016/03/03 11:19:13.798 SKQuoteLib_Initialize  SUCCESS 
[11908] 2016/03/03 11:19:13.818 SKQuoteLib_EnterMonitor IP¡Ginfo8.capital.com.tw
[11908] 2016/03/03 11:19:13.820 SKQuoteLib_AttachConnectionCallBack 
[11908] 2016/03/03 11:19:13.820 SKQuoteLib_AttachQuoteCallBack 
[11908] 2016/03/03 11:19:13.821 SKQuoteLib_AttachBest5CallBack 
[11908] 2016/03/03 11:19:14.890 SocketConnect Type¡G100  ErrorCode¡G0
[11908] 2016/03/03 11:19:16.207 Stocks Ready
[11908] 2016/03/03 11:19:31.998 SKQuoteLib_RequestStocks (1,TSEA,TX00,TX03,TX04,TX06,TX09,TX12,TE00,TE03,TE04,TE06,TE09,TE12,TF00,TF03,TF04,TF06,TF09,TF12)
[11908] 2016/03/03 11:19:31.999 Divide StockNo {TSEA}
[11908] 2016/03/03 11:19:31.999 Add Basket MarketNo¡G0 StockIdx¡G10649
[11908] 2016/03/03 11:19:32.000 Divide StockNo {TX00}
[11908] 2016/03/03 11:19:32.000 Add Basket MarketNo¡G2 StockIdx¡G0
[11908] 2016/03/03 11:19:32.001 Divide StockNo {TX03}
[11908] 2016/03/03 11:19:32.001 Add Basket MarketNo¡G2 StockIdx¡G1
[11908] 2016/03/03 11:19:32.001 Divide StockNo {TX04}
[11908] 2016/03/03 11:19:32.002 Add Basket MarketNo¡G2 StockIdx¡G2
[11908] 2016/03/03 11:19:32.002 Divide StockNo {TX06}
[11908] 2016/03/03 11:19:32.003 Add Basket MarketNo¡G2 StockIdx¡G3
[11908] 2016/03/03 11:19:32.003 Divide StockNo {TX09}
[11908] 2016/03/03 11:19:32.003 Add Basket MarketNo¡G2 StockIdx¡G4
[11908] 2016/03/03 11:19:32.004 Divide StockNo {TX12}
[11908] 2016/03/03 11:19:32.004 Add Basket MarketNo¡G2 StockIdx¡G5
[11908] 2016/03/03 11:19:32.005 Divide StockNo {TE00}
[11908] 2016/03/03 11:19:32.005 Add Basket MarketNo¡G2 StockIdx¡G14
[11908] 2016/03/03 11:19:32.006 Divide StockNo {TE03}
[11908] 2016/03/03 11:19:32.006 Add Basket MarketNo¡G2 StockIdx¡G15
[11908] 2016/03/03 11:19:32.006 Divide StockNo {TE04}
[11908] 2016/03/03 11:19:32.007 Add Basket MarketNo¡G2 StockIdx¡G16
[11908] 2016/03/03 11:19:32.007 Divide StockNo {TE06}
[11908] 2016/03/03 11:19:32.008 Add Basket MarketNo¡G2 StockIdx¡G17
[11908] 2016/03/03 11:19:32.008 Divide StockNo {TE09}
[11908] 2016/03/03 11:19:32.008 Add Basket MarketNo¡G2 StockIdx¡G18
[11908] 2016/03/03 11:19:32.009 Divide StockNo {TE12}
[11908] 2016/03/03 11:19:32.009 Add Basket MarketNo¡G2 StockIdx¡G19
[11908] 2016/03/03 11:19:32.010 Divide StockNo {TF00}
[11908] 2016/03/03 11:19:32.010 Add Basket MarketNo¡G2 StockIdx¡G20
[11908] 2016/03/03 11:19:32.010 Divide StockNo {TF03}
[11908] 2016/03/03 11:19:32.011 Add Basket MarketNo¡G2 StockIdx¡G21
[11908] 2016/03/03 11:19:32.011 Divide StockNo {TF04}
[11908] 2016/03/03 11:19:32.012 Add Basket MarketNo¡G2 StockIdx¡G22
[11908] 2016/03/03 11:19:32.012 Divide StockNo {TF06}
[11908] 2016/03/03 11:19:32.012 Add Basket MarketNo¡G2 StockIdx¡G23
[11908] 2016/03/03 11:19:32.013 Divide StockNo {TF09}
[11908] 2016/03/03 11:19:32.013 Add Basket MarketNo¡G2 StockIdx¡G24
[11908] 2016/03/03 11:19:32.014 Divide StockNo {TF12}
[11908] 2016/03/03 11:19:32.014 Add Basket MarketNo¡G2 StockIdx¡G25
[11908] 2016/03/03 11:19:32.014 SKQuoteLib_RequestStocks Page 1
[11908] 2016/03/03 11:19:32.017 SKQuoteLib_RequestTicks (0,TSEA)
[11908] 2016/03/03 11:19:32.017 SKQuoteLib_RequestTicks (0,TX00)
[11908] 2016/03/03 11:19:32.018 SKQuoteLib_RequestTicks (0,TX03)
[11908] 2016/03/03 11:19:32.018 SKQuoteLib_RequestTicks (0,TX04)
[11908] 2016/03/03 11:19:32.019 SKQuoteLib_RequestTicks (0,TX06)
[11908] 2016/03/03 11:19:32.019 SKQuoteLib_RequestTicks (0,TX09)
[11908] 2016/03/03 11:19:32.020 SKQuoteLib_RequestTicks (0,TX12)
[11908] 2016/03/03 11:19:32.021 SKQuoteLib_RequestTicks (0,TE00)
[11908] 2016/03/03 11:19:32.021 SKQuoteLib_RequestTicks (0,TE03)
[11908] 2016/03/03 11:19:32.022 SKQuoteLib_RequestTicks (0,TE04)
[11908] 2016/03/03 11:19:32.022 SKQuoteLib_RequestTicks (0,TE06)
[11908] 2016/03/03 11:19:32.023 SKQuoteLib_RequestTicks (0,TE09)
[11908] 2016/03/03 11:19:32.024 SKQuoteLib_RequestTicks (0,TE12)
[11908] 2016/03/03 11:19:32.024 SKQuoteLib_RequestTicks (0,TF00)
[11908] 2016/03/03 11:19:32.025 SKQuoteLib_RequestTicks (0,TF03)
[11908] 2016/03/03 11:19:32.025 SKQuoteLib_RequestTicks (0,TF04)
[11908] 2016/03/03 11:19:32.026 SKQuoteLib_RequestTicks (0,TF06)
[11908] 2016/03/03 11:19:32.026 SKQuoteLib_RequestTicks (0,TF09)
[11908] 2016/03/03 11:19:32.027 SKQuoteLib_RequestTicks (0,TF12)
[11908] 2016/03/03 11:20:14.881 Check Link Status 
[11908] 2016/03/03 11:21:14.881 Check Link Status 
[10788] 2016/03/03 11:21:47.369 API InitInstance 
[10788] 2016/03/03 11:21:47.371 SKQuoteLib_Initialize ¡GB222875498
[10788] 2016/03/03 11:21:47.372 SKQuoteLib_Initialize ¡Ghttps://order2.capital.com.tw/
[10788] 2016/03/03 11:21:48.038 SKQuoteLib_Initialize  SUCCESS 
[10788] 2016/03/03 11:21:48.059 SKQuoteLib_EnterMonitor IP¡Ginfo16.capital.com.tw
[10788] 2016/03/03 11:21:48.063 SKQuoteLib_AttachConnectionCallBack 
[10788] 2016/03/03 11:21:48.064 SKQuoteLib_AttachQuoteCallBack 
[10788] 2016/03/03 11:21:48.065 SKQuoteLib_AttachBest5CallBack 
[10788] 2016/03/03 11:21:48.656 SocketConnect Type¡G100  ErrorCode¡G0
[10788] 2016/03/03 11:21:50.145 Stocks Ready
[10788] 2016/03/03 11:22:05.747 SKQuoteLib_RequestStocks (1,TSEA,TX00,TX03,TX04,TX06,TX09,TX12,TE00,TE03,TE04,TE06,TE09,TE12,TF00,TF03,TF04,TF06,TF09,TF12)
[10788] 2016/03/03 11:22:05.748 Divide StockNo {TSEA}
[10788] 2016/03/03 11:22:05.749 Add Basket MarketNo¡G0 StockIdx¡G10649
[10788] 2016/03/03 11:22:05.749 Divide StockNo {TX00}
[10788] 2016/03/03 11:22:05.750 Add Basket MarketNo¡G2 StockIdx¡G0
[10788] 2016/03/03 11:22:05.750 Divide StockNo {TX03}
[10788] 2016/03/03 11:22:05.750 Add Basket MarketNo¡G2 StockIdx¡G1
[10788] 2016/03/03 11:22:05.751 Divide StockNo {TX04}
[10788] 2016/03/03 11:22:05.751 Add Basket MarketNo¡G2 StockIdx¡G2
[10788] 2016/03/03 11:22:05.752 Divide StockNo {TX06}
[10788] 2016/03/03 11:22:05.752 Add Basket MarketNo¡G2 StockIdx¡G3
[10788] 2016/03/03 11:22:05.752 Divide StockNo {TX09}
[10788] 2016/03/03 11:22:05.753 Add Basket MarketNo¡G2 StockIdx¡G4
[10788] 2016/03/03 11:22:05.753 Divide StockNo {TX12}
[10788] 2016/03/03 11:22:05.754 Add Basket MarketNo¡G2 StockIdx¡G5
[10788] 2016/03/03 11:22:05.754 Divide StockNo {TE00}
[10788] 2016/03/03 11:22:05.754 Add Basket MarketNo¡G2 StockIdx¡G14
[10788] 2016/03/03 11:22:05.755 Divide StockNo {TE03}
[10788] 2016/03/03 11:22:05.755 Add Basket MarketNo¡G2 StockIdx¡G15
[10788] 2016/03/03 11:22:05.756 Divide StockNo {TE04}
[10788] 2016/03/03 11:22:05.756 Add Basket MarketNo¡G2 StockIdx¡G16
[10788] 2016/03/03 11:22:05.757 Divide StockNo {TE06}
[10788] 2016/03/03 11:22:05.757 Add Basket MarketNo¡G2 StockIdx¡G17
[10788] 2016/03/03 11:22:05.757 Divide StockNo {TE09}
[10788] 2016/03/03 11:22:05.758 Add Basket MarketNo¡G2 StockIdx¡G18
[10788] 2016/03/03 11:22:05.758 Divide StockNo {TE12}
[10788] 2016/03/03 11:22:05.759 Add Basket MarketNo¡G2 StockIdx¡G19
[10788] 2016/03/03 11:22:05.759 Divide StockNo {TF00}
[10788] 2016/03/03 11:22:05.759 Add Basket MarketNo¡G2 StockIdx¡G20
[10788] 2016/03/03 11:22:05.760 Divide StockNo {TF03}
[10788] 2016/03/03 11:22:05.760 Add Basket MarketNo¡G2 StockIdx¡G21
[10788] 2016/03/03 11:22:05.761 Divide StockNo {TF04}
[10788] 2016/03/03 11:22:05.761 Add Basket MarketNo¡G2 StockIdx¡G22
[10788] 2016/03/03 11:22:05.761 Divide StockNo {TF06}
[10788] 2016/03/03 11:22:05.762 Add Basket MarketNo¡G2 StockIdx¡G23
[10788] 2016/03/03 11:22:05.762 Divide StockNo {TF09}
[10788] 2016/03/03 11:22:05.763 Add Basket MarketNo¡G2 StockIdx¡G24
[10788] 2016/03/03 11:22:05.763 Divide StockNo {TF12}
[10788] 2016/03/03 11:22:05.763 Add Basket MarketNo¡G2 StockIdx¡G25
[10788] 2016/03/03 11:22:05.764 SKQuoteLib_RequestStocks Page 1
[10788] 2016/03/03 11:22:05.766 SKQuoteLib_RequestTicks (0,TSEA)
[10788] 2016/03/03 11:22:05.766 SKQuoteLib_RequestTicks (0,TX00)
[10788] 2016/03/03 11:22:05.767 SKQuoteLib_RequestTicks (0,TX03)
[10788] 2016/03/03 11:22:05.768 SKQuoteLib_RequestTicks (0,TX04)
[10788] 2016/03/03 11:22:05.768 SKQuoteLib_RequestTicks (0,TX06)
[10788] 2016/03/03 11:22:05.769 SKQuoteLib_RequestTicks (0,TX09)
[10788] 2016/03/03 11:22:05.769 SKQuoteLib_RequestTicks (0,TX12)
[10788] 2016/03/03 11:22:05.770 SKQuoteLib_RequestTicks (0,TE00)
[10788] 2016/03/03 11:22:05.771 SKQuoteLib_RequestTicks (0,TE03)
[10788] 2016/03/03 11:22:05.772 SKQuoteLib_RequestTicks (0,TE04)
[10788] 2016/03/03 11:22:05.772 SKQuoteLib_RequestTicks (0,TE06)
[10788] 2016/03/03 11:22:05.773 SKQuoteLib_RequestTicks (0,TE09)
[10788] 2016/03/03 11:22:05.773 SKQuoteLib_RequestTicks (0,TE12)
[10788] 2016/03/03 11:22:05.774 SKQuoteLib_RequestTicks (0,TF00)
[10788] 2016/03/03 11:22:05.775 SKQuoteLib_RequestTicks (0,TF03)
[10788] 2016/03/03 11:22:05.775 SKQuoteLib_RequestTicks (0,TF04)
[10788] 2016/03/03 11:22:05.776 SKQuoteLib_RequestTicks (0,TF06)
[10788] 2016/03/03 11:22:05.776 SKQuoteLib_RequestTicks (0,TF09)
[10788] 2016/03/03 11:22:05.777 SKQuoteLib_RequestTicks (0,TF12)
[12600] 2016/03/03 11:23:02.545 API InitInstance 
[12600] 2016/03/03 11:23:02.549 SKQuoteLib_Initialize ¡GB222875498
[12600] 2016/03/03 11:23:02.549 SKQuoteLib_Initialize ¡Ghttps://order2.capital.com.tw/
[12600] 2016/03/03 11:23:03.318 SKQuoteLib_Initialize  SUCCESS 
[12600] 2016/03/03 11:23:03.337 SKQuoteLib_EnterMonitor IP¡Ginfo10.capital.com.tw
[12600] 2016/03/03 11:23:03.340 SKQuoteLib_AttachConnectionCallBack 
[12600] 2016/03/03 11:23:03.341 SKQuoteLib_AttachQuoteCallBack 
[12600] 2016/03/03 11:23:03.341 SKQuoteLib_AttachBest5CallBack 
[12600] 2016/03/03 11:23:03.837 SocketConnect Type¡G100  ErrorCode¡G0
[12600] 2016/03/03 11:23:05.219 Stocks Ready
[12600] 2016/03/03 11:23:20.933 SKQuoteLib_RequestStocks (1,TSEA,TX00,TX03,TX04,TX06,TX09,TX12,TE00,TE03,TE04,TE06,TE09,TE12,TF00,TF03,TF04,TF06,TF09,TF12)
[12600] 2016/03/03 11:23:20.934 Divide StockNo {TSEA}
[12600] 2016/03/03 11:23:20.935 Add Basket MarketNo¡G0 StockIdx¡G10649
[12600] 2016/03/03 11:23:20.935 Divide StockNo {TX00}
[12600] 2016/03/03 11:23:20.935 Add Basket MarketNo¡G2 StockIdx¡G0
[12600] 2016/03/03 11:23:20.936 Divide StockNo {TX03}
[12600] 2016/03/03 11:23:20.936 Add Basket MarketNo¡G2 StockIdx¡G1
[12600] 2016/03/03 11:23:20.937 Divide StockNo {TX04}
[12600] 2016/03/03 11:23:20.937 Add Basket MarketNo¡G2 StockIdx¡G2
[12600] 2016/03/03 11:23:20.938 Divide StockNo {TX06}
[12600] 2016/03/03 11:23:20.938 Add Basket MarketNo¡G2 StockIdx¡G3
[12600] 2016/03/03 11:23:20.938 Divide StockNo {TX09}
[12600] 2016/03/03 11:23:20.939 Add Basket MarketNo¡G2 StockIdx¡G4
[12600] 2016/03/03 11:23:20.939 Divide StockNo {TX12}
[12600] 2016/03/03 11:23:20.939 Add Basket MarketNo¡G2 StockIdx¡G5
[12600] 2016/03/03 11:23:20.940 Divide StockNo {TE00}
[12600] 2016/03/03 11:23:20.940 Add Basket MarketNo¡G2 StockIdx¡G14
[12600] 2016/03/03 11:23:20.941 Divide StockNo {TE03}
[12600] 2016/03/03 11:23:20.941 Add Basket MarketNo¡G2 StockIdx¡G15
[12600] 2016/03/03 11:23:20.942 Divide StockNo {TE04}
[12600] 2016/03/03 11:23:20.942 Add Basket MarketNo¡G2 StockIdx¡G16
[12600] 2016/03/03 11:23:20.943 Divide StockNo {TE06}
[12600] 2016/03/03 11:23:20.943 Add Basket MarketNo¡G2 StockIdx¡G17
[12600] 2016/03/03 11:23:20.943 Divide StockNo {TE09}
[12600] 2016/03/03 11:23:20.944 Add Basket MarketNo¡G2 StockIdx¡G18
[12600] 2016/03/03 11:23:20.944 Divide StockNo {TE12}
[12600] 2016/03/03 11:23:20.945 Add Basket MarketNo¡G2 StockIdx¡G19
[12600] 2016/03/03 11:23:20.945 Divide StockNo {TF00}
[12600] 2016/03/03 11:23:20.945 Add Basket MarketNo¡G2 StockIdx¡G20
[12600] 2016/03/03 11:23:20.946 Divide StockNo {TF03}
[12600] 2016/03/03 11:23:20.946 Add Basket MarketNo¡G2 StockIdx¡G21
[12600] 2016/03/03 11:23:20.947 Divide StockNo {TF04}
[12600] 2016/03/03 11:23:20.947 Add Basket MarketNo¡G2 StockIdx¡G22
[12600] 2016/03/03 11:23:20.947 Divide StockNo {TF06}
[12600] 2016/03/03 11:23:20.948 Add Basket MarketNo¡G2 StockIdx¡G23
[12600] 2016/03/03 11:23:20.948 Divide StockNo {TF09}
[12600] 2016/03/03 11:23:20.949 Add Basket MarketNo¡G2 StockIdx¡G24
[12600] 2016/03/03 11:23:20.949 Divide StockNo {TF12}
[12600] 2016/03/03 11:23:20.949 Add Basket MarketNo¡G2 StockIdx¡G25
[12600] 2016/03/03 11:23:20.950 SKQuoteLib_RequestStocks Page 1
[12600] 2016/03/03 11:23:20.952 SKQuoteLib_RequestTicks (0,TSEA)
[12600] 2016/03/03 11:23:20.953 SKQuoteLib_RequestTicks (0,TX00)
[12600] 2016/03/03 11:23:20.953 SKQuoteLib_RequestTicks (0,TX03)
[12600] 2016/03/03 11:23:20.954 SKQuoteLib_RequestTicks (0,TX04)
[12600] 2016/03/03 11:23:20.954 SKQuoteLib_RequestTicks (0,TX06)
[12600] 2016/03/03 11:23:20.955 SKQuoteLib_RequestTicks (0,TX09)
[12600] 2016/03/03 11:23:20.955 SKQuoteLib_RequestTicks (0,TX12)
[12600] 2016/03/03 11:23:20.956 SKQuoteLib_RequestTicks (0,TE00)
[12600] 2016/03/03 11:23:20.956 SKQuoteLib_RequestTicks (0,TE03)
[12600] 2016/03/03 11:23:20.957 SKQuoteLib_RequestTicks (0,TE04)
[12600] 2016/03/03 11:23:20.957 SKQuoteLib_RequestTicks (0,TE06)
[12600] 2016/03/03 11:23:20.958 SKQuoteLib_RequestTicks (0,TE09)
[12600] 2016/03/03 11:23:20.958 SKQuoteLib_RequestTicks (0,TE12)
[12600] 2016/03/03 11:23:20.959 SKQuoteLib_RequestTicks (0,TF00)
[12600] 2016/03/03 11:23:20.960 SKQuoteLib_RequestTicks (0,TF03)
[12600] 2016/03/03 11:23:20.960 SKQuoteLib_RequestTicks (0,TF04)
[12600] 2016/03/03 11:23:20.961 SKQuoteLib_RequestTicks (0,TF06)
[12600] 2016/03/03 11:23:20.961 SKQuoteLib_RequestTicks (0,TF09)
[12600] 2016/03/03 11:23:20.962 SKQuoteLib_RequestTicks (0,TF12)
[12600] 2016/03/03 11:24:03.833 Check Link Status 
[12600] 2016/03/03 11:25:03.833 Check Link Status 
[12600] 2016/03/03 11:26:03.832 Check Link Status 
[12600] 2016/03/03 11:27:26.600 Check Link Status 
[12600] 2016/03/03 11:28:28.838 Check Link Status 
[12600] 2016/03/03 11:29:03.833 Check Link Status 
[12600] 2016/03/03 11:30:06.397 Check Link Status 
[760] 2016/03/03 11:34:06.468 API InitInstance 
[760] 2016/03/03 11:34:06.471 SKQuoteLib_Initialize ¡GB222875498
[760] 2016/03/03 11:34:06.471 SKQuoteLib_Initialize ¡Ghttps://order2.capital.com.tw/
[760] 2016/03/03 11:34:07.110 SKQuoteLib_Initialize  SUCCESS 
[760] 2016/03/03 11:34:07.134 SKQuoteLib_EnterMonitor IP¡Ginfo16.capital.com.tw
[760] 2016/03/03 11:34:07.136 SKQuoteLib_AttachConnectionCallBack 
[760] 2016/03/03 11:34:07.137 SKQuoteLib_AttachQuoteCallBack 
[760] 2016/03/03 11:34:07.137 SKQuoteLib_AttachBest5CallBack 
[760] 2016/03/03 11:34:08.212 SocketConnect Type¡G100  ErrorCode¡G0
[760] 2016/03/03 11:34:09.525 Stocks Ready
[760] 2016/03/03 11:34:25.298 SKQuoteLib_RequestStocks (1,TSEA,TX00,TX03,TX04,TX06,TX09,TX12,TE00,TE03,TE04,TE06,TE09,TE12,TF00,TF03,TF04,TF06,TF09,TF12)
[760] 2016/03/03 11:34:25.299 Divide StockNo {TSEA}
[760] 2016/03/03 11:34:25.300 Add Basket MarketNo¡G0 StockIdx¡G10649
[760] 2016/03/03 11:34:25.300 Divide StockNo {TX00}
[760] 2016/03/03 11:34:25.300 Add Basket MarketNo¡G2 StockIdx¡G0
[760] 2016/03/03 11:34:25.301 Divide StockNo {TX03}
[760] 2016/03/03 11:34:25.301 Add Basket MarketNo¡G2 StockIdx¡G1
[760] 2016/03/03 11:34:25.302 Divide StockNo {TX04}
[760] 2016/03/03 11:34:25.302 Add Basket MarketNo¡G2 StockIdx¡G2
[760] 2016/03/03 11:34:25.302 Divide StockNo {TX06}
[760] 2016/03/03 11:34:25.303 Add Basket MarketNo¡G2 StockIdx¡G3
[760] 2016/03/03 11:34:25.303 Divide StockNo {TX09}
[760] 2016/03/03 11:34:25.303 Add Basket MarketNo¡G2 StockIdx¡G4
[760] 2016/03/03 11:34:25.304 Divide StockNo {TX12}
[760] 2016/03/03 11:34:25.304 Add Basket MarketNo¡G2 StockIdx¡G5
[760] 2016/03/03 11:34:25.305 Divide StockNo {TE00}
[760] 2016/03/03 11:34:25.305 Add Basket MarketNo¡G2 StockIdx¡G14
[760] 2016/03/03 11:34:25.305 Divide StockNo {TE03}
[760] 2016/03/03 11:34:25.306 Add Basket MarketNo¡G2 StockIdx¡G15
[760] 2016/03/03 11:34:25.306 Divide StockNo {TE04}
[760] 2016/03/03 11:34:25.307 Add Basket MarketNo¡G2 StockIdx¡G16
[760] 2016/03/03 11:34:25.307 Divide StockNo {TE06}
[760] 2016/03/03 11:34:25.307 Add Basket MarketNo¡G2 StockIdx¡G17
[760] 2016/03/03 11:34:25.308 Divide StockNo {TE09}
[760] 2016/03/03 11:34:25.308 Add Basket MarketNo¡G2 StockIdx¡G18
[760] 2016/03/03 11:34:25.308 Divide StockNo {TE12}
[760] 2016/03/03 11:34:25.309 Add Basket MarketNo¡G2 StockIdx¡G19
[760] 2016/03/03 11:34:25.309 Divide StockNo {TF00}
[760] 2016/03/03 11:34:25.310 Add Basket MarketNo¡G2 StockIdx¡G20
[760] 2016/03/03 11:34:25.310 Divide StockNo {TF03}
[760] 2016/03/03 11:34:25.310 Add Basket MarketNo¡G2 StockIdx¡G21
[760] 2016/03/03 11:34:25.311 Divide StockNo {TF04}
[760] 2016/03/03 11:34:25.311 Add Basket MarketNo¡G2 StockIdx¡G22
[760] 2016/03/03 11:34:25.312 Divide StockNo {TF06}
[760] 2016/03/03 11:34:25.312 Add Basket MarketNo¡G2 StockIdx¡G23
[760] 2016/03/03 11:34:25.312 Divide StockNo {TF09}
[760] 2016/03/03 11:34:25.313 Add Basket MarketNo¡G2 StockIdx¡G24
[760] 2016/03/03 11:34:25.313 Divide StockNo {TF12}
[760] 2016/03/03 11:34:25.313 Add Basket MarketNo¡G2 StockIdx¡G25
[760] 2016/03/03 11:34:25.314 SKQuoteLib_RequestStocks Page 1
[760] 2016/03/03 11:34:25.316 SKQuoteLib_RequestTicks (0,TSEA)
[760] 2016/03/03 11:34:25.317 SKQuoteLib_RequestTicks (0,TX00)
[760] 2016/03/03 11:34:25.317 SKQuoteLib_RequestTicks (0,TX03)
[760] 2016/03/03 11:34:25.319 SKQuoteLib_RequestTicks (0,TX04)
[760] 2016/03/03 11:34:25.319 SKQuoteLib_RequestTicks (0,TX06)
[760] 2016/03/03 11:34:25.319 SKQuoteLib_RequestTicks (0,TX09)
[760] 2016/03/03 11:34:25.321 SKQuoteLib_RequestTicks (0,TX12)
[760] 2016/03/03 11:34:25.321 SKQuoteLib_RequestTicks (0,TE00)
[760] 2016/03/03 11:34:25.321 SKQuoteLib_RequestTicks (0,TE03)
[760] 2016/03/03 11:34:25.322 SKQuoteLib_RequestTicks (0,TE04)
[760] 2016/03/03 11:34:25.322 SKQuoteLib_RequestTicks (0,TE06)
[760] 2016/03/03 11:34:25.323 SKQuoteLib_RequestTicks (0,TE09)
[760] 2016/03/03 11:34:25.324 SKQuoteLib_RequestTicks (0,TE12)
[760] 2016/03/03 11:34:25.324 SKQuoteLib_RequestTicks (0,TF00)
[760] 2016/03/03 11:34:25.325 SKQuoteLib_RequestTicks (0,TF03)
[760] 2016/03/03 11:34:25.325 SKQuoteLib_RequestTicks (0,TF04)
[760] 2016/03/03 11:34:25.326 SKQuoteLib_RequestTicks (0,TF06)
[760] 2016/03/03 11:34:25.326 SKQuoteLib_RequestTicks (0,TF09)
[760] 2016/03/03 11:34:25.328 SKQuoteLib_RequestTicks (0,TF12)
[760] 2016/03/03 11:35:08.211 Check Link Status 
[760] 2016/03/03 11:36:08.210 Check Link Status 
[5260] 2016/03/03 11:47:48.062 API InitInstance 
[5260] 2016/03/03 11:47:48.065 SKQuoteLib_Initialize ¡GB222875498
[5260] 2016/03/03 11:47:48.065 SKQuoteLib_Initialize ¡Ghttps://order2.capital.com.tw/
[5260] 2016/03/03 11:47:49.028 SKQuoteLib_Initialize  SUCCESS 
[5260] 2016/03/03 11:47:49.049 SKQuoteLib_EnterMonitor IP¡Ginfo21.capital.com.tw
[5260] 2016/03/03 11:47:49.052 SKQuoteLib_AttachConnectionCallBack 
[5260] 2016/03/03 11:47:49.053 SKQuoteLib_AttachQuoteCallBack 
[5260] 2016/03/03 11:47:49.054 SKQuoteLib_AttachBest5CallBack 
[5260] 2016/03/03 11:47:51.390 SocketConnect Type¡G100  ErrorCode¡G0
[5260] 2016/03/03 11:47:52.720 Stocks Ready
[5260] 2016/03/03 11:48:06.749 SKQuoteLib_RequestStocks (1,TSEA,TX00,TX03,TX04,TX06,TX09,TX12,TE00,TE03,TE04,TE06,TE09,TE12,TF00,TF03,TF04,TF06,TF09,TF12)
[5260] 2016/03/03 11:48:06.750 Divide StockNo {TSEA}
[5260] 2016/03/03 11:48:06.751 Add Basket MarketNo¡G0 StockIdx¡G10649
[5260] 2016/03/03 11:48:06.751 Divide StockNo {TX00}
[5260] 2016/03/03 11:48:06.752 Add Basket MarketNo¡G2 StockIdx¡G0
[5260] 2016/03/03 11:48:06.752 Divide StockNo {TX03}
[5260] 2016/03/03 11:48:06.753 Add Basket MarketNo¡G2 StockIdx¡G1
[5260] 2016/03/03 11:48:06.753 Divide StockNo {TX04}
[5260] 2016/03/03 11:48:06.753 Add Basket MarketNo¡G2 StockIdx¡G2
[5260] 2016/03/03 11:48:06.754 Divide StockNo {TX06}
[5260] 2016/03/03 11:48:06.754 Add Basket MarketNo¡G2 StockIdx¡G3
[5260] 2016/03/03 11:48:06.755 Divide StockNo {TX09}
[5260] 2016/03/03 11:48:06.755 Add Basket MarketNo¡G2 StockIdx¡G4
[5260] 2016/03/03 11:48:06.755 Divide StockNo {TX12}
[5260] 2016/03/03 11:48:06.756 Add Basket MarketNo¡G2 StockIdx¡G5
[5260] 2016/03/03 11:48:06.756 Divide StockNo {TE00}
[5260] 2016/03/03 11:48:06.757 Add Basket MarketNo¡G2 StockIdx¡G14
[5260] 2016/03/03 11:48:06.757 Divide StockNo {TE03}
[5260] 2016/03/03 11:48:06.757 Add Basket MarketNo¡G2 StockIdx¡G15
[5260] 2016/03/03 11:48:06.758 Divide StockNo {TE04}
[5260] 2016/03/03 11:48:06.758 Add Basket MarketNo¡G2 StockIdx¡G16
[5260] 2016/03/03 11:48:06.759 Divide StockNo {TE06}
[5260] 2016/03/03 11:48:06.759 Add Basket MarketNo¡G2 StockIdx¡G17
[5260] 2016/03/03 11:48:06.759 Divide StockNo {TE09}
[5260] 2016/03/03 11:48:06.760 Add Basket MarketNo¡G2 StockIdx¡G18
[5260] 2016/03/03 11:48:06.760 Divide StockNo {TE12}
[5260] 2016/03/03 11:48:06.761 Add Basket MarketNo¡G2 StockIdx¡G19
[5260] 2016/03/03 11:48:06.761 Divide StockNo {TF00}
[5260] 2016/03/03 11:48:06.761 Add Basket MarketNo¡G2 StockIdx¡G20
[5260] 2016/03/03 11:48:06.762 Divide StockNo {TF03}
[5260] 2016/03/03 11:48:06.762 Add Basket MarketNo¡G2 StockIdx¡G21
[5260] 2016/03/03 11:48:06.763 Divide StockNo {TF04}
[5260] 2016/03/03 11:48:06.763 Add Basket MarketNo¡G2 StockIdx¡G22
[5260] 2016/03/03 11:48:06.763 Divide StockNo {TF06}
[5260] 2016/03/03 11:48:06.764 Add Basket MarketNo¡G2 StockIdx¡G23
[5260] 2016/03/03 11:48:06.764 Divide StockNo {TF09}
[5260] 2016/03/03 11:48:06.765 Add Basket MarketNo¡G2 StockIdx¡G24
[5260] 2016/03/03 11:48:06.765 Divide StockNo {TF12}
[5260] 2016/03/03 11:48:06.765 Add Basket MarketNo¡G2 StockIdx¡G25
[5260] 2016/03/03 11:48:06.766 SKQuoteLib_RequestStocks Page 1
[5260] 2016/03/03 11:48:06.768 SKQuoteLib_RequestTicks (0,TSEA)
[5260] 2016/03/03 11:48:06.768 SKQuoteLib_RequestTicks (0,TX00)
[5260] 2016/03/03 11:48:06.769 SKQuoteLib_RequestTicks (0,TX03)
[5260] 2016/03/03 11:48:06.769 SKQuoteLib_RequestTicks (0,TX04)
[5260] 2016/03/03 11:48:06.770 SKQuoteLib_RequestTicks (0,TX06)
[5260] 2016/03/03 11:48:06.770 SKQuoteLib_RequestTicks (0,TX09)
[5260] 2016/03/03 11:48:06.771 SKQuoteLib_RequestTicks (0,TX12)
[5260] 2016/03/03 11:48:06.771 SKQuoteLib_RequestTicks (0,TE00)
[5260] 2016/03/03 11:48:06.772 SKQuoteLib_RequestTicks (0,TE03)
[5260] 2016/03/03 11:48:06.772 SKQuoteLib_RequestTicks (0,TE04)
[5260] 2016/03/03 11:48:06.773 SKQuoteLib_RequestTicks (0,TE06)
[5260] 2016/03/03 11:48:06.773 SKQuoteLib_RequestTicks (0,TE09)
[5260] 2016/03/03 11:48:06.774 SKQuoteLib_RequestTicks (0,TE12)
[5260] 2016/03/03 11:48:06.774 SKQuoteLib_RequestTicks (0,TF00)
[5260] 2016/03/03 11:48:06.775 SKQuoteLib_RequestTicks (0,TF03)
[5260] 2016/03/03 11:48:06.775 SKQuoteLib_RequestTicks (0,TF04)
[5260] 2016/03/03 11:48:06.776 SKQuoteLib_RequestTicks (0,TF06)
[5260] 2016/03/03 11:48:06.776 SKQuoteLib_RequestTicks (0,TF09)
[5260] 2016/03/03 11:48:06.777 SKQuoteLib_RequestTicks (0,TF12)
[5260] 2016/03/03 11:48:51.381 Check Link Status 
[5260] 2016/03/03 11:49:51.382 Check Link Status 
[5260] 2016/03/03 11:50:51.379 Check Link Status 
[5260] 2016/03/03 11:51:51.381 Check Link Status 
[10392] 2016/03/03 16:51:09.494 API InitInstance 
[10392] 2016/03/03 16:51:09.497 SKQuoteLib_Initialize ¡GB222875498
[10392] 2016/03/03 16:51:09.497 SKQuoteLib_Initialize ¡Ghttps://order2.capital.com.tw/
[10392] 2016/03/03 16:51:10.500 SKQuoteLib_Initialize  SUCCESS 
[10392] 2016/03/03 16:51:10.519 SKQuoteLib_EnterMonitor IP¡Ginfo21.capital.com.tw
[10392] 2016/03/03 16:51:10.522 SKQuoteLib_AttachConnectionCallBack 
[10392] 2016/03/03 16:51:10.523 SKQuoteLib_AttachQuoteCallBack 
[10392] 2016/03/03 16:51:10.524 SKQuoteLib_AttachBest5CallBack 
[10392] 2016/03/03 16:51:11.143 SocketConnect Type¡G100  ErrorCode¡G0
[10392] 2016/03/03 16:51:12.605 Stocks Ready
[10392] 2016/03/03 16:51:28.239 SKQuoteLib_RequestStocks (1,TSEA,TX00,TX03,TX04,TX06,TX09,TX12,TE00,TE03,TE04,TE06,TE09,TE12,TF00,TF03,TF04,TF06,TF09,TF12)
[10392] 2016/03/03 16:51:28.240 Divide StockNo {TSEA}
[10392] 2016/03/03 16:51:28.240 Add Basket MarketNo¡G0 StockIdx¡G10649
[10392] 2016/03/03 16:51:28.241 Divide StockNo {TX00}
[10392] 2016/03/03 16:51:28.241 Add Basket MarketNo¡G2 StockIdx¡G0
[10392] 2016/03/03 16:51:28.242 Divide StockNo {TX03}
[10392] 2016/03/03 16:51:28.242 Add Basket MarketNo¡G2 StockIdx¡G1
[10392] 2016/03/03 16:51:28.243 Divide StockNo {TX04}
[10392] 2016/03/03 16:51:28.243 Add Basket MarketNo¡G2 StockIdx¡G2
[10392] 2016/03/03 16:51:28.244 Divide StockNo {TX06}
[10392] 2016/03/03 16:51:28.244 Add Basket MarketNo¡G2 StockIdx¡G3
[10392] 2016/03/03 16:51:28.245 Divide StockNo {TX09}
[10392] 2016/03/03 16:51:28.245 Add Basket MarketNo¡G2 StockIdx¡G4
[10392] 2016/03/03 16:51:28.245 Divide StockNo {TX12}
[10392] 2016/03/03 16:51:28.246 Add Basket MarketNo¡G2 StockIdx¡G5
[10392] 2016/03/03 16:51:28.246 Divide StockNo {TE00}
[10392] 2016/03/03 16:51:28.247 Add Basket MarketNo¡G2 StockIdx¡G14
[10392] 2016/03/03 16:51:28.247 Divide StockNo {TE03}
[10392] 2016/03/03 16:51:28.248 Add Basket MarketNo¡G2 StockIdx¡G15
[10392] 2016/03/03 16:51:28.248 Divide StockNo {TE04}
[10392] 2016/03/03 16:51:28.249 Add Basket MarketNo¡G2 StockIdx¡G16
[10392] 2016/03/03 16:51:28.249 Divide StockNo {TE06}
[10392] 2016/03/03 16:51:28.250 Add Basket MarketNo¡G2 StockIdx¡G17
[10392] 2016/03/03 16:51:28.250 Divide StockNo {TE09}
[10392] 2016/03/03 16:51:28.251 Add Basket MarketNo¡G2 StockIdx¡G18
[10392] 2016/03/03 16:51:28.251 Divide StockNo {TE12}
[10392] 2016/03/03 16:51:28.252 Add Basket MarketNo¡G2 StockIdx¡G19
[10392] 2016/03/03 16:51:28.252 Divide StockNo {TF00}
[10392] 2016/03/03 16:51:28.253 Add Basket MarketNo¡G2 StockIdx¡G20
[10392] 2016/03/03 16:51:28.253 Divide StockNo {TF03}
[10392] 2016/03/03 16:51:28.254 Add Basket MarketNo¡G2 StockIdx¡G21
[10392] 2016/03/03 16:51:28.254 Divide StockNo {TF04}
[10392] 2016/03/03 16:51:28.255 Add Basket MarketNo¡G2 StockIdx¡G22
[10392] 2016/03/03 16:51:28.255 Divide StockNo {TF06}
[10392] 2016/03/03 16:51:28.256 Add Basket MarketNo¡G2 StockIdx¡G23
[10392] 2016/03/03 16:51:28.256 Divide StockNo {TF09}
[10392] 2016/03/03 16:51:28.256 Add Basket MarketNo¡G2 StockIdx¡G24
[10392] 2016/03/03 16:51:28.257 Divide StockNo {TF12}
[10392] 2016/03/03 16:51:28.257 Add Basket MarketNo¡G2 StockIdx¡G25
[10392] 2016/03/03 16:51:28.258 SKQuoteLib_RequestStocks Page 1
[10392] 2016/03/03 16:51:28.260 SKQuoteLib_RequestTicks (0,TSEA)
[10392] 2016/03/03 16:51:28.260 SKQuoteLib_RequestTicks (0,TX00)
[10392] 2016/03/03 16:51:28.261 SKQuoteLib_RequestTicks (0,TX03)
[10392] 2016/03/03 16:51:28.262 SKQuoteLib_RequestTicks (0,TX04)
[10392] 2016/03/03 16:51:28.262 SKQuoteLib_RequestTicks (0,TX06)
[10392] 2016/03/03 16:51:28.263 SKQuoteLib_RequestTicks (0,TX09)
[10392] 2016/03/03 16:51:28.263 SKQuoteLib_RequestTicks (0,TX12)
[10392] 2016/03/03 16:51:28.264 SKQuoteLib_RequestTicks (0,TE00)
[10392] 2016/03/03 16:51:28.265 SKQuoteLib_RequestTicks (0,TE03)
[10392] 2016/03/03 16:51:28.265 SKQuoteLib_RequestTicks (0,TE04)
[10392] 2016/03/03 16:51:28.267 SKQuoteLib_RequestTicks (0,TE06)
[10392] 2016/03/03 16:51:28.268 SKQuoteLib_RequestTicks (0,TE09)
[10392] 2016/03/03 16:51:28.268 SKQuoteLib_RequestTicks (0,TE12)
[10392] 2016/03/03 16:51:28.269 SKQuoteLib_RequestTicks (0,TF00)
[10392] 2016/03/03 16:51:28.269 SKQuoteLib_RequestTicks (0,TF03)
[10392] 2016/03/03 16:51:28.270 SKQuoteLib_RequestTicks (0,TF04)
[10392] 2016/03/03 16:51:28.270 SKQuoteLib_RequestTicks (0,TF06)
[10392] 2016/03/03 16:51:28.271 SKQuoteLib_RequestTicks (0,TF09)
[10392] 2016/03/03 16:51:28.271 SKQuoteLib_RequestTicks (0,TF12)
[4788] 2016/03/03 17:05:26.008 API InitInstance 
[4788] 2016/03/03 17:05:26.011 SKQuoteLib_Initialize ¡GB222875498
[4788] 2016/03/03 17:05:26.011 SKQuoteLib_Initialize ¡Ghttps://order2.capital.com.tw/
[4788] 2016/03/03 17:05:26.755 SKQuoteLib_Initialize  SUCCESS 
[4788] 2016/03/03 17:05:26.775 SKQuoteLib_EnterMonitor IP¡Ginfo10.capital.com.tw
[4788] 2016/03/03 17:05:26.777 SKQuoteLib_AttachConnectionCallBack 
[4788] 2016/03/03 17:05:26.778 SKQuoteLib_AttachQuoteCallBack 
[4788] 2016/03/03 17:05:26.779 SKQuoteLib_AttachBest5CallBack 
[4788] 2016/03/03 17:05:27.265 SocketConnect Type¡G100  ErrorCode¡G0
[4788] 2016/03/03 17:05:28.712 Stocks Ready
[12808] 2016/03/03 17:07:47.032 API InitInstance 
[12808] 2016/03/03 17:07:47.034 SKQuoteLib_Initialize ¡GB222875498
[12808] 2016/03/03 17:07:47.035 SKQuoteLib_Initialize ¡Ghttps://order2.capital.com.tw/
[12808] 2016/03/03 17:07:47.804 SKQuoteLib_Initialize  SUCCESS 
[12808] 2016/03/03 17:07:47.823 SKQuoteLib_EnterMonitor IP¡Ginfo8.capital.com.tw
[12808] 2016/03/03 17:07:47.825 SKQuoteLib_AttachConnectionCallBack 
[12808] 2016/03/03 17:07:47.826 SKQuoteLib_AttachQuoteCallBack 
[12808] 2016/03/03 17:07:47.826 SKQuoteLib_AttachBest5CallBack 
[12808] 2016/03/03 17:07:48.283 SocketConnect Type¡G100  ErrorCode¡G0
[12808] 2016/03/03 17:07:49.692 Stocks Ready
[12808] 2016/03/03 17:08:05.374 SKQuoteLib_RequestStocks (1,TSEA,TX00,TX03,TX04,TX06,TX09,TX12,TE00,TE03,TE04,TE06,TE09,TE12,TF00,TF03,TF04,TF06,TF09,TF12)
[12808] 2016/03/03 17:08:05.375 Divide StockNo {TSEA}
[12808] 2016/03/03 17:08:05.375 Add Basket MarketNo¡G0 StockIdx¡G10649
[12808] 2016/03/03 17:08:05.376 Divide StockNo {TX00}
[12808] 2016/03/03 17:08:05.376 Add Basket MarketNo¡G2 StockIdx¡G0
[12808] 2016/03/03 17:08:05.377 Divide StockNo {TX03}
[12808] 2016/03/03 17:08:05.377 Add Basket MarketNo¡G2 StockIdx¡G1
[12808] 2016/03/03 17:08:05.377 Divide StockNo {TX04}
[12808] 2016/03/03 17:08:05.378 Add Basket MarketNo¡G2 StockIdx¡G2
[12808] 2016/03/03 17:08:05.378 Divide StockNo {TX06}
[12808] 2016/03/03 17:08:05.379 Add Basket MarketNo¡G2 StockIdx¡G3
[12808] 2016/03/03 17:08:05.379 Divide StockNo {TX09}
[12808] 2016/03/03 17:08:05.380 Add Basket MarketNo¡G2 StockIdx¡G4
[12808] 2016/03/03 17:08:05.380 Divide StockNo {TX12}
[12808] 2016/03/03 17:08:05.380 Add Basket MarketNo¡G2 StockIdx¡G5
[12808] 2016/03/03 17:08:05.381 Divide StockNo {TE00}
[12808] 2016/03/03 17:08:05.381 Add Basket MarketNo¡G2 StockIdx¡G14
[12808] 2016/03/03 17:08:05.382 Divide StockNo {TE03}
[12808] 2016/03/03 17:08:05.382 Add Basket MarketNo¡G2 StockIdx¡G15
[12808] 2016/03/03 17:08:05.383 Divide StockNo {TE04}
[12808] 2016/03/03 17:08:05.383 Add Basket MarketNo¡G2 StockIdx¡G16
[12808] 2016/03/03 17:08:05.383 Divide StockNo {TE06}
[12808] 2016/03/03 17:08:05.384 Add Basket MarketNo¡G2 StockIdx¡G17
[12808] 2016/03/03 17:08:05.384 Divide StockNo {TE09}
[12808] 2016/03/03 17:08:05.385 Add Basket MarketNo¡G2 StockIdx¡G18
[12808] 2016/03/03 17:08:05.385 Divide StockNo {TE12}
[12808] 2016/03/03 17:08:05.385 Add Basket MarketNo¡G2 StockIdx¡G19
[12808] 2016/03/03 17:08:05.386 Divide StockNo {TF00}
[12808] 2016/03/03 17:08:05.386 Add Basket MarketNo¡G2 StockIdx¡G20
[12808] 2016/03/03 17:08:05.387 Divide StockNo {TF03}
[12808] 2016/03/03 17:08:05.387 Add Basket MarketNo¡G2 StockIdx¡G21
[12808] 2016/03/03 17:08:05.388 Divide StockNo {TF04}
[12808] 2016/03/03 17:08:05.388 Add Basket MarketNo¡G2 StockIdx¡G22
[12808] 2016/03/03 17:08:05.388 Divide StockNo {TF06}
[12808] 2016/03/03 17:08:05.389 Add Basket MarketNo¡G2 StockIdx¡G23
[12808] 2016/03/03 17:08:05.389 Divide StockNo {TF09}
[12808] 2016/03/03 17:08:05.390 Add Basket MarketNo¡G2 StockIdx¡G24
[12808] 2016/03/03 17:08:05.390 Divide StockNo {TF12}
[12808] 2016/03/03 17:08:05.390 Add Basket MarketNo¡G2 StockIdx¡G25
[12808] 2016/03/03 17:08:05.391 SKQuoteLib_RequestStocks Page 1
[12808] 2016/03/03 17:08:05.393 SKQuoteLib_RequestTicks (0,TSEA)
[12808] 2016/03/03 17:08:05.393 SKQuoteLib_RequestTicks (0,TX00)
[12808] 2016/03/03 17:08:05.395 SKQuoteLib_RequestTicks (0,TX03)
[12808] 2016/03/03 17:08:05.395 SKQuoteLib_RequestTicks (0,TX04)
[12808] 2016/03/03 17:08:05.396 SKQuoteLib_RequestTicks (0,TX06)
[12808] 2016/03/03 17:08:05.396 SKQuoteLib_RequestTicks (0,TX09)
[12808] 2016/03/03 17:08:05.397 SKQuoteLib_RequestTicks (0,TX12)
[12808] 2016/03/03 17:08:05.398 SKQuoteLib_RequestTicks (0,TE00)
[12808] 2016/03/03 17:08:05.398 SKQuoteLib_RequestTicks (0,TE03)
[12808] 2016/03/03 17:08:05.399 SKQuoteLib_RequestTicks (0,TE04)
[12808] 2016/03/03 17:08:05.399 SKQuoteLib_RequestTicks (0,TE06)
[12808] 2016/03/03 17:08:05.400 SKQuoteLib_RequestTicks (0,TE09)
[12808] 2016/03/03 17:08:05.400 SKQuoteLib_RequestTicks (0,TE12)
[12808] 2016/03/03 17:08:05.402 SKQuoteLib_RequestTicks (0,TF00)
[12808] 2016/03/03 17:08:05.402 SKQuoteLib_RequestTicks (0,TF03)
[12808] 2016/03/03 17:08:05.403 SKQuoteLib_RequestTicks (0,TF04)
[12808] 2016/03/03 17:08:05.404 SKQuoteLib_RequestTicks (0,TF06)
[12808] 2016/03/03 17:08:05.404 SKQuoteLib_RequestTicks (0,TF09)
[12808] 2016/03/03 17:08:05.405 SKQuoteLib_RequestTicks (0,TF12)
[12808] 2016/03/03 17:08:48.271 Check Link Status 
[8084] 2016/03/03 17:27:35.036 API InitInstance 
[8084] 2016/03/03 17:27:35.039 SKQuoteLib_Initialize ¡GB222875498
[8084] 2016/03/03 17:27:35.039 SKQuoteLib_Initialize ¡Ghttps://order2.capital.com.tw/
[8084] 2016/03/03 17:27:35.670 SKQuoteLib_Initialize  SUCCESS 
[8084] 2016/03/03 17:27:35.690 SKQuoteLib_EnterMonitor IP¡Ginfo16.capital.com.tw
[8084] 2016/03/03 17:27:35.693 SKQuoteLib_AttachConnectionCallBack 
[8084] 2016/03/03 17:27:35.694 SKQuoteLib_AttachQuoteCallBack 
[8084] 2016/03/03 17:27:35.695 SKQuoteLib_AttachBest5CallBack 
[8084] 2016/03/03 17:27:36.362 SocketConnect Type¡G100  ErrorCode¡G0
[8084] 2016/03/03 17:27:37.737 Stocks Ready
[8084] 2016/03/03 17:27:53.464 SKQuoteLib_RequestStocks (1,TSEA,TX00,TX03,TX04,TX06,TX09,TX12,TE00,TE03,TE04,TE06,TE09,TE12,TF00,TF03,TF04,TF06,TF09,TF12)
[8084] 2016/03/03 17:27:53.465 Divide StockNo {TSEA}
[8084] 2016/03/03 17:27:53.465 Add Basket MarketNo¡G0 StockIdx¡G10649
[8084] 2016/03/03 17:27:53.465 Divide StockNo {TX00}
[8084] 2016/03/03 17:27:53.466 Add Basket MarketNo¡G2 StockIdx¡G0
[8084] 2016/03/03 17:27:53.466 Divide StockNo {TX03}
[8084] 2016/03/03 17:27:53.467 Add Basket MarketNo¡G2 StockIdx¡G1
[8084] 2016/03/03 17:27:53.467 Divide StockNo {TX04}
[8084] 2016/03/03 17:27:53.467 Add Basket MarketNo¡G2 StockIdx¡G2
[8084] 2016/03/03 17:27:53.468 Divide StockNo {TX06}
[8084] 2016/03/03 17:27:53.468 Add Basket MarketNo¡G2 StockIdx¡G3
[8084] 2016/03/03 17:27:53.469 Divide StockNo {TX09}
[8084] 2016/03/03 17:27:53.469 Add Basket MarketNo¡G2 StockIdx¡G4
[8084] 2016/03/03 17:27:53.469 Divide StockNo {TX12}
[8084] 2016/03/03 17:27:53.470 Add Basket MarketNo¡G2 StockIdx¡G5
[8084] 2016/03/03 17:27:53.470 Divide StockNo {TE00}
[8084] 2016/03/03 17:27:53.470 Add Basket MarketNo¡G2 StockIdx¡G14
[8084] 2016/03/03 17:27:53.471 Divide StockNo {TE03}
[8084] 2016/03/03 17:27:53.471 Add Basket MarketNo¡G2 StockIdx¡G15
[8084] 2016/03/03 17:27:53.472 Divide StockNo {TE04}
[8084] 2016/03/03 17:27:53.472 Add Basket MarketNo¡G2 StockIdx¡G16
[8084] 2016/03/03 17:27:53.472 Divide StockNo {TE06}
[8084] 2016/03/03 17:27:53.473 Add Basket MarketNo¡G2 StockIdx¡G17
[8084] 2016/03/03 17:27:53.473 Divide StockNo {TE09}
[8084] 2016/03/03 17:27:53.474 Add Basket MarketNo¡G2 StockIdx¡G18
[8084] 2016/03/03 17:27:53.474 Divide StockNo {TE12}
[8084] 2016/03/03 17:27:53.475 Add Basket MarketNo¡G2 StockIdx¡G19
[8084] 2016/03/03 17:27:53.475 Divide StockNo {TF00}
[8084] 2016/03/03 17:27:53.475 Add Basket MarketNo¡G2 StockIdx¡G20
[8084] 2016/03/03 17:27:53.476 Divide StockNo {TF03}
[8084] 2016/03/03 17:27:53.476 Add Basket MarketNo¡G2 StockIdx¡G21
[8084] 2016/03/03 17:27:53.477 Divide StockNo {TF04}
[8084] 2016/03/03 17:27:53.477 Add Basket MarketNo¡G2 StockIdx¡G22
[8084] 2016/03/03 17:27:53.477 Divide StockNo {TF06}
[8084] 2016/03/03 17:27:53.478 Add Basket MarketNo¡G2 StockIdx¡G23
[8084] 2016/03/03 17:27:53.478 Divide StockNo {TF09}
[8084] 2016/03/03 17:27:53.479 Add Basket MarketNo¡G2 StockIdx¡G24
[8084] 2016/03/03 17:27:53.479 Divide StockNo {TF12}
[8084] 2016/03/03 17:27:53.479 Add Basket MarketNo¡G2 StockIdx¡G25
[8084] 2016/03/03 17:27:53.480 SKQuoteLib_RequestStocks Page 1
[8084] 2016/03/03 17:27:53.482 SKQuoteLib_RequestTicks (0,TSEA)
[8084] 2016/03/03 17:27:53.483 SKQuoteLib_RequestTicks (0,TX00)
[8084] 2016/03/03 17:27:53.484 SKQuoteLib_RequestTicks (0,TX03)
[8084] 2016/03/03 17:27:53.484 SKQuoteLib_RequestTicks (0,TX04)
[8084] 2016/03/03 17:27:53.485 SKQuoteLib_RequestTicks (0,TX06)
[8084] 2016/03/03 17:27:53.485 SKQuoteLib_RequestTicks (0,TX09)
[8084] 2016/03/03 17:27:53.486 SKQuoteLib_RequestTicks (0,TX12)
[8084] 2016/03/03 17:27:53.487 SKQuoteLib_RequestTicks (0,TE00)
[8084] 2016/03/03 17:27:53.487 SKQuoteLib_RequestTicks (0,TE03)
[8084] 2016/03/03 17:27:53.488 SKQuoteLib_RequestTicks (0,TE04)
[8084] 2016/03/03 17:27:53.488 SKQuoteLib_RequestTicks (0,TE06)
[8084] 2016/03/03 17:27:53.489 SKQuoteLib_RequestTicks (0,TE09)
[8084] 2016/03/03 17:27:53.490 SKQuoteLib_RequestTicks (0,TE12)
[8084] 2016/03/03 17:27:53.490 SKQuoteLib_RequestTicks (0,TF00)
[8084] 2016/03/03 17:27:53.491 SKQuoteLib_RequestTicks (0,TF03)
[8084] 2016/03/03 17:27:53.492 SKQuoteLib_RequestTicks (0,TF04)
[8084] 2016/03/03 17:27:53.493 SKQuoteLib_RequestTicks (0,TF06)
[8084] 2016/03/03 17:27:53.493 SKQuoteLib_RequestTicks (0,TF09)
[8084] 2016/03/03 17:27:53.494 SKQuoteLib_RequestTicks (0,TF12)
