[7664] 2016/03/03 10:39:52.773 API InitInstance 
[7664] 2016/03/03 10:39:52.776 SKOSQuoteLib_Initialize  ID멚B222875498
[7664] 2016/03/03 10:39:52.777 SKOSQuoteLib_Initialize  Server멚https://order2.capital.com.tw/
[7664] 2016/03/03 10:39:53.469 SKOSQuoteLib_EnterMonitor(0)
[7664] 2016/03/03 10:39:53.470 Connect FORT07.capital.com.tw 443
[7664] 2016/03/03 10:39:53.472 SKOSQuoteLib_AttachConnectCallBack
[7664] 2016/03/03 10:39:53.473 SKOSQuoteLib_AttachQuoteCallBack
[7664] 2016/03/03 10:39:53.474 SKOSQuoteLib_AttachBest5CallBack
[7664] 2016/03/03 10:39:53.556 SK_SUBJECT_CONNECTION_CONNECTED메Code: 0
[7664] 2016/03/03 10:40:11.655 SKOSQuoteLib_RequestStocks (1,CME,NQ_1603#CME,NQ_1606#CME,NQ_1609#CME,NQ_1612#CME,EC_1603#CME,EC_1606#CBT,YM1603#CBT,YM1606#NYM,CL1604#NYM,CL1605#NYM,GC1604#NYM,GC1606#NYM,SI1603#NYM,SI1605#SGX,NKNT1603#SGX,NKNT1606#SGX,CNIDX#SGX,CNT1603#HKF,MHI1603#HKF,MHI1604#EUR,DAX1603#EUR,DAX1606#CFX,CIF1603#CFX,CIF1604)
[7664] 2016/03/03 10:40:11.660 SKOSQuoteLib_RequestTicks (0,CME,NQ_1603)
[7664] 2016/03/03 10:40:11.763 SKOSQuoteLib_RequestTicks (0,CME,NQ_1606)
[7664] 2016/03/03 10:40:11.864 SKOSQuoteLib_RequestTicks (0,CME,NQ_1609)
[7664] 2016/03/03 10:40:11.965 SKOSQuoteLib_RequestTicks (0,CME,NQ_1612)
[7664] 2016/03/03 10:40:12.067 SKOSQuoteLib_RequestTicks (0,CME,EC_1603)
[7664] 2016/03/03 10:40:12.171 SKOSQuoteLib_RequestTicks (0,CME,EC_1606)
[7664] 2016/03/03 10:40:12.274 SKOSQuoteLib_RequestTicks (0,CBT,YM1603)
[7664] 2016/03/03 10:40:12.376 SKOSQuoteLib_RequestTicks (0,CBT,YM1606)
[7664] 2016/03/03 10:40:12.478 SKOSQuoteLib_RequestTicks (0,NYM,CL1604)
[7664] 2016/03/03 10:40:12.580 SKOSQuoteLib_RequestTicks (0,NYM,CL1605)
[7664] 2016/03/03 10:40:12.682 SKOSQuoteLib_RequestTicks (0,NYM,GC1604)
[7664] 2016/03/03 10:40:12.784 SKOSQuoteLib_RequestTicks (0,NYM,GC1606)
[7664] 2016/03/03 10:40:12.895 SKOSQuoteLib_RequestTicks (0,NYM,SI1603)
[7664] 2016/03/03 10:40:12.997 SKOSQuoteLib_RequestTicks (0,NYM,SI1605)
[7664] 2016/03/03 10:40:13.098 SKOSQuoteLib_RequestTicks (0,SGX,NKNT1603)
[7664] 2016/03/03 10:40:13.199 SKOSQuoteLib_RequestTicks (0,SGX,NKNT1606)
[7664] 2016/03/03 10:40:13.300 SKOSQuoteLib_RequestTicks (0,SGX,CNIDX)
[7664] 2016/03/03 10:40:13.401 SKOSQuoteLib_RequestTicks (0,SGX,CNT1603)
[7664] 2016/03/03 10:40:13.503 SKOSQuoteLib_RequestTicks (0,HKF,MHI1603)
[7664] 2016/03/03 10:40:13.604 SKOSQuoteLib_RequestTicks (0,HKF,MHI1604)
[7664] 2016/03/03 10:40:13.705 SKOSQuoteLib_RequestTicks (0,EUR,DAX1603)
[7664] 2016/03/03 10:40:13.807 SKOSQuoteLib_RequestTicks (0,EUR,DAX1606)
[7664] 2016/03/03 10:40:13.908 SKOSQuoteLib_RequestTicks (0,CFX,CIF1603)
[7664] 2016/03/03 10:40:14.009 SKOSQuoteLib_RequestTicks (0,CFX,CIF1604)
[9328] 2016/03/03 10:44:10.727 API InitInstance 
[9328] 2016/03/03 10:44:10.730 SKOSQuoteLib_Initialize  ID멚B222875498
[9328] 2016/03/03 10:44:10.730 SKOSQuoteLib_Initialize  Server멚https://order2.capital.com.tw/
[9328] 2016/03/03 10:44:11.661 SKOSQuoteLib_EnterMonitor(0)
[9328] 2016/03/03 10:44:11.661 Connect FORT05.capital.com.tw 443
[9328] 2016/03/03 10:44:11.664 SKOSQuoteLib_AttachConnectCallBack
[9328] 2016/03/03 10:44:11.665 SKOSQuoteLib_AttachQuoteCallBack
[9328] 2016/03/03 10:44:11.666 SKOSQuoteLib_AttachBest5CallBack
[9328] 2016/03/03 10:44:11.749 SK_SUBJECT_CONNECTION_CONNECTED메Code: 0
[9328] 2016/03/03 10:44:30.213 SKOSQuoteLib_RequestStocks (1,CME,NQ_1603#CME,NQ_1606#CME,NQ_1609#CME,NQ_1612#CME,EC_1603#CME,EC_1606#CBT,YM1603#CBT,YM1606#NYM,CL1604#NYM,CL1605#NYM,GC1604#NYM,GC1606#NYM,SI1603#NYM,SI1605#SGX,NKNT1603#SGX,NKNT1606#SGX,CNIDX#SGX,CNT1603#HKF,MHI1603#HKF,MHI1604#EUR,DAX1603#EUR,DAX1606#CFX,CIF1603#CFX,CIF1604)
[9328] 2016/03/03 10:44:34.097 SKOSQuoteLib_RequestTicks (0,CME,NQ_1603)
[9328] 2016/03/03 10:44:34.199 SKOSQuoteLib_RequestTicks (0,CME,NQ_1606)
[9328] 2016/03/03 10:44:34.301 SKOSQuoteLib_RequestTicks (0,CME,NQ_1609)
[9328] 2016/03/03 10:44:34.402 SKOSQuoteLib_RequestTicks (0,CME,NQ_1612)
[9328] 2016/03/03 10:44:34.504 SKOSQuoteLib_RequestTicks (0,CME,EC_1603)
[9328] 2016/03/03 10:44:34.605 SKOSQuoteLib_RequestTicks (0,CME,EC_1606)
[9328] 2016/03/03 10:44:34.707 SKOSQuoteLib_RequestTicks (0,CBT,YM1603)
[9328] 2016/03/03 10:44:34.809 SKOSQuoteLib_RequestTicks (0,CBT,YM1606)
[9328] 2016/03/03 10:44:34.910 SKOSQuoteLib_RequestTicks (0,NYM,CL1604)
[9328] 2016/03/03 10:44:35.011 SKOSQuoteLib_RequestTicks (0,NYM,CL1605)
[9328] 2016/03/03 10:44:35.113 SKOSQuoteLib_RequestTicks (0,NYM,GC1604)
[9328] 2016/03/03 10:44:35.214 SKOSQuoteLib_RequestTicks (0,NYM,GC1606)
[9328] 2016/03/03 10:44:35.315 SKOSQuoteLib_RequestTicks (0,NYM,SI1603)
[9328] 2016/03/03 10:44:35.416 SKOSQuoteLib_RequestTicks (0,NYM,SI1605)
[9328] 2016/03/03 10:44:35.517 SKOSQuoteLib_RequestTicks (0,SGX,NKNT1603)
[9328] 2016/03/03 10:44:35.619 SKOSQuoteLib_RequestTicks (0,SGX,NKNT1606)
[9328] 2016/03/03 10:44:35.720 SKOSQuoteLib_RequestTicks (0,SGX,CNIDX)
[9328] 2016/03/03 10:44:35.821 SKOSQuoteLib_RequestTicks (0,SGX,CNT1603)
[9328] 2016/03/03 10:44:35.922 SKOSQuoteLib_RequestTicks (0,HKF,MHI1603)
[9328] 2016/03/03 10:44:36.023 SKOSQuoteLib_RequestTicks (0,HKF,MHI1604)
[9328] 2016/03/03 10:44:36.124 SKOSQuoteLib_RequestTicks (0,EUR,DAX1603)
[9328] 2016/03/03 10:44:36.225 SKOSQuoteLib_RequestTicks (0,EUR,DAX1606)
[9328] 2016/03/03 10:44:36.326 SKOSQuoteLib_RequestTicks (0,CFX,CIF1603)
[9328] 2016/03/03 10:44:36.427 SKOSQuoteLib_RequestTicks (0,CFX,CIF1604)
[8204] 2016/03/03 10:47:05.128 API InitInstance 
[8204] 2016/03/03 10:47:05.144 SKOSQuoteLib_Initialize  ID멚B222875498
[8204] 2016/03/03 10:47:05.144 SKOSQuoteLib_Initialize  Server멚https://order2.capital.com.tw/
[8204] 2016/03/03 10:47:05.439 SKOSQuoteLib_EnterMonitor(0)
[8204] 2016/03/03 10:47:05.440 Connect FORT05.capital.com.tw 443
[8204] 2016/03/03 10:47:05.442 SKOSQuoteLib_AttachConnectCallBack
[8204] 2016/03/03 10:47:05.443 SKOSQuoteLib_AttachQuoteCallBack
[8204] 2016/03/03 10:47:05.443 SKOSQuoteLib_AttachBest5CallBack
[8204] 2016/03/03 10:47:05.463 SK_SUBJECT_CONNECTION_CONNECTED메Code: 0
[8204] 2016/03/03 10:47:23.599 SKOSQuoteLib_RequestStocks (1,CME,NQ_1603#CME,NQ_1606#CME,NQ_1609#CME,NQ_1612#CME,EC_1603#CME,EC_1606#CBT,YM1603#CBT,YM1606#NYM,CL1604#NYM,CL1605#NYM,GC1604#NYM,GC1606#NYM,SI1603#NYM,SI1605#SGX,NKNT1603#SGX,NKNT1606#SGX,CNIDX#SGX,CNT1603#HKF,MHI1603#HKF,MHI1604#EUR,DAX1603#EUR,DAX1606#CFX,CIF1603#CFX,CIF1604)
[8204] 2016/03/03 10:47:23.603 SKOSQuoteLib_RequestTicks (0,CME,NQ_1603)
[8204] 2016/03/03 10:47:23.706 SKOSQuoteLib_RequestTicks (0,CME,NQ_1606)
[8204] 2016/03/03 10:47:23.807 SKOSQuoteLib_RequestTicks (0,CME,NQ_1609)
[8204] 2016/03/03 10:47:23.909 SKOSQuoteLib_RequestTicks (0,CME,NQ_1612)
[8204] 2016/03/03 10:47:24.016 SKOSQuoteLib_RequestTicks (0,CME,EC_1603)
[8204] 2016/03/03 10:47:24.117 SKOSQuoteLib_RequestTicks (0,CME,EC_1606)
[8204] 2016/03/03 10:47:24.218 SKOSQuoteLib_RequestTicks (0,CBT,YM1603)
[8204] 2016/03/03 10:47:24.320 SKOSQuoteLib_RequestTicks (0,CBT,YM1606)
[8204] 2016/03/03 10:47:24.421 SKOSQuoteLib_RequestTicks (0,NYM,CL1604)
[8204] 2016/03/03 10:47:24.524 SKOSQuoteLib_RequestTicks (0,NYM,CL1605)
[8204] 2016/03/03 10:47:24.625 SKOSQuoteLib_RequestTicks (0,NYM,GC1604)
[8204] 2016/03/03 10:47:24.727 SKOSQuoteLib_RequestTicks (0,NYM,GC1606)
[8204] 2016/03/03 10:47:24.828 SKOSQuoteLib_RequestTicks (0,NYM,SI1603)
[8204] 2016/03/03 10:47:24.930 SKOSQuoteLib_RequestTicks (0,NYM,SI1605)
[8204] 2016/03/03 10:47:25.033 SKOSQuoteLib_RequestTicks (0,SGX,NKNT1603)
[8204] 2016/03/03 10:47:25.136 SKOSQuoteLib_RequestTicks (0,SGX,NKNT1606)
[8204] 2016/03/03 10:47:25.238 SKOSQuoteLib_RequestTicks (0,SGX,CNIDX)
[8204] 2016/03/03 10:47:25.340 SKOSQuoteLib_RequestTicks (0,SGX,CNT1603)
[8204] 2016/03/03 10:47:25.442 SKOSQuoteLib_RequestTicks (0,HKF,MHI1603)
[8204] 2016/03/03 10:47:25.543 SKOSQuoteLib_RequestTicks (0,HKF,MHI1604)
[8204] 2016/03/03 10:47:25.645 SKOSQuoteLib_RequestTicks (0,EUR,DAX1603)
[8204] 2016/03/03 10:47:25.746 SKOSQuoteLib_RequestTicks (0,EUR,DAX1606)
[8204] 2016/03/03 10:47:25.848 SKOSQuoteLib_RequestTicks (0,CFX,CIF1603)
[8204] 2016/03/03 10:47:25.951 SKOSQuoteLib_RequestTicks (0,CFX,CIF1604)
[11908] 2016/03/03 11:19:13.827 API InitInstance 
[11908] 2016/03/03 11:19:13.829 SKOSQuoteLib_Initialize  ID멚B222875498
[11908] 2016/03/03 11:19:13.830 SKOSQuoteLib_Initialize  Server멚https://order2.capital.com.tw/
[11908] 2016/03/03 11:19:14.872 SKOSQuoteLib_EnterMonitor(0)
[11908] 2016/03/03 11:19:14.873 Connect FORT07.capital.com.tw 443
[11908] 2016/03/03 11:19:14.876 SKOSQuoteLib_AttachConnectCallBack
[11908] 2016/03/03 11:19:14.877 SKOSQuoteLib_AttachQuoteCallBack
[11908] 2016/03/03 11:19:14.877 SKOSQuoteLib_AttachBest5CallBack
[11908] 2016/03/03 11:19:14.916 SK_SUBJECT_CONNECTION_CONNECTED메Code: 0
[11908] 2016/03/03 11:19:33.019 SKOSQuoteLib_RequestStocks (1,CME,NQ_1603#CME,NQ_1606#CME,NQ_1609#CME,NQ_1612#CME,EC_1603#CME,EC_1606#CBT,YM1603#CBT,YM1606#NYM,CL1604#NYM,CL1605#NYM,GC1604#NYM,GC1606#NYM,SI1603#NYM,SI1605#SGX,NKNT1603#SGX,NKNT1606#SGX,CNIDX#SGX,CNT1603#HKF,MHI1603#HKF,MHI1604#EUR,DAX1603#EUR,DAX1606#CFX,CIF1603#CFX,CIF1604)
[11908] 2016/03/03 11:19:33.024 SKOSQuoteLib_RequestTicks (0,CME,NQ_1603)
[11908] 2016/03/03 11:19:33.126 SKOSQuoteLib_RequestTicks (0,CME,NQ_1606)
[11908] 2016/03/03 11:19:33.228 SKOSQuoteLib_RequestTicks (0,CME,NQ_1609)
[11908] 2016/03/03 11:19:33.330 SKOSQuoteLib_RequestTicks (0,CME,NQ_1612)
[11908] 2016/03/03 11:19:33.431 SKOSQuoteLib_RequestTicks (0,CME,EC_1603)
[11908] 2016/03/03 11:19:33.532 SKOSQuoteLib_RequestTicks (0,CME,EC_1606)
[11908] 2016/03/03 11:19:33.633 SKOSQuoteLib_RequestTicks (0,CBT,YM1603)
[11908] 2016/03/03 11:19:33.735 SKOSQuoteLib_RequestTicks (0,CBT,YM1606)
[11908] 2016/03/03 11:19:33.835 SKOSQuoteLib_RequestTicks (0,NYM,CL1604)
[11908] 2016/03/03 11:19:33.936 SKOSQuoteLib_RequestTicks (0,NYM,CL1605)
[11908] 2016/03/03 11:19:34.037 SKOSQuoteLib_RequestTicks (0,NYM,GC1604)
[11908] 2016/03/03 11:19:34.140 SKOSQuoteLib_RequestTicks (0,NYM,GC1606)
[11908] 2016/03/03 11:19:34.243 SKOSQuoteLib_RequestTicks (0,NYM,SI1603)
[11908] 2016/03/03 11:19:34.345 SKOSQuoteLib_RequestTicks (0,NYM,SI1605)
[11908] 2016/03/03 11:19:34.448 SKOSQuoteLib_RequestTicks (0,SGX,NKNT1603)
[11908] 2016/03/03 11:19:34.550 SKOSQuoteLib_RequestTicks (0,SGX,NKNT1606)
[11908] 2016/03/03 11:19:34.653 SKOSQuoteLib_RequestTicks (0,SGX,CNIDX)
[11908] 2016/03/03 11:19:34.755 SKOSQuoteLib_RequestTicks (0,SGX,CNT1603)
[11908] 2016/03/03 11:19:34.858 SKOSQuoteLib_RequestTicks (0,HKF,MHI1603)
[11908] 2016/03/03 11:19:34.960 SKOSQuoteLib_RequestTicks (0,HKF,MHI1604)
[11908] 2016/03/03 11:19:35.061 SKOSQuoteLib_RequestTicks (0,EUR,DAX1603)
[11908] 2016/03/03 11:19:35.162 SKOSQuoteLib_RequestTicks (0,EUR,DAX1606)
[11908] 2016/03/03 11:19:35.265 SKOSQuoteLib_RequestTicks (0,CFX,CIF1603)
[11908] 2016/03/03 11:19:35.368 SKOSQuoteLib_RequestTicks (0,CFX,CIF1604)
[10788] 2016/03/03 11:21:48.072 API InitInstance 
[10788] 2016/03/03 11:21:48.074 SKOSQuoteLib_Initialize  ID멚B222875498
[10788] 2016/03/03 11:21:48.075 SKOSQuoteLib_Initialize  Server멚https://order2.capital.com.tw/
[10788] 2016/03/03 11:21:48.643 SKOSQuoteLib_EnterMonitor(0)
[10788] 2016/03/03 11:21:48.643 Connect FORT03.capital.com.tw 443
[10788] 2016/03/03 11:21:48.646 SKOSQuoteLib_AttachConnectCallBack
[10788] 2016/03/03 11:21:48.646 SKOSQuoteLib_AttachQuoteCallBack
[10788] 2016/03/03 11:21:48.647 SKOSQuoteLib_AttachBest5CallBack
[10788] 2016/03/03 11:21:48.730 SK_SUBJECT_CONNECTION_CONNECTED메Code: 0
[10788] 2016/03/03 11:22:06.826 SKOSQuoteLib_RequestStocks (1,CME,NQ_1603#CME,NQ_1606#CME,NQ_1609#CME,NQ_1612#CME,EC_1603#CME,EC_1606#CBT,YM1603#CBT,YM1606#NYM,CL1604#NYM,CL1605#NYM,GC1604#NYM,GC1606#NYM,SI1603#NYM,SI1605#SGX,NKNT1603#SGX,NKNT1606#SGX,CNIDX#SGX,CNT1603#HKF,MHI1603#HKF,MHI1604#EUR,DAX1603#EUR,DAX1606#CFX,CIF1603#CFX,CIF1604)
[10788] 2016/03/03 11:22:06.830 SKOSQuoteLib_RequestTicks (0,CME,NQ_1603)
[10788] 2016/03/03 11:22:06.931 SKOSQuoteLib_RequestTicks (0,CME,NQ_1606)
[10788] 2016/03/03 11:22:07.032 SKOSQuoteLib_RequestTicks (0,CME,NQ_1609)
[10788] 2016/03/03 11:22:07.133 SKOSQuoteLib_RequestTicks (0,CME,NQ_1612)
[10788] 2016/03/03 11:22:07.235 SKOSQuoteLib_RequestTicks (0,CME,EC_1603)
[10788] 2016/03/03 11:22:07.338 SKOSQuoteLib_RequestTicks (0,CME,EC_1606)
[10788] 2016/03/03 11:22:07.439 SKOSQuoteLib_RequestTicks (0,CBT,YM1603)
[10788] 2016/03/03 11:22:07.542 SKOSQuoteLib_RequestTicks (0,CBT,YM1606)
[10788] 2016/03/03 11:22:07.643 SKOSQuoteLib_RequestTicks (0,NYM,CL1604)
[10788] 2016/03/03 11:22:07.745 SKOSQuoteLib_RequestTicks (0,NYM,CL1605)
[10788] 2016/03/03 11:22:07.847 SKOSQuoteLib_RequestTicks (0,NYM,GC1604)
[10788] 2016/03/03 11:22:07.951 SKOSQuoteLib_RequestTicks (0,NYM,GC1606)
[10788] 2016/03/03 11:22:08.053 SKOSQuoteLib_RequestTicks (0,NYM,SI1603)
[10788] 2016/03/03 11:22:08.156 SKOSQuoteLib_RequestTicks (0,NYM,SI1605)
[10788] 2016/03/03 11:22:08.259 SKOSQuoteLib_RequestTicks (0,SGX,NKNT1603)
[10788] 2016/03/03 11:22:08.362 SKOSQuoteLib_RequestTicks (0,SGX,NKNT1606)
[10788] 2016/03/03 11:22:08.463 SKOSQuoteLib_RequestTicks (0,SGX,CNIDX)
[10788] 2016/03/03 11:22:08.566 SKOSQuoteLib_RequestTicks (0,SGX,CNT1603)
[10788] 2016/03/03 11:22:08.667 SKOSQuoteLib_RequestTicks (0,HKF,MHI1603)
[10788] 2016/03/03 11:22:08.768 SKOSQuoteLib_RequestTicks (0,HKF,MHI1604)
[10788] 2016/03/03 11:22:08.869 SKOSQuoteLib_RequestTicks (0,EUR,DAX1603)
[10788] 2016/03/03 11:22:08.972 SKOSQuoteLib_RequestTicks (0,EUR,DAX1606)
[10788] 2016/03/03 11:22:09.075 SKOSQuoteLib_RequestTicks (0,CFX,CIF1603)
[10788] 2016/03/03 11:22:09.177 SKOSQuoteLib_RequestTicks (0,CFX,CIF1604)
[12600] 2016/03/03 11:23:03.352 API InitInstance 
[12600] 2016/03/03 11:23:03.355 SKOSQuoteLib_Initialize  ID멚B222875498
[12600] 2016/03/03 11:23:03.355 SKOSQuoteLib_Initialize  Server멚https://order2.capital.com.tw/
[12600] 2016/03/03 11:23:03.824 SKOSQuoteLib_EnterMonitor(0)
[12600] 2016/03/03 11:23:03.824 Connect FORT01.capital.com.tw 443
[12600] 2016/03/03 11:23:03.826 SKOSQuoteLib_AttachConnectCallBack
[12600] 2016/03/03 11:23:03.827 SKOSQuoteLib_AttachQuoteCallBack
[12600] 2016/03/03 11:23:03.828 SKOSQuoteLib_AttachBest5CallBack
[12600] 2016/03/03 11:23:03.921 SK_SUBJECT_CONNECTION_CONNECTED메Code: 0
[12600] 2016/03/03 11:23:21.898 SKOSQuoteLib_RequestStocks (1,CME,NQ_1603#CME,NQ_1606#CME,NQ_1609#CME,NQ_1612#CME,EC_1603#CME,EC_1606#CBT,YM1603#CBT,YM1606#NYM,CL1604#NYM,CL1605#NYM,GC1604#NYM,GC1606#NYM,SI1603#NYM,SI1605#SGX,NKNT1603#SGX,NKNT1606#SGX,CNIDX#SGX,CNT1603#HKF,MHI1603#HKF,MHI1604#EUR,DAX1603#EUR,DAX1606#CFX,CIF1603#CFX,CIF1604)
[12600] 2016/03/03 11:23:21.903 SKOSQuoteLib_RequestTicks (0,CME,NQ_1603)
[12600] 2016/03/03 11:23:22.005 SKOSQuoteLib_RequestTicks (0,CME,NQ_1606)
[12600] 2016/03/03 11:23:22.106 SKOSQuoteLib_RequestTicks (0,CME,NQ_1609)
[12600] 2016/03/03 11:23:22.207 SKOSQuoteLib_RequestTicks (0,CME,NQ_1612)
[12600] 2016/03/03 11:23:22.310 SKOSQuoteLib_RequestTicks (0,CME,EC_1603)
[12600] 2016/03/03 11:23:22.411 SKOSQuoteLib_RequestTicks (0,CME,EC_1606)
[12600] 2016/03/03 11:23:22.512 SKOSQuoteLib_RequestTicks (0,CBT,YM1603)
[12600] 2016/03/03 11:23:22.614 SKOSQuoteLib_RequestTicks (0,CBT,YM1606)
[12600] 2016/03/03 11:23:22.715 SKOSQuoteLib_RequestTicks (0,NYM,CL1604)
[12600] 2016/03/03 11:23:22.817 SKOSQuoteLib_RequestTicks (0,NYM,CL1605)
[12600] 2016/03/03 11:23:22.919 SKOSQuoteLib_RequestTicks (0,NYM,GC1604)
[12600] 2016/03/03 11:23:23.021 SKOSQuoteLib_RequestTicks (0,NYM,GC1606)
[12600] 2016/03/03 11:23:23.122 SKOSQuoteLib_RequestTicks (0,NYM,SI1603)
[12600] 2016/03/03 11:23:23.223 SKOSQuoteLib_RequestTicks (0,NYM,SI1605)
[12600] 2016/03/03 11:23:23.326 SKOSQuoteLib_RequestTicks (0,SGX,NKNT1603)
[12600] 2016/03/03 11:23:23.427 SKOSQuoteLib_RequestTicks (0,SGX,NKNT1606)
[12600] 2016/03/03 11:23:23.530 SKOSQuoteLib_RequestTicks (0,SGX,CNIDX)
[12600] 2016/03/03 11:23:23.631 SKOSQuoteLib_RequestTicks (0,SGX,CNT1603)
[12600] 2016/03/03 11:23:23.733 SKOSQuoteLib_RequestTicks (0,HKF,MHI1603)
[12600] 2016/03/03 11:23:23.836 SKOSQuoteLib_RequestTicks (0,HKF,MHI1604)
[12600] 2016/03/03 11:23:23.938 SKOSQuoteLib_RequestTicks (0,EUR,DAX1603)
[12600] 2016/03/03 11:23:24.040 SKOSQuoteLib_RequestTicks (0,EUR,DAX1606)
[12600] 2016/03/03 11:23:24.143 SKOSQuoteLib_RequestTicks (0,CFX,CIF1603)
[12600] 2016/03/03 11:23:24.245 SKOSQuoteLib_RequestTicks (0,CFX,CIF1604)
[760] 2016/03/03 11:34:07.143 API InitInstance 
[760] 2016/03/03 11:34:07.146 SKOSQuoteLib_Initialize  ID멚B222875498
[760] 2016/03/03 11:34:07.146 SKOSQuoteLib_Initialize  Server멚https://order2.capital.com.tw/
[760] 2016/03/03 11:34:08.199 SKOSQuoteLib_EnterMonitor(0)
[760] 2016/03/03 11:34:08.199 Connect FORT07.capital.com.tw 443
[760] 2016/03/03 11:34:08.202 SKOSQuoteLib_AttachConnectCallBack
[760] 2016/03/03 11:34:08.202 SKOSQuoteLib_AttachQuoteCallBack
[760] 2016/03/03 11:34:08.203 SKOSQuoteLib_AttachBest5CallBack
[760] 2016/03/03 11:34:08.234 SK_SUBJECT_CONNECTION_CONNECTED메Code: 0
[760] 2016/03/03 11:34:26.299 SKOSQuoteLib_RequestStocks (1,CME,NQ_1603#CME,NQ_1606#CME,NQ_1609#CME,NQ_1612#CME,EC_1603#CME,EC_1606#CBT,YM1603#CBT,YM1606#NYM,CL1604#NYM,CL1605#NYM,GC1604#NYM,GC1606#NYM,SI1603#NYM,SI1605#SGX,NKNT1603#SGX,NKNT1606#SGX,CNIDX#SGX,CNT1603#HKF,MHI1603#HKF,MHI1604#EUR,DAX1603#EUR,DAX1606#CFX,CIF1603#CFX,CIF1604)
[760] 2016/03/03 11:34:26.303 SKOSQuoteLib_RequestTicks (0,CME,NQ_1603)
[760] 2016/03/03 11:34:26.405 SKOSQuoteLib_RequestTicks (0,CME,NQ_1606)
[760] 2016/03/03 11:34:26.507 SKOSQuoteLib_RequestTicks (0,CME,NQ_1609)
[760] 2016/03/03 11:34:26.608 SKOSQuoteLib_RequestTicks (0,CME,NQ_1612)
[760] 2016/03/03 11:34:26.711 SKOSQuoteLib_RequestTicks (0,CME,EC_1603)
[760] 2016/03/03 11:34:26.813 SKOSQuoteLib_RequestTicks (0,CME,EC_1606)
[760] 2016/03/03 11:34:26.916 SKOSQuoteLib_RequestTicks (0,CBT,YM1603)
[760] 2016/03/03 11:34:27.018 SKOSQuoteLib_RequestTicks (0,CBT,YM1606)
[760] 2016/03/03 11:34:27.121 SKOSQuoteLib_RequestTicks (0,NYM,CL1604)
[760] 2016/03/03 11:34:27.222 SKOSQuoteLib_RequestTicks (0,NYM,CL1605)
[760] 2016/03/03 11:34:27.323 SKOSQuoteLib_RequestTicks (0,NYM,GC1604)
[760] 2016/03/03 11:34:27.424 SKOSQuoteLib_RequestTicks (0,NYM,GC1606)
[760] 2016/03/03 11:34:27.526 SKOSQuoteLib_RequestTicks (0,NYM,SI1603)
[760] 2016/03/03 11:34:27.628 SKOSQuoteLib_RequestTicks (0,NYM,SI1605)
[760] 2016/03/03 11:34:27.730 SKOSQuoteLib_RequestTicks (0,SGX,NKNT1603)
[760] 2016/03/03 11:34:27.832 SKOSQuoteLib_RequestTicks (0,SGX,NKNT1606)
[760] 2016/03/03 11:34:27.935 SKOSQuoteLib_RequestTicks (0,SGX,CNIDX)
[760] 2016/03/03 11:34:28.036 SKOSQuoteLib_RequestTicks (0,SGX,CNT1603)
[760] 2016/03/03 11:34:28.139 SKOSQuoteLib_RequestTicks (0,HKF,MHI1603)
[760] 2016/03/03 11:34:28.240 SKOSQuoteLib_RequestTicks (0,HKF,MHI1604)
[760] 2016/03/03 11:34:28.341 SKOSQuoteLib_RequestTicks (0,EUR,DAX1603)
[760] 2016/03/03 11:34:28.445 SKOSQuoteLib_RequestTicks (0,EUR,DAX1606)
[760] 2016/03/03 11:34:28.548 SKOSQuoteLib_RequestTicks (0,CFX,CIF1603)
[760] 2016/03/03 11:34:28.649 SKOSQuoteLib_RequestTicks (0,CFX,CIF1604)
[5260] 2016/03/03 11:47:49.060 API InitInstance 
[5260] 2016/03/03 11:47:49.062 SKOSQuoteLib_Initialize  ID멚B222875498
[5260] 2016/03/03 11:47:49.063 SKOSQuoteLib_Initialize  Server멚https://order2.capital.com.tw/
[5260] 2016/03/03 11:47:49.648 SKOSQuoteLib_EnterMonitor(0)
[5260] 2016/03/03 11:47:49.648 Connect FORT05.capital.com.tw 443
[5260] 2016/03/03 11:47:49.651 SKOSQuoteLib_AttachConnectCallBack
[5260] 2016/03/03 11:47:49.652 SKOSQuoteLib_AttachQuoteCallBack
[5260] 2016/03/03 11:47:49.652 SKOSQuoteLib_AttachBest5CallBack
[5260] 2016/03/03 11:47:49.687 SK_SUBJECT_CONNECTION_CONNECTED메Code: 0
[5260] 2016/03/03 11:48:08.417 SKOSQuoteLib_RequestStocks (1,CME,NQ_1603#CME,NQ_1606#CME,NQ_1609#CME,NQ_1612#CME,EC_1603#CME,EC_1606#CBT,YM1603#CBT,YM1606#NYM,CL1604#NYM,CL1605#NYM,GC1604#NYM,GC1606#NYM,SI1603#NYM,SI1605#SGX,NKNT1603#SGX,NKNT1606#SGX,CNIDX#SGX,CNT1603#HKF,MHI1603#HKF,MHI1604#EUR,DAX1603#EUR,DAX1606#CFX,CIF1603#CFX,CIF1604)
[5260] 2016/03/03 11:48:08.421 SKOSQuoteLib_RequestTicks (0,CME,NQ_1603)
[5260] 2016/03/03 11:48:08.523 SKOSQuoteLib_RequestTicks (0,CME,NQ_1606)
[5260] 2016/03/03 11:48:08.625 SKOSQuoteLib_RequestTicks (0,CME,NQ_1609)
[5260] 2016/03/03 11:48:08.726 SKOSQuoteLib_RequestTicks (0,CME,NQ_1612)
[5260] 2016/03/03 11:48:08.828 SKOSQuoteLib_RequestTicks (0,CME,EC_1603)
[5260] 2016/03/03 11:48:08.929 SKOSQuoteLib_RequestTicks (0,CME,EC_1606)
[5260] 2016/03/03 11:48:09.031 SKOSQuoteLib_RequestTicks (0,CBT,YM1603)
[5260] 2016/03/03 11:48:09.133 SKOSQuoteLib_RequestTicks (0,CBT,YM1606)
[5260] 2016/03/03 11:48:09.235 SKOSQuoteLib_RequestTicks (0,NYM,CL1604)
[5260] 2016/03/03 11:48:09.337 SKOSQuoteLib_RequestTicks (0,NYM,CL1605)
[5260] 2016/03/03 11:48:09.439 SKOSQuoteLib_RequestTicks (0,NYM,GC1604)
[5260] 2016/03/03 11:48:09.541 SKOSQuoteLib_RequestTicks (0,NYM,GC1606)
[5260] 2016/03/03 11:48:09.645 SKOSQuoteLib_RequestTicks (0,NYM,SI1603)
[5260] 2016/03/03 11:48:09.748 SKOSQuoteLib_RequestTicks (0,NYM,SI1605)
[5260] 2016/03/03 11:48:09.851 SKOSQuoteLib_RequestTicks (0,SGX,NKNT1603)
[5260] 2016/03/03 11:48:09.954 SKOSQuoteLib_RequestTicks (0,SGX,NKNT1606)
[5260] 2016/03/03 11:48:10.057 SKOSQuoteLib_RequestTicks (0,SGX,CNIDX)
[5260] 2016/03/03 11:48:10.159 SKOSQuoteLib_RequestTicks (0,SGX,CNT1603)
[5260] 2016/03/03 11:48:10.262 SKOSQuoteLib_RequestTicks (0,HKF,MHI1603)
[5260] 2016/03/03 11:48:10.364 SKOSQuoteLib_RequestTicks (0,HKF,MHI1604)
[5260] 2016/03/03 11:48:10.465 SKOSQuoteLib_RequestTicks (0,EUR,DAX1603)
[5260] 2016/03/03 11:48:10.568 SKOSQuoteLib_RequestTicks (0,EUR,DAX1606)
[5260] 2016/03/03 11:48:10.673 SKOSQuoteLib_RequestTicks (0,CFX,CIF1603)
[5260] 2016/03/03 11:48:10.776 SKOSQuoteLib_RequestTicks (0,CFX,CIF1604)
[10392] 2016/03/03 16:51:10.535 API InitInstance 
[10392] 2016/03/03 16:51:10.538 SKOSQuoteLib_Initialize  ID멚B222875498
[10392] 2016/03/03 16:51:10.539 SKOSQuoteLib_Initialize  Server멚https://order2.capital.com.tw/
[10392] 2016/03/03 16:51:11.128 SKOSQuoteLib_EnterMonitor(0)
[10392] 2016/03/03 16:51:11.129 Connect FORT01.capital.com.tw 443
[10392] 2016/03/03 16:51:11.131 SKOSQuoteLib_AttachConnectCallBack
[10392] 2016/03/03 16:51:11.132 SKOSQuoteLib_AttachQuoteCallBack
[10392] 2016/03/03 16:51:11.133 SKOSQuoteLib_AttachBest5CallBack
[10392] 2016/03/03 16:51:11.164 SK_SUBJECT_CONNECTION_CONNECTED메Code: 0
[10392] 2016/03/03 16:51:29.314 SKOSQuoteLib_RequestStocks (1,CME,NQ_1603#CME,NQ_1606#CME,NQ_1609#CME,NQ_1612#CME,EC_1603#CME,EC_1606#CBT,YM1603#CBT,YM1606#NYM,CL1604#NYM,CL1605#NYM,GC1604#NYM,GC1606#NYM,SI1603#NYM,SI1605#SGX,NKNT1603#SGX,NKNT1606#SGX,CNIDX#SGX,CNT1603#HKF,MHI1603#HKF,MHI1604#EUR,DAX1603#EUR,DAX1606#CFX,CIF1603#CFX,CIF1604)
[10392] 2016/03/03 16:51:29.318 SKOSQuoteLib_RequestTicks (0,CME,NQ_1603)
[10392] 2016/03/03 16:51:29.419 SKOSQuoteLib_RequestTicks (0,CME,NQ_1606)
[10392] 2016/03/03 16:51:29.520 SKOSQuoteLib_RequestTicks (0,CME,NQ_1609)
[10392] 2016/03/03 16:51:29.621 SKOSQuoteLib_RequestTicks (0,CME,NQ_1612)
[10392] 2016/03/03 16:51:29.722 SKOSQuoteLib_RequestTicks (0,CME,EC_1603)
[10392] 2016/03/03 16:51:29.823 SKOSQuoteLib_RequestTicks (0,CME,EC_1606)
[10392] 2016/03/03 16:51:29.924 SKOSQuoteLib_RequestTicks (0,CBT,YM1603)
[10392] 2016/03/03 16:51:30.025 SKOSQuoteLib_RequestTicks (0,CBT,YM1606)
[10392] 2016/03/03 16:51:30.127 SKOSQuoteLib_RequestTicks (0,NYM,CL1604)
[10392] 2016/03/03 16:51:30.228 SKOSQuoteLib_RequestTicks (0,NYM,CL1605)
[10392] 2016/03/03 16:51:30.329 SKOSQuoteLib_RequestTicks (0,NYM,GC1604)
[10392] 2016/03/03 16:51:30.430 SKOSQuoteLib_RequestTicks (0,NYM,GC1606)
[10392] 2016/03/03 16:51:30.532 SKOSQuoteLib_RequestTicks (0,NYM,SI1603)
[10392] 2016/03/03 16:51:30.633 SKOSQuoteLib_RequestTicks (0,NYM,SI1605)
[10392] 2016/03/03 16:51:30.734 SKOSQuoteLib_RequestTicks (0,SGX,NKNT1603)
[10392] 2016/03/03 16:51:30.835 SKOSQuoteLib_RequestTicks (0,SGX,NKNT1606)
[10392] 2016/03/03 16:51:30.937 SKOSQuoteLib_RequestTicks (0,SGX,CNIDX)
[10392] 2016/03/03 16:51:31.038 SKOSQuoteLib_RequestTicks (0,SGX,CNT1603)
[10392] 2016/03/03 16:51:31.139 SKOSQuoteLib_RequestTicks (0,HKF,MHI1603)
[10392] 2016/03/03 16:51:31.240 SKOSQuoteLib_RequestTicks (0,HKF,MHI1604)
[10392] 2016/03/03 16:51:31.341 SKOSQuoteLib_RequestTicks (0,EUR,DAX1603)
[10392] 2016/03/03 16:51:31.443 SKOSQuoteLib_RequestTicks (0,EUR,DAX1606)
[10392] 2016/03/03 16:51:31.545 SKOSQuoteLib_RequestTicks (0,CFX,CIF1603)
[10392] 2016/03/03 16:51:31.648 SKOSQuoteLib_RequestTicks (0,CFX,CIF1604)
[4788] 2016/03/03 17:05:26.785 API InitInstance 
[4788] 2016/03/03 17:05:26.787 SKOSQuoteLib_Initialize  ID멚B222875498
[4788] 2016/03/03 17:05:26.788 SKOSQuoteLib_Initialize  Server멚https://order2.capital.com.tw/
[4788] 2016/03/03 17:05:27.236 SKOSQuoteLib_EnterMonitor(0)
[4788] 2016/03/03 17:05:27.236 Connect FORT01.capital.com.tw 443
[4788] 2016/03/03 17:05:27.245 SKOSQuoteLib_AttachConnectCallBack
[4788] 2016/03/03 17:05:27.248 SKOSQuoteLib_AttachQuoteCallBack
[4788] 2016/03/03 17:05:27.248 SKOSQuoteLib_AttachBest5CallBack
[4788] 2016/03/03 17:05:27.279 SK_SUBJECT_CONNECTION_CONNECTED메Code: 0
[12808] 2016/03/03 17:07:47.833 API InitInstance 
[12808] 2016/03/03 17:07:47.835 SKOSQuoteLib_Initialize  ID멚B222875498
[12808] 2016/03/03 17:07:47.836 SKOSQuoteLib_Initialize  Server멚https://order2.capital.com.tw/
[12808] 2016/03/03 17:07:48.266 SKOSQuoteLib_EnterMonitor(0)
[12808] 2016/03/03 17:07:48.266 Connect FORT05.capital.com.tw 443
[12808] 2016/03/03 17:07:48.269 SKOSQuoteLib_AttachConnectCallBack
[12808] 2016/03/03 17:07:48.270 SKOSQuoteLib_AttachQuoteCallBack
[12808] 2016/03/03 17:07:48.270 SKOSQuoteLib_AttachBest5CallBack
[12808] 2016/03/03 17:07:48.313 SK_SUBJECT_CONNECTION_CONNECTED메Code: 0
[12808] 2016/03/03 17:08:06.451 SKOSQuoteLib_RequestStocks (1,CME,NQ_1603#CME,NQ_1606#CME,NQ_1609#CME,NQ_1612#CME,EC_1603#CME,EC_1606#CBT,YM1603#CBT,YM1606#NYM,CL1604#NYM,CL1605#NYM,GC1604#NYM,GC1606#NYM,SI1603#NYM,SI1605#SGX,NKNT1603#SGX,NKNT1606#SGX,CNIDX#SGX,CNT1603#HKF,MHI1603#HKF,MHI1604#EUR,DAX1603#EUR,DAX1606#CFX,CIF1603#CFX,CIF1604)
[12808] 2016/03/03 17:08:06.454 SKOSQuoteLib_RequestTicks (0,CME,NQ_1603)
[12808] 2016/03/03 17:08:06.556 SKOSQuoteLib_RequestTicks (0,CME,NQ_1606)
[12808] 2016/03/03 17:08:06.657 SKOSQuoteLib_RequestTicks (0,CME,NQ_1609)
[12808] 2016/03/03 17:08:06.758 SKOSQuoteLib_RequestTicks (0,CME,NQ_1612)
[12808] 2016/03/03 17:08:06.860 SKOSQuoteLib_RequestTicks (0,CME,EC_1603)
[12808] 2016/03/03 17:08:06.961 SKOSQuoteLib_RequestTicks (0,CME,EC_1606)
[12808] 2016/03/03 17:08:07.063 SKOSQuoteLib_RequestTicks (0,CBT,YM1603)
[12808] 2016/03/03 17:08:07.165 SKOSQuoteLib_RequestTicks (0,CBT,YM1606)
[12808] 2016/03/03 17:08:07.267 SKOSQuoteLib_RequestTicks (0,NYM,CL1604)
[12808] 2016/03/03 17:08:07.368 SKOSQuoteLib_RequestTicks (0,NYM,CL1605)
[12808] 2016/03/03 17:08:07.469 SKOSQuoteLib_RequestTicks (0,NYM,GC1604)
[12808] 2016/03/03 17:08:07.571 SKOSQuoteLib_RequestTicks (0,NYM,GC1606)
[12808] 2016/03/03 17:08:07.672 SKOSQuoteLib_RequestTicks (0,NYM,SI1603)
[12808] 2016/03/03 17:08:07.773 SKOSQuoteLib_RequestTicks (0,NYM,SI1605)
[12808] 2016/03/03 17:08:07.875 SKOSQuoteLib_RequestTicks (0,SGX,NKNT1603)
[12808] 2016/03/03 17:08:07.976 SKOSQuoteLib_RequestTicks (0,SGX,NKNT1606)
[12808] 2016/03/03 17:08:08.078 SKOSQuoteLib_RequestTicks (0,SGX,CNIDX)
[12808] 2016/03/03 17:08:08.179 SKOSQuoteLib_RequestTicks (0,SGX,CNT1603)
[12808] 2016/03/03 17:08:08.281 SKOSQuoteLib_RequestTicks (0,HKF,MHI1603)
[12808] 2016/03/03 17:08:08.383 SKOSQuoteLib_RequestTicks (0,HKF,MHI1604)
[12808] 2016/03/03 17:08:08.484 SKOSQuoteLib_RequestTicks (0,EUR,DAX1603)
[12808] 2016/03/03 17:08:08.587 SKOSQuoteLib_RequestTicks (0,EUR,DAX1606)
[12808] 2016/03/03 17:08:08.689 SKOSQuoteLib_RequestTicks (0,CFX,CIF1603)
[12808] 2016/03/03 17:08:08.792 SKOSQuoteLib_RequestTicks (0,CFX,CIF1604)
[8084] 2016/03/03 17:27:35.704 API InitInstance 
[8084] 2016/03/03 17:27:35.707 SKOSQuoteLib_Initialize  ID멚B222875498
[8084] 2016/03/03 17:27:35.708 SKOSQuoteLib_Initialize  Server멚https://order2.capital.com.tw/
[8084] 2016/03/03 17:27:36.344 SKOSQuoteLib_EnterMonitor(0)
[8084] 2016/03/03 17:27:36.344 Connect FORT01.capital.com.tw 443
[8084] 2016/03/03 17:27:36.347 SKOSQuoteLib_AttachConnectCallBack
[8084] 2016/03/03 17:27:36.348 SKOSQuoteLib_AttachQuoteCallBack
[8084] 2016/03/03 17:27:36.348 SKOSQuoteLib_AttachBest5CallBack
[8084] 2016/03/03 17:27:36.381 SK_SUBJECT_CONNECTION_CONNECTED메Code: 0
[8084] 2016/03/03 17:27:54.616 SKOSQuoteLib_RequestStocks (1,CME,NQ_1603#CME,NQ_1606#CME,NQ_1609#CME,NQ_1612#CME,EC_1603#CME,EC_1606#CBT,YM1603#CBT,YM1606#NYM,CL1604#NYM,CL1605#NYM,GC1604#NYM,GC1606#NYM,SI1603#NYM,SI1605#SGX,NKNT1603#SGX,NKNT1606#SGX,CNIDX#SGX,CNT1603#HKF,MHI1603#HKF,MHI1604#EUR,DAX1603#EUR,DAX1606#CFX,CIF1603#CFX,CIF1604)
[8084] 2016/03/03 17:27:54.619 SKOSQuoteLib_RequestTicks (0,CME,NQ_1603)
[8084] 2016/03/03 17:27:54.721 SKOSQuoteLib_RequestTicks (0,CME,NQ_1606)
[8084] 2016/03/03 17:27:54.822 SKOSQuoteLib_RequestTicks (0,CME,NQ_1609)
[8084] 2016/03/03 17:27:54.924 SKOSQuoteLib_RequestTicks (0,CME,NQ_1612)
[8084] 2016/03/03 17:27:55.025 SKOSQuoteLib_RequestTicks (0,CME,EC_1603)
[8084] 2016/03/03 17:27:55.127 SKOSQuoteLib_RequestTicks (0,CME,EC_1606)
[8084] 2016/03/03 17:27:55.230 SKOSQuoteLib_RequestTicks (0,CBT,YM1603)
[8084] 2016/03/03 17:27:55.332 SKOSQuoteLib_RequestTicks (0,CBT,YM1606)
[8084] 2016/03/03 17:27:55.434 SKOSQuoteLib_RequestTicks (0,NYM,CL1604)
[8084] 2016/03/03 17:27:55.536 SKOSQuoteLib_RequestTicks (0,NYM,CL1605)
[8084] 2016/03/03 17:27:55.639 SKOSQuoteLib_RequestTicks (0,NYM,GC1604)
[8084] 2016/03/03 17:27:55.740 SKOSQuoteLib_RequestTicks (0,NYM,GC1606)
[8084] 2016/03/03 17:27:55.843 SKOSQuoteLib_RequestTicks (0,NYM,SI1603)
[8084] 2016/03/03 17:27:55.944 SKOSQuoteLib_RequestTicks (0,NYM,SI1605)
[8084] 2016/03/03 17:27:56.047 SKOSQuoteLib_RequestTicks (0,SGX,NKNT1603)
[8084] 2016/03/03 17:27:56.149 SKOSQuoteLib_RequestTicks (0,SGX,NKNT1606)
[8084] 2016/03/03 17:27:56.251 SKOSQuoteLib_RequestTicks (0,SGX,CNIDX)
[8084] 2016/03/03 17:27:56.355 SKOSQuoteLib_RequestTicks (0,SGX,CNT1603)
[8084] 2016/03/03 17:27:56.458 SKOSQuoteLib_RequestTicks (0,HKF,MHI1603)
[8084] 2016/03/03 17:27:56.560 SKOSQuoteLib_RequestTicks (0,HKF,MHI1604)
[8084] 2016/03/03 17:27:56.664 SKOSQuoteLib_RequestTicks (0,EUR,DAX1603)
[8084] 2016/03/03 17:27:56.767 SKOSQuoteLib_RequestTicks (0,EUR,DAX1606)
[8084] 2016/03/03 17:27:56.869 SKOSQuoteLib_RequestTicks (0,CFX,CIF1603)
[8084] 2016/03/03 17:27:56.970 SKOSQuoteLib_RequestTicks (0,CFX,CIF1604)
