[5800] 2016/03/01 09:23:26.820 API InitInstance 
[5800] 2016/03/01 09:23:26.827 SKOSQuoteLib_Initialize  ID¡GB222875498
[5800] 2016/03/01 09:23:26.828 SKOSQuoteLib_Initialize  Server¡Ghttps://order2.capital.com.tw/
[5800] 2016/03/01 09:23:28.149 SKOSQuoteLib_EnterMonitor(0)
[5800] 2016/03/01 09:23:28.149 Connect FORT05.capital.com.tw 443
[5800] 2016/03/01 09:23:28.152 SKOSQuoteLib_AttachConnectCallBack
[5800] 2016/03/01 09:23:28.153 SKOSQuoteLib_AttachQuoteCallBack
[5800] 2016/03/01 09:23:28.154 SKOSQuoteLib_AttachBest5CallBack
[5800] 2016/03/01 09:23:28.239 SK_SUBJECT_CONNECTION_CONNECTED¡ACode: 0
[5800] 2016/03/01 09:23:46.371 SKOSQuoteLib_RequestStocks (1,CME,NQ_1603#CME,NQ_1606#CME,NQ_1609#CME,NQ_1612#CME,EC_1603#CME,EC_1606#CBT,YM1603#CBT,YM1606#NYM,CL1604#NYM,CL1605#NYM,GC1604#NYM,GC1606#NYM,SI1603#NYM,SI1605#SGX,NKNT1603#SGX,NKNT1606#SGX,CNIDX#SGX,CNT1603#HKF,MHI1603#HKF,MHI1604#EUR,DAX1603#EUR,DAX1606#CFX,CIF1603#CFX,CIF1604)
[5800] 2016/03/01 09:23:46.374 SKOSQuoteLib_RequestTicks (0,CME,NQ_1603)
[5800] 2016/03/01 09:23:46.476 SKOSQuoteLib_RequestTicks (0,CME,NQ_1606)
[5800] 2016/03/01 09:23:46.578 SKOSQuoteLib_RequestTicks (0,CME,NQ_1609)
[5800] 2016/03/01 09:23:46.679 SKOSQuoteLib_RequestTicks (0,CME,NQ_1612)
[5800] 2016/03/01 09:23:46.781 SKOSQuoteLib_RequestTicks (0,CME,EC_1603)
[5800] 2016/03/01 09:23:46.882 SKOSQuoteLib_RequestTicks (0,CME,EC_1606)
[5800] 2016/03/01 09:23:46.984 SKOSQuoteLib_RequestTicks (0,CBT,YM1603)
[5800] 2016/03/01 09:23:47.085 SKOSQuoteLib_RequestTicks (0,CBT,YM1606)
[5800] 2016/03/01 09:23:47.186 SKOSQuoteLib_RequestTicks (0,NYM,CL1604)
[5800] 2016/03/01 09:23:47.287 SKOSQuoteLib_RequestTicks (0,NYM,CL1605)
[5800] 2016/03/01 09:23:47.391 SKOSQuoteLib_RequestTicks (0,NYM,GC1604)
[5800] 2016/03/01 09:23:47.493 SKOSQuoteLib_RequestTicks (0,NYM,GC1606)
[5800] 2016/03/01 09:23:47.596 SKOSQuoteLib_RequestTicks (0,NYM,SI1603)
[5800] 2016/03/01 09:23:47.698 SKOSQuoteLib_RequestTicks (0,NYM,SI1605)
[5800] 2016/03/01 09:23:47.802 SKOSQuoteLib_RequestTicks (0,SGX,NKNT1603)
[5800] 2016/03/01 09:23:47.903 SKOSQuoteLib_RequestTicks (0,SGX,NKNT1606)
[5800] 2016/03/01 09:23:48.004 SKOSQuoteLib_RequestTicks (0,SGX,CNIDX)
[5800] 2016/03/01 09:23:48.105 SKOSQuoteLib_RequestTicks (0,SGX,CNT1603)
[5800] 2016/03/01 09:23:48.206 SKOSQuoteLib_RequestTicks (0,HKF,MHI1603)
[5800] 2016/03/01 09:23:48.309 SKOSQuoteLib_RequestTicks (0,HKF,MHI1604)
[5800] 2016/03/01 09:23:48.411 SKOSQuoteLib_RequestTicks (0,EUR,DAX1603)
[5800] 2016/03/01 09:23:48.513 SKOSQuoteLib_RequestTicks (0,EUR,DAX1606)
[5800] 2016/03/01 09:23:48.615 SKOSQuoteLib_RequestTicks (0,CFX,CIF1603)
[5800] 2016/03/01 09:23:48.718 SKOSQuoteLib_RequestTicks (0,CFX,CIF1604)
[6692] 2016/03/01 10:55:18.125 API InitInstance 
[6692] 2016/03/01 10:55:18.127 SKOSQuoteLib_Initialize  ID¡GB222875498
[6692] 2016/03/01 10:55:18.127 SKOSQuoteLib_Initialize  Server¡Ghttps://order2.capital.com.tw/
[6692] 2016/03/01 10:55:19.232 SKOSQuoteLib_EnterMonitor(0)
[6692] 2016/03/01 10:55:19.233 Connect FORT05.capital.com.tw 443
[6692] 2016/03/01 10:55:19.236 SKOSQuoteLib_AttachConnectCallBack
[6692] 2016/03/01 10:55:19.237 SKOSQuoteLib_AttachQuoteCallBack
[6692] 2016/03/01 10:55:19.237 SKOSQuoteLib_AttachBest5CallBack
[6692] 2016/03/01 10:55:19.275 SK_SUBJECT_CONNECTION_CONNECTED¡ACode: 0
[6692] 2016/03/01 10:55:37.505 SKOSQuoteLib_RequestStocks (1,CME,NQ_1603#CME,NQ_1606#CME,NQ_1609#CME,NQ_1612#CME,EC_1603#CME,EC_1606#CBT,YM1603#CBT,YM1606#NYM,CL1604#NYM,CL1605#NYM,GC1604#NYM,GC1606#NYM,SI1603#NYM,SI1605#SGX,NKNT1603#SGX,NKNT1606#SGX,CNIDX#SGX,CNT1603#HKF,MHI1603#HKF,MHI1604#EUR,DAX1603#EUR,DAX1606#CFX,CIF1603#CFX,CIF1604)
[6692] 2016/03/01 10:55:37.510 SKOSQuoteLib_RequestTicks (0,CME,NQ_1603)
[6692] 2016/03/01 10:55:37.612 SKOSQuoteLib_RequestTicks (0,CME,NQ_1606)
[6692] 2016/03/01 10:55:37.714 SKOSQuoteLib_RequestTicks (0,CME,NQ_1609)
[6692] 2016/03/01 10:55:37.816 SKOSQuoteLib_RequestTicks (0,CME,NQ_1612)
[6692] 2016/03/01 10:55:37.917 SKOSQuoteLib_RequestTicks (0,CME,EC_1603)
[6692] 2016/03/01 10:55:38.018 SKOSQuoteLib_RequestTicks (0,CME,EC_1606)
[6692] 2016/03/01 10:55:38.120 SKOSQuoteLib_RequestTicks (0,CBT,YM1603)
[6692] 2016/03/01 10:55:38.222 SKOSQuoteLib_RequestTicks (0,CBT,YM1606)
[6692] 2016/03/01 10:55:38.332 SKOSQuoteLib_RequestTicks (0,NYM,CL1604)
[6692] 2016/03/01 10:55:38.433 SKOSQuoteLib_RequestTicks (0,NYM,CL1605)
[6692] 2016/03/01 10:55:38.534 SKOSQuoteLib_RequestTicks (0,NYM,GC1604)
[6692] 2016/03/01 10:55:38.635 SKOSQuoteLib_RequestTicks (0,NYM,GC1606)
[6692] 2016/03/01 10:55:38.736 SKOSQuoteLib_RequestTicks (0,NYM,SI1603)
[6692] 2016/03/01 10:55:38.837 SKOSQuoteLib_RequestTicks (0,NYM,SI1605)
[6692] 2016/03/01 10:55:38.939 SKOSQuoteLib_RequestTicks (0,SGX,NKNT1603)
[6692] 2016/03/01 10:55:39.040 SKOSQuoteLib_RequestTicks (0,SGX,NKNT1606)
[6692] 2016/03/01 10:55:39.142 SKOSQuoteLib_RequestTicks (0,SGX,CNIDX)
[6692] 2016/03/01 10:55:39.244 SKOSQuoteLib_RequestTicks (0,SGX,CNT1603)
[6692] 2016/03/01 10:55:39.346 SKOSQuoteLib_RequestTicks (0,HKF,MHI1603)
[6692] 2016/03/01 10:55:39.447 SKOSQuoteLib_RequestTicks (0,HKF,MHI1604)
[6692] 2016/03/01 10:55:39.548 SKOSQuoteLib_RequestTicks (0,EUR,DAX1603)
[6692] 2016/03/01 10:55:39.650 SKOSQuoteLib_RequestTicks (0,EUR,DAX1606)
[6692] 2016/03/01 10:55:39.752 SKOSQuoteLib_RequestTicks (0,CFX,CIF1603)
[6692] 2016/03/01 10:55:39.854 SKOSQuoteLib_RequestTicks (0,CFX,CIF1604)
[8072] 2016/03/01 12:05:45.478 API InitInstance 
[8072] 2016/03/01 12:05:45.481 SKOSQuoteLib_Initialize  ID¡GB222875498
[8072] 2016/03/01 12:05:45.482 SKOSQuoteLib_Initialize  Server¡Ghttps://order2.capital.com.tw/
[8072] 2016/03/01 12:05:46.082 SKOSQuoteLib_EnterMonitor(0)
[8072] 2016/03/01 12:05:46.083 Connect FORT07.capital.com.tw 443
[8072] 2016/03/01 12:05:46.086 SKOSQuoteLib_AttachConnectCallBack
[8072] 2016/03/01 12:05:46.087 SKOSQuoteLib_AttachQuoteCallBack
[8072] 2016/03/01 12:05:46.087 SKOSQuoteLib_AttachBest5CallBack
[8072] 2016/03/01 12:05:46.175 SK_SUBJECT_CONNECTION_CONNECTED¡ACode: 0
[8072] 2016/03/01 12:06:04.215 SKOSQuoteLib_RequestStocks (1,CME,NQ_1603#CME,NQ_1606#CME,NQ_1609#CME,NQ_1612#CME,EC_1603#CME,EC_1606#CBT,YM1603#CBT,YM1606#NYM,CL1604#NYM,CL1605#NYM,GC1604#NYM,GC1606#NYM,SI1603#NYM,SI1605#SGX,NKNT1603#SGX,NKNT1606#SGX,CNIDX#SGX,CNT1603#HKF,MHI1603#HKF,MHI1604#EUR,DAX1603#EUR,DAX1606#CFX,CIF1603#CFX,CIF1604)
[8072] 2016/03/01 12:06:04.219 SKOSQuoteLib_RequestTicks (0,CME,NQ_1603)
[8072] 2016/03/01 12:06:04.322 SKOSQuoteLib_RequestTicks (0,CME,NQ_1606)
[8072] 2016/03/01 12:06:04.424 SKOSQuoteLib_RequestTicks (0,CME,NQ_1609)
[8072] 2016/03/01 12:06:04.525 SKOSQuoteLib_RequestTicks (0,CME,NQ_1612)
[8072] 2016/03/01 12:06:04.626 SKOSQuoteLib_RequestTicks (0,CME,EC_1603)
[8072] 2016/03/01 12:06:04.729 SKOSQuoteLib_RequestTicks (0,CME,EC_1606)
[8072] 2016/03/01 12:06:04.832 SKOSQuoteLib_RequestTicks (0,CBT,YM1603)
[8072] 2016/03/01 12:06:04.934 SKOSQuoteLib_RequestTicks (0,CBT,YM1606)
[8072] 2016/03/01 12:06:05.036 SKOSQuoteLib_RequestTicks (0,NYM,CL1604)
[8072] 2016/03/01 12:06:05.138 SKOSQuoteLib_RequestTicks (0,NYM,CL1605)
[8072] 2016/03/01 12:06:05.241 SKOSQuoteLib_RequestTicks (0,NYM,GC1604)
[8072] 2016/03/01 12:06:05.342 SKOSQuoteLib_RequestTicks (0,NYM,GC1606)
[8072] 2016/03/01 12:06:05.445 SKOSQuoteLib_RequestTicks (0,NYM,SI1603)
[8072] 2016/03/01 12:06:05.546 SKOSQuoteLib_RequestTicks (0,NYM,SI1605)
[8072] 2016/03/01 12:06:05.651 SKOSQuoteLib_RequestTicks (0,SGX,NKNT1603)
[8072] 2016/03/01 12:06:05.753 SKOSQuoteLib_RequestTicks (0,SGX,NKNT1606)
[8072] 2016/03/01 12:06:05.855 SKOSQuoteLib_RequestTicks (0,SGX,CNIDX)
[8072] 2016/03/01 12:06:05.956 SKOSQuoteLib_RequestTicks (0,SGX,CNT1603)
[8072] 2016/03/01 12:06:06.057 SKOSQuoteLib_RequestTicks (0,HKF,MHI1603)
[8072] 2016/03/01 12:06:06.159 SKOSQuoteLib_RequestTicks (0,HKF,MHI1604)
[8072] 2016/03/01 12:06:06.262 SKOSQuoteLib_RequestTicks (0,EUR,DAX1603)
[8072] 2016/03/01 12:06:06.363 SKOSQuoteLib_RequestTicks (0,EUR,DAX1606)
[8072] 2016/03/01 12:06:06.464 SKOSQuoteLib_RequestTicks (0,CFX,CIF1603)
[8072] 2016/03/01 12:06:06.567 SKOSQuoteLib_RequestTicks (0,CFX,CIF1604)
