[4336] 2016/03/10 09:44:17.491 API InitInstance 
[4336] 2016/03/10 09:44:17.493 SKOSQuoteLib_Initialize  ID멚B222875498
[4336] 2016/03/10 09:44:17.494 SKOSQuoteLib_Initialize  Server멚https://order2.capital.com.tw/
[4336] 2016/03/10 09:44:18.181 SKOSQuoteLib_EnterMonitor(0)
[4336] 2016/03/10 09:44:18.181 Connect FORT05.capital.com.tw 443
[4336] 2016/03/10 09:44:18.184 SKOSQuoteLib_AttachConnectCallBack
[4336] 2016/03/10 09:44:18.185 SKOSQuoteLib_AttachQuoteCallBack
[4336] 2016/03/10 09:44:18.185 SKOSQuoteLib_AttachBest5CallBack
[4336] 2016/03/10 09:44:18.224 SK_SUBJECT_CONNECTION_CONNECTED메Code: 0
[4336] 2016/03/10 09:44:38.733 SKOSQuoteLib_RequestStocks (1,CME,NQ_1603#CME,NQ_1606#CME,NQ_1609#CME,NQ_1612#CME,EC_1603#CME,EC_1606#CBT,YM1603#CBT,YM1606#NYM,CL1604#NYM,CL1605#NYM,GC1604#NYM,GC1606#NYM,SI1603#NYM,SI1605#SGX,NKNT1603#SGX,NKNT1606#SGX,CNIDX#SGX,CNT1603#HKF,MHI1603#HKF,MHI1604#EUR,DAX1603#EUR,DAX1606#CFX,CIF1603#CFX,CIF1604)
[4336] 2016/03/10 09:44:38.737 SKOSQuoteLib_RequestTicks (0,CME,NQ_1603)
[4336] 2016/03/10 09:44:38.838 SKOSQuoteLib_RequestTicks (0,CME,NQ_1606)
[4336] 2016/03/10 09:44:38.939 SKOSQuoteLib_RequestTicks (0,CME,NQ_1609)
[4336] 2016/03/10 09:44:39.040 SKOSQuoteLib_RequestTicks (0,CME,NQ_1612)
[4336] 2016/03/10 09:44:39.142 SKOSQuoteLib_RequestTicks (0,CME,EC_1603)
[4336] 2016/03/10 09:44:39.244 SKOSQuoteLib_RequestTicks (0,CME,EC_1606)
[4336] 2016/03/10 09:44:39.348 SKOSQuoteLib_RequestTicks (0,CBT,YM1603)
[4336] 2016/03/10 09:44:39.460 SKOSQuoteLib_RequestTicks (0,CBT,YM1606)
[4336] 2016/03/10 09:44:39.563 SKOSQuoteLib_RequestTicks (0,NYM,CL1604)
[4336] 2016/03/10 09:44:39.665 SKOSQuoteLib_RequestTicks (0,NYM,CL1605)
[4336] 2016/03/10 09:44:39.768 SKOSQuoteLib_RequestTicks (0,NYM,GC1604)
[4336] 2016/03/10 09:44:39.871 SKOSQuoteLib_RequestTicks (0,NYM,GC1606)
[4336] 2016/03/10 09:44:39.974 SKOSQuoteLib_RequestTicks (0,NYM,SI1603)
[4336] 2016/03/10 09:44:40.075 SKOSQuoteLib_RequestTicks (0,NYM,SI1605)
[4336] 2016/03/10 09:44:40.176 SKOSQuoteLib_RequestTicks (0,SGX,NKNT1603)
[4336] 2016/03/10 09:44:40.278 SKOSQuoteLib_RequestTicks (0,SGX,NKNT1606)
[4336] 2016/03/10 09:44:40.380 SKOSQuoteLib_RequestTicks (0,SGX,CNIDX)
[4336] 2016/03/10 09:44:40.482 SKOSQuoteLib_RequestTicks (0,SGX,CNT1603)
[4336] 2016/03/10 09:44:40.584 SKOSQuoteLib_RequestTicks (0,HKF,MHI1603)
[4336] 2016/03/10 09:44:40.686 SKOSQuoteLib_RequestTicks (0,HKF,MHI1604)
[4336] 2016/03/10 09:44:40.791 SKOSQuoteLib_RequestTicks (0,EUR,DAX1603)
[4336] 2016/03/10 09:44:40.896 SKOSQuoteLib_RequestTicks (0,EUR,DAX1606)
[4336] 2016/03/10 09:44:40.998 SKOSQuoteLib_RequestTicks (0,CFX,CIF1603)
[4336] 2016/03/10 09:44:41.100 SKOSQuoteLib_RequestTicks (0,CFX,CIF1604)
[11592] 2016/03/10 13:45:00.337 API InitInstance 
[11592] 2016/03/10 13:45:00.340 SKOSQuoteLib_Initialize  ID멚B222875498
[11592] 2016/03/10 13:45:00.341 SKOSQuoteLib_Initialize  Server멚https://order2.capital.com.tw/
[11592] 2016/03/10 13:45:00.916 SKOSQuoteLib_EnterMonitor(0)
[11592] 2016/03/10 13:45:00.916 Connect FORT05.capital.com.tw 443
[11592] 2016/03/10 13:45:00.919 SKOSQuoteLib_AttachConnectCallBack
[11592] 2016/03/10 13:45:00.920 SKOSQuoteLib_AttachQuoteCallBack
[11592] 2016/03/10 13:45:00.921 SKOSQuoteLib_AttachBest5CallBack
[11592] 2016/03/10 13:45:00.958 SK_SUBJECT_CONNECTION_CONNECTED메Code: 0
[11592] 2016/03/10 13:45:21.186 SKOSQuoteLib_RequestStocks (1,CME,NQ_1603#CME,NQ_1606#CME,NQ_1609#CME,NQ_1612#CME,EC_1603#CME,EC_1606#CBT,YM1603#CBT,YM1606#NYM,CL1604#NYM,CL1605#NYM,GC1604#NYM,GC1606#NYM,SI1603#NYM,SI1605#SGX,NKNT1603#SGX,NKNT1606#SGX,CNIDX#SGX,CNT1603#HKF,MHI1603#HKF,MHI1604#EUR,DAX1603#EUR,DAX1606#CFX,CIF1603#CFX,CIF1604)
[11592] 2016/03/10 13:45:21.190 SKOSQuoteLib_RequestTicks (0,CME,NQ_1603)
[11592] 2016/03/10 13:45:21.292 SKOSQuoteLib_RequestTicks (0,CME,NQ_1606)
[11592] 2016/03/10 13:45:21.394 SKOSQuoteLib_RequestTicks (0,CME,NQ_1609)
[11592] 2016/03/10 13:45:21.496 SKOSQuoteLib_RequestTicks (0,CME,NQ_1612)
[11592] 2016/03/10 13:45:21.597 SKOSQuoteLib_RequestTicks (0,CME,EC_1603)
[11592] 2016/03/10 13:45:21.698 SKOSQuoteLib_RequestTicks (0,CME,EC_1606)
[11592] 2016/03/10 13:45:21.800 SKOSQuoteLib_RequestTicks (0,CBT,YM1603)
[11592] 2016/03/10 13:45:21.903 SKOSQuoteLib_RequestTicks (0,CBT,YM1606)
[11592] 2016/03/10 13:45:22.005 SKOSQuoteLib_RequestTicks (0,NYM,CL1604)
[11592] 2016/03/10 13:45:22.107 SKOSQuoteLib_RequestTicks (0,NYM,CL1605)
[11592] 2016/03/10 13:45:22.208 SKOSQuoteLib_RequestTicks (0,NYM,GC1604)
[11592] 2016/03/10 13:45:22.310 SKOSQuoteLib_RequestTicks (0,NYM,GC1606)
[11592] 2016/03/10 13:45:22.413 SKOSQuoteLib_RequestTicks (0,NYM,SI1603)
[11592] 2016/03/10 13:45:22.516 SKOSQuoteLib_RequestTicks (0,NYM,SI1605)
[11592] 2016/03/10 13:45:22.617 SKOSQuoteLib_RequestTicks (0,SGX,NKNT1603)
[11592] 2016/03/10 13:45:22.718 SKOSQuoteLib_RequestTicks (0,SGX,NKNT1606)
[11592] 2016/03/10 13:45:22.819 SKOSQuoteLib_RequestTicks (0,SGX,CNIDX)
[11592] 2016/03/10 13:45:22.924 SKOSQuoteLib_RequestTicks (0,SGX,CNT1603)
[11592] 2016/03/10 13:45:23.027 SKOSQuoteLib_RequestTicks (0,HKF,MHI1603)
[11592] 2016/03/10 13:45:23.129 SKOSQuoteLib_RequestTicks (0,HKF,MHI1604)
[11592] 2016/03/10 13:45:23.232 SKOSQuoteLib_RequestTicks (0,EUR,DAX1603)
[11592] 2016/03/10 13:45:23.334 SKOSQuoteLib_RequestTicks (0,EUR,DAX1606)
[11592] 2016/03/10 13:45:23.436 SKOSQuoteLib_RequestTicks (0,CFX,CIF1603)
[11592] 2016/03/10 13:45:23.539 SKOSQuoteLib_RequestTicks (0,CFX,CIF1604)
[11592] 2016/03/10 14:50:00.918 SKOSQuoteLib_RequestStocks (1,CME,NQ_1603#CME,NQ_1606#CME,NQ_1609#CME,NQ_1612#CME,EC_1603#CME,EC_1606#CBT,YM1603#CBT,YM1606#NYM,CL1604#NYM,CL1605#NYM,GC1604#NYM,GC1606#NYM,SI1603#NYM,SI1605#SGX,NKNT1603#SGX,NKNT1606#SGX,CNIDX#SGX,CNT1603#HKF,MHI1603#HKF,MHI1604#EUR,DAX1603#EUR,DAX1606#CFX,CIF1603#CFX,CIF1604)
[11592] 2016/03/10 14:50:00.930 SKOSQuoteLib_RequestTicks (0,CME,NQ_1603)
[11592] 2016/03/10 14:50:01.033 SKOSQuoteLib_RequestTicks (0,CME,NQ_1606)
[11592] 2016/03/10 14:50:01.135 SKOSQuoteLib_RequestTicks (0,CME,NQ_1609)
[11592] 2016/03/10 14:50:01.236 SKOSQuoteLib_RequestTicks (0,CME,NQ_1612)
[11592] 2016/03/10 14:50:01.338 SKOSQuoteLib_RequestTicks (0,CME,EC_1603)
[11592] 2016/03/10 14:50:01.439 SKOSQuoteLib_RequestTicks (0,CME,EC_1606)
[11592] 2016/03/10 14:50:01.541 SKOSQuoteLib_RequestTicks (0,CBT,YM1603)
[11592] 2016/03/10 14:50:01.643 SKOSQuoteLib_RequestTicks (0,CBT,YM1606)
[11592] 2016/03/10 14:50:01.745 SKOSQuoteLib_RequestTicks (0,NYM,CL1604)
[11592] 2016/03/10 14:50:01.847 SKOSQuoteLib_RequestTicks (0,NYM,CL1605)
[11592] 2016/03/10 14:50:01.949 SKOSQuoteLib_RequestTicks (0,NYM,GC1604)
[11592] 2016/03/10 14:50:02.050 SKOSQuoteLib_RequestTicks (0,NYM,GC1606)
[11592] 2016/03/10 14:50:02.152 SKOSQuoteLib_RequestTicks (0,NYM,SI1603)
[11592] 2016/03/10 14:50:02.254 SKOSQuoteLib_RequestTicks (0,NYM,SI1605)
[11592] 2016/03/10 14:50:02.356 SKOSQuoteLib_RequestTicks (0,SGX,NKNT1603)
[11592] 2016/03/10 14:50:02.457 SKOSQuoteLib_RequestTicks (0,SGX,NKNT1606)
[11592] 2016/03/10 14:50:02.560 SKOSQuoteLib_RequestTicks (0,SGX,CNIDX)
[11592] 2016/03/10 14:50:02.660 SKOSQuoteLib_RequestTicks (0,SGX,CNT1603)
[11592] 2016/03/10 14:50:02.762 SKOSQuoteLib_RequestTicks (0,HKF,MHI1603)
[11592] 2016/03/10 14:50:02.862 SKOSQuoteLib_RequestTicks (0,HKF,MHI1604)
[11592] 2016/03/10 14:50:02.963 SKOSQuoteLib_RequestTicks (0,EUR,DAX1603)
[11592] 2016/03/10 14:50:03.066 SKOSQuoteLib_RequestTicks (0,EUR,DAX1606)
[11592] 2016/03/10 14:50:03.168 SKOSQuoteLib_RequestTicks (0,CFX,CIF1603)
[11592] 2016/03/10 14:50:03.271 SKOSQuoteLib_RequestTicks (0,CFX,CIF1604)
[6248] 2016/03/10 15:03:10.419 API InitInstance 
[6248] 2016/03/10 15:03:10.422 SKOSQuoteLib_Initialize  ID멚B222875498
[6248] 2016/03/10 15:03:10.423 SKOSQuoteLib_Initialize  Server멚https://order2.capital.com.tw/
[6248] 2016/03/10 15:03:11.145 SKOSQuoteLib_EnterMonitor(0)
[6248] 2016/03/10 15:03:11.145 Connect FORT03.capital.com.tw 443
[6248] 2016/03/10 15:03:11.148 SKOSQuoteLib_AttachConnectCallBack
[6248] 2016/03/10 15:03:11.149 SKOSQuoteLib_AttachQuoteCallBack
[6248] 2016/03/10 15:03:11.150 SKOSQuoteLib_AttachBest5CallBack
[6248] 2016/03/10 15:03:11.263 SK_SUBJECT_CONNECTION_CONNECTED메Code: 0
[6248] 2016/03/10 15:03:31.856 SKOSQuoteLib_RequestStocks (1,CME,NQ_1603#CME,NQ_1606#CME,NQ_1609#CME,NQ_1612#CME,EC_1603#CME,EC_1606#CBT,YM1603#CBT,YM1606#NYM,CL1604#NYM,CL1605#NYM,GC1604#NYM,GC1606#NYM,SI1603#NYM,SI1605#SGX,NKNT1603#SGX,NKNT1606#SGX,CNIDX#SGX,CNT1603#HKF,MHI1603#HKF,MHI1604#EUR,DAX1603#EUR,DAX1606#CFX,CIF1603#CFX,CIF1604)
[6248] 2016/03/10 15:03:31.860 SKOSQuoteLib_RequestTicks (0,CME,NQ_1603)
[6248] 2016/03/10 15:03:31.961 SKOSQuoteLib_RequestTicks (0,CME,NQ_1606)
[6248] 2016/03/10 15:03:32.062 SKOSQuoteLib_RequestTicks (0,CME,NQ_1609)
[6248] 2016/03/10 15:03:32.165 SKOSQuoteLib_RequestTicks (0,CME,NQ_1612)
[6248] 2016/03/10 15:03:32.268 SKOSQuoteLib_RequestTicks (0,CME,EC_1603)
[6248] 2016/03/10 15:03:32.370 SKOSQuoteLib_RequestTicks (0,CME,EC_1606)
[6248] 2016/03/10 15:03:32.472 SKOSQuoteLib_RequestTicks (0,CBT,YM1603)
[6248] 2016/03/10 15:03:32.574 SKOSQuoteLib_RequestTicks (0,CBT,YM1606)
[6248] 2016/03/10 15:03:32.676 SKOSQuoteLib_RequestTicks (0,NYM,CL1604)
[6248] 2016/03/10 15:03:32.778 SKOSQuoteLib_RequestTicks (0,NYM,CL1605)
[6248] 2016/03/10 15:03:32.880 SKOSQuoteLib_RequestTicks (0,NYM,GC1604)
[6248] 2016/03/10 15:03:32.981 SKOSQuoteLib_RequestTicks (0,NYM,GC1606)
[6248] 2016/03/10 15:03:33.082 SKOSQuoteLib_RequestTicks (0,NYM,SI1603)
[6248] 2016/03/10 15:03:33.183 SKOSQuoteLib_RequestTicks (0,NYM,SI1605)
[6248] 2016/03/10 15:03:33.284 SKOSQuoteLib_RequestTicks (0,SGX,NKNT1603)
[6248] 2016/03/10 15:03:33.386 SKOSQuoteLib_RequestTicks (0,SGX,NKNT1606)
[6248] 2016/03/10 15:03:33.488 SKOSQuoteLib_RequestTicks (0,SGX,CNIDX)
[6248] 2016/03/10 15:03:33.590 SKOSQuoteLib_RequestTicks (0,SGX,CNT1603)
[6248] 2016/03/10 15:03:33.708 SKOSQuoteLib_RequestTicks (0,HKF,MHI1603)
[6248] 2016/03/10 15:03:33.811 SKOSQuoteLib_RequestTicks (0,HKF,MHI1604)
[6248] 2016/03/10 15:03:33.912 SKOSQuoteLib_RequestTicks (0,EUR,DAX1603)
[6248] 2016/03/10 15:03:34.013 SKOSQuoteLib_RequestTicks (0,EUR,DAX1606)
[6248] 2016/03/10 15:03:34.115 SKOSQuoteLib_RequestTicks (0,CFX,CIF1603)
[6248] 2016/03/10 15:03:34.217 SKOSQuoteLib_RequestTicks (0,CFX,CIF1604)
[12308] 2016/03/10 15:04:48.029 API InitInstance 
[12308] 2016/03/10 15:04:48.031 SKOSQuoteLib_Initialize  ID멚B222875498
[12308] 2016/03/10 15:04:48.031 SKOSQuoteLib_Initialize  Server멚https://order2.capital.com.tw/
[12308] 2016/03/10 15:04:48.972 SKOSQuoteLib_EnterMonitor(0)
[12308] 2016/03/10 15:04:48.973 Connect FORT03.capital.com.tw 443
[12308] 2016/03/10 15:04:48.975 SKOSQuoteLib_AttachConnectCallBack
[12308] 2016/03/10 15:04:48.976 SKOSQuoteLib_AttachQuoteCallBack
[12308] 2016/03/10 15:04:48.976 SKOSQuoteLib_AttachBest5CallBack
[12308] 2016/03/10 15:04:48.997 SK_SUBJECT_CONNECTION_CONNECTED메Code: 0
[12308] 2016/03/10 15:05:07.382 SKOSQuoteLib_RequestStocks (1,CME,NQ_1603#CME,NQ_1606#CME,NQ_1609#CME,NQ_1612#CME,EC_1603#CME,EC_1606#CBT,YM1603#CBT,YM1606#NYM,CL1604#NYM,CL1605#NYM,GC1604#NYM,GC1606#NYM,SI1603#NYM,SI1605#SGX,NKNT1603#SGX,NKNT1606#SGX,CNIDX#SGX,CNT1603#HKF,MHI1603#HKF,MHI1604#EUR,DAX1603#EUR,DAX1606#CFX,CIF1603#CFX,CIF1604)
[12308] 2016/03/10 15:05:07.387 SKOSQuoteLib_RequestTicks (0,CME,NQ_1603)
[12308] 2016/03/10 15:05:07.489 SKOSQuoteLib_RequestTicks (0,CME,NQ_1606)
[12308] 2016/03/10 15:05:07.590 SKOSQuoteLib_RequestTicks (0,CME,NQ_1609)
[12308] 2016/03/10 15:05:07.691 SKOSQuoteLib_RequestTicks (0,CME,NQ_1612)
[12308] 2016/03/10 15:05:07.793 SKOSQuoteLib_RequestTicks (0,CME,EC_1603)
[12308] 2016/03/10 15:05:07.894 SKOSQuoteLib_RequestTicks (0,CME,EC_1606)
[12308] 2016/03/10 15:05:07.995 SKOSQuoteLib_RequestTicks (0,CBT,YM1603)
[12308] 2016/03/10 15:05:08.115 SKOSQuoteLib_RequestTicks (0,CBT,YM1606)
[12308] 2016/03/10 15:05:08.219 SKOSQuoteLib_RequestTicks (0,NYM,CL1604)
[12308] 2016/03/10 15:05:08.321 SKOSQuoteLib_RequestTicks (0,NYM,CL1605)
[12308] 2016/03/10 15:05:08.425 SKOSQuoteLib_RequestTicks (0,NYM,GC1604)
[12308] 2016/03/10 15:05:08.530 SKOSQuoteLib_RequestTicks (0,NYM,GC1606)
[12308] 2016/03/10 15:05:08.633 SKOSQuoteLib_RequestTicks (0,NYM,SI1603)
[12308] 2016/03/10 15:05:08.737 SKOSQuoteLib_RequestTicks (0,NYM,SI1605)
[12308] 2016/03/10 15:05:08.844 SKOSQuoteLib_RequestTicks (0,SGX,NKNT1603)
[12308] 2016/03/10 15:05:08.976 SKOSQuoteLib_RequestTicks (0,SGX,NKNT1606)
[12308] 2016/03/10 15:05:09.081 SKOSQuoteLib_RequestTicks (0,SGX,CNIDX)
[12308] 2016/03/10 15:05:09.183 SKOSQuoteLib_RequestTicks (0,SGX,CNT1603)
[12308] 2016/03/10 15:05:09.291 SKOSQuoteLib_RequestTicks (0,HKF,MHI1603)
[12308] 2016/03/10 15:05:09.398 SKOSQuoteLib_RequestTicks (0,HKF,MHI1604)
[12308] 2016/03/10 15:05:09.506 SKOSQuoteLib_RequestTicks (0,EUR,DAX1603)
[12308] 2016/03/10 15:05:09.618 SKOSQuoteLib_RequestTicks (0,EUR,DAX1606)
[12308] 2016/03/10 15:05:09.725 SKOSQuoteLib_RequestTicks (0,CFX,CIF1603)
[12308] 2016/03/10 15:05:09.833 SKOSQuoteLib_RequestTicks (0,CFX,CIF1604)
[6496] 2016/03/10 15:06:04.683 API InitInstance 
[6496] 2016/03/10 15:06:04.687 SKOSQuoteLib_Initialize  ID멚B222875498
[6496] 2016/03/10 15:06:04.688 SKOSQuoteLib_Initialize  Server멚https://order2.capital.com.tw/
[6496] 2016/03/10 15:06:05.620 SKOSQuoteLib_EnterMonitor(0)
[6496] 2016/03/10 15:06:05.620 Connect FORT07.capital.com.tw 443
[6496] 2016/03/10 15:06:05.623 SKOSQuoteLib_AttachConnectCallBack
[6496] 2016/03/10 15:06:05.624 SKOSQuoteLib_AttachQuoteCallBack
[6496] 2016/03/10 15:06:05.624 SKOSQuoteLib_AttachBest5CallBack
[6496] 2016/03/10 15:06:05.716 SK_SUBJECT_CONNECTION_CONNECTED메Code: 0
[6496] 2016/03/10 15:06:26.931 SKOSQuoteLib_RequestStocks (1,CME,NQ_1603#CME,NQ_1606#CME,NQ_1609#CME,NQ_1612#CME,EC_1603#CME,EC_1606#CBT,YM1603#CBT,YM1606#NYM,CL1604#NYM,CL1605#NYM,GC1604#NYM,GC1606#NYM,SI1603#NYM,SI1605#SGX,NKNT1603#SGX,NKNT1606#SGX,CNIDX#SGX,CNT1603#HKF,MHI1603#HKF,MHI1604#EUR,DAX1603#EUR,DAX1606#CFX,CIF1603#CFX,CIF1604)
[6496] 2016/03/10 15:06:26.937 SKOSQuoteLib_RequestTicks (0,CME,NQ_1603)
[6496] 2016/03/10 15:06:27.038 SKOSQuoteLib_RequestTicks (0,CME,NQ_1606)
[6496] 2016/03/10 15:06:27.140 SKOSQuoteLib_RequestTicks (0,CME,NQ_1609)
[6496] 2016/03/10 15:06:27.241 SKOSQuoteLib_RequestTicks (0,CME,NQ_1612)
[6496] 2016/03/10 15:06:27.342 SKOSQuoteLib_RequestTicks (0,CME,EC_1603)
[6496] 2016/03/10 15:06:27.446 SKOSQuoteLib_RequestTicks (0,CME,EC_1606)
[6496] 2016/03/10 15:06:27.548 SKOSQuoteLib_RequestTicks (0,CBT,YM1603)
[6496] 2016/03/10 15:06:27.650 SKOSQuoteLib_RequestTicks (0,CBT,YM1606)
[6496] 2016/03/10 15:06:27.752 SKOSQuoteLib_RequestTicks (0,NYM,CL1604)
[6496] 2016/03/10 15:06:27.855 SKOSQuoteLib_RequestTicks (0,NYM,CL1605)
[6496] 2016/03/10 15:06:27.957 SKOSQuoteLib_RequestTicks (0,NYM,GC1604)
[6496] 2016/03/10 15:06:28.059 SKOSQuoteLib_RequestTicks (0,NYM,GC1606)
[6496] 2016/03/10 15:06:28.161 SKOSQuoteLib_RequestTicks (0,NYM,SI1603)
[6496] 2016/03/10 15:06:28.264 SKOSQuoteLib_RequestTicks (0,NYM,SI1605)
[6496] 2016/03/10 15:06:28.367 SKOSQuoteLib_RequestTicks (0,SGX,NKNT1603)
[6496] 2016/03/10 15:06:28.468 SKOSQuoteLib_RequestTicks (0,SGX,NKNT1606)
[6496] 2016/03/10 15:06:28.571 SKOSQuoteLib_RequestTicks (0,SGX,CNIDX)
[6496] 2016/03/10 15:06:28.673 SKOSQuoteLib_RequestTicks (0,SGX,CNT1603)
[6496] 2016/03/10 15:06:28.775 SKOSQuoteLib_RequestTicks (0,HKF,MHI1603)
[6496] 2016/03/10 15:06:28.877 SKOSQuoteLib_RequestTicks (0,HKF,MHI1604)
[6496] 2016/03/10 15:06:28.980 SKOSQuoteLib_RequestTicks (0,EUR,DAX1603)
[6496] 2016/03/10 15:06:29.081 SKOSQuoteLib_RequestTicks (0,EUR,DAX1606)
[6496] 2016/03/10 15:06:29.182 SKOSQuoteLib_RequestTicks (0,CFX,CIF1603)
[6496] 2016/03/10 15:06:29.285 SKOSQuoteLib_RequestTicks (0,CFX,CIF1604)
[11104] 2016/03/10 15:06:53.109 API InitInstance 
[11104] 2016/03/10 15:06:53.112 SKOSQuoteLib_Initialize  ID멚B222875498
[11104] 2016/03/10 15:06:53.112 SKOSQuoteLib_Initialize  Server멚https://order2.capital.com.tw/
[11104] 2016/03/10 15:06:53.532 SKOSQuoteLib_EnterMonitor(0)
[11104] 2016/03/10 15:06:53.533 Connect FORT03.capital.com.tw 443
[11104] 2016/03/10 15:06:53.536 SKOSQuoteLib_AttachConnectCallBack
[11104] 2016/03/10 15:06:53.537 SKOSQuoteLib_AttachQuoteCallBack
[11104] 2016/03/10 15:06:53.538 SKOSQuoteLib_AttachBest5CallBack
[11104] 2016/03/10 15:06:53.556 SK_SUBJECT_CONNECTION_CONNECTED메Code: 0
[11104] 2016/03/10 15:07:14.282 SKOSQuoteLib_RequestStocks (1,CME,NQ_1603#CME,NQ_1606#CME,NQ_1609#CME,NQ_1612#CME,EC_1603#CME,EC_1606#CBT,YM1603#CBT,YM1606#NYM,CL1604#NYM,CL1605#NYM,GC1604#NYM,GC1606#NYM,SI1603#NYM,SI1605#SGX,NKNT1603#SGX,NKNT1606#SGX,CNIDX#SGX,CNT1603#HKF,MHI1603#HKF,MHI1604#EUR,DAX1603#EUR,DAX1606#CFX,CIF1603#CFX,CIF1604)
[11104] 2016/03/10 15:07:14.288 SKOSQuoteLib_RequestTicks (0,CME,NQ_1603)
[11104] 2016/03/10 15:07:14.390 SKOSQuoteLib_RequestTicks (0,CME,NQ_1606)
[11104] 2016/03/10 15:07:14.493 SKOSQuoteLib_RequestTicks (0,CME,NQ_1609)
[11104] 2016/03/10 15:07:14.594 SKOSQuoteLib_RequestTicks (0,CME,NQ_1612)
[11104] 2016/03/10 15:07:14.695 SKOSQuoteLib_RequestTicks (0,CME,EC_1603)
[11104] 2016/03/10 15:07:14.797 SKOSQuoteLib_RequestTicks (0,CME,EC_1606)
[11104] 2016/03/10 15:07:14.900 SKOSQuoteLib_RequestTicks (0,CBT,YM1603)
[11104] 2016/03/10 15:07:15.001 SKOSQuoteLib_RequestTicks (0,CBT,YM1606)
[11104] 2016/03/10 15:07:15.103 SKOSQuoteLib_RequestTicks (0,NYM,CL1604)
[11104] 2016/03/10 15:07:15.205 SKOSQuoteLib_RequestTicks (0,NYM,CL1605)
[11104] 2016/03/10 15:07:15.308 SKOSQuoteLib_RequestTicks (0,NYM,GC1604)
[11104] 2016/03/10 15:07:15.409 SKOSQuoteLib_RequestTicks (0,NYM,GC1606)
[11104] 2016/03/10 15:07:15.512 SKOSQuoteLib_RequestTicks (0,NYM,SI1603)
[11104] 2016/03/10 15:07:15.613 SKOSQuoteLib_RequestTicks (0,NYM,SI1605)
[11104] 2016/03/10 15:07:15.716 SKOSQuoteLib_RequestTicks (0,SGX,NKNT1603)
[11104] 2016/03/10 15:07:15.820 SKOSQuoteLib_RequestTicks (0,SGX,NKNT1606)
[11104] 2016/03/10 15:07:15.922 SKOSQuoteLib_RequestTicks (0,SGX,CNIDX)
[11104] 2016/03/10 15:07:16.024 SKOSQuoteLib_RequestTicks (0,SGX,CNT1603)
[11104] 2016/03/10 15:07:16.125 SKOSQuoteLib_RequestTicks (0,HKF,MHI1603)
[11104] 2016/03/10 15:07:16.228 SKOSQuoteLib_RequestTicks (0,HKF,MHI1604)
[11104] 2016/03/10 15:07:16.332 SKOSQuoteLib_RequestTicks (0,EUR,DAX1603)
[11104] 2016/03/10 15:07:16.433 SKOSQuoteLib_RequestTicks (0,EUR,DAX1606)
[11104] 2016/03/10 15:07:16.534 SKOSQuoteLib_RequestTicks (0,CFX,CIF1603)
[11104] 2016/03/10 15:07:16.635 SKOSQuoteLib_RequestTicks (0,CFX,CIF1604)
