[3396] 2016/03/08 10:12:19.174 API InitInstance 
[3396] 2016/03/08 10:12:19.176 SKOSQuoteLib_Initialize  ID멚B222875498
[3396] 2016/03/08 10:12:19.177 SKOSQuoteLib_Initialize  Server멚https://order2.capital.com.tw/
[3396] 2016/03/08 10:12:19.959 SKOSQuoteLib_EnterMonitor(0)
[3396] 2016/03/08 10:12:19.959 Connect FORT05.capital.com.tw 443
[3396] 2016/03/08 10:12:19.962 SKOSQuoteLib_AttachConnectCallBack
[3396] 2016/03/08 10:12:19.963 SKOSQuoteLib_AttachQuoteCallBack
[3396] 2016/03/08 10:12:19.963 SKOSQuoteLib_AttachBest5CallBack
[3396] 2016/03/08 10:12:20.023 SK_SUBJECT_CONNECTION_CONNECTED메Code: 0
[5080] 2016/03/08 10:13:41.814 API InitInstance 
[5080] 2016/03/08 10:13:41.817 SKOSQuoteLib_Initialize  ID멚B222875498
[5080] 2016/03/08 10:13:41.817 SKOSQuoteLib_Initialize  Server멚https://order2.capital.com.tw/
[5080] 2016/03/08 10:13:42.706 SKOSQuoteLib_EnterMonitor(0)
[5080] 2016/03/08 10:13:42.706 Connect FORT03.capital.com.tw 443
[5080] 2016/03/08 10:13:42.709 SKOSQuoteLib_AttachConnectCallBack
[5080] 2016/03/08 10:13:42.710 SKOSQuoteLib_AttachQuoteCallBack
[5080] 2016/03/08 10:13:42.710 SKOSQuoteLib_AttachBest5CallBack
[5080] 2016/03/08 10:13:42.802 SK_SUBJECT_CONNECTION_CONNECTED메Code: 0
[5080] 2016/03/08 10:14:03.433 SKOSQuoteLib_RequestStocks (1,CME,NQ_1603#CME,NQ_1606#CME,NQ_1609#CME,NQ_1612#CME,EC_1603#CME,EC_1606#CBT,YM1603#CBT,YM1606#NYM,CL1604#NYM,CL1605#NYM,GC1604#NYM,GC1606#NYM,SI1603#NYM,SI1605#SGX,NKNT1603#SGX,NKNT1606#SGX,CNIDX#SGX,CNT1603#HKF,MHI1603#HKF,MHI1604#EUR,DAX1603#EUR,DAX1606#CFX,CIF1603#CFX,CIF1604)
[5080] 2016/03/08 10:14:03.437 SKOSQuoteLib_RequestTicks (0,CME,NQ_1603)
[5080] 2016/03/08 10:14:03.538 SKOSQuoteLib_RequestTicks (0,CME,NQ_1606)
[5080] 2016/03/08 10:14:03.640 SKOSQuoteLib_RequestTicks (0,CME,NQ_1609)
[5080] 2016/03/08 10:14:03.742 SKOSQuoteLib_RequestTicks (0,CME,NQ_1612)
[5080] 2016/03/08 10:14:03.844 SKOSQuoteLib_RequestTicks (0,CME,EC_1603)
[5080] 2016/03/08 10:14:03.945 SKOSQuoteLib_RequestTicks (0,CME,EC_1606)
[5080] 2016/03/08 10:14:04.047 SKOSQuoteLib_RequestTicks (0,CBT,YM1603)
[5080] 2016/03/08 10:14:04.148 SKOSQuoteLib_RequestTicks (0,CBT,YM1606)
[5080] 2016/03/08 10:14:04.249 SKOSQuoteLib_RequestTicks (0,NYM,CL1604)
[5080] 2016/03/08 10:14:04.350 SKOSQuoteLib_RequestTicks (0,NYM,CL1605)
[5080] 2016/03/08 10:14:04.452 SKOSQuoteLib_RequestTicks (0,NYM,GC1604)
[5080] 2016/03/08 10:14:04.554 SKOSQuoteLib_RequestTicks (0,NYM,GC1606)
[5080] 2016/03/08 10:14:04.655 SKOSQuoteLib_RequestTicks (0,NYM,SI1603)
[5080] 2016/03/08 10:14:04.756 SKOSQuoteLib_RequestTicks (0,NYM,SI1605)
[5080] 2016/03/08 10:14:04.857 SKOSQuoteLib_RequestTicks (0,SGX,NKNT1603)
[5080] 2016/03/08 10:14:04.958 SKOSQuoteLib_RequestTicks (0,SGX,NKNT1606)
[5080] 2016/03/08 10:14:05.059 SKOSQuoteLib_RequestTicks (0,SGX,CNIDX)
[5080] 2016/03/08 10:14:05.160 SKOSQuoteLib_RequestTicks (0,SGX,CNT1603)
[5080] 2016/03/08 10:14:05.262 SKOSQuoteLib_RequestTicks (0,HKF,MHI1603)
[5080] 2016/03/08 10:14:05.363 SKOSQuoteLib_RequestTicks (0,HKF,MHI1604)
[5080] 2016/03/08 10:14:05.464 SKOSQuoteLib_RequestTicks (0,EUR,DAX1603)
[5080] 2016/03/08 10:14:05.566 SKOSQuoteLib_RequestTicks (0,EUR,DAX1606)
[5080] 2016/03/08 10:14:05.669 SKOSQuoteLib_RequestTicks (0,CFX,CIF1603)
[5080] 2016/03/08 10:14:05.772 SKOSQuoteLib_RequestTicks (0,CFX,CIF1604)
[5080] 2016/03/08 10:24:42.717 SKOSQuoteLib_RequestStocks (1,CME,NQ_1603#CME,NQ_1606#CME,NQ_1609#CME,NQ_1612#CME,EC_1603#CME,EC_1606#CBT,YM1603#CBT,YM1606#NYM,CL1604#NYM,CL1605#NYM,GC1604#NYM,GC1606#NYM,SI1603#NYM,SI1605#SGX,NKNT1603#SGX,NKNT1606#SGX,CNIDX#SGX,CNT1603#HKF,MHI1603#HKF,MHI1604#EUR,DAX1603#EUR,DAX1606#CFX,CIF1603#CFX,CIF1604)
[5080] 2016/03/08 10:24:42.736 SKOSQuoteLib_RequestTicks (0,CME,NQ_1603)
[5080] 2016/03/08 10:24:42.838 SKOSQuoteLib_RequestTicks (0,CME,NQ_1606)
[5080] 2016/03/08 10:24:42.940 SKOSQuoteLib_RequestTicks (0,CME,NQ_1609)
[5080] 2016/03/08 10:24:43.042 SKOSQuoteLib_RequestTicks (0,CME,NQ_1612)
[5080] 2016/03/08 10:24:43.144 SKOSQuoteLib_RequestTicks (0,CME,EC_1603)
[5080] 2016/03/08 10:24:43.247 SKOSQuoteLib_RequestTicks (0,CME,EC_1606)
[5080] 2016/03/08 10:24:43.349 SKOSQuoteLib_RequestTicks (0,CBT,YM1603)
[5080] 2016/03/08 10:24:43.451 SKOSQuoteLib_RequestTicks (0,CBT,YM1606)
[5080] 2016/03/08 10:24:43.554 SKOSQuoteLib_RequestTicks (0,NYM,CL1604)
[5080] 2016/03/08 10:24:43.656 SKOSQuoteLib_RequestTicks (0,NYM,CL1605)
[5080] 2016/03/08 10:24:43.758 SKOSQuoteLib_RequestTicks (0,NYM,GC1604)
[5080] 2016/03/08 10:24:43.860 SKOSQuoteLib_RequestTicks (0,NYM,GC1606)
[5080] 2016/03/08 10:24:43.962 SKOSQuoteLib_RequestTicks (0,NYM,SI1603)
[5080] 2016/03/08 10:24:44.064 SKOSQuoteLib_RequestTicks (0,NYM,SI1605)
[5080] 2016/03/08 10:24:44.166 SKOSQuoteLib_RequestTicks (0,SGX,NKNT1603)
[5080] 2016/03/08 10:24:44.268 SKOSQuoteLib_RequestTicks (0,SGX,NKNT1606)
[5080] 2016/03/08 10:24:44.371 SKOSQuoteLib_RequestTicks (0,SGX,CNIDX)
[5080] 2016/03/08 10:24:44.473 SKOSQuoteLib_RequestTicks (0,SGX,CNT1603)
[5080] 2016/03/08 10:24:44.575 SKOSQuoteLib_RequestTicks (0,HKF,MHI1603)
[5080] 2016/03/08 10:24:44.676 SKOSQuoteLib_RequestTicks (0,HKF,MHI1604)
[5080] 2016/03/08 10:24:44.778 SKOSQuoteLib_RequestTicks (0,EUR,DAX1603)
[5080] 2016/03/08 10:24:44.880 SKOSQuoteLib_RequestTicks (0,EUR,DAX1606)
[5080] 2016/03/08 10:24:44.982 SKOSQuoteLib_RequestTicks (0,CFX,CIF1603)
[5080] 2016/03/08 10:24:45.084 SKOSQuoteLib_RequestTicks (0,CFX,CIF1604)
[10416] 2016/03/08 11:40:34.985 API InitInstance 
[10416] 2016/03/08 11:40:34.988 SKOSQuoteLib_Initialize  ID멚B222875498
[10416] 2016/03/08 11:40:34.988 SKOSQuoteLib_Initialize  Server멚https://order2.capital.com.tw/
[10416] 2016/03/08 11:40:36.570 SKOSQuoteLib_EnterMonitor(0)
[10416] 2016/03/08 11:40:36.571 Connect FORT01.capital.com.tw 443
[10416] 2016/03/08 11:40:36.573 SKOSQuoteLib_AttachConnectCallBack
[10416] 2016/03/08 11:40:36.574 SKOSQuoteLib_AttachQuoteCallBack
[10416] 2016/03/08 11:40:36.575 SKOSQuoteLib_AttachBest5CallBack
[10416] 2016/03/08 11:40:36.605 SK_SUBJECT_CONNECTION_CONNECTED메Code: 0
[10416] 2016/03/08 11:40:57.522 SKOSQuoteLib_RequestStocks (1,CME,NQ_1603#CME,NQ_1606#CME,NQ_1609#CME,NQ_1612#CME,EC_1603#CME,EC_1606#CBT,YM1603#CBT,YM1606#NYM,CL1604#NYM,CL1605#NYM,GC1604#NYM,GC1606#NYM,SI1603#NYM,SI1605#SGX,NKNT1603#SGX,NKNT1606#SGX,CNIDX#SGX,CNT1603#HKF,MHI1603#HKF,MHI1604#EUR,DAX1603#EUR,DAX1606#CFX,CIF1603#CFX,CIF1604)
[10416] 2016/03/08 11:40:57.526 SKOSQuoteLib_RequestTicks (0,CME,NQ_1603)
[10416] 2016/03/08 11:40:57.627 SKOSQuoteLib_RequestTicks (0,CME,NQ_1606)
[10416] 2016/03/08 11:40:57.729 SKOSQuoteLib_RequestTicks (0,CME,NQ_1609)
[10416] 2016/03/08 11:40:57.831 SKOSQuoteLib_RequestTicks (0,CME,NQ_1612)
[10416] 2016/03/08 11:40:57.933 SKOSQuoteLib_RequestTicks (0,CME,EC_1603)
[10416] 2016/03/08 11:40:58.035 SKOSQuoteLib_RequestTicks (0,CME,EC_1606)
[10416] 2016/03/08 11:40:58.136 SKOSQuoteLib_RequestTicks (0,CBT,YM1603)
[10416] 2016/03/08 11:40:58.239 SKOSQuoteLib_RequestTicks (0,CBT,YM1606)
[10416] 2016/03/08 11:40:58.341 SKOSQuoteLib_RequestTicks (0,NYM,CL1604)
[10416] 2016/03/08 11:40:58.444 SKOSQuoteLib_RequestTicks (0,NYM,CL1605)
[10416] 2016/03/08 11:40:58.546 SKOSQuoteLib_RequestTicks (0,NYM,GC1604)
[10416] 2016/03/08 11:40:58.649 SKOSQuoteLib_RequestTicks (0,NYM,GC1606)
[10416] 2016/03/08 11:40:58.751 SKOSQuoteLib_RequestTicks (0,NYM,SI1603)
[10416] 2016/03/08 11:40:58.853 SKOSQuoteLib_RequestTicks (0,NYM,SI1605)
[10416] 2016/03/08 11:40:58.955 SKOSQuoteLib_RequestTicks (0,SGX,NKNT1603)
[10416] 2016/03/08 11:40:59.056 SKOSQuoteLib_RequestTicks (0,SGX,NKNT1606)
[10416] 2016/03/08 11:40:59.159 SKOSQuoteLib_RequestTicks (0,SGX,CNIDX)
[10416] 2016/03/08 11:40:59.260 SKOSQuoteLib_RequestTicks (0,SGX,CNT1603)
[10416] 2016/03/08 11:40:59.362 SKOSQuoteLib_RequestTicks (0,HKF,MHI1603)
[10416] 2016/03/08 11:40:59.464 SKOSQuoteLib_RequestTicks (0,HKF,MHI1604)
[10416] 2016/03/08 11:40:59.566 SKOSQuoteLib_RequestTicks (0,EUR,DAX1603)
[10416] 2016/03/08 11:40:59.669 SKOSQuoteLib_RequestTicks (0,EUR,DAX1606)
[10416] 2016/03/08 11:40:59.771 SKOSQuoteLib_RequestTicks (0,CFX,CIF1603)
[10416] 2016/03/08 11:40:59.874 SKOSQuoteLib_RequestTicks (0,CFX,CIF1604)
[8572] 2016/03/08 11:41:56.715 API InitInstance 
[8572] 2016/03/08 11:41:56.717 SKOSQuoteLib_Initialize  ID멚B222875498
[8572] 2016/03/08 11:41:56.718 SKOSQuoteLib_Initialize  Server멚https://order2.capital.com.tw/
[8572] 2016/03/08 11:41:58.515 SKOSQuoteLib_EnterMonitor(0)
[8572] 2016/03/08 11:41:58.515 Connect FORT05.capital.com.tw 443
[8572] 2016/03/08 11:41:58.518 SKOSQuoteLib_AttachConnectCallBack
[8572] 2016/03/08 11:41:58.519 SKOSQuoteLib_AttachQuoteCallBack
[8572] 2016/03/08 11:41:58.519 SKOSQuoteLib_AttachBest5CallBack
[8572] 2016/03/08 11:41:58.552 SK_SUBJECT_CONNECTION_CONNECTED메Code: 0
[8572] 2016/03/08 11:42:18.933 SKOSQuoteLib_RequestStocks (1,CME,NQ_1603#CME,NQ_1606#CME,NQ_1609#CME,NQ_1612#CME,EC_1603#CME,EC_1606#CBT,YM1603#CBT,YM1606#NYM,CL1604#NYM,CL1605#NYM,GC1604#NYM,GC1606#NYM,SI1603#NYM,SI1605#SGX,NKNT1603#SGX,NKNT1606#SGX,CNIDX#SGX,CNT1603#HKF,MHI1603#HKF,MHI1604#EUR,DAX1603#EUR,DAX1606#CFX,CIF1603#CFX,CIF1604)
[8572] 2016/03/08 11:42:18.937 SKOSQuoteLib_RequestTicks (0,CME,NQ_1603)
[8572] 2016/03/08 11:42:19.039 SKOSQuoteLib_RequestTicks (0,CME,NQ_1606)
[8572] 2016/03/08 11:42:19.140 SKOSQuoteLib_RequestTicks (0,CME,NQ_1609)
[8572] 2016/03/08 11:42:19.242 SKOSQuoteLib_RequestTicks (0,CME,NQ_1612)
[8572] 2016/03/08 11:42:19.344 SKOSQuoteLib_RequestTicks (0,CME,EC_1603)
[8572] 2016/03/08 11:42:19.446 SKOSQuoteLib_RequestTicks (0,CME,EC_1606)
[8572] 2016/03/08 11:42:19.549 SKOSQuoteLib_RequestTicks (0,CBT,YM1603)
[8572] 2016/03/08 11:42:19.651 SKOSQuoteLib_RequestTicks (0,CBT,YM1606)
[8572] 2016/03/08 11:42:19.753 SKOSQuoteLib_RequestTicks (0,NYM,CL1604)
[8572] 2016/03/08 11:42:19.856 SKOSQuoteLib_RequestTicks (0,NYM,CL1605)
[8572] 2016/03/08 11:42:19.958 SKOSQuoteLib_RequestTicks (0,NYM,GC1604)
[8572] 2016/03/08 11:42:20.059 SKOSQuoteLib_RequestTicks (0,NYM,GC1606)
[8572] 2016/03/08 11:42:20.161 SKOSQuoteLib_RequestTicks (0,NYM,SI1603)
[8572] 2016/03/08 11:42:20.264 SKOSQuoteLib_RequestTicks (0,NYM,SI1605)
[8572] 2016/03/08 11:42:20.367 SKOSQuoteLib_RequestTicks (0,SGX,NKNT1603)
[8572] 2016/03/08 11:42:20.470 SKOSQuoteLib_RequestTicks (0,SGX,NKNT1606)
[8572] 2016/03/08 11:42:20.572 SKOSQuoteLib_RequestTicks (0,SGX,CNIDX)
[8572] 2016/03/08 11:42:20.674 SKOSQuoteLib_RequestTicks (0,SGX,CNT1603)
[8572] 2016/03/08 11:42:20.777 SKOSQuoteLib_RequestTicks (0,HKF,MHI1603)
[8572] 2016/03/08 11:42:20.880 SKOSQuoteLib_RequestTicks (0,HKF,MHI1604)
[8572] 2016/03/08 11:42:20.982 SKOSQuoteLib_RequestTicks (0,EUR,DAX1603)
[8572] 2016/03/08 11:42:21.084 SKOSQuoteLib_RequestTicks (0,EUR,DAX1606)
[8572] 2016/03/08 11:42:21.187 SKOSQuoteLib_RequestTicks (0,CFX,CIF1603)
[8572] 2016/03/08 11:42:21.290 SKOSQuoteLib_RequestTicks (0,CFX,CIF1604)
[6856] 2016/03/08 14:02:11.200 API InitInstance 
[6856] 2016/03/08 14:02:11.203 SKOSQuoteLib_Initialize  ID멚B222875498
[6856] 2016/03/08 14:02:11.203 SKOSQuoteLib_Initialize  Server멚https://order2.capital.com.tw/
[6856] 2016/03/08 14:02:12.926 SKOSQuoteLib_EnterMonitor(0)
[6856] 2016/03/08 14:02:12.926 Connect FORT03.capital.com.tw 443
[6856] 2016/03/08 14:02:12.929 SKOSQuoteLib_AttachConnectCallBack
[6856] 2016/03/08 14:02:12.930 SKOSQuoteLib_AttachQuoteCallBack
[6856] 2016/03/08 14:02:12.930 SKOSQuoteLib_AttachBest5CallBack
[6856] 2016/03/08 14:02:12.965 SK_SUBJECT_CONNECTION_CONNECTED메Code: 0
[6856] 2016/03/08 14:02:33.414 SKOSQuoteLib_RequestStocks (1,CME,NQ_1603#CME,NQ_1606#CME,NQ_1609#CME,NQ_1612#CME,EC_1603#CME,EC_1606#CBT,YM1603#CBT,YM1606#NYM,CL1604#NYM,CL1605#NYM,GC1604#NYM,GC1606#NYM,SI1603#NYM,SI1605#SGX,NKNT1603#SGX,NKNT1606#SGX,CNIDX#SGX,CNT1603#HKF,MHI1603#HKF,MHI1604#EUR,DAX1603#EUR,DAX1606#CFX,CIF1603#CFX,CIF1604)
[6856] 2016/03/08 14:02:33.418 SKOSQuoteLib_RequestTicks (0,CME,NQ_1603)
[6856] 2016/03/08 14:02:33.520 SKOSQuoteLib_RequestTicks (0,CME,NQ_1606)
[6856] 2016/03/08 14:02:33.622 SKOSQuoteLib_RequestTicks (0,CME,NQ_1609)
[6856] 2016/03/08 14:02:33.724 SKOSQuoteLib_RequestTicks (0,CME,NQ_1612)
[6856] 2016/03/08 14:02:33.827 SKOSQuoteLib_RequestTicks (0,CME,EC_1603)
[6856] 2016/03/08 14:02:33.929 SKOSQuoteLib_RequestTicks (0,CME,EC_1606)
[6856] 2016/03/08 14:02:34.031 SKOSQuoteLib_RequestTicks (0,CBT,YM1603)
[6856] 2016/03/08 14:02:34.133 SKOSQuoteLib_RequestTicks (0,CBT,YM1606)
[6856] 2016/03/08 14:02:34.235 SKOSQuoteLib_RequestTicks (0,NYM,CL1604)
[6856] 2016/03/08 14:02:34.337 SKOSQuoteLib_RequestTicks (0,NYM,CL1605)
[6856] 2016/03/08 14:02:34.439 SKOSQuoteLib_RequestTicks (0,NYM,GC1604)
[6856] 2016/03/08 14:02:34.540 SKOSQuoteLib_RequestTicks (0,NYM,GC1606)
[6856] 2016/03/08 14:02:34.643 SKOSQuoteLib_RequestTicks (0,NYM,SI1603)
[6856] 2016/03/08 14:02:34.745 SKOSQuoteLib_RequestTicks (0,NYM,SI1605)
[6856] 2016/03/08 14:02:34.847 SKOSQuoteLib_RequestTicks (0,SGX,NKNT1603)
[6856] 2016/03/08 14:02:34.948 SKOSQuoteLib_RequestTicks (0,SGX,NKNT1606)
[6856] 2016/03/08 14:02:35.051 SKOSQuoteLib_RequestTicks (0,SGX,CNIDX)
[6856] 2016/03/08 14:02:35.153 SKOSQuoteLib_RequestTicks (0,SGX,CNT1603)
[6856] 2016/03/08 14:02:35.255 SKOSQuoteLib_RequestTicks (0,HKF,MHI1603)
[6856] 2016/03/08 14:02:35.357 SKOSQuoteLib_RequestTicks (0,HKF,MHI1604)
[6856] 2016/03/08 14:02:35.459 SKOSQuoteLib_RequestTicks (0,EUR,DAX1603)
[6856] 2016/03/08 14:02:35.562 SKOSQuoteLib_RequestTicks (0,EUR,DAX1606)
[6856] 2016/03/08 14:02:35.664 SKOSQuoteLib_RequestTicks (0,CFX,CIF1603)
[6856] 2016/03/08 14:02:35.765 SKOSQuoteLib_RequestTicks (0,CFX,CIF1604)
[9012] 2016/03/08 14:23:25.421 API InitInstance 
[9012] 2016/03/08 14:23:25.423 SKOSQuoteLib_Initialize  ID멚B222875498
[9012] 2016/03/08 14:23:25.424 SKOSQuoteLib_Initialize  Server멚https://order2.capital.com.tw/
[9012] 2016/03/08 14:23:26.917 SKOSQuoteLib_EnterMonitor(0)
[9012] 2016/03/08 14:23:26.917 Connect FORT01.capital.com.tw 443
[9012] 2016/03/08 14:23:26.920 SKOSQuoteLib_AttachConnectCallBack
[9012] 2016/03/08 14:23:26.921 SKOSQuoteLib_AttachQuoteCallBack
[9012] 2016/03/08 14:23:26.921 SKOSQuoteLib_AttachBest5CallBack
[9012] 2016/03/08 14:23:27.013 SK_SUBJECT_CONNECTION_CONNECTED메Code: 0
[9012] 2016/03/08 14:23:47.945 SKOSQuoteLib_RequestStocks (1,CME,NQ_1603#CME,NQ_1606#CME,NQ_1609#CME,NQ_1612#CME,EC_1603#CME,EC_1606#CBT,YM1603#CBT,YM1606#NYM,CL1604#NYM,CL1605#NYM,GC1604#NYM,GC1606#NYM,SI1603#NYM,SI1605#SGX,NKNT1603#SGX,NKNT1606#SGX,CNIDX#SGX,CNT1603#HKF,MHI1603#HKF,MHI1604#EUR,DAX1603#EUR,DAX1606#CFX,CIF1603#CFX,CIF1604)
[9012] 2016/03/08 14:23:47.949 SKOSQuoteLib_RequestTicks (0,CME,NQ_1603)
[9012] 2016/03/08 14:23:48.051 SKOSQuoteLib_RequestTicks (0,CME,NQ_1606)
[9012] 2016/03/08 14:23:48.152 SKOSQuoteLib_RequestTicks (0,CME,NQ_1609)
[9012] 2016/03/08 14:23:48.253 SKOSQuoteLib_RequestTicks (0,CME,NQ_1612)
[9012] 2016/03/08 14:23:48.355 SKOSQuoteLib_RequestTicks (0,CME,EC_1603)
[9012] 2016/03/08 14:23:48.457 SKOSQuoteLib_RequestTicks (0,CME,EC_1606)
[9012] 2016/03/08 14:23:48.560 SKOSQuoteLib_RequestTicks (0,CBT,YM1603)
[9012] 2016/03/08 14:23:48.663 SKOSQuoteLib_RequestTicks (0,CBT,YM1606)
[9012] 2016/03/08 14:23:48.766 SKOSQuoteLib_RequestTicks (0,NYM,CL1604)
[9012] 2016/03/08 14:23:48.869 SKOSQuoteLib_RequestTicks (0,NYM,CL1605)
[9012] 2016/03/08 14:23:48.971 SKOSQuoteLib_RequestTicks (0,NYM,GC1604)
[9012] 2016/03/08 14:23:49.073 SKOSQuoteLib_RequestTicks (0,NYM,GC1606)
[9012] 2016/03/08 14:23:49.175 SKOSQuoteLib_RequestTicks (0,NYM,SI1603)
[9012] 2016/03/08 14:23:49.278 SKOSQuoteLib_RequestTicks (0,NYM,SI1605)
[9012] 2016/03/08 14:23:49.380 SKOSQuoteLib_RequestTicks (0,SGX,NKNT1603)
[9012] 2016/03/08 14:23:49.482 SKOSQuoteLib_RequestTicks (0,SGX,NKNT1606)
[9012] 2016/03/08 14:23:49.584 SKOSQuoteLib_RequestTicks (0,SGX,CNIDX)
[9012] 2016/03/08 14:23:49.687 SKOSQuoteLib_RequestTicks (0,SGX,CNT1603)
[9012] 2016/03/08 14:23:49.789 SKOSQuoteLib_RequestTicks (0,HKF,MHI1603)
[9012] 2016/03/08 14:23:49.892 SKOSQuoteLib_RequestTicks (0,HKF,MHI1604)
[9012] 2016/03/08 14:23:49.995 SKOSQuoteLib_RequestTicks (0,EUR,DAX1603)
[9012] 2016/03/08 14:23:50.098 SKOSQuoteLib_RequestTicks (0,EUR,DAX1606)
[9012] 2016/03/08 14:23:50.201 SKOSQuoteLib_RequestTicks (0,CFX,CIF1603)
[9012] 2016/03/08 14:23:50.304 SKOSQuoteLib_RequestTicks (0,CFX,CIF1604)
[10940] 2016/03/08 14:25:29.084 API InitInstance 
[10940] 2016/03/08 14:25:29.086 SKOSQuoteLib_Initialize  ID멚B222875498
[10940] 2016/03/08 14:25:29.087 SKOSQuoteLib_Initialize  Server멚https://order2.capital.com.tw/
[10940] 2016/03/08 14:25:30.790 SKOSQuoteLib_EnterMonitor(0)
[10940] 2016/03/08 14:25:30.790 Connect FORT05.capital.com.tw 443
[10940] 2016/03/08 14:25:30.793 SKOSQuoteLib_AttachConnectCallBack
[10940] 2016/03/08 14:25:30.794 SKOSQuoteLib_AttachQuoteCallBack
[10940] 2016/03/08 14:25:30.794 SKOSQuoteLib_AttachBest5CallBack
[10940] 2016/03/08 14:25:30.881 SK_SUBJECT_CONNECTION_CONNECTED메Code: 0
[9696] 2016/03/08 14:39:15.823 API InitInstance 
[9696] 2016/03/08 14:39:15.825 SKOSQuoteLib_Initialize  ID멚B222875498
[9696] 2016/03/08 14:39:15.826 SKOSQuoteLib_Initialize  Server멚https://order2.capital.com.tw/
[9696] 2016/03/08 14:39:17.512 SKOSQuoteLib_EnterMonitor(0)
[9696] 2016/03/08 14:39:17.512 Connect FORT03.capital.com.tw 443
[9696] 2016/03/08 14:39:17.515 SKOSQuoteLib_AttachConnectCallBack
[9696] 2016/03/08 14:39:17.516 SKOSQuoteLib_AttachQuoteCallBack
[9696] 2016/03/08 14:39:17.516 SKOSQuoteLib_AttachBest5CallBack
[9696] 2016/03/08 14:39:17.577 SK_SUBJECT_CONNECTION_CONNECTED메Code: 0
[9696] 2016/03/08 14:39:38.083 SKOSQuoteLib_RequestStocks (1,CME,NQ_1603#CME,NQ_1606#CME,NQ_1609#CME,NQ_1612#CME,EC_1603#CME,EC_1606#CBT,YM1603#CBT,YM1606#NYM,CL1604#NYM,CL1605#NYM,GC1604#NYM,GC1606#NYM,SI1603#NYM,SI1605#SGX,NKNT1603#SGX,NKNT1606#SGX,CNIDX#SGX,CNT1603#HKF,MHI1603#HKF,MHI1604#EUR,DAX1603#EUR,DAX1606#CFX,CIF1603#CFX,CIF1604)
[9696] 2016/03/08 14:39:38.088 SKOSQuoteLib_RequestTicks (0,CME,NQ_1603)
[9696] 2016/03/08 14:39:38.190 SKOSQuoteLib_RequestTicks (0,CME,NQ_1606)
[9696] 2016/03/08 14:39:38.291 SKOSQuoteLib_RequestTicks (0,CME,NQ_1609)
[9696] 2016/03/08 14:39:38.392 SKOSQuoteLib_RequestTicks (0,CME,NQ_1612)
[9696] 2016/03/08 14:39:38.494 SKOSQuoteLib_RequestTicks (0,CME,EC_1603)
[9696] 2016/03/08 14:39:38.595 SKOSQuoteLib_RequestTicks (0,CME,EC_1606)
[9696] 2016/03/08 14:39:38.696 SKOSQuoteLib_RequestTicks (0,CBT,YM1603)
[9696] 2016/03/08 14:39:38.797 SKOSQuoteLib_RequestTicks (0,CBT,YM1606)
[9696] 2016/03/08 14:39:38.900 SKOSQuoteLib_RequestTicks (0,NYM,CL1604)
[9696] 2016/03/08 14:39:39.001 SKOSQuoteLib_RequestTicks (0,NYM,CL1605)
[9696] 2016/03/08 14:39:39.102 SKOSQuoteLib_RequestTicks (0,NYM,GC1604)
[9696] 2016/03/08 14:39:39.204 SKOSQuoteLib_RequestTicks (0,NYM,GC1606)
[9696] 2016/03/08 14:39:39.306 SKOSQuoteLib_RequestTicks (0,NYM,SI1603)
[9696] 2016/03/08 14:39:39.408 SKOSQuoteLib_RequestTicks (0,NYM,SI1605)
[9696] 2016/03/08 14:39:39.511 SKOSQuoteLib_RequestTicks (0,SGX,NKNT1603)
[9696] 2016/03/08 14:39:39.614 SKOSQuoteLib_RequestTicks (0,SGX,NKNT1606)
[9696] 2016/03/08 14:39:39.716 SKOSQuoteLib_RequestTicks (0,SGX,CNIDX)
[9696] 2016/03/08 14:39:39.819 SKOSQuoteLib_RequestTicks (0,SGX,CNT1603)
[9696] 2016/03/08 14:39:39.920 SKOSQuoteLib_RequestTicks (0,HKF,MHI1603)
[9696] 2016/03/08 14:39:40.023 SKOSQuoteLib_RequestTicks (0,HKF,MHI1604)
[9696] 2016/03/08 14:39:40.126 SKOSQuoteLib_RequestTicks (0,EUR,DAX1603)
[9696] 2016/03/08 14:39:40.227 SKOSQuoteLib_RequestTicks (0,EUR,DAX1606)
[9696] 2016/03/08 14:39:40.329 SKOSQuoteLib_RequestTicks (0,CFX,CIF1603)
[9696] 2016/03/08 14:39:40.431 SKOSQuoteLib_RequestTicks (0,CFX,CIF1604)
[8820] 2016/03/08 14:40:45.239 API InitInstance 
[8820] 2016/03/08 14:40:45.242 SKOSQuoteLib_Initialize  ID멚B222875498
[8820] 2016/03/08 14:40:45.242 SKOSQuoteLib_Initialize  Server멚https://order2.capital.com.tw/
[8820] 2016/03/08 14:40:46.918 SKOSQuoteLib_EnterMonitor(0)
[8820] 2016/03/08 14:40:46.919 Connect FORT01.capital.com.tw 443
[8820] 2016/03/08 14:40:46.921 SKOSQuoteLib_AttachConnectCallBack
[8820] 2016/03/08 14:40:46.922 SKOSQuoteLib_AttachQuoteCallBack
[8820] 2016/03/08 14:40:46.922 SKOSQuoteLib_AttachBest5CallBack
[8820] 2016/03/08 14:40:46.954 SK_SUBJECT_CONNECTION_CONNECTED메Code: 0
[8820] 2016/03/08 14:41:07.594 SKOSQuoteLib_RequestStocks (1,CME,NQ_1603#CME,NQ_1606#CME,NQ_1609#CME,NQ_1612#CME,EC_1603#CME,EC_1606#CBT,YM1603#CBT,YM1606#NYM,CL1604#NYM,CL1605#NYM,GC1604#NYM,GC1606#NYM,SI1603#NYM,SI1605#SGX,NKNT1603#SGX,NKNT1606#SGX,CNIDX#SGX,CNT1603#HKF,MHI1603#HKF,MHI1604#EUR,DAX1603#EUR,DAX1606#CFX,CIF1603#CFX,CIF1604)
[8820] 2016/03/08 14:41:07.598 SKOSQuoteLib_RequestTicks (0,CME,NQ_1603)
[8820] 2016/03/08 14:41:07.699 SKOSQuoteLib_RequestTicks (0,CME,NQ_1606)
[8820] 2016/03/08 14:41:07.802 SKOSQuoteLib_RequestTicks (0,CME,NQ_1609)
[8820] 2016/03/08 14:41:07.905 SKOSQuoteLib_RequestTicks (0,CME,NQ_1612)
[8820] 2016/03/08 14:41:08.007 SKOSQuoteLib_RequestTicks (0,CME,EC_1603)
[8820] 2016/03/08 14:41:08.110 SKOSQuoteLib_RequestTicks (0,CME,EC_1606)
[8820] 2016/03/08 14:41:08.211 SKOSQuoteLib_RequestTicks (0,CBT,YM1603)
[8820] 2016/03/08 14:41:08.313 SKOSQuoteLib_RequestTicks (0,CBT,YM1606)
[8820] 2016/03/08 14:41:08.415 SKOSQuoteLib_RequestTicks (0,NYM,CL1604)
[8820] 2016/03/08 14:41:08.518 SKOSQuoteLib_RequestTicks (0,NYM,CL1605)
[8820] 2016/03/08 14:41:08.620 SKOSQuoteLib_RequestTicks (0,NYM,GC1604)
[8820] 2016/03/08 14:41:08.722 SKOSQuoteLib_RequestTicks (0,NYM,GC1606)
[8820] 2016/03/08 14:41:08.824 SKOSQuoteLib_RequestTicks (0,NYM,SI1603)
[8820] 2016/03/08 14:41:08.927 SKOSQuoteLib_RequestTicks (0,NYM,SI1605)
[8820] 2016/03/08 14:41:09.029 SKOSQuoteLib_RequestTicks (0,SGX,NKNT1603)
[8820] 2016/03/08 14:41:09.131 SKOSQuoteLib_RequestTicks (0,SGX,NKNT1606)
[8820] 2016/03/08 14:41:09.234 SKOSQuoteLib_RequestTicks (0,SGX,CNIDX)
[8820] 2016/03/08 14:41:09.337 SKOSQuoteLib_RequestTicks (0,SGX,CNT1603)
[8820] 2016/03/08 14:41:09.439 SKOSQuoteLib_RequestTicks (0,HKF,MHI1603)
[8820] 2016/03/08 14:41:09.542 SKOSQuoteLib_RequestTicks (0,HKF,MHI1604)
[8820] 2016/03/08 14:41:09.645 SKOSQuoteLib_RequestTicks (0,EUR,DAX1603)
[8820] 2016/03/08 14:41:09.748 SKOSQuoteLib_RequestTicks (0,EUR,DAX1606)
[8820] 2016/03/08 14:41:09.851 SKOSQuoteLib_RequestTicks (0,CFX,CIF1603)
[8820] 2016/03/08 14:41:09.953 SKOSQuoteLib_RequestTicks (0,CFX,CIF1604)
[5204] 2016/03/08 16:19:44.792 API InitInstance 
[5204] 2016/03/08 16:19:44.794 SKOSQuoteLib_Initialize  ID멚B222875498
[5204] 2016/03/08 16:19:44.794 SKOSQuoteLib_Initialize  Server멚https://order2.capital.com.tw/
[5204] 2016/03/08 16:19:46.655 SKOSQuoteLib_EnterMonitor(0)
[5204] 2016/03/08 16:19:46.656 Connect FORT05.capital.com.tw 443
[5204] 2016/03/08 16:19:46.658 SKOSQuoteLib_AttachConnectCallBack
[5204] 2016/03/08 16:19:46.659 SKOSQuoteLib_AttachQuoteCallBack
[5204] 2016/03/08 16:19:46.659 SKOSQuoteLib_AttachBest5CallBack
[5204] 2016/03/08 16:19:46.699 SK_SUBJECT_CONNECTION_CONNECTED메Code: 0
[5204] 2016/03/08 16:20:07.639 SKOSQuoteLib_RequestStocks (1,CME,NQ_1603#CME,NQ_1606#CME,NQ_1609#CME,NQ_1612#CME,EC_1603#CME,EC_1606#CBT,YM1603#CBT,YM1606#NYM,CL1604#NYM,CL1605#NYM,GC1604#NYM,GC1606#NYM,SI1603#NYM,SI1605#SGX,NKNT1603#SGX,NKNT1606#SGX,CNIDX#SGX,CNT1603#HKF,MHI1603#HKF,MHI1604#EUR,DAX1603#EUR,DAX1606#CFX,CIF1603#CFX,CIF1604)
[5204] 2016/03/08 16:20:07.643 SKOSQuoteLib_RequestTicks (0,CME,NQ_1603)
[5204] 2016/03/08 16:20:07.744 SKOSQuoteLib_RequestTicks (0,CME,NQ_1606)
[5204] 2016/03/08 16:20:07.845 SKOSQuoteLib_RequestTicks (0,CME,NQ_1609)
[5204] 2016/03/08 16:20:07.946 SKOSQuoteLib_RequestTicks (0,CME,NQ_1612)
[5204] 2016/03/08 16:20:08.082 SKOSQuoteLib_RequestTicks (0,CME,EC_1603)
[5204] 2016/03/08 16:20:08.188 SKOSQuoteLib_RequestTicks (0,CME,EC_1606)
[5204] 2016/03/08 16:20:08.290 SKOSQuoteLib_RequestTicks (0,CBT,YM1603)
[5204] 2016/03/08 16:20:08.393 SKOSQuoteLib_RequestTicks (0,CBT,YM1606)
[5204] 2016/03/08 16:20:08.509 SKOSQuoteLib_RequestTicks (0,NYM,CL1604)
[5204] 2016/03/08 16:20:08.615 SKOSQuoteLib_RequestTicks (0,NYM,CL1605)
[5204] 2016/03/08 16:20:08.717 SKOSQuoteLib_RequestTicks (0,NYM,GC1604)
[5204] 2016/03/08 16:20:08.819 SKOSQuoteLib_RequestTicks (0,NYM,GC1606)
[5204] 2016/03/08 16:20:08.932 SKOSQuoteLib_RequestTicks (0,NYM,SI1603)
[5204] 2016/03/08 16:20:09.037 SKOSQuoteLib_RequestTicks (0,NYM,SI1605)
[5204] 2016/03/08 16:20:09.139 SKOSQuoteLib_RequestTicks (0,SGX,NKNT1603)
[5204] 2016/03/08 16:20:09.240 SKOSQuoteLib_RequestTicks (0,SGX,NKNT1606)
[5204] 2016/03/08 16:20:09.342 SKOSQuoteLib_RequestTicks (0,SGX,CNIDX)
[5204] 2016/03/08 16:20:09.449 SKOSQuoteLib_RequestTicks (0,SGX,CNT1603)
[5204] 2016/03/08 16:20:09.554 SKOSQuoteLib_RequestTicks (0,HKF,MHI1603)
[5204] 2016/03/08 16:20:09.654 SKOSQuoteLib_RequestTicks (0,HKF,MHI1604)
[5204] 2016/03/08 16:20:09.756 SKOSQuoteLib_RequestTicks (0,EUR,DAX1603)
[5204] 2016/03/08 16:20:09.858 SKOSQuoteLib_RequestTicks (0,EUR,DAX1606)
[5204] 2016/03/08 16:20:09.960 SKOSQuoteLib_RequestTicks (0,CFX,CIF1603)
[5204] 2016/03/08 16:20:10.065 SKOSQuoteLib_RequestTicks (0,CFX,CIF1604)
[9900] 2016/03/08 16:24:10.663 API InitInstance 
[9900] 2016/03/08 16:24:10.669 SKOSQuoteLib_Initialize  ID멚B222875498
[9900] 2016/03/08 16:24:10.670 SKOSQuoteLib_Initialize  Server멚https://order2.capital.com.tw/
[9900] 2016/03/08 16:24:12.395 SKOSQuoteLib_EnterMonitor(0)
[9900] 2016/03/08 16:24:12.396 Connect FORT01.capital.com.tw 443
[9900] 2016/03/08 16:24:12.399 SKOSQuoteLib_AttachConnectCallBack
[9900] 2016/03/08 16:24:12.400 SKOSQuoteLib_AttachQuoteCallBack
[9900] 2016/03/08 16:24:12.401 SKOSQuoteLib_AttachBest5CallBack
[9900] 2016/03/08 16:24:12.440 SK_SUBJECT_CONNECTION_CONNECTED메Code: 0
[9900] 2016/03/08 16:24:33.942 SKOSQuoteLib_RequestStocks (1,CME,NQ_1603#CME,NQ_1606#CME,NQ_1609#CME,NQ_1612#CME,EC_1603#CME,EC_1606#CBT,YM1603#CBT,YM1606#NYM,CL1604#NYM,CL1605#NYM,GC1604#NYM,GC1606#NYM,SI1603#NYM,SI1605#SGX,NKNT1603#SGX,NKNT1606#SGX,CNIDX#SGX,CNT1603#HKF,MHI1603#HKF,MHI1604#EUR,DAX1603#EUR,DAX1606#CFX,CIF1603#CFX,CIF1604)
[9900] 2016/03/08 16:24:33.946 SKOSQuoteLib_RequestTicks (0,CME,NQ_1603)
[9900] 2016/03/08 16:24:34.047 SKOSQuoteLib_RequestTicks (0,CME,NQ_1606)
[9900] 2016/03/08 16:24:34.147 SKOSQuoteLib_RequestTicks (0,CME,NQ_1609)
[9900] 2016/03/08 16:24:34.249 SKOSQuoteLib_RequestTicks (0,CME,NQ_1612)
[9900] 2016/03/08 16:24:34.350 SKOSQuoteLib_RequestTicks (0,CME,EC_1603)
[9900] 2016/03/08 16:24:34.451 SKOSQuoteLib_RequestTicks (0,CME,EC_1606)
[9900] 2016/03/08 16:24:34.552 SKOSQuoteLib_RequestTicks (0,CBT,YM1603)
[9900] 2016/03/08 16:24:34.655 SKOSQuoteLib_RequestTicks (0,CBT,YM1606)
[9900] 2016/03/08 16:24:34.756 SKOSQuoteLib_RequestTicks (0,NYM,CL1604)
[9900] 2016/03/08 16:24:34.858 SKOSQuoteLib_RequestTicks (0,NYM,CL1605)
[9900] 2016/03/08 16:24:34.960 SKOSQuoteLib_RequestTicks (0,NYM,GC1604)
[9900] 2016/03/08 16:24:35.061 SKOSQuoteLib_RequestTicks (0,NYM,GC1606)
[9900] 2016/03/08 16:24:35.163 SKOSQuoteLib_RequestTicks (0,NYM,SI1603)
[9900] 2016/03/08 16:24:35.265 SKOSQuoteLib_RequestTicks (0,NYM,SI1605)
[9900] 2016/03/08 16:24:35.375 SKOSQuoteLib_RequestTicks (0,SGX,NKNT1603)
[9900] 2016/03/08 16:24:35.479 SKOSQuoteLib_RequestTicks (0,SGX,NKNT1606)
[9900] 2016/03/08 16:24:35.581 SKOSQuoteLib_RequestTicks (0,SGX,CNIDX)
[9900] 2016/03/08 16:24:35.683 SKOSQuoteLib_RequestTicks (0,SGX,CNT1603)
[9900] 2016/03/08 16:24:35.785 SKOSQuoteLib_RequestTicks (0,HKF,MHI1603)
[9900] 2016/03/08 16:24:35.888 SKOSQuoteLib_RequestTicks (0,HKF,MHI1604)
[9900] 2016/03/08 16:24:35.991 SKOSQuoteLib_RequestTicks (0,EUR,DAX1603)
[9900] 2016/03/08 16:24:36.093 SKOSQuoteLib_RequestTicks (0,EUR,DAX1606)
[9900] 2016/03/08 16:24:36.195 SKOSQuoteLib_RequestTicks (0,CFX,CIF1603)
[9900] 2016/03/08 16:24:36.296 SKOSQuoteLib_RequestTicks (0,CFX,CIF1604)
[3164] 2016/03/08 16:25:19.981 API InitInstance 
[3164] 2016/03/08 16:25:19.983 SKOSQuoteLib_Initialize  ID멚B222875498
[3164] 2016/03/08 16:25:19.983 SKOSQuoteLib_Initialize  Server멚https://order2.capital.com.tw/
[3164] 2016/03/08 16:25:22.101 SKOSQuoteLib_EnterMonitor(0)
[3164] 2016/03/08 16:25:22.102 Connect FORT07.capital.com.tw 443
[3164] 2016/03/08 16:25:22.104 SKOSQuoteLib_AttachConnectCallBack
[3164] 2016/03/08 16:25:22.105 SKOSQuoteLib_AttachQuoteCallBack
[3164] 2016/03/08 16:25:22.105 SKOSQuoteLib_AttachBest5CallBack
[3164] 2016/03/08 16:25:22.201 SK_SUBJECT_CONNECTION_CONNECTED메Code: 0
[3164] 2016/03/08 16:25:49.772 SKOSQuoteLib_RequestStocks (1,CME,NQ_1603#CME,NQ_1606#CME,NQ_1609#CME,NQ_1612#CME,EC_1603#CME,EC_1606#CBT,YM1603#CBT,YM1606#NYM,CL1604#NYM,CL1605#NYM,GC1604#NYM,GC1606#NYM,SI1603#NYM,SI1605#SGX,NKNT1603#SGX,NKNT1606#SGX,CNIDX#SGX,CNT1603#HKF,MHI1603#HKF,MHI1604#EUR,DAX1603#EUR,DAX1606#CFX,CIF1603#CFX,CIF1604)
[3164] 2016/03/08 16:25:49.776 SKOSQuoteLib_RequestTicks (0,CME,NQ_1603)
[3164] 2016/03/08 16:25:50.407 SKOSQuoteLib_RequestTicks (0,CME,NQ_1606)
[3164] 2016/03/08 16:25:50.823 SKOSQuoteLib_RequestTicks (0,CME,NQ_1609)
[3164] 2016/03/08 16:25:50.928 SKOSQuoteLib_RequestTicks (0,CME,NQ_1612)
[3164] 2016/03/08 16:25:51.030 SKOSQuoteLib_RequestTicks (0,CME,EC_1603)
[3164] 2016/03/08 16:25:51.556 SKOSQuoteLib_RequestTicks (0,CME,EC_1606)
[3164] 2016/03/08 16:25:51.955 SKOSQuoteLib_RequestTicks (0,CBT,YM1603)
[3164] 2016/03/08 16:25:52.060 SKOSQuoteLib_RequestTicks (0,CBT,YM1606)
[3164] 2016/03/08 16:25:52.162 SKOSQuoteLib_RequestTicks (0,NYM,CL1604)
[3164] 2016/03/08 16:25:52.722 SKOSQuoteLib_RequestTicks (0,NYM,CL1605)
[3164] 2016/03/08 16:25:53.083 SKOSQuoteLib_RequestTicks (0,NYM,GC1604)
[3164] 2016/03/08 16:25:53.184 SKOSQuoteLib_RequestTicks (0,NYM,GC1606)
[3164] 2016/03/08 16:25:53.285 SKOSQuoteLib_RequestTicks (0,NYM,SI1603)
[4052] 2016/03/08 16:26:14.922 API InitInstance 
[4052] 2016/03/08 16:26:14.924 SKOSQuoteLib_Initialize  ID멚B222875498
[4052] 2016/03/08 16:26:14.925 SKOSQuoteLib_Initialize  Server멚https://order2.capital.com.tw/
[4052] 2016/03/08 16:26:16.503 SKOSQuoteLib_EnterMonitor(0)
[4052] 2016/03/08 16:26:16.504 Connect FORT01.capital.com.tw 443
[4052] 2016/03/08 16:26:16.506 SKOSQuoteLib_AttachConnectCallBack
[4052] 2016/03/08 16:26:16.507 SKOSQuoteLib_AttachQuoteCallBack
[4052] 2016/03/08 16:26:16.507 SKOSQuoteLib_AttachBest5CallBack
[4052] 2016/03/08 16:26:16.527 SK_SUBJECT_CONNECTION_CONNECTED메Code: 0
[4052] 2016/03/08 16:26:40.543 SKOSQuoteLib_RequestStocks (1,CME,NQ_1603#CME,NQ_1606#CME,NQ_1609#CME,NQ_1612#CME,EC_1603#CME,EC_1606#CBT,YM1603#CBT,YM1606#NYM,CL1604#NYM,CL1605#NYM,GC1604#NYM,GC1606#NYM,SI1603#NYM,SI1605#SGX,NKNT1603#SGX,NKNT1606#SGX,CNIDX#SGX,CNT1603#HKF,MHI1603#HKF,MHI1604#EUR,DAX1603#EUR,DAX1606#CFX,CIF1603#CFX,CIF1604)
[4052] 2016/03/08 16:26:40.547 SKOSQuoteLib_RequestTicks (0,CME,NQ_1603)
[4052] 2016/03/08 16:26:40.649 SKOSQuoteLib_RequestTicks (0,CME,NQ_1606)
[4052] 2016/03/08 16:26:40.751 SKOSQuoteLib_RequestTicks (0,CME,NQ_1609)
[4052] 2016/03/08 16:26:40.852 SKOSQuoteLib_RequestTicks (0,CME,NQ_1612)
[4052] 2016/03/08 16:26:40.953 SKOSQuoteLib_RequestTicks (0,CME,EC_1603)
[4052] 2016/03/08 16:26:41.055 SKOSQuoteLib_RequestTicks (0,CME,EC_1606)
[4052] 2016/03/08 16:26:41.156 SKOSQuoteLib_RequestTicks (0,CBT,YM1603)
[4052] 2016/03/08 16:26:41.258 SKOSQuoteLib_RequestTicks (0,CBT,YM1606)
[4052] 2016/03/08 16:26:41.360 SKOSQuoteLib_RequestTicks (0,NYM,CL1604)
[4052] 2016/03/08 16:26:41.463 SKOSQuoteLib_RequestTicks (0,NYM,CL1605)
[4052] 2016/03/08 16:26:41.567 SKOSQuoteLib_RequestTicks (0,NYM,GC1604)
[4052] 2016/03/08 16:26:41.669 SKOSQuoteLib_RequestTicks (0,NYM,GC1606)
[4052] 2016/03/08 16:26:41.771 SKOSQuoteLib_RequestTicks (0,NYM,SI1603)
[4052] 2016/03/08 16:26:41.873 SKOSQuoteLib_RequestTicks (0,NYM,SI1605)
[4052] 2016/03/08 16:26:41.976 SKOSQuoteLib_RequestTicks (0,SGX,NKNT1603)
[4052] 2016/03/08 16:26:42.079 SKOSQuoteLib_RequestTicks (0,SGX,NKNT1606)
[4052] 2016/03/08 16:26:42.182 SKOSQuoteLib_RequestTicks (0,SGX,CNIDX)
[4052] 2016/03/08 16:26:42.283 SKOSQuoteLib_RequestTicks (0,SGX,CNT1603)
[4052] 2016/03/08 16:26:42.386 SKOSQuoteLib_RequestTicks (0,HKF,MHI1603)
[4052] 2016/03/08 16:26:42.488 SKOSQuoteLib_RequestTicks (0,HKF,MHI1604)
[4052] 2016/03/08 16:26:42.589 SKOSQuoteLib_RequestTicks (0,EUR,DAX1603)
[4052] 2016/03/08 16:26:42.692 SKOSQuoteLib_RequestTicks (0,EUR,DAX1606)
[4052] 2016/03/08 16:26:42.800 SKOSQuoteLib_RequestTicks (0,CFX,CIF1603)
[4052] 2016/03/08 16:26:42.901 SKOSQuoteLib_RequestTicks (0,CFX,CIF1604)
[5920] 2016/03/08 16:30:58.825 API InitInstance 
[5920] 2016/03/08 16:30:58.829 SKOSQuoteLib_Initialize  ID멚B222875498
[5920] 2016/03/08 16:30:58.829 SKOSQuoteLib_Initialize  Server멚https://order2.capital.com.tw/
[5920] 2016/03/08 16:31:00.528 SKOSQuoteLib_EnterMonitor(0)
[5920] 2016/03/08 16:31:00.528 Connect FORT01.capital.com.tw 443
[5920] 2016/03/08 16:31:00.530 SKOSQuoteLib_AttachConnectCallBack
[5920] 2016/03/08 16:31:00.531 SKOSQuoteLib_AttachQuoteCallBack
[5920] 2016/03/08 16:31:00.532 SKOSQuoteLib_AttachBest5CallBack
[5920] 2016/03/08 16:31:00.552 SK_SUBJECT_CONNECTION_CONNECTED메Code: 0
[5920] 2016/03/08 16:31:18.827 SKOSQuoteLib_RequestStocks (1,CME,NQ_1603#CME,NQ_1606#CME,NQ_1609#CME,NQ_1612#CME,EC_1603#CME,EC_1606#CBT,YM1603#CBT,YM1606#NYM,CL1604#NYM,CL1605#NYM,GC1604#NYM,GC1606#NYM,SI1603#NYM,SI1605#SGX,NKNT1603#SGX,NKNT1606#SGX,CNIDX#SGX,CNT1603#HKF,MHI1603#HKF,MHI1604#EUR,DAX1603#EUR,DAX1606#CFX,CIF1603#CFX,CIF1604)
[5920] 2016/03/08 16:31:18.831 SKOSQuoteLib_RequestTicks (0,CME,NQ_1603)
[5920] 2016/03/08 16:31:18.932 SKOSQuoteLib_RequestTicks (0,CME,NQ_1606)
[5920] 2016/03/08 16:31:19.032 SKOSQuoteLib_RequestTicks (0,CME,NQ_1609)
[5920] 2016/03/08 16:31:19.137 SKOSQuoteLib_RequestTicks (0,CME,NQ_1612)
[5920] 2016/03/08 16:31:19.241 SKOSQuoteLib_RequestTicks (0,CME,EC_1603)
[5920] 2016/03/08 16:31:19.344 SKOSQuoteLib_RequestTicks (0,CME,EC_1606)
[5920] 2016/03/08 16:31:19.447 SKOSQuoteLib_RequestTicks (0,CBT,YM1603)
[5920] 2016/03/08 16:31:19.548 SKOSQuoteLib_RequestTicks (0,CBT,YM1606)
[5920] 2016/03/08 16:31:19.650 SKOSQuoteLib_RequestTicks (0,NYM,CL1604)
[5920] 2016/03/08 16:31:19.753 SKOSQuoteLib_RequestTicks (0,NYM,CL1605)
[5920] 2016/03/08 16:31:19.855 SKOSQuoteLib_RequestTicks (0,NYM,GC1604)
[5920] 2016/03/08 16:31:19.956 SKOSQuoteLib_RequestTicks (0,NYM,GC1606)
[5920] 2016/03/08 16:31:20.057 SKOSQuoteLib_RequestTicks (0,NYM,SI1603)
[5920] 2016/03/08 16:31:20.160 SKOSQuoteLib_RequestTicks (0,NYM,SI1605)
[5920] 2016/03/08 16:31:20.261 SKOSQuoteLib_RequestTicks (0,SGX,NKNT1603)
[5920] 2016/03/08 16:31:20.363 SKOSQuoteLib_RequestTicks (0,SGX,NKNT1606)
[5920] 2016/03/08 16:31:20.465 SKOSQuoteLib_RequestTicks (0,SGX,CNIDX)
[5920] 2016/03/08 16:31:20.567 SKOSQuoteLib_RequestTicks (0,SGX,CNT1603)
[5920] 2016/03/08 16:31:20.668 SKOSQuoteLib_RequestTicks (0,HKF,MHI1603)
[5920] 2016/03/08 16:31:20.775 SKOSQuoteLib_RequestTicks (0,HKF,MHI1604)
[5920] 2016/03/08 16:31:20.881 SKOSQuoteLib_RequestTicks (0,EUR,DAX1603)
[5920] 2016/03/08 16:31:20.983 SKOSQuoteLib_RequestTicks (0,EUR,DAX1606)
[5920] 2016/03/08 16:31:21.087 SKOSQuoteLib_RequestTicks (0,CFX,CIF1603)
[5920] 2016/03/08 16:31:21.190 SKOSQuoteLib_RequestTicks (0,CFX,CIF1604)
[9044] 2016/03/08 16:34:09.505 API InitInstance 
[9044] 2016/03/08 16:34:09.507 SKOSQuoteLib_Initialize  ID멚B222875498
[9044] 2016/03/08 16:34:09.508 SKOSQuoteLib_Initialize  Server멚https://order2.capital.com.tw/
[9044] 2016/03/08 16:34:11.090 SKOSQuoteLib_EnterMonitor(0)
[9044] 2016/03/08 16:34:11.090 Connect FORT01.capital.com.tw 443
[9044] 2016/03/08 16:34:11.092 SKOSQuoteLib_AttachConnectCallBack
[9044] 2016/03/08 16:34:11.093 SKOSQuoteLib_AttachQuoteCallBack
[9044] 2016/03/08 16:34:11.094 SKOSQuoteLib_AttachBest5CallBack
[9044] 2016/03/08 16:34:11.111 SK_SUBJECT_CONNECTION_CONNECTED메Code: 0
[9044] 2016/03/08 16:34:29.212 SKOSQuoteLib_RequestStocks (1,CME,NQ_1603#CME,NQ_1606#CME,NQ_1609#CME,NQ_1612#CME,EC_1603#CME,EC_1606#CBT,YM1603#CBT,YM1606#NYM,CL1604#NYM,CL1605#NYM,GC1604#NYM,GC1606#NYM,SI1603#NYM,SI1605#SGX,NKNT1603#SGX,NKNT1606#SGX,CNIDX#SGX,CNT1603#HKF,MHI1603#HKF,MHI1604#EUR,DAX1603#EUR,DAX1606#CFX,CIF1603#CFX,CIF1604)
[9044] 2016/03/08 16:34:29.215 SKOSQuoteLib_RequestTicks (0,CME,NQ_1603)
[9044] 2016/03/08 16:34:29.317 SKOSQuoteLib_RequestTicks (0,CME,NQ_1606)
[9044] 2016/03/08 16:34:29.418 SKOSQuoteLib_RequestTicks (0,CME,NQ_1609)
[9044] 2016/03/08 16:34:29.521 SKOSQuoteLib_RequestTicks (0,CME,NQ_1612)
[9044] 2016/03/08 16:34:29.624 SKOSQuoteLib_RequestTicks (0,CME,EC_1603)
[9044] 2016/03/08 16:34:29.726 SKOSQuoteLib_RequestTicks (0,CME,EC_1606)
[9044] 2016/03/08 16:34:29.828 SKOSQuoteLib_RequestTicks (0,CBT,YM1603)
[9044] 2016/03/08 16:34:29.930 SKOSQuoteLib_RequestTicks (0,CBT,YM1606)
[9044] 2016/03/08 16:34:30.033 SKOSQuoteLib_RequestTicks (0,NYM,CL1604)
[9044] 2016/03/08 16:34:30.134 SKOSQuoteLib_RequestTicks (0,NYM,CL1605)
[9044] 2016/03/08 16:34:30.237 SKOSQuoteLib_RequestTicks (0,NYM,GC1604)
[9044] 2016/03/08 16:34:30.338 SKOSQuoteLib_RequestTicks (0,NYM,GC1606)
[9044] 2016/03/08 16:34:30.440 SKOSQuoteLib_RequestTicks (0,NYM,SI1603)
[9044] 2016/03/08 16:34:30.542 SKOSQuoteLib_RequestTicks (0,NYM,SI1605)
[9044] 2016/03/08 16:34:30.645 SKOSQuoteLib_RequestTicks (0,SGX,NKNT1603)
[9044] 2016/03/08 16:34:30.746 SKOSQuoteLib_RequestTicks (0,SGX,NKNT1606)
[9044] 2016/03/08 16:34:30.847 SKOSQuoteLib_RequestTicks (0,SGX,CNIDX)
[9044] 2016/03/08 16:34:30.950 SKOSQuoteLib_RequestTicks (0,SGX,CNT1603)
[9044] 2016/03/08 16:34:31.052 SKOSQuoteLib_RequestTicks (0,HKF,MHI1603)
[9044] 2016/03/08 16:34:31.154 SKOSQuoteLib_RequestTicks (0,HKF,MHI1604)
[9044] 2016/03/08 16:34:31.256 SKOSQuoteLib_RequestTicks (0,EUR,DAX1603)
[9044] 2016/03/08 16:34:31.358 SKOSQuoteLib_RequestTicks (0,EUR,DAX1606)
[9044] 2016/03/08 16:34:31.461 SKOSQuoteLib_RequestTicks (0,CFX,CIF1603)
[9044] 2016/03/08 16:34:31.563 SKOSQuoteLib_RequestTicks (0,CFX,CIF1604)
[5524] 2016/03/08 16:35:11.492 API InitInstance 
[5524] 2016/03/08 16:35:11.494 SKOSQuoteLib_Initialize  ID멚B222875498
[5524] 2016/03/08 16:35:11.494 SKOSQuoteLib_Initialize  Server멚https://order2.capital.com.tw/
[5524] 2016/03/08 16:35:13.120 SKOSQuoteLib_EnterMonitor(0)
[5524] 2016/03/08 16:35:13.120 Connect FORT01.capital.com.tw 443
[5524] 2016/03/08 16:35:13.122 SKOSQuoteLib_AttachConnectCallBack
[5524] 2016/03/08 16:35:13.123 SKOSQuoteLib_AttachQuoteCallBack
[5524] 2016/03/08 16:35:13.124 SKOSQuoteLib_AttachBest5CallBack
[5524] 2016/03/08 16:35:13.161 SK_SUBJECT_CONNECTION_CONNECTED메Code: 0
[5524] 2016/03/08 16:35:31.217 SKOSQuoteLib_RequestStocks (1,CME,NQ_1603#CME,NQ_1606#CME,NQ_1609#CME,NQ_1612#CME,EC_1603#CME,EC_1606#CBT,YM1603#CBT,YM1606#NYM,CL1604#NYM,CL1605#NYM,GC1604#NYM,GC1606#NYM,SI1603#NYM,SI1605#SGX,NKNT1603#SGX,NKNT1606#SGX,CNIDX#SGX,CNT1603#HKF,MHI1603#HKF,MHI1604#EUR,DAX1603#EUR,DAX1606#CFX,CIF1603#CFX,CIF1604)
[5524] 2016/03/08 16:35:31.220 SKOSQuoteLib_RequestTicks (0,CME,NQ_1603)
[5524] 2016/03/08 16:35:31.322 SKOSQuoteLib_RequestTicks (0,CME,NQ_1606)
[5524] 2016/03/08 16:35:31.426 SKOSQuoteLib_RequestTicks (0,CME,NQ_1609)
[5524] 2016/03/08 16:35:31.528 SKOSQuoteLib_RequestTicks (0,CME,NQ_1612)
[5524] 2016/03/08 16:35:31.630 SKOSQuoteLib_RequestTicks (0,CME,EC_1603)
[5524] 2016/03/08 16:35:31.732 SKOSQuoteLib_RequestTicks (0,CME,EC_1606)
[5524] 2016/03/08 16:35:31.834 SKOSQuoteLib_RequestTicks (0,CBT,YM1603)
[5524] 2016/03/08 16:35:31.937 SKOSQuoteLib_RequestTicks (0,CBT,YM1606)
[5524] 2016/03/08 16:35:32.039 SKOSQuoteLib_RequestTicks (0,NYM,CL1604)
[5524] 2016/03/08 16:35:33.662 SKOSQuoteLib_RequestTicks (0,NYM,CL1605)
[5524] 2016/03/08 16:35:33.764 SKOSQuoteLib_RequestTicks (0,NYM,GC1604)
[5524] 2016/03/08 16:35:33.865 SKOSQuoteLib_RequestTicks (0,NYM,GC1606)
[5524] 2016/03/08 16:35:33.968 SKOSQuoteLib_RequestTicks (0,NYM,SI1603)
[5524] 2016/03/08 16:35:34.070 SKOSQuoteLib_RequestTicks (0,NYM,SI1605)
[5524] 2016/03/08 16:35:34.173 SKOSQuoteLib_RequestTicks (0,SGX,NKNT1603)
[5524] 2016/03/08 16:35:34.275 SKOSQuoteLib_RequestTicks (0,SGX,NKNT1606)
[5524] 2016/03/08 16:35:34.378 SKOSQuoteLib_RequestTicks (0,SGX,CNIDX)
[5524] 2016/03/08 16:35:34.480 SKOSQuoteLib_RequestTicks (0,SGX,CNT1603)
[5524] 2016/03/08 16:35:34.583 SKOSQuoteLib_RequestTicks (0,HKF,MHI1603)
[5524] 2016/03/08 16:35:34.685 SKOSQuoteLib_RequestTicks (0,HKF,MHI1604)
[5524] 2016/03/08 16:35:34.787 SKOSQuoteLib_RequestTicks (0,EUR,DAX1603)
[5524] 2016/03/08 16:35:34.888 SKOSQuoteLib_RequestTicks (0,EUR,DAX1606)
[5524] 2016/03/08 16:35:34.990 SKOSQuoteLib_RequestTicks (0,CFX,CIF1603)
[5524] 2016/03/08 16:35:35.091 SKOSQuoteLib_RequestTicks (0,CFX,CIF1604)
[5736] 2016/03/08 16:36:51.846 API InitInstance 
[5736] 2016/03/08 16:36:51.850 SKOSQuoteLib_Initialize  ID멚B222875498
[5736] 2016/03/08 16:36:51.851 SKOSQuoteLib_Initialize  Server멚https://order2.capital.com.tw/
[5736] 2016/03/08 16:36:53.710 SKOSQuoteLib_EnterMonitor(0)
[5736] 2016/03/08 16:36:53.710 Connect FORT07.capital.com.tw 443
[5736] 2016/03/08 16:36:53.712 SKOSQuoteLib_AttachConnectCallBack
[5736] 2016/03/08 16:36:53.713 SKOSQuoteLib_AttachQuoteCallBack
[5736] 2016/03/08 16:36:53.714 SKOSQuoteLib_AttachBest5CallBack
[5736] 2016/03/08 16:36:53.748 SK_SUBJECT_CONNECTION_CONNECTED메Code: 0
[5736] 2016/03/08 16:37:11.797 SKOSQuoteLib_RequestStocks (1,CME,NQ_1603#CME,NQ_1606#CME,NQ_1609#CME,NQ_1612#CME,EC_1603#CME,EC_1606#CBT,YM1603#CBT,YM1606#NYM,CL1604#NYM,CL1605#NYM,GC1604#NYM,GC1606#NYM,SI1603#NYM,SI1605#SGX,NKNT1603#SGX,NKNT1606#SGX,CNIDX#SGX,CNT1603#HKF,MHI1603#HKF,MHI1604#EUR,DAX1603#EUR,DAX1606#CFX,CIF1603#CFX,CIF1604)
[5736] 2016/03/08 16:37:11.801 SKOSQuoteLib_RequestTicks (0,CME,NQ_1603)
[5736] 2016/03/08 16:37:11.902 SKOSQuoteLib_RequestTicks (0,CME,NQ_1606)
[5736] 2016/03/08 16:37:12.004 SKOSQuoteLib_RequestTicks (0,CME,NQ_1609)
[5736] 2016/03/08 16:37:12.106 SKOSQuoteLib_RequestTicks (0,CME,NQ_1612)
[5736] 2016/03/08 16:37:12.208 SKOSQuoteLib_RequestTicks (0,CME,EC_1603)
[5736] 2016/03/08 16:37:12.309 SKOSQuoteLib_RequestTicks (0,CME,EC_1606)
[5736] 2016/03/08 16:37:12.410 SKOSQuoteLib_RequestTicks (0,CBT,YM1603)
[5736] 2016/03/08 16:37:13.300 SKOSQuoteLib_RequestTicks (0,CBT,YM1606)
[5736] 2016/03/08 16:37:13.402 SKOSQuoteLib_RequestTicks (0,NYM,CL1604)
[5736] 2016/03/08 16:37:13.503 SKOSQuoteLib_RequestTicks (0,NYM,CL1605)
[5736] 2016/03/08 16:37:13.604 SKOSQuoteLib_RequestTicks (0,NYM,GC1604)
[5736] 2016/03/08 16:37:13.707 SKOSQuoteLib_RequestTicks (0,NYM,GC1606)
[5736] 2016/03/08 16:37:13.809 SKOSQuoteLib_RequestTicks (0,NYM,SI1603)
[5736] 2016/03/08 16:37:13.912 SKOSQuoteLib_RequestTicks (0,NYM,SI1605)
[5736] 2016/03/08 16:37:14.015 SKOSQuoteLib_RequestTicks (0,SGX,NKNT1603)
[5736] 2016/03/08 16:37:14.116 SKOSQuoteLib_RequestTicks (0,SGX,NKNT1606)
[5736] 2016/03/08 16:37:14.217 SKOSQuoteLib_RequestTicks (0,SGX,CNIDX)
[5736] 2016/03/08 16:37:14.318 SKOSQuoteLib_RequestTicks (0,SGX,CNT1603)
[5736] 2016/03/08 16:37:14.419 SKOSQuoteLib_RequestTicks (0,HKF,MHI1603)
[5736] 2016/03/08 16:37:14.522 SKOSQuoteLib_RequestTicks (0,HKF,MHI1604)
[5736] 2016/03/08 16:37:14.625 SKOSQuoteLib_RequestTicks (0,EUR,DAX1603)
[5736] 2016/03/08 16:37:14.728 SKOSQuoteLib_RequestTicks (0,EUR,DAX1606)
[5736] 2016/03/08 16:37:14.830 SKOSQuoteLib_RequestTicks (0,CFX,CIF1603)
[5736] 2016/03/08 16:37:14.933 SKOSQuoteLib_RequestTicks (0,CFX,CIF1604)
[3456] 2016/03/08 16:47:06.265 API InitInstance 
[3456] 2016/03/08 16:47:06.268 SKOSQuoteLib_Initialize  ID멚B222875498
[3456] 2016/03/08 16:47:06.268 SKOSQuoteLib_Initialize  Server멚https://order2.capital.com.tw/
[3456] 2016/03/08 16:47:07.871 SKOSQuoteLib_EnterMonitor(0)
[3456] 2016/03/08 16:47:07.871 Connect FORT05.capital.com.tw 443
[3456] 2016/03/08 16:47:07.874 SKOSQuoteLib_AttachConnectCallBack
[3456] 2016/03/08 16:47:07.874 SKOSQuoteLib_AttachQuoteCallBack
[3456] 2016/03/08 16:47:07.875 SKOSQuoteLib_AttachBest5CallBack
[3456] 2016/03/08 16:47:07.911 SK_SUBJECT_CONNECTION_CONNECTED메Code: 0
[3456] 2016/03/08 16:47:28.955 SKOSQuoteLib_RequestStocks (1,CME,NQ_1603#CME,NQ_1606#CME,NQ_1609#CME,NQ_1612#CME,EC_1603#CME,EC_1606#CBT,YM1603#CBT,YM1606#NYM,CL1604#NYM,CL1605#NYM,GC1604#NYM,GC1606#NYM,SI1603#NYM,SI1605#SGX,NKNT1603#SGX,NKNT1606#SGX,CNIDX#SGX,CNT1603#HKF,MHI1603#HKF,MHI1604#EUR,DAX1603#EUR,DAX1606#CFX,CIF1603#CFX,CIF1604)
[3456] 2016/03/08 16:47:28.963 SKOSQuoteLib_RequestTicks (0,CME,NQ_1603)
[3456] 2016/03/08 16:47:29.064 SKOSQuoteLib_RequestTicks (0,CME,NQ_1606)
[3456] 2016/03/08 16:47:29.165 SKOSQuoteLib_RequestTicks (0,CME,NQ_1609)
[3456] 2016/03/08 16:47:29.266 SKOSQuoteLib_RequestTicks (0,CME,NQ_1612)
[3456] 2016/03/08 16:47:29.367 SKOSQuoteLib_RequestTicks (0,CME,EC_1603)
[3456] 2016/03/08 16:47:29.469 SKOSQuoteLib_RequestTicks (0,CME,EC_1606)
[3456] 2016/03/08 16:47:29.572 SKOSQuoteLib_RequestTicks (0,CBT,YM1603)
[3456] 2016/03/08 16:47:29.673 SKOSQuoteLib_RequestTicks (0,CBT,YM1606)
[3456] 2016/03/08 16:47:29.774 SKOSQuoteLib_RequestTicks (0,NYM,CL1604)
[3456] 2016/03/08 16:47:29.876 SKOSQuoteLib_RequestTicks (0,NYM,CL1605)
[3456] 2016/03/08 16:47:29.979 SKOSQuoteLib_RequestTicks (0,NYM,GC1604)
[3456] 2016/03/08 16:47:30.080 SKOSQuoteLib_RequestTicks (0,NYM,GC1606)
[3456] 2016/03/08 16:47:30.182 SKOSQuoteLib_RequestTicks (0,NYM,SI1603)
[3456] 2016/03/08 16:47:30.283 SKOSQuoteLib_RequestTicks (0,NYM,SI1605)
[3456] 2016/03/08 16:47:30.394 SKOSQuoteLib_RequestTicks (0,SGX,NKNT1603)
[3456] 2016/03/08 16:47:30.496 SKOSQuoteLib_RequestTicks (0,SGX,NKNT1606)
[3456] 2016/03/08 16:47:30.598 SKOSQuoteLib_RequestTicks (0,SGX,CNIDX)
[3456] 2016/03/08 16:47:30.701 SKOSQuoteLib_RequestTicks (0,SGX,CNT1603)
[3456] 2016/03/08 16:47:30.803 SKOSQuoteLib_RequestTicks (0,HKF,MHI1603)
[3456] 2016/03/08 16:47:30.905 SKOSQuoteLib_RequestTicks (0,HKF,MHI1604)
[3456] 2016/03/08 16:47:31.008 SKOSQuoteLib_RequestTicks (0,EUR,DAX1603)
[3456] 2016/03/08 16:47:31.112 SKOSQuoteLib_RequestTicks (0,EUR,DAX1606)
[3456] 2016/03/08 16:47:31.215 SKOSQuoteLib_RequestTicks (0,CFX,CIF1603)
[3456] 2016/03/08 16:47:31.318 SKOSQuoteLib_RequestTicks (0,CFX,CIF1604)
[12140] 2016/03/08 16:50:19.459 API InitInstance 
[12140] 2016/03/08 16:50:19.462 SKOSQuoteLib_Initialize  ID멚B222875498
[12140] 2016/03/08 16:50:19.462 SKOSQuoteLib_Initialize  Server멚https://order2.capital.com.tw/
[12140] 2016/03/08 16:50:21.330 SKOSQuoteLib_EnterMonitor(0)
[12140] 2016/03/08 16:50:21.331 Connect FORT01.capital.com.tw 443
[12140] 2016/03/08 16:50:21.333 SKOSQuoteLib_AttachConnectCallBack
[12140] 2016/03/08 16:50:21.334 SKOSQuoteLib_AttachQuoteCallBack
[12140] 2016/03/08 16:50:21.335 SKOSQuoteLib_AttachBest5CallBack
[12140] 2016/03/08 16:50:21.374 SK_SUBJECT_CONNECTION_CONNECTED메Code: 0
[12140] 2016/03/08 16:50:46.973 SKOSQuoteLib_RequestStocks (1,CME,NQ_1603#CME,NQ_1606#CME,NQ_1609#CME,NQ_1612#CME,EC_1603#CME,EC_1606#CBT,YM1603#CBT,YM1606#NYM,CL1604#NYM,CL1605#NYM,GC1604#NYM,GC1606#NYM,SI1603#NYM,SI1605#SGX,NKNT1603#SGX,NKNT1606#SGX,CNIDX#SGX,CNT1603#HKF,MHI1603#HKF,MHI1604#EUR,DAX1603#EUR,DAX1606#CFX,CIF1603#CFX,CIF1604)
[12140] 2016/03/08 16:50:46.977 SKOSQuoteLib_RequestTicks (0,CME,NQ_1603)
[12140] 2016/03/08 16:50:47.078 SKOSQuoteLib_RequestTicks (0,CME,NQ_1606)
[12140] 2016/03/08 16:50:47.179 SKOSQuoteLib_RequestTicks (0,CME,NQ_1609)
[12140] 2016/03/08 16:50:47.923 SKOSQuoteLib_RequestTicks (0,CME,NQ_1612)
[12140] 2016/03/08 16:50:48.024 SKOSQuoteLib_RequestTicks (0,CME,EC_1603)
[12140] 2016/03/08 16:50:48.126 SKOSQuoteLib_RequestTicks (0,CME,EC_1606)
[12140] 2016/03/08 16:50:48.642 SKOSQuoteLib_RequestTicks (0,CBT,YM1603)
[12140] 2016/03/08 16:50:48.744 SKOSQuoteLib_RequestTicks (0,CBT,YM1606)
[12140] 2016/03/08 16:50:48.845 SKOSQuoteLib_RequestTicks (0,NYM,CL1604)
[12140] 2016/03/08 16:50:50.842 SKOSQuoteLib_RequestTicks (0,NYM,CL1605)
[12140] 2016/03/08 16:50:50.945 SKOSQuoteLib_RequestTicks (0,NYM,GC1604)
[12140] 2016/03/08 16:50:51.046 SKOSQuoteLib_RequestTicks (0,NYM,GC1606)
[12140] 2016/03/08 16:50:51.147 SKOSQuoteLib_RequestTicks (0,NYM,SI1603)
[12140] 2016/03/08 16:50:51.249 SKOSQuoteLib_RequestTicks (0,NYM,SI1605)
[12140] 2016/03/08 16:50:51.351 SKOSQuoteLib_RequestTicks (0,SGX,NKNT1603)
[12140] 2016/03/08 16:50:51.452 SKOSQuoteLib_RequestTicks (0,SGX,NKNT1606)
[12140] 2016/03/08 16:50:51.578 SKOSQuoteLib_RequestTicks (0,SGX,CNIDX)
[12140] 2016/03/08 16:50:51.682 SKOSQuoteLib_RequestTicks (0,SGX,CNT1603)
[12140] 2016/03/08 16:50:51.785 SKOSQuoteLib_RequestTicks (0,HKF,MHI1603)
[12140] 2016/03/08 16:50:51.886 SKOSQuoteLib_RequestTicks (0,HKF,MHI1604)
[12140] 2016/03/08 16:50:51.988 SKOSQuoteLib_RequestTicks (0,EUR,DAX1603)
[12140] 2016/03/08 16:50:52.090 SKOSQuoteLib_RequestTicks (0,EUR,DAX1606)
[12140] 2016/03/08 16:50:52.192 SKOSQuoteLib_RequestTicks (0,CFX,CIF1603)
[12140] 2016/03/08 16:50:52.295 SKOSQuoteLib_RequestTicks (0,CFX,CIF1604)
[9920] 2016/03/08 17:00:35.533 API InitInstance 
[9920] 2016/03/08 17:00:35.535 SKOSQuoteLib_Initialize  ID멚B222875498
[9920] 2016/03/08 17:00:35.535 SKOSQuoteLib_Initialize  Server멚https://order2.capital.com.tw/
[9920] 2016/03/08 17:00:37.185 SKOSQuoteLib_EnterMonitor(0)
[9920] 2016/03/08 17:00:37.185 Connect FORT05.capital.com.tw 443
[9920] 2016/03/08 17:00:37.187 SKOSQuoteLib_AttachConnectCallBack
[9920] 2016/03/08 17:00:37.188 SKOSQuoteLib_AttachQuoteCallBack
[9920] 2016/03/08 17:00:37.188 SKOSQuoteLib_AttachBest5CallBack
[9920] 2016/03/08 17:00:37.222 SK_SUBJECT_CONNECTION_CONNECTED메Code: 0
[9920] 2016/03/08 17:00:57.512 SKOSQuoteLib_RequestStocks (1,CME,NQ_1603#CME,NQ_1606#CME,NQ_1609#CME,NQ_1612#CME,EC_1603#CME,EC_1606#CBT,YM1603#CBT,YM1606#NYM,CL1604#NYM,CL1605#NYM,GC1604#NYM,GC1606#NYM,SI1603#NYM,SI1605#SGX,NKNT1603#SGX,NKNT1606#SGX,CNIDX#SGX,CNT1603#HKF,MHI1603#HKF,MHI1604#EUR,DAX1603#EUR,DAX1606#CFX,CIF1603#CFX,CIF1604)
[9920] 2016/03/08 17:00:57.516 SKOSQuoteLib_RequestTicks (0,CME,NQ_1603)
[9920] 2016/03/08 17:00:57.618 SKOSQuoteLib_RequestTicks (0,CME,NQ_1606)
[9920] 2016/03/08 17:00:57.720 SKOSQuoteLib_RequestTicks (0,CME,NQ_1609)
[9920] 2016/03/08 17:00:57.821 SKOSQuoteLib_RequestTicks (0,CME,NQ_1612)
[9920] 2016/03/08 17:00:57.923 SKOSQuoteLib_RequestTicks (0,CME,EC_1603)
[9920] 2016/03/08 17:00:58.026 SKOSQuoteLib_RequestTicks (0,CME,EC_1606)
[9920] 2016/03/08 17:00:58.127 SKOSQuoteLib_RequestTicks (0,CBT,YM1603)
[9920] 2016/03/08 17:00:58.228 SKOSQuoteLib_RequestTicks (0,CBT,YM1606)
[9920] 2016/03/08 17:00:58.339 SKOSQuoteLib_RequestTicks (0,NYM,CL1604)
[9920] 2016/03/08 17:00:58.443 SKOSQuoteLib_RequestTicks (0,NYM,CL1605)
[9920] 2016/03/08 17:00:58.545 SKOSQuoteLib_RequestTicks (0,NYM,GC1604)
[9920] 2016/03/08 17:00:58.648 SKOSQuoteLib_RequestTicks (0,NYM,GC1606)
[9920] 2016/03/08 17:00:58.750 SKOSQuoteLib_RequestTicks (0,NYM,SI1603)
[9920] 2016/03/08 17:00:58.853 SKOSQuoteLib_RequestTicks (0,NYM,SI1605)
[9920] 2016/03/08 17:00:58.955 SKOSQuoteLib_RequestTicks (0,SGX,NKNT1603)
[9920] 2016/03/08 17:00:59.056 SKOSQuoteLib_RequestTicks (0,SGX,NKNT1606)
[9920] 2016/03/08 17:00:59.167 SKOSQuoteLib_RequestTicks (0,SGX,CNIDX)
[9920] 2016/03/08 17:00:59.271 SKOSQuoteLib_RequestTicks (0,SGX,CNT1603)
[9920] 2016/03/08 17:00:59.373 SKOSQuoteLib_RequestTicks (0,HKF,MHI1603)
[9920] 2016/03/08 17:00:59.477 SKOSQuoteLib_RequestTicks (0,HKF,MHI1604)
[9920] 2016/03/08 17:00:59.579 SKOSQuoteLib_RequestTicks (0,EUR,DAX1603)
[9920] 2016/03/08 17:00:59.683 SKOSQuoteLib_RequestTicks (0,EUR,DAX1606)
[9920] 2016/03/08 17:00:59.785 SKOSQuoteLib_RequestTicks (0,CFX,CIF1603)
[9920] 2016/03/08 17:00:59.888 SKOSQuoteLib_RequestTicks (0,CFX,CIF1604)
[10384] 2016/03/08 17:02:37.971 API InitInstance 
[10384] 2016/03/08 17:02:37.975 SKOSQuoteLib_Initialize  ID멚B222875498
[10384] 2016/03/08 17:02:37.976 SKOSQuoteLib_Initialize  Server멚https://order2.capital.com.tw/
[10384] 2016/03/08 17:02:39.561 SKOSQuoteLib_EnterMonitor(0)
[10384] 2016/03/08 17:02:39.561 Connect FORT05.capital.com.tw 443
[10384] 2016/03/08 17:02:39.563 SKOSQuoteLib_AttachConnectCallBack
[10384] 2016/03/08 17:02:39.564 SKOSQuoteLib_AttachQuoteCallBack
[10384] 2016/03/08 17:02:39.565 SKOSQuoteLib_AttachBest5CallBack
[10384] 2016/03/08 17:02:39.581 SK_SUBJECT_CONNECTION_CONNECTED메Code: 0
[10384] 2016/03/08 17:02:59.910 SKOSQuoteLib_RequestStocks (1,CME,NQ_1603#CME,NQ_1606#CME,NQ_1609#CME,NQ_1612#CME,EC_1603#CME,EC_1606#CBT,YM1603#CBT,YM1606#NYM,CL1604#NYM,CL1605#NYM,GC1604#NYM,GC1606#NYM,SI1603#NYM,SI1605#SGX,NKNT1603#SGX,NKNT1606#SGX,CNIDX#SGX,CNT1603#HKF,MHI1603#HKF,MHI1604#EUR,DAX1603#EUR,DAX1606#CFX,CIF1603#CFX,CIF1604)
[10384] 2016/03/08 17:02:59.914 SKOSQuoteLib_RequestTicks (0,CME,NQ_1603)
[10384] 2016/03/08 17:03:00.015 SKOSQuoteLib_RequestTicks (0,CME,NQ_1606)
[10384] 2016/03/08 17:03:00.116 SKOSQuoteLib_RequestTicks (0,CME,NQ_1609)
[10384] 2016/03/08 17:03:00.221 SKOSQuoteLib_RequestTicks (0,CME,NQ_1612)
[10384] 2016/03/08 17:03:00.323 SKOSQuoteLib_RequestTicks (0,CME,EC_1603)
[10384] 2016/03/08 17:03:00.426 SKOSQuoteLib_RequestTicks (0,CME,EC_1606)
[10384] 2016/03/08 17:03:00.527 SKOSQuoteLib_RequestTicks (0,CBT,YM1603)
[10384] 2016/03/08 17:03:00.629 SKOSQuoteLib_RequestTicks (0,CBT,YM1606)
[10384] 2016/03/08 17:03:00.732 SKOSQuoteLib_RequestTicks (0,NYM,CL1604)
[10384] 2016/03/08 17:03:00.833 SKOSQuoteLib_RequestTicks (0,NYM,CL1605)
[10384] 2016/03/08 17:03:00.936 SKOSQuoteLib_RequestTicks (0,NYM,GC1604)
[10384] 2016/03/08 17:03:01.037 SKOSQuoteLib_RequestTicks (0,NYM,GC1606)
[10384] 2016/03/08 17:03:01.138 SKOSQuoteLib_RequestTicks (0,NYM,SI1603)
[10384] 2016/03/08 17:03:01.240 SKOSQuoteLib_RequestTicks (0,NYM,SI1605)
[10384] 2016/03/08 17:03:01.342 SKOSQuoteLib_RequestTicks (0,SGX,NKNT1603)
[10384] 2016/03/08 17:03:01.444 SKOSQuoteLib_RequestTicks (0,SGX,NKNT1606)
[10384] 2016/03/08 17:03:01.545 SKOSQuoteLib_RequestTicks (0,SGX,CNIDX)
[10384] 2016/03/08 17:03:01.672 SKOSQuoteLib_RequestTicks (0,SGX,CNT1603)
[10384] 2016/03/08 17:03:01.777 SKOSQuoteLib_RequestTicks (0,HKF,MHI1603)
[10384] 2016/03/08 17:03:01.880 SKOSQuoteLib_RequestTicks (0,HKF,MHI1604)
[10384] 2016/03/08 17:03:01.983 SKOSQuoteLib_RequestTicks (0,EUR,DAX1603)
[10384] 2016/03/08 17:03:02.086 SKOSQuoteLib_RequestTicks (0,EUR,DAX1606)
[10384] 2016/03/08 17:03:02.189 SKOSQuoteLib_RequestTicks (0,CFX,CIF1603)
[10384] 2016/03/08 17:03:02.291 SKOSQuoteLib_RequestTicks (0,CFX,CIF1604)
[7788] 2016/03/08 17:04:51.324 API InitInstance 
[7788] 2016/03/08 17:04:51.327 SKOSQuoteLib_Initialize  ID멚B222875498
[7788] 2016/03/08 17:04:51.327 SKOSQuoteLib_Initialize  Server멚https://order2.capital.com.tw/
[7788] 2016/03/08 17:04:53.044 SKOSQuoteLib_EnterMonitor(0)
[7788] 2016/03/08 17:04:53.044 Connect FORT01.capital.com.tw 443
[7788] 2016/03/08 17:04:53.046 SKOSQuoteLib_AttachConnectCallBack
[7788] 2016/03/08 17:04:53.047 SKOSQuoteLib_AttachQuoteCallBack
[7788] 2016/03/08 17:04:53.047 SKOSQuoteLib_AttachBest5CallBack
[7788] 2016/03/08 17:04:53.081 SK_SUBJECT_CONNECTION_CONNECTED메Code: 0
[7788] 2016/03/08 17:05:13.288 SKOSQuoteLib_RequestStocks (1,CME,NQ_1603#CME,NQ_1606#CME,NQ_1609#CME,NQ_1612#CME,EC_1603#CME,EC_1606#CBT,YM1603#CBT,YM1606#NYM,CL1604#NYM,CL1605#NYM,GC1604#NYM,GC1606#NYM,SI1603#NYM,SI1605#SGX,NKNT1603#SGX,NKNT1606#SGX,CNIDX#SGX,CNT1603#HKF,MHI1603#HKF,MHI1604#EUR,DAX1603#EUR,DAX1606#CFX,CIF1603#CFX,CIF1604)
[7788] 2016/03/08 17:05:13.292 SKOSQuoteLib_RequestTicks (0,CME,NQ_1603)
[7788] 2016/03/08 17:05:13.393 SKOSQuoteLib_RequestTicks (0,CME,NQ_1606)
[7788] 2016/03/08 17:05:13.496 SKOSQuoteLib_RequestTicks (0,CME,NQ_1609)
[7788] 2016/03/08 17:05:13.598 SKOSQuoteLib_RequestTicks (0,CME,NQ_1612)
[7788] 2016/03/08 17:05:13.703 SKOSQuoteLib_RequestTicks (0,CME,EC_1603)
[7788] 2016/03/08 17:05:13.805 SKOSQuoteLib_RequestTicks (0,CME,EC_1606)
[7788] 2016/03/08 17:05:13.909 SKOSQuoteLib_RequestTicks (0,CBT,YM1603)
[7788] 2016/03/08 17:05:14.011 SKOSQuoteLib_RequestTicks (0,CBT,YM1606)
[7788] 2016/03/08 17:05:14.113 SKOSQuoteLib_RequestTicks (0,NYM,CL1604)
[7788] 2016/03/08 17:05:14.216 SKOSQuoteLib_RequestTicks (0,NYM,CL1605)
[7788] 2016/03/08 17:05:14.318 SKOSQuoteLib_RequestTicks (0,NYM,GC1604)
[7788] 2016/03/08 17:05:14.420 SKOSQuoteLib_RequestTicks (0,NYM,GC1606)
[7788] 2016/03/08 17:05:14.525 SKOSQuoteLib_RequestTicks (0,NYM,SI1603)
[7788] 2016/03/08 17:05:14.629 SKOSQuoteLib_RequestTicks (0,NYM,SI1605)
[7788] 2016/03/08 17:05:14.738 SKOSQuoteLib_RequestTicks (0,SGX,NKNT1603)
[7788] 2016/03/08 17:05:14.843 SKOSQuoteLib_RequestTicks (0,SGX,NKNT1606)
[7788] 2016/03/08 17:05:14.946 SKOSQuoteLib_RequestTicks (0,SGX,CNIDX)
[7788] 2016/03/08 17:05:15.049 SKOSQuoteLib_RequestTicks (0,SGX,CNT1603)
[7788] 2016/03/08 17:05:15.151 SKOSQuoteLib_RequestTicks (0,HKF,MHI1603)
[7788] 2016/03/08 17:05:15.253 SKOSQuoteLib_RequestTicks (0,HKF,MHI1604)
[7788] 2016/03/08 17:05:15.356 SKOSQuoteLib_RequestTicks (0,EUR,DAX1603)
[7788] 2016/03/08 17:05:15.458 SKOSQuoteLib_RequestTicks (0,EUR,DAX1606)
[7788] 2016/03/08 17:05:15.559 SKOSQuoteLib_RequestTicks (0,CFX,CIF1603)
[7788] 2016/03/08 17:05:15.662 SKOSQuoteLib_RequestTicks (0,CFX,CIF1604)
[7704] 2016/03/08 17:28:59.144 API InitInstance 
[7704] 2016/03/08 17:28:59.146 SKOSQuoteLib_Initialize  ID멚B222875498
[7704] 2016/03/08 17:28:59.146 SKOSQuoteLib_Initialize  Server멚https://order2.capital.com.tw/
[7704] 2016/03/08 17:29:01.269 SKOSQuoteLib_EnterMonitor(0)
[7704] 2016/03/08 17:29:01.269 Connect FORT07.capital.com.tw 443
[7704] 2016/03/08 17:29:01.272 SKOSQuoteLib_AttachConnectCallBack
[7704] 2016/03/08 17:29:01.273 SKOSQuoteLib_AttachQuoteCallBack
[7704] 2016/03/08 17:29:01.273 SKOSQuoteLib_AttachBest5CallBack
[7704] 2016/03/08 17:29:01.323 SK_SUBJECT_CONNECTION_CONNECTED메Code: 0
[4516] 2016/03/08 17:29:20.883 API InitInstance 
[4516] 2016/03/08 17:29:20.887 SKOSQuoteLib_Initialize  ID멚B222875498
[4516] 2016/03/08 17:29:20.887 SKOSQuoteLib_Initialize  Server멚https://order2.capital.com.tw/
[4516] 2016/03/08 17:29:22.475 SKOSQuoteLib_EnterMonitor(0)
[4516] 2016/03/08 17:29:22.476 Connect FORT07.capital.com.tw 443
[4516] 2016/03/08 17:29:22.478 SKOSQuoteLib_AttachConnectCallBack
[4516] 2016/03/08 17:29:22.479 SKOSQuoteLib_AttachQuoteCallBack
[4516] 2016/03/08 17:29:22.479 SKOSQuoteLib_AttachBest5CallBack
[4516] 2016/03/08 17:29:22.502 SK_SUBJECT_CONNECTION_CONNECTED메Code: 0
[4516] 2016/03/08 17:29:42.952 SKOSQuoteLib_RequestStocks (1,CME,NQ_1603#CME,NQ_1606#CME,NQ_1609#CME,NQ_1612#CME,EC_1603#CME,EC_1606#CBT,YM1603#CBT,YM1606#NYM,CL1604#NYM,CL1605#NYM,GC1604#NYM,GC1606#NYM,SI1603#NYM,SI1605#SGX,NKNT1603#SGX,NKNT1606#SGX,CNIDX#SGX,CNT1603#HKF,MHI1603#HKF,MHI1604#EUR,DAX1603#EUR,DAX1606#CFX,CIF1603#CFX,CIF1604)
[4516] 2016/03/08 17:29:42.956 SKOSQuoteLib_RequestTicks (0,CME,NQ_1603)
[4516] 2016/03/08 17:29:43.063 SKOSQuoteLib_RequestTicks (0,CME,NQ_1606)
[4516] 2016/03/08 17:29:43.168 SKOSQuoteLib_RequestTicks (0,CME,NQ_1609)
[4516] 2016/03/08 17:29:43.269 SKOSQuoteLib_RequestTicks (0,CME,NQ_1612)
[4516] 2016/03/08 17:29:43.372 SKOSQuoteLib_RequestTicks (0,CME,EC_1603)
[4516] 2016/03/08 17:29:43.474 SKOSQuoteLib_RequestTicks (0,CME,EC_1606)
[4516] 2016/03/08 17:29:43.576 SKOSQuoteLib_RequestTicks (0,CBT,YM1603)
[4516] 2016/03/08 17:29:43.681 SKOSQuoteLib_RequestTicks (0,CBT,YM1606)
[4516] 2016/03/08 17:29:43.782 SKOSQuoteLib_RequestTicks (0,NYM,CL1604)
[4516] 2016/03/08 17:29:43.885 SKOSQuoteLib_RequestTicks (0,NYM,CL1605)
[4516] 2016/03/08 17:29:43.987 SKOSQuoteLib_RequestTicks (0,NYM,GC1604)
[4516] 2016/03/08 17:29:44.090 SKOSQuoteLib_RequestTicks (0,NYM,GC1606)
[4516] 2016/03/08 17:29:44.191 SKOSQuoteLib_RequestTicks (0,NYM,SI1603)
[4516] 2016/03/08 17:29:44.294 SKOSQuoteLib_RequestTicks (0,NYM,SI1605)
[4516] 2016/03/08 17:29:44.396 SKOSQuoteLib_RequestTicks (0,SGX,NKNT1603)
[4516] 2016/03/08 17:29:44.499 SKOSQuoteLib_RequestTicks (0,SGX,NKNT1606)
[4516] 2016/03/08 17:29:44.600 SKOSQuoteLib_RequestTicks (0,SGX,CNIDX)
[4516] 2016/03/08 17:29:44.701 SKOSQuoteLib_RequestTicks (0,SGX,CNT1603)
[4516] 2016/03/08 17:29:44.807 SKOSQuoteLib_RequestTicks (0,HKF,MHI1603)
[4516] 2016/03/08 17:29:44.911 SKOSQuoteLib_RequestTicks (0,HKF,MHI1604)
[4516] 2016/03/08 17:29:45.013 SKOSQuoteLib_RequestTicks (0,EUR,DAX1603)
[4516] 2016/03/08 17:29:45.116 SKOSQuoteLib_RequestTicks (0,EUR,DAX1606)
[4516] 2016/03/08 17:29:45.219 SKOSQuoteLib_RequestTicks (0,CFX,CIF1603)
[4516] 2016/03/08 17:29:45.320 SKOSQuoteLib_RequestTicks (0,CFX,CIF1604)
