[6308] 2016/03/04 09:22:34.148 API InitInstance 
[6308] 2016/03/04 09:22:34.153 SKOSQuoteLib_Initialize  ID멚B222875498
[6308] 2016/03/04 09:22:34.155 SKOSQuoteLib_Initialize  Server멚https://order2.capital.com.tw/
[6308] 2016/03/04 09:22:35.139 SKOSQuoteLib_EnterMonitor(0)
[6308] 2016/03/04 09:22:35.140 Connect FORT07.capital.com.tw 443
[6308] 2016/03/04 09:22:35.143 SKOSQuoteLib_AttachConnectCallBack
[6308] 2016/03/04 09:22:35.144 SKOSQuoteLib_AttachQuoteCallBack
[6308] 2016/03/04 09:22:35.144 SKOSQuoteLib_AttachBest5CallBack
[6308] 2016/03/04 09:22:35.270 SK_SUBJECT_CONNECTION_CONNECTED메Code: 0
[7092] 2016/03/04 09:23:34.316 API InitInstance 
[7092] 2016/03/04 09:23:34.319 SKOSQuoteLib_Initialize  ID멚B222875498
[7092] 2016/03/04 09:23:34.320 SKOSQuoteLib_Initialize  Server멚https://order2.capital.com.tw/
[7092] 2016/03/04 09:23:35.303 SKOSQuoteLib_EnterMonitor(0)
[7092] 2016/03/04 09:23:35.304 Connect FORT01.capital.com.tw 443
[7092] 2016/03/04 09:23:35.307 SKOSQuoteLib_AttachConnectCallBack
[7092] 2016/03/04 09:23:35.308 SKOSQuoteLib_AttachQuoteCallBack
[7092] 2016/03/04 09:23:35.308 SKOSQuoteLib_AttachBest5CallBack
[7092] 2016/03/04 09:23:35.344 SK_SUBJECT_CONNECTION_CONNECTED메Code: 0
[7092] 2016/03/04 09:23:53.343 SKOSQuoteLib_RequestStocks (1,CME,NQ_1603#CME,NQ_1606#CME,NQ_1609#CME,NQ_1612#CME,EC_1603#CME,EC_1606#CBT,YM1603#CBT,YM1606#NYM,CL1604#NYM,CL1605#NYM,GC1604#NYM,GC1606#NYM,SI1603#NYM,SI1605#SGX,NKNT1603#SGX,NKNT1606#SGX,CNIDX#SGX,CNT1603#HKF,MHI1603#HKF,MHI1604#EUR,DAX1603#EUR,DAX1606#CFX,CIF1603#CFX,CIF1604)
[7092] 2016/03/04 09:23:53.347 SKOSQuoteLib_RequestTicks (0,CME,NQ_1603)
[7092] 2016/03/04 09:23:53.449 SKOSQuoteLib_RequestTicks (0,CME,NQ_1606)
[7092] 2016/03/04 09:23:53.551 SKOSQuoteLib_RequestTicks (0,CME,NQ_1609)
[7092] 2016/03/04 09:23:53.654 SKOSQuoteLib_RequestTicks (0,CME,NQ_1612)
[7092] 2016/03/04 09:23:53.756 SKOSQuoteLib_RequestTicks (0,CME,EC_1603)
[7092] 2016/03/04 09:23:53.859 SKOSQuoteLib_RequestTicks (0,CME,EC_1606)
[7092] 2016/03/04 09:23:53.962 SKOSQuoteLib_RequestTicks (0,CBT,YM1603)
[7092] 2016/03/04 09:23:54.064 SKOSQuoteLib_RequestTicks (0,CBT,YM1606)
[7092] 2016/03/04 09:23:54.166 SKOSQuoteLib_RequestTicks (0,NYM,CL1604)
[7092] 2016/03/04 09:23:54.269 SKOSQuoteLib_RequestTicks (0,NYM,CL1605)
[7092] 2016/03/04 09:23:54.370 SKOSQuoteLib_RequestTicks (0,NYM,GC1604)
[7092] 2016/03/04 09:23:54.473 SKOSQuoteLib_RequestTicks (0,NYM,GC1606)
[7092] 2016/03/04 09:23:54.574 SKOSQuoteLib_RequestTicks (0,NYM,SI1603)
[7092] 2016/03/04 09:23:54.676 SKOSQuoteLib_RequestTicks (0,NYM,SI1605)
[7092] 2016/03/04 09:23:54.779 SKOSQuoteLib_RequestTicks (0,SGX,NKNT1603)
[7092] 2016/03/04 09:23:54.881 SKOSQuoteLib_RequestTicks (0,SGX,NKNT1606)
[7092] 2016/03/04 09:23:54.984 SKOSQuoteLib_RequestTicks (0,SGX,CNIDX)
[7092] 2016/03/04 09:23:55.085 SKOSQuoteLib_RequestTicks (0,SGX,CNT1603)
[7092] 2016/03/04 09:23:55.187 SKOSQuoteLib_RequestTicks (0,HKF,MHI1603)
[7092] 2016/03/04 09:23:55.290 SKOSQuoteLib_RequestTicks (0,HKF,MHI1604)
[7092] 2016/03/04 09:23:55.392 SKOSQuoteLib_RequestTicks (0,EUR,DAX1603)
[7092] 2016/03/04 09:23:55.493 SKOSQuoteLib_RequestTicks (0,EUR,DAX1606)
[7092] 2016/03/04 09:23:55.596 SKOSQuoteLib_RequestTicks (0,CFX,CIF1603)
[7092] 2016/03/04 09:23:55.697 SKOSQuoteLib_RequestTicks (0,CFX,CIF1604)
[6188] 2016/03/04 09:36:13.018 API InitInstance 
[6188] 2016/03/04 09:36:13.020 SKOSQuoteLib_Initialize  ID멚B222875498
[6188] 2016/03/04 09:36:13.021 SKOSQuoteLib_Initialize  Server멚https://order2.capital.com.tw/
[6188] 2016/03/04 09:36:13.919 SKOSQuoteLib_EnterMonitor(0)
[6188] 2016/03/04 09:36:13.920 Connect FORT03.capital.com.tw 443
[6188] 2016/03/04 09:36:13.923 SKOSQuoteLib_AttachConnectCallBack
[6188] 2016/03/04 09:36:13.923 SKOSQuoteLib_AttachQuoteCallBack
[6188] 2016/03/04 09:36:13.924 SKOSQuoteLib_AttachBest5CallBack
[6188] 2016/03/04 09:36:13.961 SK_SUBJECT_CONNECTION_CONNECTED메Code: 0
[6188] 2016/03/04 09:36:32.077 SKOSQuoteLib_RequestStocks (1,CME,NQ_1603#CME,NQ_1606#CME,NQ_1609#CME,NQ_1612#CME,EC_1603#CME,EC_1606#CBT,YM1603#CBT,YM1606#NYM,CL1604#NYM,CL1605#NYM,GC1604#NYM,GC1606#NYM,SI1603#NYM,SI1605#SGX,NKNT1603#SGX,NKNT1606#SGX,CNIDX#SGX,CNT1603#HKF,MHI1603#HKF,MHI1604#EUR,DAX1603#EUR,DAX1606#CFX,CIF1603#CFX,CIF1604)
[6188] 2016/03/04 09:36:32.081 SKOSQuoteLib_RequestTicks (0,CME,NQ_1603)
[6188] 2016/03/04 09:36:32.183 SKOSQuoteLib_RequestTicks (0,CME,NQ_1606)
[6188] 2016/03/04 09:36:32.285 SKOSQuoteLib_RequestTicks (0,CME,NQ_1609)
[6188] 2016/03/04 09:36:32.388 SKOSQuoteLib_RequestTicks (0,CME,NQ_1612)
[6188] 2016/03/04 09:36:32.490 SKOSQuoteLib_RequestTicks (0,CME,EC_1603)
[6188] 2016/03/04 09:36:32.593 SKOSQuoteLib_RequestTicks (0,CME,EC_1606)
[6188] 2016/03/04 09:36:32.695 SKOSQuoteLib_RequestTicks (0,CBT,YM1603)
[6188] 2016/03/04 09:36:32.796 SKOSQuoteLib_RequestTicks (0,CBT,YM1606)
[6188] 2016/03/04 09:36:32.897 SKOSQuoteLib_RequestTicks (0,NYM,CL1604)
[6188] 2016/03/04 09:36:32.999 SKOSQuoteLib_RequestTicks (0,NYM,CL1605)
[6188] 2016/03/04 09:36:33.100 SKOSQuoteLib_RequestTicks (0,NYM,GC1604)
[6188] 2016/03/04 09:36:33.201 SKOSQuoteLib_RequestTicks (0,NYM,GC1606)
[6188] 2016/03/04 09:36:33.302 SKOSQuoteLib_RequestTicks (0,NYM,SI1603)
[6188] 2016/03/04 09:36:33.403 SKOSQuoteLib_RequestTicks (0,NYM,SI1605)
[6188] 2016/03/04 09:36:33.504 SKOSQuoteLib_RequestTicks (0,SGX,NKNT1603)
[6188] 2016/03/04 09:36:33.606 SKOSQuoteLib_RequestTicks (0,SGX,NKNT1606)
[6188] 2016/03/04 09:36:33.707 SKOSQuoteLib_RequestTicks (0,SGX,CNIDX)
[6188] 2016/03/04 09:36:33.808 SKOSQuoteLib_RequestTicks (0,SGX,CNT1603)
[6188] 2016/03/04 09:36:33.909 SKOSQuoteLib_RequestTicks (0,HKF,MHI1603)
[6188] 2016/03/04 09:36:34.010 SKOSQuoteLib_RequestTicks (0,HKF,MHI1604)
[6188] 2016/03/04 09:36:34.111 SKOSQuoteLib_RequestTicks (0,EUR,DAX1603)
[6188] 2016/03/04 09:36:34.213 SKOSQuoteLib_RequestTicks (0,EUR,DAX1606)
[6188] 2016/03/04 09:36:34.315 SKOSQuoteLib_RequestTicks (0,CFX,CIF1603)
[6188] 2016/03/04 09:36:34.418 SKOSQuoteLib_RequestTicks (0,CFX,CIF1604)
[6252] 2016/03/04 09:38:07.153 API InitInstance 
[6252] 2016/03/04 09:38:07.156 SKOSQuoteLib_Initialize  ID멚B222875498
[6252] 2016/03/04 09:38:07.157 SKOSQuoteLib_Initialize  Server멚https://order2.capital.com.tw/
[6252] 2016/03/04 09:38:08.215 SKOSQuoteLib_EnterMonitor(0)
[6252] 2016/03/04 09:38:08.215 Connect FORT03.capital.com.tw 443
[6252] 2016/03/04 09:38:08.218 SKOSQuoteLib_AttachConnectCallBack
[6252] 2016/03/04 09:38:08.219 SKOSQuoteLib_AttachQuoteCallBack
[6252] 2016/03/04 09:38:08.219 SKOSQuoteLib_AttachBest5CallBack
[6252] 2016/03/04 09:38:08.236 SK_SUBJECT_CONNECTION_CONNECTED메Code: 0
[7296] 2016/03/04 09:41:02.799 API InitInstance 
[7296] 2016/03/04 09:41:02.802 SKOSQuoteLib_Initialize  ID멚B222875498
[7296] 2016/03/04 09:41:02.802 SKOSQuoteLib_Initialize  Server멚https://order2.capital.com.tw/
[7296] 2016/03/04 09:41:03.377 SKOSQuoteLib_EnterMonitor(0)
[7296] 2016/03/04 09:41:03.378 Connect FORT03.capital.com.tw 443
[7296] 2016/03/04 09:41:03.380 SKOSQuoteLib_AttachConnectCallBack
[7296] 2016/03/04 09:41:03.381 SKOSQuoteLib_AttachQuoteCallBack
[7296] 2016/03/04 09:41:03.381 SKOSQuoteLib_AttachBest5CallBack
[7296] 2016/03/04 09:41:03.396 SK_SUBJECT_CONNECTION_CONNECTED메Code: 0
[7296] 2016/03/04 09:41:21.712 SKOSQuoteLib_RequestStocks (1,CME,NQ_1603#CME,NQ_1606#CME,NQ_1609#CME,NQ_1612#CME,EC_1603#CME,EC_1606#CBT,YM1603#CBT,YM1606#NYM,CL1604#NYM,CL1605#NYM,GC1604#NYM,GC1606#NYM,SI1603#NYM,SI1605#SGX,NKNT1603#SGX,NKNT1606#SGX,CNIDX#SGX,CNT1603#HKF,MHI1603#HKF,MHI1604#EUR,DAX1603#EUR,DAX1606#CFX,CIF1603#CFX,CIF1604)
[7296] 2016/03/04 09:41:21.718 SKOSQuoteLib_RequestTicks (0,CME,NQ_1603)
[7296] 2016/03/04 09:41:21.819 SKOSQuoteLib_RequestTicks (0,CME,NQ_1606)
[7296] 2016/03/04 09:41:21.922 SKOSQuoteLib_RequestTicks (0,CME,NQ_1609)
[7296] 2016/03/04 09:41:22.025 SKOSQuoteLib_RequestTicks (0,CME,NQ_1612)
[7296] 2016/03/04 09:41:22.127 SKOSQuoteLib_RequestTicks (0,CME,EC_1603)
[7296] 2016/03/04 09:41:22.228 SKOSQuoteLib_RequestTicks (0,CME,EC_1606)
[7296] 2016/03/04 09:41:22.330 SKOSQuoteLib_RequestTicks (0,CBT,YM1603)
[7296] 2016/03/04 09:41:22.431 SKOSQuoteLib_RequestTicks (0,CBT,YM1606)
[7296] 2016/03/04 09:41:22.532 SKOSQuoteLib_RequestTicks (0,NYM,CL1604)
[7296] 2016/03/04 09:41:22.633 SKOSQuoteLib_RequestTicks (0,NYM,CL1605)
[7296] 2016/03/04 09:41:22.734 SKOSQuoteLib_RequestTicks (0,NYM,GC1604)
[7296] 2016/03/04 09:41:22.838 SKOSQuoteLib_RequestTicks (0,NYM,GC1606)
[7296] 2016/03/04 09:41:22.939 SKOSQuoteLib_RequestTicks (0,NYM,SI1603)
[7296] 2016/03/04 09:41:23.040 SKOSQuoteLib_RequestTicks (0,NYM,SI1605)
[7296] 2016/03/04 09:41:23.141 SKOSQuoteLib_RequestTicks (0,SGX,NKNT1603)
[7296] 2016/03/04 09:41:23.242 SKOSQuoteLib_RequestTicks (0,SGX,NKNT1606)
[7296] 2016/03/04 09:41:23.343 SKOSQuoteLib_RequestTicks (0,SGX,CNIDX)
[7296] 2016/03/04 09:41:23.444 SKOSQuoteLib_RequestTicks (0,SGX,CNT1603)
[7296] 2016/03/04 09:41:23.545 SKOSQuoteLib_RequestTicks (0,HKF,MHI1603)
[7296] 2016/03/04 09:41:23.647 SKOSQuoteLib_RequestTicks (0,HKF,MHI1604)
[7296] 2016/03/04 09:41:23.748 SKOSQuoteLib_RequestTicks (0,EUR,DAX1603)
[7296] 2016/03/04 09:41:23.849 SKOSQuoteLib_RequestTicks (0,EUR,DAX1606)
[7296] 2016/03/04 09:41:23.952 SKOSQuoteLib_RequestTicks (0,CFX,CIF1603)
[7296] 2016/03/04 09:41:24.053 SKOSQuoteLib_RequestTicks (0,CFX,CIF1604)
[4720] 2016/03/04 09:55:11.849 API InitInstance 
[4720] 2016/03/04 09:55:11.852 SKOSQuoteLib_Initialize  ID멚B222875498
[4720] 2016/03/04 09:55:11.853 SKOSQuoteLib_Initialize  Server멚https://order2.capital.com.tw/
[4720] 2016/03/04 09:55:12.698 SKOSQuoteLib_EnterMonitor(0)
[4720] 2016/03/04 09:55:12.698 Connect FORT05.capital.com.tw 443
[4720] 2016/03/04 09:55:12.700 SKOSQuoteLib_AttachConnectCallBack
[4720] 2016/03/04 09:55:12.701 SKOSQuoteLib_AttachQuoteCallBack
[4720] 2016/03/04 09:55:12.702 SKOSQuoteLib_AttachBest5CallBack
[4720] 2016/03/04 09:55:12.737 SK_SUBJECT_CONNECTION_CONNECTED메Code: 0
[12784] 2016/03/04 10:15:44.645 API InitInstance 
[12784] 2016/03/04 10:15:44.648 SKOSQuoteLib_Initialize  ID멚B222875498
[12784] 2016/03/04 10:15:44.649 SKOSQuoteLib_Initialize  Server멚https://order2.capital.com.tw/
[12784] 2016/03/04 10:15:45.281 SKOSQuoteLib_EnterMonitor(0)
[12784] 2016/03/04 10:15:45.282 Connect FORT07.capital.com.tw 443
[12784] 2016/03/04 10:15:45.285 SKOSQuoteLib_AttachConnectCallBack
[12784] 2016/03/04 10:15:45.286 SKOSQuoteLib_AttachQuoteCallBack
[12784] 2016/03/04 10:15:45.287 SKOSQuoteLib_AttachBest5CallBack
[12784] 2016/03/04 10:15:45.325 SK_SUBJECT_CONNECTION_CONNECTED메Code: 0
[12784] 2016/03/04 10:16:03.596 SKOSQuoteLib_RequestStocks (1,CME,NQ_1603#CME,NQ_1606#CME,NQ_1609#CME,NQ_1612#CME,EC_1603#CME,EC_1606#CBT,YM1603#CBT,YM1606#NYM,CL1604#NYM,CL1605#NYM,GC1604#NYM,GC1606#NYM,SI1603#NYM,SI1605#SGX,NKNT1603#SGX,NKNT1606#SGX,CNIDX#SGX,CNT1603#HKF,MHI1603#HKF,MHI1604#EUR,DAX1603#EUR,DAX1606#CFX,CIF1603#CFX,CIF1604)
[12784] 2016/03/04 10:16:03.600 SKOSQuoteLib_RequestTicks (0,CME,NQ_1603)
[12784] 2016/03/04 10:16:03.702 SKOSQuoteLib_RequestTicks (0,CME,NQ_1606)
[12784] 2016/03/04 10:16:03.803 SKOSQuoteLib_RequestTicks (0,CME,NQ_1609)
[12784] 2016/03/04 10:16:03.904 SKOSQuoteLib_RequestTicks (0,CME,NQ_1612)
[12784] 2016/03/04 10:16:04.005 SKOSQuoteLib_RequestTicks (0,CME,EC_1603)
[12784] 2016/03/04 10:16:04.106 SKOSQuoteLib_RequestTicks (0,CME,EC_1606)
[12784] 2016/03/04 10:16:04.207 SKOSQuoteLib_RequestTicks (0,CBT,YM1603)
[12784] 2016/03/04 10:16:04.309 SKOSQuoteLib_RequestTicks (0,CBT,YM1606)
[12784] 2016/03/04 10:16:04.410 SKOSQuoteLib_RequestTicks (0,NYM,CL1604)
[12784] 2016/03/04 10:16:04.511 SKOSQuoteLib_RequestTicks (0,NYM,CL1605)
[12784] 2016/03/04 10:16:04.612 SKOSQuoteLib_RequestTicks (0,NYM,GC1604)
[12784] 2016/03/04 10:16:04.713 SKOSQuoteLib_RequestTicks (0,NYM,GC1606)
[12784] 2016/03/04 10:16:04.814 SKOSQuoteLib_RequestTicks (0,NYM,SI1603)
[12784] 2016/03/04 10:16:04.915 SKOSQuoteLib_RequestTicks (0,NYM,SI1605)
[12784] 2016/03/04 10:16:05.016 SKOSQuoteLib_RequestTicks (0,SGX,NKNT1603)
[12784] 2016/03/04 10:16:05.117 SKOSQuoteLib_RequestTicks (0,SGX,NKNT1606)
[12784] 2016/03/04 10:16:05.218 SKOSQuoteLib_RequestTicks (0,SGX,CNIDX)
[12784] 2016/03/04 10:16:05.320 SKOSQuoteLib_RequestTicks (0,SGX,CNT1603)
[12784] 2016/03/04 10:16:05.421 SKOSQuoteLib_RequestTicks (0,HKF,MHI1603)
[12784] 2016/03/04 10:16:05.522 SKOSQuoteLib_RequestTicks (0,HKF,MHI1604)
[12784] 2016/03/04 10:16:05.623 SKOSQuoteLib_RequestTicks (0,EUR,DAX1603)
[12784] 2016/03/04 10:16:05.724 SKOSQuoteLib_RequestTicks (0,EUR,DAX1606)
[12784] 2016/03/04 10:16:05.826 SKOSQuoteLib_RequestTicks (0,CFX,CIF1603)
[12784] 2016/03/04 10:16:05.927 SKOSQuoteLib_RequestTicks (0,CFX,CIF1604)
[12784] 2016/03/04 10:24:45.293 SKOSQuoteLib_RequestStocks (1,CME,NQ_1603#CME,NQ_1606#CME,NQ_1609#CME,NQ_1612#CME,EC_1603#CME,EC_1606#CBT,YM1603#CBT,YM1606#NYM,CL1604#NYM,CL1605#NYM,GC1604#NYM,GC1606#NYM,SI1603#NYM,SI1605#SGX,NKNT1603#SGX,NKNT1606#SGX,CNIDX#SGX,CNT1603#HKF,MHI1603#HKF,MHI1604#EUR,DAX1603#EUR,DAX1606#CFX,CIF1603#CFX,CIF1604)
[12784] 2016/03/04 10:24:45.313 SKOSQuoteLib_RequestTicks (0,CME,NQ_1603)
[12784] 2016/03/04 10:24:45.416 SKOSQuoteLib_RequestTicks (0,CME,NQ_1606)
[12784] 2016/03/04 10:24:45.517 SKOSQuoteLib_RequestTicks (0,CME,NQ_1609)
[12784] 2016/03/04 10:24:45.618 SKOSQuoteLib_RequestTicks (0,CME,NQ_1612)
[12784] 2016/03/04 10:24:45.719 SKOSQuoteLib_RequestTicks (0,CME,EC_1603)
[12784] 2016/03/04 10:24:45.820 SKOSQuoteLib_RequestTicks (0,CME,EC_1606)
[12784] 2016/03/04 10:24:45.921 SKOSQuoteLib_RequestTicks (0,CBT,YM1603)
[12784] 2016/03/04 10:24:46.022 SKOSQuoteLib_RequestTicks (0,CBT,YM1606)
[12784] 2016/03/04 10:24:46.124 SKOSQuoteLib_RequestTicks (0,NYM,CL1604)
[12784] 2016/03/04 10:24:46.226 SKOSQuoteLib_RequestTicks (0,NYM,CL1605)
[12784] 2016/03/04 10:24:46.327 SKOSQuoteLib_RequestTicks (0,NYM,GC1604)
[12784] 2016/03/04 10:24:46.428 SKOSQuoteLib_RequestTicks (0,NYM,GC1606)
[12784] 2016/03/04 10:24:46.529 SKOSQuoteLib_RequestTicks (0,NYM,SI1603)
[12784] 2016/03/04 10:24:46.630 SKOSQuoteLib_RequestTicks (0,NYM,SI1605)
[12784] 2016/03/04 10:24:46.731 SKOSQuoteLib_RequestTicks (0,SGX,NKNT1603)
[12784] 2016/03/04 10:24:46.832 SKOSQuoteLib_RequestTicks (0,SGX,NKNT1606)
[12784] 2016/03/04 10:24:46.933 SKOSQuoteLib_RequestTicks (0,SGX,CNIDX)
[12784] 2016/03/04 10:24:47.035 SKOSQuoteLib_RequestTicks (0,SGX,CNT1603)
[12784] 2016/03/04 10:24:47.136 SKOSQuoteLib_RequestTicks (0,HKF,MHI1603)
[12784] 2016/03/04 10:24:47.237 SKOSQuoteLib_RequestTicks (0,HKF,MHI1604)
[12784] 2016/03/04 10:24:47.338 SKOSQuoteLib_RequestTicks (0,EUR,DAX1603)
[12784] 2016/03/04 10:24:47.441 SKOSQuoteLib_RequestTicks (0,EUR,DAX1606)
[12784] 2016/03/04 10:24:47.543 SKOSQuoteLib_RequestTicks (0,CFX,CIF1603)
[12784] 2016/03/04 10:24:47.646 SKOSQuoteLib_RequestTicks (0,CFX,CIF1604)
[2664] 2016/03/04 10:34:11.713 API InitInstance 
[2664] 2016/03/04 10:34:11.715 SKOSQuoteLib_Initialize  ID멚B222875498
[2664] 2016/03/04 10:34:11.716 SKOSQuoteLib_Initialize  Server멚https://order2.capital.com.tw/
[2664] 2016/03/04 10:34:12.812 SKOSQuoteLib_EnterMonitor(0)
[2664] 2016/03/04 10:34:12.813 Connect FORT01.capital.com.tw 443
[2664] 2016/03/04 10:34:12.815 SKOSQuoteLib_AttachConnectCallBack
[2664] 2016/03/04 10:34:12.816 SKOSQuoteLib_AttachQuoteCallBack
[2664] 2016/03/04 10:34:12.817 SKOSQuoteLib_AttachBest5CallBack
[2664] 2016/03/04 10:34:12.850 SK_SUBJECT_CONNECTION_CONNECTED메Code: 0
[5228] 2016/03/04 10:34:55.346 API InitInstance 
[5228] 2016/03/04 10:34:55.349 SKOSQuoteLib_Initialize  ID멚B222875498
[5228] 2016/03/04 10:34:55.349 SKOSQuoteLib_Initialize  Server멚https://order2.capital.com.tw/
[5228] 2016/03/04 10:34:56.041 SKOSQuoteLib_EnterMonitor(0)
[5228] 2016/03/04 10:34:56.042 Connect FORT07.capital.com.tw 443
[5228] 2016/03/04 10:34:56.044 SKOSQuoteLib_AttachConnectCallBack
[5228] 2016/03/04 10:34:56.044 SKOSQuoteLib_AttachQuoteCallBack
[5228] 2016/03/04 10:34:56.045 SKOSQuoteLib_AttachBest5CallBack
[5228] 2016/03/04 10:34:56.077 SK_SUBJECT_CONNECTION_CONNECTED메Code: 0
[5228] 2016/03/04 10:35:17.478 SKOSQuoteLib_RequestStocks (1,CME,NQ_1603#CME,NQ_1606#CME,NQ_1609#CME,NQ_1612#CME,EC_1603#CME,EC_1606#CBT,YM1603#CBT,YM1606#NYM,CL1604#NYM,CL1605#NYM,GC1604#NYM,GC1606#NYM,SI1603#NYM,SI1605#SGX,NKNT1603#SGX,NKNT1606#SGX,CNIDX#SGX,CNT1603#HKF,MHI1603#HKF,MHI1604#EUR,DAX1603#EUR,DAX1606#CFX,CIF1603#CFX,CIF1604)
[5228] 2016/03/04 10:35:17.482 SKOSQuoteLib_RequestTicks (0,CME,NQ_1603)
[5228] 2016/03/04 10:35:17.584 SKOSQuoteLib_RequestTicks (0,CME,NQ_1606)
[5228] 2016/03/04 10:35:17.685 SKOSQuoteLib_RequestTicks (0,CME,NQ_1609)
[5228] 2016/03/04 10:35:17.786 SKOSQuoteLib_RequestTicks (0,CME,NQ_1612)
[5228] 2016/03/04 10:35:17.888 SKOSQuoteLib_RequestTicks (0,CME,EC_1603)
[5228] 2016/03/04 10:35:17.990 SKOSQuoteLib_RequestTicks (0,CME,EC_1606)
[5228] 2016/03/04 10:35:18.092 SKOSQuoteLib_RequestTicks (0,CBT,YM1603)
[5228] 2016/03/04 10:35:18.194 SKOSQuoteLib_RequestTicks (0,CBT,YM1606)
[5228] 2016/03/04 10:35:18.297 SKOSQuoteLib_RequestTicks (0,NYM,CL1604)
[5228] 2016/03/04 10:35:18.399 SKOSQuoteLib_RequestTicks (0,NYM,CL1605)
[5228] 2016/03/04 10:35:18.502 SKOSQuoteLib_RequestTicks (0,NYM,GC1604)
[5228] 2016/03/04 10:35:18.604 SKOSQuoteLib_RequestTicks (0,NYM,GC1606)
[5228] 2016/03/04 10:35:18.705 SKOSQuoteLib_RequestTicks (0,NYM,SI1603)
[5228] 2016/03/04 10:35:18.806 SKOSQuoteLib_RequestTicks (0,NYM,SI1605)
[5228] 2016/03/04 10:35:18.907 SKOSQuoteLib_RequestTicks (0,SGX,NKNT1603)
[5228] 2016/03/04 10:35:19.009 SKOSQuoteLib_RequestTicks (0,SGX,NKNT1606)
[5228] 2016/03/04 10:35:19.110 SKOSQuoteLib_RequestTicks (0,SGX,CNIDX)
[5228] 2016/03/04 10:35:19.211 SKOSQuoteLib_RequestTicks (0,SGX,CNT1603)
[5228] 2016/03/04 10:35:19.312 SKOSQuoteLib_RequestTicks (0,HKF,MHI1603)
[5228] 2016/03/04 10:35:19.413 SKOSQuoteLib_RequestTicks (0,HKF,MHI1604)
[5228] 2016/03/04 10:35:19.514 SKOSQuoteLib_RequestTicks (0,EUR,DAX1603)
[5228] 2016/03/04 10:35:19.616 SKOSQuoteLib_RequestTicks (0,EUR,DAX1606)
[5228] 2016/03/04 10:35:19.717 SKOSQuoteLib_RequestTicks (0,CFX,CIF1603)
[5228] 2016/03/04 10:35:19.819 SKOSQuoteLib_RequestTicks (0,CFX,CIF1604)
[6364] 2016/03/04 10:45:09.742 API InitInstance 
[6364] 2016/03/04 10:45:09.745 SKOSQuoteLib_Initialize  ID멚B222875498
[6364] 2016/03/04 10:45:09.745 SKOSQuoteLib_Initialize  Server멚https://order2.capital.com.tw/
[6364] 2016/03/04 10:45:10.778 SKOSQuoteLib_EnterMonitor(0)
[6364] 2016/03/04 10:45:10.778 Connect FORT05.capital.com.tw 443
[6364] 2016/03/04 10:45:10.781 SKOSQuoteLib_AttachConnectCallBack
[6364] 2016/03/04 10:45:10.781 SKOSQuoteLib_AttachQuoteCallBack
[6364] 2016/03/04 10:45:10.782 SKOSQuoteLib_AttachBest5CallBack
[6364] 2016/03/04 10:45:10.865 SK_SUBJECT_CONNECTION_CONNECTED메Code: 0
[6364] 2016/03/04 10:45:32.250 SKOSQuoteLib_RequestStocks (1,CME,NQ_1603#CME,NQ_1606#CME,NQ_1609#CME,NQ_1612#CME,EC_1603#CME,EC_1606#CBT,YM1603#CBT,YM1606#NYM,CL1604#NYM,CL1605#NYM,GC1604#NYM,GC1606#NYM,SI1603#NYM,SI1605#SGX,NKNT1603#SGX,NKNT1606#SGX,CNIDX#SGX,CNT1603#HKF,MHI1603#HKF,MHI1604#EUR,DAX1603#EUR,DAX1606#CFX,CIF1603#CFX,CIF1604)
[6364] 2016/03/04 10:45:32.254 SKOSQuoteLib_RequestTicks (0,CME,NQ_1603)
[6364] 2016/03/04 10:45:32.355 SKOSQuoteLib_RequestTicks (0,CME,NQ_1606)
[6364] 2016/03/04 10:45:32.458 SKOSQuoteLib_RequestTicks (0,CME,NQ_1609)
[6364] 2016/03/04 10:45:32.559 SKOSQuoteLib_RequestTicks (0,CME,NQ_1612)
[6364] 2016/03/04 10:45:32.660 SKOSQuoteLib_RequestTicks (0,CME,EC_1603)
[6364] 2016/03/04 10:45:32.761 SKOSQuoteLib_RequestTicks (0,CME,EC_1606)
[6364] 2016/03/04 10:45:32.863 SKOSQuoteLib_RequestTicks (0,CBT,YM1603)
[6364] 2016/03/04 10:45:32.964 SKOSQuoteLib_RequestTicks (0,CBT,YM1606)
[6364] 2016/03/04 10:45:33.065 SKOSQuoteLib_RequestTicks (0,NYM,CL1604)
[6364] 2016/03/04 10:45:33.166 SKOSQuoteLib_RequestTicks (0,NYM,CL1605)
[6364] 2016/03/04 10:45:33.268 SKOSQuoteLib_RequestTicks (0,NYM,GC1604)
[6364] 2016/03/04 10:45:33.369 SKOSQuoteLib_RequestTicks (0,NYM,GC1606)
[6364] 2016/03/04 10:45:33.470 SKOSQuoteLib_RequestTicks (0,NYM,SI1603)
[6364] 2016/03/04 10:45:33.571 SKOSQuoteLib_RequestTicks (0,NYM,SI1605)
[6364] 2016/03/04 10:45:33.672 SKOSQuoteLib_RequestTicks (0,SGX,NKNT1603)
[6364] 2016/03/04 10:45:33.773 SKOSQuoteLib_RequestTicks (0,SGX,NKNT1606)
[6364] 2016/03/04 10:45:33.875 SKOSQuoteLib_RequestTicks (0,SGX,CNIDX)
[6364] 2016/03/04 10:45:33.976 SKOSQuoteLib_RequestTicks (0,SGX,CNT1603)
[6364] 2016/03/04 10:45:34.078 SKOSQuoteLib_RequestTicks (0,HKF,MHI1603)
[6364] 2016/03/04 10:45:34.179 SKOSQuoteLib_RequestTicks (0,HKF,MHI1604)
[6364] 2016/03/04 10:45:34.280 SKOSQuoteLib_RequestTicks (0,EUR,DAX1603)
[6364] 2016/03/04 10:45:34.382 SKOSQuoteLib_RequestTicks (0,EUR,DAX1606)
[6364] 2016/03/04 10:45:34.484 SKOSQuoteLib_RequestTicks (0,CFX,CIF1603)
[6364] 2016/03/04 10:45:34.588 SKOSQuoteLib_RequestTicks (0,CFX,CIF1604)
[11756] 2016/03/04 10:46:27.346 API InitInstance 
[11756] 2016/03/04 10:46:27.349 SKOSQuoteLib_Initialize  ID멚B222875498
[11756] 2016/03/04 10:46:27.349 SKOSQuoteLib_Initialize  Server멚https://order2.capital.com.tw/
[11756] 2016/03/04 10:46:27.886 SKOSQuoteLib_EnterMonitor(0)
[11756] 2016/03/04 10:46:27.887 Connect FORT05.capital.com.tw 443
[11756] 2016/03/04 10:46:27.889 SKOSQuoteLib_AttachConnectCallBack
[11756] 2016/03/04 10:46:27.890 SKOSQuoteLib_AttachQuoteCallBack
[11756] 2016/03/04 10:46:27.890 SKOSQuoteLib_AttachBest5CallBack
[11756] 2016/03/04 10:46:27.907 SK_SUBJECT_CONNECTION_CONNECTED메Code: 0
[11756] 2016/03/04 10:46:47.642 SKOSQuoteLib_RequestStocks (1,CME,NQ_1603#CME,NQ_1606#CME,NQ_1609#CME,NQ_1612#CME,EC_1603#CME,EC_1606#CBT,YM1603#CBT,YM1606#NYM,CL1604#NYM,CL1605#NYM,GC1604#NYM,GC1606#NYM,SI1603#NYM,SI1605#SGX,NKNT1603#SGX,NKNT1606#SGX,CNIDX#SGX,CNT1603#HKF,MHI1603#HKF,MHI1604#EUR,DAX1603#EUR,DAX1606#CFX,CIF1603#CFX,CIF1604)
[11756] 2016/03/04 10:46:47.661 SKOSQuoteLib_RequestTicks (0,CME,NQ_1603)
[11756] 2016/03/04 10:46:47.765 SKOSQuoteLib_RequestTicks (0,CME,NQ_1606)
[11756] 2016/03/04 10:46:47.868 SKOSQuoteLib_RequestTicks (0,CME,NQ_1609)
[11756] 2016/03/04 10:46:47.970 SKOSQuoteLib_RequestTicks (0,CME,NQ_1612)
[11756] 2016/03/04 10:46:48.073 SKOSQuoteLib_RequestTicks (0,CME,EC_1603)
[11756] 2016/03/04 10:46:48.174 SKOSQuoteLib_RequestTicks (0,CME,EC_1606)
[11756] 2016/03/04 10:46:48.275 SKOSQuoteLib_RequestTicks (0,CBT,YM1603)
[11756] 2016/03/04 10:46:48.381 SKOSQuoteLib_RequestTicks (0,CBT,YM1606)
[11756] 2016/03/04 10:46:48.485 SKOSQuoteLib_RequestTicks (0,NYM,CL1604)
[11756] 2016/03/04 10:46:48.589 SKOSQuoteLib_RequestTicks (0,NYM,CL1605)
[11756] 2016/03/04 10:46:48.693 SKOSQuoteLib_RequestTicks (0,NYM,GC1604)
[11756] 2016/03/04 10:46:48.796 SKOSQuoteLib_RequestTicks (0,NYM,GC1606)
[11756] 2016/03/04 10:46:48.901 SKOSQuoteLib_RequestTicks (0,NYM,SI1603)
[11756] 2016/03/04 10:46:49.004 SKOSQuoteLib_RequestTicks (0,NYM,SI1605)
[11756] 2016/03/04 10:46:49.109 SKOSQuoteLib_RequestTicks (0,SGX,NKNT1603)
[11756] 2016/03/04 10:46:49.213 SKOSQuoteLib_RequestTicks (0,SGX,NKNT1606)
[11756] 2016/03/04 10:46:49.315 SKOSQuoteLib_RequestTicks (0,SGX,CNIDX)
[11756] 2016/03/04 10:46:49.417 SKOSQuoteLib_RequestTicks (0,SGX,CNT1603)
[11756] 2016/03/04 10:46:49.521 SKOSQuoteLib_RequestTicks (0,HKF,MHI1603)
[11756] 2016/03/04 10:46:49.623 SKOSQuoteLib_RequestTicks (0,HKF,MHI1604)
[11756] 2016/03/04 10:46:49.726 SKOSQuoteLib_RequestTicks (0,EUR,DAX1603)
[11756] 2016/03/04 10:46:49.832 SKOSQuoteLib_RequestTicks (0,EUR,DAX1606)
[11756] 2016/03/04 10:46:49.935 SKOSQuoteLib_RequestTicks (0,CFX,CIF1603)
[11756] 2016/03/04 10:46:50.037 SKOSQuoteLib_RequestTicks (0,CFX,CIF1604)
[5160] 2016/03/04 10:55:32.102 API InitInstance 
[5160] 2016/03/04 10:55:32.105 SKOSQuoteLib_Initialize  ID멚B222875498
[5160] 2016/03/04 10:55:32.105 SKOSQuoteLib_Initialize  Server멚https://order2.capital.com.tw/
[5160] 2016/03/04 10:55:33.089 SKOSQuoteLib_EnterMonitor(0)
[5160] 2016/03/04 10:55:33.089 Connect FORT07.capital.com.tw 443
[5160] 2016/03/04 10:55:33.092 SKOSQuoteLib_AttachConnectCallBack
[5160] 2016/03/04 10:55:33.092 SKOSQuoteLib_AttachQuoteCallBack
[5160] 2016/03/04 10:55:33.093 SKOSQuoteLib_AttachBest5CallBack
[5160] 2016/03/04 10:55:33.184 SK_SUBJECT_CONNECTION_CONNECTED메Code: 0
[5160] 2016/03/04 10:56:01.201 SKOSQuoteLib_RequestStocks (1,CME,NQ_1603#CME,NQ_1606#CME,NQ_1609#CME,NQ_1612#CME,EC_1603#CME,EC_1606#CBT,YM1603#CBT,YM1606#NYM,CL1604#NYM,CL1605#NYM,GC1604#NYM,GC1606#NYM,SI1603#NYM,SI1605#SGX,NKNT1603#SGX,NKNT1606#SGX,CNIDX#SGX,CNT1603#HKF,MHI1603#HKF,MHI1604#EUR,DAX1603#EUR,DAX1606#CFX,CIF1603#CFX,CIF1604)
[5160] 2016/03/04 10:56:01.206 SKOSQuoteLib_RequestTicks (0,CME,NQ_1603)
[5160] 2016/03/04 10:56:01.308 SKOSQuoteLib_RequestTicks (0,CME,NQ_1606)
[5160] 2016/03/04 10:56:01.410 SKOSQuoteLib_RequestTicks (0,CME,NQ_1609)
[5160] 2016/03/04 10:56:01.513 SKOSQuoteLib_RequestTicks (0,CME,NQ_1612)
[5160] 2016/03/04 10:56:01.615 SKOSQuoteLib_RequestTicks (0,CME,EC_1603)
[5160] 2016/03/04 10:56:01.716 SKOSQuoteLib_RequestTicks (0,CME,EC_1606)
[5160] 2016/03/04 10:56:01.818 SKOSQuoteLib_RequestTicks (0,CBT,YM1603)
[5160] 2016/03/04 10:56:01.919 SKOSQuoteLib_RequestTicks (0,CBT,YM1606)
[5160] 2016/03/04 10:56:02.019 SKOSQuoteLib_RequestTicks (0,NYM,CL1604)
[5160] 2016/03/04 10:56:02.121 SKOSQuoteLib_RequestTicks (0,NYM,CL1605)
[5160] 2016/03/04 10:56:02.222 SKOSQuoteLib_RequestTicks (0,NYM,GC1604)
[5160] 2016/03/04 10:56:02.323 SKOSQuoteLib_RequestTicks (0,NYM,GC1606)
[5160] 2016/03/04 10:56:02.424 SKOSQuoteLib_RequestTicks (0,NYM,SI1603)
[5160] 2016/03/04 10:56:02.525 SKOSQuoteLib_RequestTicks (0,NYM,SI1605)
[5160] 2016/03/04 10:56:02.626 SKOSQuoteLib_RequestTicks (0,SGX,NKNT1603)
[5160] 2016/03/04 10:56:02.727 SKOSQuoteLib_RequestTicks (0,SGX,NKNT1606)
[5160] 2016/03/04 10:56:02.829 SKOSQuoteLib_RequestTicks (0,SGX,CNIDX)
[5160] 2016/03/04 10:56:02.930 SKOSQuoteLib_RequestTicks (0,SGX,CNT1603)
[5160] 2016/03/04 10:56:03.031 SKOSQuoteLib_RequestTicks (0,HKF,MHI1603)
[5160] 2016/03/04 10:56:03.132 SKOSQuoteLib_RequestTicks (0,HKF,MHI1604)
[5160] 2016/03/04 10:56:03.236 SKOSQuoteLib_RequestTicks (0,EUR,DAX1603)
[5160] 2016/03/04 10:56:03.337 SKOSQuoteLib_RequestTicks (0,EUR,DAX1606)
[5160] 2016/03/04 10:56:03.438 SKOSQuoteLib_RequestTicks (0,CFX,CIF1603)
[5160] 2016/03/04 10:56:03.539 SKOSQuoteLib_RequestTicks (0,CFX,CIF1604)
[5856] 2016/03/04 11:01:48.560 API InitInstance 
[5856] 2016/03/04 11:01:48.562 SKOSQuoteLib_Initialize  ID멚B222875498
[5856] 2016/03/04 11:01:48.563 SKOSQuoteLib_Initialize  Server멚https://order2.capital.com.tw/
[5856] 2016/03/04 11:01:49.081 SKOSQuoteLib_EnterMonitor(0)
[5856] 2016/03/04 11:01:49.082 Connect FORT07.capital.com.tw 443
[5856] 2016/03/04 11:01:49.085 SKOSQuoteLib_AttachConnectCallBack
[5856] 2016/03/04 11:01:49.086 SKOSQuoteLib_AttachQuoteCallBack
[5856] 2016/03/04 11:01:49.086 SKOSQuoteLib_AttachBest5CallBack
[5856] 2016/03/04 11:01:49.103 SK_SUBJECT_CONNECTION_CONNECTED메Code: 0
[5856] 2016/03/04 11:02:09.973 SKOSQuoteLib_RequestStocks (1,CME,NQ_1603#CME,NQ_1606#CME,NQ_1609#CME,NQ_1612#CME,EC_1603#CME,EC_1606#CBT,YM1603#CBT,YM1606#NYM,CL1604#NYM,CL1605#NYM,GC1604#NYM,GC1606#NYM,SI1603#NYM,SI1605#SGX,NKNT1603#SGX,NKNT1606#SGX,CNIDX#SGX,CNT1603#HKF,MHI1603#HKF,MHI1604#EUR,DAX1603#EUR,DAX1606#CFX,CIF1603#CFX,CIF1604)
[5856] 2016/03/04 11:02:09.978 SKOSQuoteLib_RequestTicks (0,CME,NQ_1603)
[5856] 2016/03/04 11:02:10.080 SKOSQuoteLib_RequestTicks (0,CME,NQ_1606)
[5856] 2016/03/04 11:02:10.181 SKOSQuoteLib_RequestTicks (0,CME,NQ_1609)
[5856] 2016/03/04 11:02:10.282 SKOSQuoteLib_RequestTicks (0,CME,NQ_1612)
[5856] 2016/03/04 11:02:10.383 SKOSQuoteLib_RequestTicks (0,CME,EC_1603)
[5856] 2016/03/04 11:02:10.486 SKOSQuoteLib_RequestTicks (0,CME,EC_1606)
[5856] 2016/03/04 11:02:10.589 SKOSQuoteLib_RequestTicks (0,CBT,YM1603)
[5856] 2016/03/04 11:02:10.691 SKOSQuoteLib_RequestTicks (0,CBT,YM1606)
[5856] 2016/03/04 11:02:10.794 SKOSQuoteLib_RequestTicks (0,NYM,CL1604)
[5856] 2016/03/04 11:02:10.896 SKOSQuoteLib_RequestTicks (0,NYM,CL1605)
[5856] 2016/03/04 11:02:10.998 SKOSQuoteLib_RequestTicks (0,NYM,GC1604)
[5856] 2016/03/04 11:02:11.101 SKOSQuoteLib_RequestTicks (0,NYM,GC1606)
[5856] 2016/03/04 11:02:11.202 SKOSQuoteLib_RequestTicks (0,NYM,SI1603)
[5856] 2016/03/04 11:02:11.304 SKOSQuoteLib_RequestTicks (0,NYM,SI1605)
[5856] 2016/03/04 11:02:11.405 SKOSQuoteLib_RequestTicks (0,SGX,NKNT1603)
[5856] 2016/03/04 11:02:11.506 SKOSQuoteLib_RequestTicks (0,SGX,NKNT1606)
[5856] 2016/03/04 11:02:11.607 SKOSQuoteLib_RequestTicks (0,SGX,CNIDX)
[5856] 2016/03/04 11:02:11.708 SKOSQuoteLib_RequestTicks (0,SGX,CNT1603)
[5856] 2016/03/04 11:02:11.809 SKOSQuoteLib_RequestTicks (0,HKF,MHI1603)
[5856] 2016/03/04 11:02:11.911 SKOSQuoteLib_RequestTicks (0,HKF,MHI1604)
[5856] 2016/03/04 11:02:12.012 SKOSQuoteLib_RequestTicks (0,EUR,DAX1603)
[5856] 2016/03/04 11:02:12.113 SKOSQuoteLib_RequestTicks (0,EUR,DAX1606)
[5856] 2016/03/04 11:02:12.214 SKOSQuoteLib_RequestTicks (0,CFX,CIF1603)
[5856] 2016/03/04 11:02:12.316 SKOSQuoteLib_RequestTicks (0,CFX,CIF1604)
[2332] 2016/03/04 11:07:35.064 API InitInstance 
[2332] 2016/03/04 11:07:35.067 SKOSQuoteLib_Initialize  ID멚B222875498
[2332] 2016/03/04 11:07:35.068 SKOSQuoteLib_Initialize  Server멚https://order2.capital.com.tw/
[2332] 2016/03/04 11:07:35.678 SKOSQuoteLib_EnterMonitor(0)
[2332] 2016/03/04 11:07:35.678 Connect FORT03.capital.com.tw 443
[2332] 2016/03/04 11:07:35.681 SKOSQuoteLib_AttachConnectCallBack
[2332] 2016/03/04 11:07:35.682 SKOSQuoteLib_AttachQuoteCallBack
[2332] 2016/03/04 11:07:35.683 SKOSQuoteLib_AttachBest5CallBack
[2332] 2016/03/04 11:07:35.720 SK_SUBJECT_CONNECTION_CONNECTED메Code: 0
[2332] 2016/03/04 11:07:57.077 SKOSQuoteLib_RequestStocks (1,CME,NQ_1603#CME,NQ_1606#CME,NQ_1609#CME,NQ_1612#CME,EC_1603#CME,EC_1606#CBT,YM1603#CBT,YM1606#NYM,CL1604#NYM,CL1605#NYM,GC1604#NYM,GC1606#NYM,SI1603#NYM,SI1605#SGX,NKNT1603#SGX,NKNT1606#SGX,CNIDX#SGX,CNT1603#HKF,MHI1603#HKF,MHI1604#EUR,DAX1603#EUR,DAX1606#CFX,CIF1603#CFX,CIF1604)
[2332] 2016/03/04 11:07:57.081 SKOSQuoteLib_RequestTicks (0,CME,NQ_1603)
[2332] 2016/03/04 11:07:57.183 SKOSQuoteLib_RequestTicks (0,CME,NQ_1606)
[2332] 2016/03/04 11:07:57.284 SKOSQuoteLib_RequestTicks (0,CME,NQ_1609)
[2332] 2016/03/04 11:07:57.385 SKOSQuoteLib_RequestTicks (0,CME,NQ_1612)
[2332] 2016/03/04 11:07:57.486 SKOSQuoteLib_RequestTicks (0,CME,EC_1603)
[2332] 2016/03/04 11:07:57.588 SKOSQuoteLib_RequestTicks (0,CME,EC_1606)
[2332] 2016/03/04 11:07:57.689 SKOSQuoteLib_RequestTicks (0,CBT,YM1603)
[2332] 2016/03/04 11:07:57.791 SKOSQuoteLib_RequestTicks (0,CBT,YM1606)
[2332] 2016/03/04 11:07:57.894 SKOSQuoteLib_RequestTicks (0,NYM,CL1604)
[2332] 2016/03/04 11:07:57.995 SKOSQuoteLib_RequestTicks (0,NYM,CL1605)
[2332] 2016/03/04 11:07:58.097 SKOSQuoteLib_RequestTicks (0,NYM,GC1604)
[2332] 2016/03/04 11:07:58.199 SKOSQuoteLib_RequestTicks (0,NYM,GC1606)
[2332] 2016/03/04 11:07:58.301 SKOSQuoteLib_RequestTicks (0,NYM,SI1603)
[2332] 2016/03/04 11:07:58.402 SKOSQuoteLib_RequestTicks (0,NYM,SI1605)
[2332] 2016/03/04 11:07:58.503 SKOSQuoteLib_RequestTicks (0,SGX,NKNT1603)
[2332] 2016/03/04 11:07:58.604 SKOSQuoteLib_RequestTicks (0,SGX,NKNT1606)
[2332] 2016/03/04 11:07:58.705 SKOSQuoteLib_RequestTicks (0,SGX,CNIDX)
[2332] 2016/03/04 11:07:58.807 SKOSQuoteLib_RequestTicks (0,SGX,CNT1603)
[2332] 2016/03/04 11:07:58.907 SKOSQuoteLib_RequestTicks (0,HKF,MHI1603)
[2332] 2016/03/04 11:07:59.008 SKOSQuoteLib_RequestTicks (0,HKF,MHI1604)
[2332] 2016/03/04 11:07:59.110 SKOSQuoteLib_RequestTicks (0,EUR,DAX1603)
[2332] 2016/03/04 11:07:59.211 SKOSQuoteLib_RequestTicks (0,EUR,DAX1606)
[2332] 2016/03/04 11:07:59.312 SKOSQuoteLib_RequestTicks (0,CFX,CIF1603)
[2332] 2016/03/04 11:07:59.414 SKOSQuoteLib_RequestTicks (0,CFX,CIF1604)
[7784] 2016/03/04 11:40:32.030 API InitInstance 
[7784] 2016/03/04 11:40:32.044 SKOSQuoteLib_Initialize  ID멚B222875498
[7784] 2016/03/04 11:40:32.045 SKOSQuoteLib_Initialize  Server멚https://order2.capital.com.tw/
[7784] 2016/03/04 11:40:32.898 SKOSQuoteLib_EnterMonitor(0)
[7784] 2016/03/04 11:40:32.899 Connect FORT07.capital.com.tw 443
[7784] 2016/03/04 11:40:32.901 SKOSQuoteLib_AttachConnectCallBack
[7784] 2016/03/04 11:40:32.902 SKOSQuoteLib_AttachQuoteCallBack
[7784] 2016/03/04 11:40:32.902 SKOSQuoteLib_AttachBest5CallBack
[7784] 2016/03/04 11:40:32.939 SK_SUBJECT_CONNECTION_CONNECTED메Code: 0
[7784] 2016/03/04 11:40:55.383 SKOSQuoteLib_RequestStocks (1,CME,NQ_1603#CME,NQ_1606#CME,NQ_1609#CME,NQ_1612#CME,EC_1603#CME,EC_1606#CBT,YM1603#CBT,YM1606#NYM,CL1604#NYM,CL1605#NYM,GC1604#NYM,GC1606#NYM,SI1603#NYM,SI1605#SGX,NKNT1603#SGX,NKNT1606#SGX,CNIDX#SGX,CNT1603#HKF,MHI1603#HKF,MHI1604#EUR,DAX1603#EUR,DAX1606#CFX,CIF1603#CFX,CIF1604)
[7784] 2016/03/04 11:40:55.411 SKOSQuoteLib_RequestTicks (0,CME,NQ_1603)
[7784] 2016/03/04 11:40:55.532 SKOSQuoteLib_RequestTicks (0,CME,NQ_1606)
[7784] 2016/03/04 11:40:55.637 SKOSQuoteLib_RequestTicks (0,CME,NQ_1609)
[7784] 2016/03/04 11:40:55.742 SKOSQuoteLib_RequestTicks (0,CME,NQ_1612)
[7784] 2016/03/04 11:40:55.847 SKOSQuoteLib_RequestTicks (0,CME,EC_1603)
[7784] 2016/03/04 11:40:55.949 SKOSQuoteLib_RequestTicks (0,CME,EC_1606)
[7784] 2016/03/04 11:40:56.056 SKOSQuoteLib_RequestTicks (0,CBT,YM1603)
[7784] 2016/03/04 11:40:56.157 SKOSQuoteLib_RequestTicks (0,CBT,YM1606)
[7784] 2016/03/04 11:40:56.261 SKOSQuoteLib_RequestTicks (0,NYM,CL1604)
[7784] 2016/03/04 11:40:56.363 SKOSQuoteLib_RequestTicks (0,NYM,CL1605)
[7784] 2016/03/04 11:40:56.466 SKOSQuoteLib_RequestTicks (0,NYM,GC1604)
[7784] 2016/03/04 11:40:56.569 SKOSQuoteLib_RequestTicks (0,NYM,GC1606)
[7784] 2016/03/04 11:40:56.670 SKOSQuoteLib_RequestTicks (0,NYM,SI1603)
[7784] 2016/03/04 11:40:56.775 SKOSQuoteLib_RequestTicks (0,NYM,SI1605)
[7784] 2016/03/04 11:40:56.879 SKOSQuoteLib_RequestTicks (0,SGX,NKNT1603)
[7784] 2016/03/04 11:40:56.981 SKOSQuoteLib_RequestTicks (0,SGX,NKNT1606)
[7784] 2016/03/04 11:40:57.083 SKOSQuoteLib_RequestTicks (0,SGX,CNIDX)
[7784] 2016/03/04 11:40:57.185 SKOSQuoteLib_RequestTicks (0,SGX,CNT1603)
[7784] 2016/03/04 11:40:57.286 SKOSQuoteLib_RequestTicks (0,HKF,MHI1603)
[7784] 2016/03/04 11:40:57.389 SKOSQuoteLib_RequestTicks (0,HKF,MHI1604)
[7784] 2016/03/04 11:40:57.492 SKOSQuoteLib_RequestTicks (0,EUR,DAX1603)
[7784] 2016/03/04 11:40:57.595 SKOSQuoteLib_RequestTicks (0,EUR,DAX1606)
[7784] 2016/03/04 11:40:57.697 SKOSQuoteLib_RequestTicks (0,CFX,CIF1603)
[7784] 2016/03/04 11:40:57.798 SKOSQuoteLib_RequestTicks (0,CFX,CIF1604)
[3504] 2016/03/04 11:55:29.781 API InitInstance 
[3504] 2016/03/04 11:55:29.785 SKOSQuoteLib_Initialize  ID멚B222875498
[3504] 2016/03/04 11:55:29.786 SKOSQuoteLib_Initialize  Server멚https://order2.capital.com.tw/
[3504] 2016/03/04 11:55:30.325 SKOSQuoteLib_EnterMonitor(0)
[3504] 2016/03/04 11:55:30.325 Connect FORT07.capital.com.tw 443
[3504] 2016/03/04 11:55:30.327 SKOSQuoteLib_AttachConnectCallBack
[3504] 2016/03/04 11:55:30.328 SKOSQuoteLib_AttachQuoteCallBack
[3504] 2016/03/04 11:55:30.328 SKOSQuoteLib_AttachBest5CallBack
[3504] 2016/03/04 11:55:30.357 SK_SUBJECT_CONNECTION_CONNECTED메Code: 0
[3504] 2016/03/04 11:55:52.699 SKOSQuoteLib_RequestStocks (1,CME,NQ_1603#CME,NQ_1606#CME,NQ_1609#CME,NQ_1612#CME,EC_1603#CME,EC_1606#CBT,YM1603#CBT,YM1606#NYM,CL1604#NYM,CL1605#NYM,GC1604#NYM,GC1606#NYM,SI1603#NYM,SI1605#SGX,NKNT1603#SGX,NKNT1606#SGX,CNIDX#SGX,CNT1603#HKF,MHI1603#HKF,MHI1604#EUR,DAX1603#EUR,DAX1606#CFX,CIF1603#CFX,CIF1604)
[3504] 2016/03/04 11:55:52.715 SKOSQuoteLib_RequestTicks (0,CME,NQ_1603)
[3504] 2016/03/04 11:55:52.817 SKOSQuoteLib_RequestTicks (0,CME,NQ_1606)
[3504] 2016/03/04 11:55:52.922 SKOSQuoteLib_RequestTicks (0,CME,NQ_1609)
[3504] 2016/03/04 11:55:53.023 SKOSQuoteLib_RequestTicks (0,CME,NQ_1612)
[3504] 2016/03/04 11:55:53.124 SKOSQuoteLib_RequestTicks (0,CME,EC_1603)
[3504] 2016/03/04 11:55:53.226 SKOSQuoteLib_RequestTicks (0,CME,EC_1606)
[3504] 2016/03/04 11:55:53.328 SKOSQuoteLib_RequestTicks (0,CBT,YM1603)
[3504] 2016/03/04 11:55:53.429 SKOSQuoteLib_RequestTicks (0,CBT,YM1606)
[3504] 2016/03/04 11:55:53.530 SKOSQuoteLib_RequestTicks (0,NYM,CL1604)
[3504] 2016/03/04 11:55:53.633 SKOSQuoteLib_RequestTicks (0,NYM,CL1605)
[3504] 2016/03/04 11:55:53.734 SKOSQuoteLib_RequestTicks (0,NYM,GC1604)
[3504] 2016/03/04 11:55:53.835 SKOSQuoteLib_RequestTicks (0,NYM,GC1606)
[3504] 2016/03/04 11:55:53.936 SKOSQuoteLib_RequestTicks (0,NYM,SI1603)
[3504] 2016/03/04 11:55:54.037 SKOSQuoteLib_RequestTicks (0,NYM,SI1605)
[3504] 2016/03/04 11:55:54.138 SKOSQuoteLib_RequestTicks (0,SGX,NKNT1603)
[3504] 2016/03/04 11:55:54.240 SKOSQuoteLib_RequestTicks (0,SGX,NKNT1606)
[3504] 2016/03/04 11:55:54.341 SKOSQuoteLib_RequestTicks (0,SGX,CNIDX)
[3504] 2016/03/04 11:55:54.442 SKOSQuoteLib_RequestTicks (0,SGX,CNT1603)
[3504] 2016/03/04 11:55:54.543 SKOSQuoteLib_RequestTicks (0,HKF,MHI1603)
[3504] 2016/03/04 11:55:54.644 SKOSQuoteLib_RequestTicks (0,HKF,MHI1604)
[3504] 2016/03/04 11:55:54.745 SKOSQuoteLib_RequestTicks (0,EUR,DAX1603)
[3504] 2016/03/04 11:55:54.846 SKOSQuoteLib_RequestTicks (0,EUR,DAX1606)
[3504] 2016/03/04 11:55:54.948 SKOSQuoteLib_RequestTicks (0,CFX,CIF1603)
[3504] 2016/03/04 11:55:55.048 SKOSQuoteLib_RequestTicks (0,CFX,CIF1604)
[4816] 2016/03/04 11:58:21.683 API InitInstance 
[4816] 2016/03/04 11:58:21.691 SKOSQuoteLib_Initialize  ID멚B222875498
[4816] 2016/03/04 11:58:21.692 SKOSQuoteLib_Initialize  Server멚https://order2.capital.com.tw/
[4816] 2016/03/04 11:58:22.811 SKOSQuoteLib_EnterMonitor(0)
[4816] 2016/03/04 11:58:22.812 Connect FORT01.capital.com.tw 443
[4816] 2016/03/04 11:58:22.902 SKOSQuoteLib_AttachConnectCallBack
[4816] 2016/03/04 11:58:22.904 SKOSQuoteLib_AttachQuoteCallBack
[4816] 2016/03/04 11:58:22.905 SKOSQuoteLib_AttachBest5CallBack
[4816] 2016/03/04 11:58:23.018 SK_SUBJECT_CONNECTION_CONNECTED메Code: 0
[4816] 2016/03/04 11:58:45.007 SKOSQuoteLib_RequestStocks (1,CME,NQ_1603#CME,NQ_1606#CME,NQ_1609#CME,NQ_1612#CME,EC_1603#CME,EC_1606#CBT,YM1603#CBT,YM1606#NYM,CL1604#NYM,CL1605#NYM,GC1604#NYM,GC1606#NYM,SI1603#NYM,SI1605#SGX,NKNT1603#SGX,NKNT1606#SGX,CNIDX#SGX,CNT1603#HKF,MHI1603#HKF,MHI1604#EUR,DAX1603#EUR,DAX1606#CFX,CIF1603#CFX,CIF1604)
[4816] 2016/03/04 11:58:45.011 SKOSQuoteLib_RequestTicks (0,CME,NQ_1603)
[4816] 2016/03/04 11:58:45.112 SKOSQuoteLib_RequestTicks (0,CME,NQ_1606)
[4816] 2016/03/04 11:58:45.213 SKOSQuoteLib_RequestTicks (0,CME,NQ_1609)
[4816] 2016/03/04 11:58:45.314 SKOSQuoteLib_RequestTicks (0,CME,NQ_1612)
[4816] 2016/03/04 11:58:45.415 SKOSQuoteLib_RequestTicks (0,CME,EC_1603)
[4816] 2016/03/04 11:58:45.516 SKOSQuoteLib_RequestTicks (0,CME,EC_1606)
[4816] 2016/03/04 11:58:45.617 SKOSQuoteLib_RequestTicks (0,CBT,YM1603)
[4816] 2016/03/04 11:58:45.719 SKOSQuoteLib_RequestTicks (0,CBT,YM1606)
[4816] 2016/03/04 11:58:45.820 SKOSQuoteLib_RequestTicks (0,NYM,CL1604)
[4816] 2016/03/04 11:58:45.921 SKOSQuoteLib_RequestTicks (0,NYM,CL1605)
[4816] 2016/03/04 11:58:46.022 SKOSQuoteLib_RequestTicks (0,NYM,GC1604)
[4816] 2016/03/04 11:58:46.123 SKOSQuoteLib_RequestTicks (0,NYM,GC1606)
[4816] 2016/03/04 11:58:46.224 SKOSQuoteLib_RequestTicks (0,NYM,SI1603)
[4816] 2016/03/04 11:58:46.325 SKOSQuoteLib_RequestTicks (0,NYM,SI1605)
[4816] 2016/03/04 11:58:46.426 SKOSQuoteLib_RequestTicks (0,SGX,NKNT1603)
[4816] 2016/03/04 11:58:46.528 SKOSQuoteLib_RequestTicks (0,SGX,NKNT1606)
[4816] 2016/03/04 11:58:46.629 SKOSQuoteLib_RequestTicks (0,SGX,CNIDX)
[4816] 2016/03/04 11:58:46.730 SKOSQuoteLib_RequestTicks (0,SGX,CNT1603)
[4816] 2016/03/04 11:58:46.832 SKOSQuoteLib_RequestTicks (0,HKF,MHI1603)
[4816] 2016/03/04 11:58:46.933 SKOSQuoteLib_RequestTicks (0,HKF,MHI1604)
[4816] 2016/03/04 11:58:47.034 SKOSQuoteLib_RequestTicks (0,EUR,DAX1603)
[4816] 2016/03/04 11:58:47.135 SKOSQuoteLib_RequestTicks (0,EUR,DAX1606)
[4816] 2016/03/04 11:58:47.236 SKOSQuoteLib_RequestTicks (0,CFX,CIF1603)
[4816] 2016/03/04 11:58:47.337 SKOSQuoteLib_RequestTicks (0,CFX,CIF1604)
[10604] 2016/03/04 14:40:25.390 API InitInstance 
[10604] 2016/03/04 14:40:25.408 SKOSQuoteLib_Initialize  ID멚B222875498
[10604] 2016/03/04 14:40:25.409 SKOSQuoteLib_Initialize  Server멚https://order2.capital.com.tw/
[10604] 2016/03/04 14:40:26.267 SKOSQuoteLib_EnterMonitor(0)
[10604] 2016/03/04 14:40:26.267 Connect FORT03.capital.com.tw 443
[10604] 2016/03/04 14:40:26.269 SKOSQuoteLib_AttachConnectCallBack
[10604] 2016/03/04 14:40:26.270 SKOSQuoteLib_AttachQuoteCallBack
[10604] 2016/03/04 14:40:26.270 SKOSQuoteLib_AttachBest5CallBack
[10604] 2016/03/04 14:40:26.347 SK_SUBJECT_CONNECTION_CONNECTED메Code: 0
[10604] 2016/03/04 14:40:48.080 SKOSQuoteLib_RequestStocks (1,CME,NQ_1603#CME,NQ_1606#CME,NQ_1609#CME,NQ_1612#CME,EC_1603#CME,EC_1606#CBT,YM1603#CBT,YM1606#NYM,CL1604#NYM,CL1605#NYM,GC1604#NYM,GC1606#NYM,SI1603#NYM,SI1605#SGX,NKNT1603#SGX,NKNT1606#SGX,CNIDX#SGX,CNT1603#HKF,MHI1603#HKF,MHI1604#EUR,DAX1603#EUR,DAX1606#CFX,CIF1603#CFX,CIF1604)
[10604] 2016/03/04 14:40:48.094 SKOSQuoteLib_RequestTicks (0,CME,NQ_1603)
[10604] 2016/03/04 14:40:48.196 SKOSQuoteLib_RequestTicks (0,CME,NQ_1606)
[10604] 2016/03/04 14:40:48.297 SKOSQuoteLib_RequestTicks (0,CME,NQ_1609)
[10604] 2016/03/04 14:40:48.399 SKOSQuoteLib_RequestTicks (0,CME,NQ_1612)
[10604] 2016/03/04 14:40:48.502 SKOSQuoteLib_RequestTicks (0,CME,EC_1603)
[10604] 2016/03/04 14:40:48.605 SKOSQuoteLib_RequestTicks (0,CME,EC_1606)
[10604] 2016/03/04 14:40:48.706 SKOSQuoteLib_RequestTicks (0,CBT,YM1603)
[10604] 2016/03/04 14:40:48.808 SKOSQuoteLib_RequestTicks (0,CBT,YM1606)
[10604] 2016/03/04 14:40:48.909 SKOSQuoteLib_RequestTicks (0,NYM,CL1604)
[10604] 2016/03/04 14:40:49.011 SKOSQuoteLib_RequestTicks (0,NYM,CL1605)
[10604] 2016/03/04 14:40:49.112 SKOSQuoteLib_RequestTicks (0,NYM,GC1604)
[10604] 2016/03/04 14:40:49.213 SKOSQuoteLib_RequestTicks (0,NYM,GC1606)
[10604] 2016/03/04 14:40:49.314 SKOSQuoteLib_RequestTicks (0,NYM,SI1603)
[10604] 2016/03/04 14:40:49.415 SKOSQuoteLib_RequestTicks (0,NYM,SI1605)
[10604] 2016/03/04 14:40:49.516 SKOSQuoteLib_RequestTicks (0,SGX,NKNT1603)
[10604] 2016/03/04 14:40:49.617 SKOSQuoteLib_RequestTicks (0,SGX,NKNT1606)
[10604] 2016/03/04 14:40:49.718 SKOSQuoteLib_RequestTicks (0,SGX,CNIDX)
[10604] 2016/03/04 14:40:49.819 SKOSQuoteLib_RequestTicks (0,SGX,CNT1603)
[10604] 2016/03/04 14:40:49.921 SKOSQuoteLib_RequestTicks (0,HKF,MHI1603)
[10604] 2016/03/04 14:40:50.023 SKOSQuoteLib_RequestTicks (0,HKF,MHI1604)
[10604] 2016/03/04 14:40:50.126 SKOSQuoteLib_RequestTicks (0,EUR,DAX1603)
[10604] 2016/03/04 14:40:50.227 SKOSQuoteLib_RequestTicks (0,EUR,DAX1606)
[10604] 2016/03/04 14:40:50.328 SKOSQuoteLib_RequestTicks (0,CFX,CIF1603)
[10604] 2016/03/04 14:40:50.430 SKOSQuoteLib_RequestTicks (0,CFX,CIF1604)
[13224] 2016/03/04 14:51:09.043 API InitInstance 
[13224] 2016/03/04 14:51:09.046 SKOSQuoteLib_Initialize  ID멚B222875498
[13224] 2016/03/04 14:51:09.046 SKOSQuoteLib_Initialize  Server멚https://order2.capital.com.tw/
[13224] 2016/03/04 14:51:09.575 SKOSQuoteLib_EnterMonitor(0)
[13224] 2016/03/04 14:51:09.576 Connect FORT03.capital.com.tw 443
[13224] 2016/03/04 14:51:09.579 SKOSQuoteLib_AttachConnectCallBack
[13224] 2016/03/04 14:51:09.580 SKOSQuoteLib_AttachQuoteCallBack
[13224] 2016/03/04 14:51:09.581 SKOSQuoteLib_AttachBest5CallBack
[13224] 2016/03/04 14:51:09.618 SK_SUBJECT_CONNECTION_CONNECTED메Code: 0
[13224] 2016/03/04 14:51:30.748 SKOSQuoteLib_RequestStocks (1,CME,NQ_1603#CME,NQ_1606#CME,NQ_1609#CME,NQ_1612#CME,EC_1603#CME,EC_1606#CBT,YM1603#CBT,YM1606#NYM,CL1604#NYM,CL1605#NYM,GC1604#NYM,GC1606#NYM,SI1603#NYM,SI1605#SGX,NKNT1603#SGX,NKNT1606#SGX,CNIDX#SGX,CNT1603#HKF,MHI1603#HKF,MHI1604#EUR,DAX1603#EUR,DAX1606#CFX,CIF1603#CFX,CIF1604)
[13224] 2016/03/04 14:51:30.751 SKOSQuoteLib_RequestTicks (0,CME,NQ_1603)
[13224] 2016/03/04 14:51:30.854 SKOSQuoteLib_RequestTicks (0,CME,NQ_1606)
[13224] 2016/03/04 14:51:30.956 SKOSQuoteLib_RequestTicks (0,CME,NQ_1609)
[13224] 2016/03/04 14:51:31.059 SKOSQuoteLib_RequestTicks (0,CME,NQ_1612)
[13224] 2016/03/04 14:51:31.160 SKOSQuoteLib_RequestTicks (0,CME,EC_1603)
[13224] 2016/03/04 14:51:31.262 SKOSQuoteLib_RequestTicks (0,CME,EC_1606)
[13224] 2016/03/04 14:51:31.365 SKOSQuoteLib_RequestTicks (0,CBT,YM1603)
[13224] 2016/03/04 14:51:31.467 SKOSQuoteLib_RequestTicks (0,CBT,YM1606)
[13224] 2016/03/04 14:51:31.571 SKOSQuoteLib_RequestTicks (0,NYM,CL1604)
[13224] 2016/03/04 14:51:31.672 SKOSQuoteLib_RequestTicks (0,NYM,CL1605)
[13224] 2016/03/04 14:51:31.773 SKOSQuoteLib_RequestTicks (0,NYM,GC1604)
[13224] 2016/03/04 14:51:31.874 SKOSQuoteLib_RequestTicks (0,NYM,GC1606)
[13224] 2016/03/04 14:51:31.975 SKOSQuoteLib_RequestTicks (0,NYM,SI1603)
[13224] 2016/03/04 14:51:32.076 SKOSQuoteLib_RequestTicks (0,NYM,SI1605)
[13224] 2016/03/04 14:51:32.177 SKOSQuoteLib_RequestTicks (0,SGX,NKNT1603)
[13224] 2016/03/04 14:51:32.278 SKOSQuoteLib_RequestTicks (0,SGX,NKNT1606)
[13224] 2016/03/04 14:51:32.379 SKOSQuoteLib_RequestTicks (0,SGX,CNIDX)
[13224] 2016/03/04 14:51:32.481 SKOSQuoteLib_RequestTicks (0,SGX,CNT1603)
[13224] 2016/03/04 14:51:32.582 SKOSQuoteLib_RequestTicks (0,HKF,MHI1603)
[13224] 2016/03/04 14:51:32.683 SKOSQuoteLib_RequestTicks (0,HKF,MHI1604)
[13224] 2016/03/04 14:51:32.784 SKOSQuoteLib_RequestTicks (0,EUR,DAX1603)
[13224] 2016/03/04 14:51:32.885 SKOSQuoteLib_RequestTicks (0,EUR,DAX1606)
[13224] 2016/03/04 14:51:32.986 SKOSQuoteLib_RequestTicks (0,CFX,CIF1603)
[13224] 2016/03/04 14:51:33.087 SKOSQuoteLib_RequestTicks (0,CFX,CIF1604)
[10704] 2016/03/04 14:57:37.753 API InitInstance 
[10704] 2016/03/04 14:57:37.756 SKOSQuoteLib_Initialize  ID멚B222875498
[10704] 2016/03/04 14:57:37.757 SKOSQuoteLib_Initialize  Server멚https://order2.capital.com.tw/
[10704] 2016/03/04 14:57:38.292 SKOSQuoteLib_EnterMonitor(0)
[10704] 2016/03/04 14:57:38.292 Connect FORT03.capital.com.tw 443
[10704] 2016/03/04 14:57:38.295 SKOSQuoteLib_AttachConnectCallBack
[10704] 2016/03/04 14:57:38.296 SKOSQuoteLib_AttachQuoteCallBack
[10704] 2016/03/04 14:57:38.296 SKOSQuoteLib_AttachBest5CallBack
[10704] 2016/03/04 14:57:38.319 SK_SUBJECT_CONNECTION_CONNECTED메Code: 0
[10704] 2016/03/04 14:57:59.741 SKOSQuoteLib_RequestStocks (1,CME,NQ_1603#CME,NQ_1606#CME,NQ_1609#CME,NQ_1612#CME,EC_1603#CME,EC_1606#CBT,YM1603#CBT,YM1606#NYM,CL1604#NYM,CL1605#NYM,GC1604#NYM,GC1606#NYM,SI1603#NYM,SI1605#SGX,NKNT1603#SGX,NKNT1606#SGX,CNIDX#SGX,CNT1603#HKF,MHI1603#HKF,MHI1604#EUR,DAX1603#EUR,DAX1606#CFX,CIF1603#CFX,CIF1604)
[10704] 2016/03/04 14:57:59.744 SKOSQuoteLib_RequestTicks (0,CME,NQ_1603)
[10704] 2016/03/04 14:57:59.846 SKOSQuoteLib_RequestTicks (0,CME,NQ_1606)
[10704] 2016/03/04 14:57:59.949 SKOSQuoteLib_RequestTicks (0,CME,NQ_1609)
[10704] 2016/03/04 14:58:00.051 SKOSQuoteLib_RequestTicks (0,CME,NQ_1612)
[10704] 2016/03/04 14:58:00.152 SKOSQuoteLib_RequestTicks (0,CME,EC_1603)
[10704] 2016/03/04 14:58:00.253 SKOSQuoteLib_RequestTicks (0,CME,EC_1606)
[10704] 2016/03/04 14:58:00.356 SKOSQuoteLib_RequestTicks (0,CBT,YM1603)
[10704] 2016/03/04 14:58:00.458 SKOSQuoteLib_RequestTicks (0,CBT,YM1606)
[10704] 2016/03/04 14:58:00.559 SKOSQuoteLib_RequestTicks (0,NYM,CL1604)
[10704] 2016/03/04 14:58:00.659 SKOSQuoteLib_RequestTicks (0,NYM,CL1605)
[10704] 2016/03/04 14:58:00.760 SKOSQuoteLib_RequestTicks (0,NYM,GC1604)
[10704] 2016/03/04 14:58:00.863 SKOSQuoteLib_RequestTicks (0,NYM,GC1606)
[10704] 2016/03/04 14:58:00.964 SKOSQuoteLib_RequestTicks (0,NYM,SI1603)
[10704] 2016/03/04 14:58:01.065 SKOSQuoteLib_RequestTicks (0,NYM,SI1605)
[10704] 2016/03/04 14:58:01.167 SKOSQuoteLib_RequestTicks (0,SGX,NKNT1603)
[10704] 2016/03/04 14:58:01.268 SKOSQuoteLib_RequestTicks (0,SGX,NKNT1606)
[10704] 2016/03/04 14:58:01.370 SKOSQuoteLib_RequestTicks (0,SGX,CNIDX)
[10704] 2016/03/04 14:58:01.472 SKOSQuoteLib_RequestTicks (0,SGX,CNT1603)
[10704] 2016/03/04 14:58:01.575 SKOSQuoteLib_RequestTicks (0,HKF,MHI1603)
[10704] 2016/03/04 14:58:01.676 SKOSQuoteLib_RequestTicks (0,HKF,MHI1604)
[10704] 2016/03/04 14:58:01.777 SKOSQuoteLib_RequestTicks (0,EUR,DAX1603)
[10704] 2016/03/04 14:58:01.879 SKOSQuoteLib_RequestTicks (0,EUR,DAX1606)
[10704] 2016/03/04 14:58:01.980 SKOSQuoteLib_RequestTicks (0,CFX,CIF1603)
[10704] 2016/03/04 14:58:02.082 SKOSQuoteLib_RequestTicks (0,CFX,CIF1604)
[6556] 2016/03/04 15:00:30.035 API InitInstance 
[6556] 2016/03/04 15:00:30.038 SKOSQuoteLib_Initialize  ID멚B222875498
[6556] 2016/03/04 15:00:30.039 SKOSQuoteLib_Initialize  Server멚https://order2.capital.com.tw/
[6556] 2016/03/04 15:00:30.798 SKOSQuoteLib_EnterMonitor(0)
[6556] 2016/03/04 15:00:30.798 Connect FORT03.capital.com.tw 443
[6556] 2016/03/04 15:00:30.801 SKOSQuoteLib_AttachConnectCallBack
[6556] 2016/03/04 15:00:30.802 SKOSQuoteLib_AttachQuoteCallBack
[6556] 2016/03/04 15:00:30.802 SKOSQuoteLib_AttachBest5CallBack
[6556] 2016/03/04 15:00:30.825 SK_SUBJECT_CONNECTION_CONNECTED메Code: 0
[6556] 2016/03/04 15:00:51.742 SKOSQuoteLib_RequestStocks (1,CME,NQ_1603#CME,NQ_1606#CME,NQ_1609#CME,NQ_1612#CME,EC_1603#CME,EC_1606#CBT,YM1603#CBT,YM1606#NYM,CL1604#NYM,CL1605#NYM,GC1604#NYM,GC1606#NYM,SI1603#NYM,SI1605#SGX,NKNT1603#SGX,NKNT1606#SGX,CNIDX#SGX,CNT1603#HKF,MHI1603#HKF,MHI1604#EUR,DAX1603#EUR,DAX1606#CFX,CIF1603#CFX,CIF1604)
[6556] 2016/03/04 15:00:51.746 SKOSQuoteLib_RequestTicks (0,CME,NQ_1603)
[6556] 2016/03/04 15:00:51.848 SKOSQuoteLib_RequestTicks (0,CME,NQ_1606)
[6556] 2016/03/04 15:00:51.949 SKOSQuoteLib_RequestTicks (0,CME,NQ_1609)
[6556] 2016/03/04 15:00:52.051 SKOSQuoteLib_RequestTicks (0,CME,NQ_1612)
[6556] 2016/03/04 15:00:52.152 SKOSQuoteLib_RequestTicks (0,CME,EC_1603)
[6556] 2016/03/04 15:00:52.254 SKOSQuoteLib_RequestTicks (0,CME,EC_1606)
[6556] 2016/03/04 15:00:52.355 SKOSQuoteLib_RequestTicks (0,CBT,YM1603)
[6556] 2016/03/04 15:00:52.457 SKOSQuoteLib_RequestTicks (0,CBT,YM1606)
[6556] 2016/03/04 15:00:52.560 SKOSQuoteLib_RequestTicks (0,NYM,CL1604)
[6556] 2016/03/04 15:00:52.663 SKOSQuoteLib_RequestTicks (0,NYM,CL1605)
[6556] 2016/03/04 15:00:52.765 SKOSQuoteLib_RequestTicks (0,NYM,GC1604)
[6556] 2016/03/04 15:00:52.866 SKOSQuoteLib_RequestTicks (0,NYM,GC1606)
[6556] 2016/03/04 15:00:52.967 SKOSQuoteLib_RequestTicks (0,NYM,SI1603)
[6556] 2016/03/04 15:00:53.068 SKOSQuoteLib_RequestTicks (0,NYM,SI1605)
[6556] 2016/03/04 15:00:53.170 SKOSQuoteLib_RequestTicks (0,SGX,NKNT1603)
[6556] 2016/03/04 15:00:53.271 SKOSQuoteLib_RequestTicks (0,SGX,NKNT1606)
[6556] 2016/03/04 15:00:53.372 SKOSQuoteLib_RequestTicks (0,SGX,CNIDX)
[6556] 2016/03/04 15:00:53.473 SKOSQuoteLib_RequestTicks (0,SGX,CNT1603)
[6556] 2016/03/04 15:00:53.574 SKOSQuoteLib_RequestTicks (0,HKF,MHI1603)
[6556] 2016/03/04 15:00:53.675 SKOSQuoteLib_RequestTicks (0,HKF,MHI1604)
[6556] 2016/03/04 15:00:53.776 SKOSQuoteLib_RequestTicks (0,EUR,DAX1603)
[6556] 2016/03/04 15:00:53.878 SKOSQuoteLib_RequestTicks (0,EUR,DAX1606)
[6556] 2016/03/04 15:00:53.979 SKOSQuoteLib_RequestTicks (0,CFX,CIF1603)
[6556] 2016/03/04 15:00:54.080 SKOSQuoteLib_RequestTicks (0,CFX,CIF1604)
[9372] 2016/03/04 15:20:33.798 API InitInstance 
[9372] 2016/03/04 15:20:33.800 SKOSQuoteLib_Initialize  ID멚B222875498
[9372] 2016/03/04 15:20:33.801 SKOSQuoteLib_Initialize  Server멚https://order2.capital.com.tw/
[9372] 2016/03/04 15:20:34.611 SKOSQuoteLib_EnterMonitor(0)
[9372] 2016/03/04 15:20:34.612 Connect FORT05.capital.com.tw 443
[9372] 2016/03/04 15:20:34.614 SKOSQuoteLib_AttachConnectCallBack
[9372] 2016/03/04 15:20:34.615 SKOSQuoteLib_AttachQuoteCallBack
[9372] 2016/03/04 15:20:34.616 SKOSQuoteLib_AttachBest5CallBack
[9372] 2016/03/04 15:20:34.651 SK_SUBJECT_CONNECTION_CONNECTED메Code: 0
[9372] 2016/03/04 15:20:55.546 SKOSQuoteLib_RequestStocks (1,CME,NQ_1603#CME,NQ_1606#CME,NQ_1609#CME,NQ_1612#CME,EC_1603#CME,EC_1606#CBT,YM1603#CBT,YM1606#NYM,CL1604#NYM,CL1605#NYM,GC1604#NYM,GC1606#NYM,SI1603#NYM,SI1605#SGX,NKNT1603#SGX,NKNT1606#SGX,CNIDX#SGX,CNT1603#HKF,MHI1603#HKF,MHI1604#EUR,DAX1603#EUR,DAX1606#CFX,CIF1603#CFX,CIF1604)
[9372] 2016/03/04 15:20:55.550 SKOSQuoteLib_RequestTicks (0,CME,NQ_1603)
[9372] 2016/03/04 15:20:55.652 SKOSQuoteLib_RequestTicks (0,CME,NQ_1606)
[9372] 2016/03/04 15:20:55.753 SKOSQuoteLib_RequestTicks (0,CME,NQ_1609)
[9372] 2016/03/04 15:20:55.854 SKOSQuoteLib_RequestTicks (0,CME,NQ_1612)
[9372] 2016/03/04 15:20:55.955 SKOSQuoteLib_RequestTicks (0,CME,EC_1603)
[9372] 2016/03/04 15:20:56.058 SKOSQuoteLib_RequestTicks (0,CME,EC_1606)
[9372] 2016/03/04 15:20:56.161 SKOSQuoteLib_RequestTicks (0,CBT,YM1603)
[9372] 2016/03/04 15:20:56.263 SKOSQuoteLib_RequestTicks (0,CBT,YM1606)
[9372] 2016/03/04 15:20:56.365 SKOSQuoteLib_RequestTicks (0,NYM,CL1604)
[9372] 2016/03/04 15:20:56.467 SKOSQuoteLib_RequestTicks (0,NYM,CL1605)
[9372] 2016/03/04 15:20:56.570 SKOSQuoteLib_RequestTicks (0,NYM,GC1604)
[9372] 2016/03/04 15:20:56.672 SKOSQuoteLib_RequestTicks (0,NYM,GC1606)
[9372] 2016/03/04 15:20:56.773 SKOSQuoteLib_RequestTicks (0,NYM,SI1603)
[9372] 2016/03/04 15:20:56.874 SKOSQuoteLib_RequestTicks (0,NYM,SI1605)
[9372] 2016/03/04 15:20:56.975 SKOSQuoteLib_RequestTicks (0,SGX,NKNT1603)
[9372] 2016/03/04 15:20:57.076 SKOSQuoteLib_RequestTicks (0,SGX,NKNT1606)
[9372] 2016/03/04 15:20:57.178 SKOSQuoteLib_RequestTicks (0,SGX,CNIDX)
[9372] 2016/03/04 15:20:57.280 SKOSQuoteLib_RequestTicks (0,SGX,CNT1603)
[9372] 2016/03/04 15:20:57.381 SKOSQuoteLib_RequestTicks (0,HKF,MHI1603)
[9372] 2016/03/04 15:20:57.483 SKOSQuoteLib_RequestTicks (0,HKF,MHI1604)
[9372] 2016/03/04 15:20:57.584 SKOSQuoteLib_RequestTicks (0,EUR,DAX1603)
[9372] 2016/03/04 15:20:57.685 SKOSQuoteLib_RequestTicks (0,EUR,DAX1606)
[9372] 2016/03/04 15:20:57.788 SKOSQuoteLib_RequestTicks (0,CFX,CIF1603)
[9372] 2016/03/04 15:20:57.891 SKOSQuoteLib_RequestTicks (0,CFX,CIF1604)
[13136] 2016/03/04 15:24:15.665 API InitInstance 
[13136] 2016/03/04 15:24:15.667 SKOSQuoteLib_Initialize  ID멚B222875498
[13136] 2016/03/04 15:24:15.668 SKOSQuoteLib_Initialize  Server멚https://order2.capital.com.tw/
[13136] 2016/03/04 15:24:16.151 SKOSQuoteLib_EnterMonitor(0)
[13136] 2016/03/04 15:24:16.152 Connect FORT03.capital.com.tw 443
[13136] 2016/03/04 15:24:16.154 SKOSQuoteLib_AttachConnectCallBack
[13136] 2016/03/04 15:24:16.155 SKOSQuoteLib_AttachQuoteCallBack
[13136] 2016/03/04 15:24:16.155 SKOSQuoteLib_AttachBest5CallBack
[13136] 2016/03/04 15:24:16.192 SK_SUBJECT_CONNECTION_CONNECTED메Code: 0
[13136] 2016/03/04 15:24:37.511 SKOSQuoteLib_RequestStocks (1,CME,NQ_1603#CME,NQ_1606#CME,NQ_1609#CME,NQ_1612#CME,EC_1603#CME,EC_1606#CBT,YM1603#CBT,YM1606#NYM,CL1604#NYM,CL1605#NYM,GC1604#NYM,GC1606#NYM,SI1603#NYM,SI1605#SGX,NKNT1603#SGX,NKNT1606#SGX,CNIDX#SGX,CNT1603#HKF,MHI1603#HKF,MHI1604#EUR,DAX1603#EUR,DAX1606#CFX,CIF1603#CFX,CIF1604)
[13136] 2016/03/04 15:24:37.516 SKOSQuoteLib_RequestTicks (0,CME,NQ_1603)
[13136] 2016/03/04 15:24:37.617 SKOSQuoteLib_RequestTicks (0,CME,NQ_1606)
[13136] 2016/03/04 15:24:37.718 SKOSQuoteLib_RequestTicks (0,CME,NQ_1609)
[13136] 2016/03/04 15:24:37.819 SKOSQuoteLib_RequestTicks (0,CME,NQ_1612)
[13136] 2016/03/04 15:24:37.920 SKOSQuoteLib_RequestTicks (0,CME,EC_1603)
[13136] 2016/03/04 15:24:38.021 SKOSQuoteLib_RequestTicks (0,CME,EC_1606)
[13136] 2016/03/04 15:24:38.124 SKOSQuoteLib_RequestTicks (0,CBT,YM1603)
[13136] 2016/03/04 15:24:38.226 SKOSQuoteLib_RequestTicks (0,CBT,YM1606)
[13136] 2016/03/04 15:24:38.330 SKOSQuoteLib_RequestTicks (0,NYM,CL1604)
[13136] 2016/03/04 15:24:38.431 SKOSQuoteLib_RequestTicks (0,NYM,CL1605)
[13136] 2016/03/04 15:24:38.533 SKOSQuoteLib_RequestTicks (0,NYM,GC1604)
[13136] 2016/03/04 15:24:38.637 SKOSQuoteLib_RequestTicks (0,NYM,GC1606)
[13136] 2016/03/04 15:24:38.738 SKOSQuoteLib_RequestTicks (0,NYM,SI1603)
[13136] 2016/03/04 15:24:38.839 SKOSQuoteLib_RequestTicks (0,NYM,SI1605)
[13136] 2016/03/04 15:24:38.940 SKOSQuoteLib_RequestTicks (0,SGX,NKNT1603)
[13136] 2016/03/04 15:24:39.042 SKOSQuoteLib_RequestTicks (0,SGX,NKNT1606)
[13136] 2016/03/04 15:24:39.143 SKOSQuoteLib_RequestTicks (0,SGX,CNIDX)
[13136] 2016/03/04 15:24:39.244 SKOSQuoteLib_RequestTicks (0,SGX,CNT1603)
[13136] 2016/03/04 15:24:39.345 SKOSQuoteLib_RequestTicks (0,HKF,MHI1603)
[13136] 2016/03/04 15:24:39.446 SKOSQuoteLib_RequestTicks (0,HKF,MHI1604)
[13136] 2016/03/04 15:24:39.547 SKOSQuoteLib_RequestTicks (0,EUR,DAX1603)
[13136] 2016/03/04 15:24:39.649 SKOSQuoteLib_RequestTicks (0,EUR,DAX1606)
[13136] 2016/03/04 15:24:39.750 SKOSQuoteLib_RequestTicks (0,CFX,CIF1603)
[13136] 2016/03/04 15:24:39.851 SKOSQuoteLib_RequestTicks (0,CFX,CIF1604)
[6488] 2016/03/04 16:58:07.427 API InitInstance 
[6488] 2016/03/04 16:58:07.430 SKOSQuoteLib_Initialize  ID멚B222875498
[6488] 2016/03/04 16:58:07.431 SKOSQuoteLib_Initialize  Server멚https://order2.capital.com.tw/
[6488] 2016/03/04 16:58:08.029 SKOSQuoteLib_EnterMonitor(0)
[6488] 2016/03/04 16:58:08.029 Connect FORT07.capital.com.tw 443
[6488] 2016/03/04 16:58:08.032 SKOSQuoteLib_AttachConnectCallBack
[6488] 2016/03/04 16:58:08.033 SKOSQuoteLib_AttachQuoteCallBack
[6488] 2016/03/04 16:58:08.034 SKOSQuoteLib_AttachBest5CallBack
[6488] 2016/03/04 16:58:08.068 SK_SUBJECT_CONNECTION_CONNECTED메Code: 0
[6488] 2016/03/04 16:58:28.552 SKOSQuoteLib_RequestStocks (1,CME,NQ_1603#CME,NQ_1606#CME,NQ_1609#CME,NQ_1612#CME,EC_1603#CME,EC_1606#CBT,YM1603#CBT,YM1606#NYM,CL1604#NYM,CL1605#NYM,GC1604#NYM,GC1606#NYM,SI1603#NYM,SI1605#SGX,NKNT1603#SGX,NKNT1606#SGX,CNIDX#SGX,CNT1603#HKF,MHI1603#HKF,MHI1604#EUR,DAX1603#EUR,DAX1606#CFX,CIF1603#CFX,CIF1604)
[6488] 2016/03/04 16:58:28.557 SKOSQuoteLib_RequestTicks (0,CME,NQ_1603)
[6488] 2016/03/04 16:58:28.659 SKOSQuoteLib_RequestTicks (0,CME,NQ_1606)
[6488] 2016/03/04 16:58:28.760 SKOSQuoteLib_RequestTicks (0,CME,NQ_1609)
[6488] 2016/03/04 16:58:28.864 SKOSQuoteLib_RequestTicks (0,CME,NQ_1612)
[6488] 2016/03/04 16:58:28.966 SKOSQuoteLib_RequestTicks (0,CME,EC_1603)
[6488] 2016/03/04 16:58:29.068 SKOSQuoteLib_RequestTicks (0,CME,EC_1606)
[6488] 2016/03/04 16:58:29.171 SKOSQuoteLib_RequestTicks (0,CBT,YM1603)
[6488] 2016/03/04 16:58:29.272 SKOSQuoteLib_RequestTicks (0,CBT,YM1606)
[6488] 2016/03/04 16:58:29.374 SKOSQuoteLib_RequestTicks (0,NYM,CL1604)
[6488] 2016/03/04 16:58:29.476 SKOSQuoteLib_RequestTicks (0,NYM,CL1605)
[6488] 2016/03/04 16:58:29.579 SKOSQuoteLib_RequestTicks (0,NYM,GC1604)
[6488] 2016/03/04 16:58:29.681 SKOSQuoteLib_RequestTicks (0,NYM,GC1606)
[6488] 2016/03/04 16:58:29.783 SKOSQuoteLib_RequestTicks (0,NYM,SI1603)
[6488] 2016/03/04 16:58:29.886 SKOSQuoteLib_RequestTicks (0,NYM,SI1605)
[6488] 2016/03/04 16:58:29.989 SKOSQuoteLib_RequestTicks (0,SGX,NKNT1603)
[6488] 2016/03/04 16:58:30.091 SKOSQuoteLib_RequestTicks (0,SGX,NKNT1606)
[6488] 2016/03/04 16:58:30.194 SKOSQuoteLib_RequestTicks (0,SGX,CNIDX)
[6488] 2016/03/04 16:58:30.296 SKOSQuoteLib_RequestTicks (0,SGX,CNT1603)
[6488] 2016/03/04 16:58:30.398 SKOSQuoteLib_RequestTicks (0,HKF,MHI1603)
[6488] 2016/03/04 16:58:30.501 SKOSQuoteLib_RequestTicks (0,HKF,MHI1604)
[6488] 2016/03/04 16:58:30.603 SKOSQuoteLib_RequestTicks (0,EUR,DAX1603)
[6488] 2016/03/04 16:58:30.705 SKOSQuoteLib_RequestTicks (0,EUR,DAX1606)
[6488] 2016/03/04 16:58:30.808 SKOSQuoteLib_RequestTicks (0,CFX,CIF1603)
[6488] 2016/03/04 16:58:30.911 SKOSQuoteLib_RequestTicks (0,CFX,CIF1604)
[10616] 2016/03/04 17:19:34.883 API InitInstance 
[10616] 2016/03/04 17:19:34.886 SKOSQuoteLib_Initialize  ID멚B222875498
[10616] 2016/03/04 17:19:34.887 SKOSQuoteLib_Initialize  Server멚https://order2.capital.com.tw/
[10616] 2016/03/04 17:19:35.357 SKOSQuoteLib_EnterMonitor(0)
[10616] 2016/03/04 17:19:35.357 Connect FORT03.capital.com.tw 443
[10616] 2016/03/04 17:19:35.361 SKOSQuoteLib_AttachConnectCallBack
[10616] 2016/03/04 17:19:35.362 SKOSQuoteLib_AttachQuoteCallBack
[10616] 2016/03/04 17:19:35.367 SKOSQuoteLib_AttachBest5CallBack
[10616] 2016/03/04 17:19:35.395 SK_SUBJECT_CONNECTION_CONNECTED메Code: 0
[10616] 2016/03/04 17:19:56.057 SKOSQuoteLib_RequestStocks (1,CME,NQ_1603#CME,NQ_1606#CME,NQ_1609#CME,NQ_1612#CME,EC_1603#CME,EC_1606#CBT,YM1603#CBT,YM1606#NYM,CL1604#NYM,CL1605#NYM,GC1604#NYM,GC1606#NYM,SI1603#NYM,SI1605#SGX,NKNT1603#SGX,NKNT1606#SGX,CNIDX#SGX,CNT1603#HKF,MHI1603#HKF,MHI1604#EUR,DAX1603#EUR,DAX1606#CFX,CIF1603#CFX,CIF1604)
[10616] 2016/03/04 17:19:56.061 SKOSQuoteLib_RequestTicks (0,CME,NQ_1603)
[10616] 2016/03/04 17:19:56.163 SKOSQuoteLib_RequestTicks (0,CME,NQ_1606)
[10616] 2016/03/04 17:19:56.266 SKOSQuoteLib_RequestTicks (0,CME,NQ_1609)
[10616] 2016/03/04 17:19:56.369 SKOSQuoteLib_RequestTicks (0,CME,NQ_1612)
[10616] 2016/03/04 17:19:56.472 SKOSQuoteLib_RequestTicks (0,CME,EC_1603)
[10616] 2016/03/04 17:19:56.574 SKOSQuoteLib_RequestTicks (0,CME,EC_1606)
[10616] 2016/03/04 17:19:56.676 SKOSQuoteLib_RequestTicks (0,CBT,YM1603)
[10616] 2016/03/04 17:19:56.779 SKOSQuoteLib_RequestTicks (0,CBT,YM1606)
[10616] 2016/03/04 17:19:56.882 SKOSQuoteLib_RequestTicks (0,NYM,CL1604)
[10616] 2016/03/04 17:19:56.984 SKOSQuoteLib_RequestTicks (0,NYM,CL1605)
[10616] 2016/03/04 17:19:57.087 SKOSQuoteLib_RequestTicks (0,NYM,GC1604)
[10616] 2016/03/04 17:19:57.189 SKOSQuoteLib_RequestTicks (0,NYM,GC1606)
[10616] 2016/03/04 17:19:57.291 SKOSQuoteLib_RequestTicks (0,NYM,SI1603)
[10616] 2016/03/04 17:19:57.393 SKOSQuoteLib_RequestTicks (0,NYM,SI1605)
[10616] 2016/03/04 17:19:57.495 SKOSQuoteLib_RequestTicks (0,SGX,NKNT1603)
[10616] 2016/03/04 17:19:57.596 SKOSQuoteLib_RequestTicks (0,SGX,NKNT1606)
[10616] 2016/03/04 17:19:57.700 SKOSQuoteLib_RequestTicks (0,SGX,CNIDX)
[10616] 2016/03/04 17:19:57.802 SKOSQuoteLib_RequestTicks (0,SGX,CNT1603)
[10616] 2016/03/04 17:19:57.904 SKOSQuoteLib_RequestTicks (0,HKF,MHI1603)
[10616] 2016/03/04 17:19:58.007 SKOSQuoteLib_RequestTicks (0,HKF,MHI1604)
[10616] 2016/03/04 17:19:58.110 SKOSQuoteLib_RequestTicks (0,EUR,DAX1603)
[10616] 2016/03/04 17:19:58.212 SKOSQuoteLib_RequestTicks (0,EUR,DAX1606)
[10616] 2016/03/04 17:19:58.315 SKOSQuoteLib_RequestTicks (0,CFX,CIF1603)
[10616] 2016/03/04 17:19:58.417 SKOSQuoteLib_RequestTicks (0,CFX,CIF1604)
[10188] 2016/03/04 17:20:37.426 API InitInstance 
[10188] 2016/03/04 17:20:37.429 SKOSQuoteLib_Initialize  ID멚B222875498
[10188] 2016/03/04 17:20:37.429 SKOSQuoteLib_Initialize  Server멚https://order2.capital.com.tw/
[10188] 2016/03/04 17:20:38.079 SKOSQuoteLib_EnterMonitor(0)
[10188] 2016/03/04 17:20:38.079 Connect FORT05.capital.com.tw 443
[10188] 2016/03/04 17:20:38.082 SKOSQuoteLib_AttachConnectCallBack
[10188] 2016/03/04 17:20:38.083 SKOSQuoteLib_AttachQuoteCallBack
[10188] 2016/03/04 17:20:38.083 SKOSQuoteLib_AttachBest5CallBack
[10188] 2016/03/04 17:20:38.116 SK_SUBJECT_CONNECTION_CONNECTED메Code: 0
[10188] 2016/03/04 17:20:58.683 SKOSQuoteLib_RequestStocks (1,CME,NQ_1603#CME,NQ_1606#CME,NQ_1609#CME,NQ_1612#CME,EC_1603#CME,EC_1606#CBT,YM1603#CBT,YM1606#NYM,CL1604#NYM,CL1605#NYM,GC1604#NYM,GC1606#NYM,SI1603#NYM,SI1605#SGX,NKNT1603#SGX,NKNT1606#SGX,CNIDX#SGX,CNT1603#HKF,MHI1603#HKF,MHI1604#EUR,DAX1603#EUR,DAX1606#CFX,CIF1603#CFX,CIF1604)
[10188] 2016/03/04 17:20:58.687 SKOSQuoteLib_RequestTicks (0,CME,NQ_1603)
[10188] 2016/03/04 17:20:58.789 SKOSQuoteLib_RequestTicks (0,CME,NQ_1606)
[10188] 2016/03/04 17:20:58.891 SKOSQuoteLib_RequestTicks (0,CME,NQ_1609)
[10188] 2016/03/04 17:20:58.993 SKOSQuoteLib_RequestTicks (0,CME,NQ_1612)
[10188] 2016/03/04 17:20:59.095 SKOSQuoteLib_RequestTicks (0,CME,EC_1603)
[10188] 2016/03/04 17:20:59.197 SKOSQuoteLib_RequestTicks (0,CME,EC_1606)
[10188] 2016/03/04 17:20:59.300 SKOSQuoteLib_RequestTicks (0,CBT,YM1603)
[10188] 2016/03/04 17:20:59.402 SKOSQuoteLib_RequestTicks (0,CBT,YM1606)
[10188] 2016/03/04 17:20:59.503 SKOSQuoteLib_RequestTicks (0,NYM,CL1604)
[10188] 2016/03/04 17:20:59.606 SKOSQuoteLib_RequestTicks (0,NYM,CL1605)
[10188] 2016/03/04 17:20:59.708 SKOSQuoteLib_RequestTicks (0,NYM,GC1604)
[10188] 2016/03/04 17:20:59.810 SKOSQuoteLib_RequestTicks (0,NYM,GC1606)
[10188] 2016/03/04 17:20:59.913 SKOSQuoteLib_RequestTicks (0,NYM,SI1603)
[10188] 2016/03/04 17:21:00.016 SKOSQuoteLib_RequestTicks (0,NYM,SI1605)
[10188] 2016/03/04 17:21:00.118 SKOSQuoteLib_RequestTicks (0,SGX,NKNT1603)
[10188] 2016/03/04 17:21:00.220 SKOSQuoteLib_RequestTicks (0,SGX,NKNT1606)
[10188] 2016/03/04 17:21:00.323 SKOSQuoteLib_RequestTicks (0,SGX,CNIDX)
[10188] 2016/03/04 17:21:00.425 SKOSQuoteLib_RequestTicks (0,SGX,CNT1603)
[10188] 2016/03/04 17:21:00.528 SKOSQuoteLib_RequestTicks (0,HKF,MHI1603)
[10188] 2016/03/04 17:21:00.630 SKOSQuoteLib_RequestTicks (0,HKF,MHI1604)
[10188] 2016/03/04 17:21:00.732 SKOSQuoteLib_RequestTicks (0,EUR,DAX1603)
[10188] 2016/03/04 17:21:00.835 SKOSQuoteLib_RequestTicks (0,EUR,DAX1606)
[10188] 2016/03/04 17:21:00.936 SKOSQuoteLib_RequestTicks (0,CFX,CIF1603)
[10188] 2016/03/04 17:21:01.037 SKOSQuoteLib_RequestTicks (0,CFX,CIF1604)
[7812] 2016/03/04 17:31:11.662 API InitInstance 
[7812] 2016/03/04 17:31:11.664 SKOSQuoteLib_Initialize  ID멚B222875498
[7812] 2016/03/04 17:31:11.664 SKOSQuoteLib_Initialize  Server멚https://order2.capital.com.tw/
[7812] 2016/03/04 17:31:12.162 SKOSQuoteLib_EnterMonitor(0)
[7812] 2016/03/04 17:31:12.162 Connect FORT01.capital.com.tw 443
[7812] 2016/03/04 17:31:12.165 SKOSQuoteLib_AttachConnectCallBack
[7812] 2016/03/04 17:31:12.166 SKOSQuoteLib_AttachQuoteCallBack
[7812] 2016/03/04 17:31:12.166 SKOSQuoteLib_AttachBest5CallBack
[7812] 2016/03/04 17:31:12.200 SK_SUBJECT_CONNECTION_CONNECTED메Code: 0
[9056] 2016/03/04 17:34:38.418 API InitInstance 
[9056] 2016/03/04 17:34:38.421 SKOSQuoteLib_Initialize  ID멚B222875498
[9056] 2016/03/04 17:34:38.422 SKOSQuoteLib_Initialize  Server멚https://order2.capital.com.tw/
[9056] 2016/03/04 17:34:38.887 SKOSQuoteLib_EnterMonitor(0)
[9056] 2016/03/04 17:34:38.888 Connect FORT05.capital.com.tw 443
[9056] 2016/03/04 17:34:38.890 SKOSQuoteLib_AttachConnectCallBack
[9056] 2016/03/04 17:34:38.891 SKOSQuoteLib_AttachQuoteCallBack
[9056] 2016/03/04 17:34:38.891 SKOSQuoteLib_AttachBest5CallBack
[9056] 2016/03/04 17:34:38.927 SK_SUBJECT_CONNECTION_CONNECTED메Code: 0
