[3396] 2016/03/08 10:12:17.883 API InitInstance 
[3396] 2016/03/08 10:12:17.886 SKQuoteLib_Initialize ¡GB222875498
[3396] 2016/03/08 10:12:17.886 SKQuoteLib_Initialize ¡Ghttps://order2.capital.com.tw/
[3396] 2016/03/08 10:12:18.861 SKQuoteLib_Initialize  SUCCESS 
[3396] 2016/03/08 10:12:19.026 SKQuoteLib_EnterMonitor IP¡Ginfo16.capital.com.tw
[3396] 2016/03/08 10:12:19.028 SKQuoteLib_AttachConnectionCallBack 
[3396] 2016/03/08 10:12:19.028 SKQuoteLib_AttachQuoteCallBack 
[3396] 2016/03/08 10:12:19.029 SKQuoteLib_AttachBest5CallBack 
[3396] 2016/03/08 10:12:19.975 SocketConnect Type¡G100  ErrorCode¡G0
[3396] 2016/03/08 10:12:21.381 Stocks Ready
[5080] 2016/03/08 10:13:40.750 API InitInstance 
[5080] 2016/03/08 10:13:40.752 SKQuoteLib_Initialize ¡GB222875498
[5080] 2016/03/08 10:13:40.753 SKQuoteLib_Initialize ¡Ghttps://order2.capital.com.tw/
[5080] 2016/03/08 10:13:41.775 SKQuoteLib_Initialize  SUCCESS 
[5080] 2016/03/08 10:13:41.800 SKQuoteLib_EnterMonitor IP¡Ginfo8.capital.com.tw
[5080] 2016/03/08 10:13:41.802 SKQuoteLib_AttachConnectionCallBack 
[5080] 2016/03/08 10:13:41.803 SKQuoteLib_AttachQuoteCallBack 
[5080] 2016/03/08 10:13:41.804 SKQuoteLib_AttachBest5CallBack 
[5080] 2016/03/08 10:13:42.721 SocketConnect Type¡G100  ErrorCode¡G0
[5080] 2016/03/08 10:13:44.038 Stocks Ready
[5080] 2016/03/08 10:14:01.326 SKQuoteLib_RequestStocks (1,TSEA,TX00,TX03,TX04,TX06,TX09,TX12,TE00,TE03,TE04,TE06,TE09,TE12,TF00,TF03,TF04,TF06,TF09,TF12)
[5080] 2016/03/08 10:14:01.327 Divide StockNo {TSEA}
[5080] 2016/03/08 10:14:01.328 Add Basket MarketNo¡G0 StockIdx¡G10536
[5080] 2016/03/08 10:14:01.328 Divide StockNo {TX00}
[5080] 2016/03/08 10:14:01.329 Add Basket MarketNo¡G2 StockIdx¡G0
[5080] 2016/03/08 10:14:01.329 Divide StockNo {TX03}
[5080] 2016/03/08 10:14:01.329 Add Basket MarketNo¡G2 StockIdx¡G1
[5080] 2016/03/08 10:14:01.330 Divide StockNo {TX04}
[5080] 2016/03/08 10:14:01.330 Add Basket MarketNo¡G2 StockIdx¡G2
[5080] 2016/03/08 10:14:01.331 Divide StockNo {TX06}
[5080] 2016/03/08 10:14:01.331 Add Basket MarketNo¡G2 StockIdx¡G3
[5080] 2016/03/08 10:14:01.332 Divide StockNo {TX09}
[5080] 2016/03/08 10:14:01.332 Add Basket MarketNo¡G2 StockIdx¡G4
[5080] 2016/03/08 10:14:01.333 Divide StockNo {TX12}
[5080] 2016/03/08 10:14:01.333 Add Basket MarketNo¡G2 StockIdx¡G5
[5080] 2016/03/08 10:14:01.333 Divide StockNo {TE00}
[5080] 2016/03/08 10:14:01.334 Add Basket MarketNo¡G2 StockIdx¡G14
[5080] 2016/03/08 10:14:01.335 Divide StockNo {TE03}
[5080] 2016/03/08 10:14:01.335 Add Basket MarketNo¡G2 StockIdx¡G15
[5080] 2016/03/08 10:14:01.335 Divide StockNo {TE04}
[5080] 2016/03/08 10:14:01.336 Add Basket MarketNo¡G2 StockIdx¡G16
[5080] 2016/03/08 10:14:01.337 Divide StockNo {TE06}
[5080] 2016/03/08 10:14:01.337 Add Basket MarketNo¡G2 StockIdx¡G17
[5080] 2016/03/08 10:14:01.337 Divide StockNo {TE09}
[5080] 2016/03/08 10:14:01.338 Add Basket MarketNo¡G2 StockIdx¡G18
[5080] 2016/03/08 10:14:01.338 Divide StockNo {TE12}
[5080] 2016/03/08 10:14:01.339 Add Basket MarketNo¡G2 StockIdx¡G19
[5080] 2016/03/08 10:14:01.339 Divide StockNo {TF00}
[5080] 2016/03/08 10:14:01.340 Add Basket MarketNo¡G2 StockIdx¡G20
[5080] 2016/03/08 10:14:01.340 Divide StockNo {TF03}
[5080] 2016/03/08 10:14:01.341 Add Basket MarketNo¡G2 StockIdx¡G21
[5080] 2016/03/08 10:14:01.341 Divide StockNo {TF04}
[5080] 2016/03/08 10:14:01.342 Add Basket MarketNo¡G2 StockIdx¡G22
[5080] 2016/03/08 10:14:01.342 Divide StockNo {TF06}
[5080] 2016/03/08 10:14:01.342 Add Basket MarketNo¡G2 StockIdx¡G23
[5080] 2016/03/08 10:14:01.343 Divide StockNo {TF09}
[5080] 2016/03/08 10:14:01.344 Add Basket MarketNo¡G2 StockIdx¡G24
[5080] 2016/03/08 10:14:01.344 Divide StockNo {TF12}
[5080] 2016/03/08 10:14:01.345 Add Basket MarketNo¡G2 StockIdx¡G25
[5080] 2016/03/08 10:14:01.345 SKQuoteLib_RequestStocks Page 1
[5080] 2016/03/08 10:14:01.370 SKQuoteLib_RequestTicks (0,TSEA)
[5080] 2016/03/08 10:14:01.374 SKQuoteLib_RequestTicks (0,TX00)
[5080] 2016/03/08 10:14:01.376 SKQuoteLib_RequestTicks (0,TX03)
[5080] 2016/03/08 10:14:01.380 SKQuoteLib_RequestTicks (0,TX04)
[5080] 2016/03/08 10:14:01.385 SKQuoteLib_RequestTicks (0,TX06)
[5080] 2016/03/08 10:14:01.386 SKQuoteLib_RequestTicks (0,TX09)
[5080] 2016/03/08 10:14:01.391 SKQuoteLib_RequestTicks (0,TX12)
[5080] 2016/03/08 10:14:01.394 SKQuoteLib_RequestTicks (0,TE00)
[5080] 2016/03/08 10:14:01.395 SKQuoteLib_RequestTicks (0,TE03)
[5080] 2016/03/08 10:14:01.399 SKQuoteLib_RequestTicks (0,TE04)
[5080] 2016/03/08 10:14:01.403 SKQuoteLib_RequestTicks (0,TE06)
[5080] 2016/03/08 10:14:01.404 SKQuoteLib_RequestTicks (0,TE09)
[5080] 2016/03/08 10:14:01.408 SKQuoteLib_RequestTicks (0,TE12)
[5080] 2016/03/08 10:14:01.412 SKQuoteLib_RequestTicks (0,TF00)
[5080] 2016/03/08 10:14:01.413 SKQuoteLib_RequestTicks (0,TF03)
[5080] 2016/03/08 10:14:01.417 SKQuoteLib_RequestTicks (0,TF04)
[5080] 2016/03/08 10:14:01.421 SKQuoteLib_RequestTicks (0,TF06)
[5080] 2016/03/08 10:14:01.423 SKQuoteLib_RequestTicks (0,TF09)
[5080] 2016/03/08 10:14:01.429 SKQuoteLib_RequestTicks (0,TF12)
[5080] 2016/03/08 10:14:42.709 Check Link Status 
[5080] 2016/03/08 10:15:42.715 Check Link Status 
[5080] 2016/03/08 10:16:42.710 Check Link Status 
[5080] 2016/03/08 10:17:42.708 Check Link Status 
[5080] 2016/03/08 10:18:42.713 Check Link Status 
[5080] 2016/03/08 10:19:42.711 Check Link Status 
[5080] 2016/03/08 10:20:42.709 Check Link Status 
[5080] 2016/03/08 10:21:42.715 Check Link Status 
[5080] 2016/03/08 10:22:42.714 Check Link Status 
[5080] 2016/03/08 10:23:42.716 Check Link Status 
[5080] 2016/03/08 10:24:42.713 Check Link Status 
[5080] 2016/03/08 10:25:42.715 Check Link Status 
[5080] 2016/03/08 10:26:42.710 Check Link Status 
[5080] 2016/03/08 10:27:42.713 Check Link Status 
[5080] 2016/03/08 10:28:42.708 Check Link Status 
[5080] 2016/03/08 10:29:42.708 Check Link Status 
[5080] 2016/03/08 10:30:42.709 Check Link Status 
[5080] 2016/03/08 10:31:42.709 Check Link Status 
[5080] 2016/03/08 10:32:42.709 Check Link Status 
[5080] 2016/03/08 10:33:42.709 Check Link Status 
[5080] 2016/03/08 10:34:42.709 Check Link Status 
[5080] 2016/03/08 10:35:42.709 Check Link Status 
[5080] 2016/03/08 10:36:42.709 Check Link Status 
[5080] 2016/03/08 10:37:42.709 Check Link Status 
[5080] 2016/03/08 10:38:42.709 Check Link Status 
[5080] 2016/03/08 10:39:42.710 Check Link Status 
[5080] 2016/03/08 10:40:42.708 Check Link Status 
[5080] 2016/03/08 10:41:42.709 Check Link Status 
[5080] 2016/03/08 10:42:42.709 Check Link Status 
[5080] 2016/03/08 10:43:42.710 Check Link Status 
[5080] 2016/03/08 10:44:42.711 Check Link Status 
[5080] 2016/03/08 10:45:42.710 Check Link Status 
[5080] 2016/03/08 10:46:42.709 Check Link Status 
[5080] 2016/03/08 10:47:42.709 Check Link Status 
[5080] 2016/03/08 10:48:42.709 Check Link Status 
[5080] 2016/03/08 10:49:42.709 Check Link Status 
[5080] 2016/03/08 10:50:42.710 Check Link Status 
[5080] 2016/03/08 10:51:42.712 Check Link Status 
[5080] 2016/03/08 10:52:42.708 Check Link Status 
[5080] 2016/03/08 10:53:42.712 Check Link Status 
[5080] 2016/03/08 10:54:42.711 Check Link Status 
[5080] 2016/03/08 10:55:42.708 Check Link Status 
[5080] 2016/03/08 10:56:42.709 Check Link Status 
[5080] 2016/03/08 10:57:42.712 Check Link Status 
[5080] 2016/03/08 10:58:42.711 Check Link Status 
[5080] 2016/03/08 10:59:42.711 Check Link Status 
[5080] 2016/03/08 11:00:42.711 Check Link Status 
[5080] 2016/03/08 11:01:42.712 Check Link Status 
[5080] 2016/03/08 11:02:42.711 Check Link Status 
[5080] 2016/03/08 11:03:42.712 Check Link Status 
[5080] 2016/03/08 11:04:42.713 Check Link Status 
[5080] 2016/03/08 11:05:42.713 Check Link Status 
[5080] 2016/03/08 11:06:42.709 Check Link Status 
[5080] 2016/03/08 11:07:42.714 Check Link Status 
[5080] 2016/03/08 11:08:42.708 Check Link Status 
[5080] 2016/03/08 11:09:42.710 Check Link Status 
[5080] 2016/03/08 11:10:42.709 Check Link Status 
[5080] 2016/03/08 11:11:42.715 Check Link Status 
[5080] 2016/03/08 11:12:42.708 Check Link Status 
[5080] 2016/03/08 11:13:42.709 Check Link Status 
[5080] 2016/03/08 11:14:42.716 Check Link Status 
[5080] 2016/03/08 11:15:42.713 Check Link Status 
[5080] 2016/03/08 11:16:42.708 Check Link Status 
[5080] 2016/03/08 11:17:42.711 Check Link Status 
[5080] 2016/03/08 11:18:42.715 Check Link Status 
[5080] 2016/03/08 11:19:42.716 Check Link Status 
[5080] 2016/03/08 11:20:42.710 Check Link Status 
[5080] 2016/03/08 11:21:42.712 Check Link Status 
[5080] 2016/03/08 11:22:42.716 Check Link Status 
[5080] 2016/03/08 11:23:42.711 Check Link Status 
[5080] 2016/03/08 11:24:42.717 Check Link Status 
[5080] 2016/03/08 11:25:42.709 Check Link Status 
[5080] 2016/03/08 11:26:42.710 Check Link Status 
[5080] 2016/03/08 11:27:42.710 Check Link Status 
[5080] 2016/03/08 11:28:42.709 Check Link Status 
[5080] 2016/03/08 11:29:42.709 Check Link Status 
[5080] 2016/03/08 11:30:42.711 Check Link Status 
[5080] 2016/03/08 11:31:42.713 Check Link Status 
[5080] 2016/03/08 11:32:42.709 Check Link Status 
[5080] 2016/03/08 11:33:42.715 Check Link Status 
[5080] 2016/03/08 11:34:42.713 Check Link Status 
[5080] 2016/03/08 11:35:42.718 Check Link Status 
[5080] 2016/03/08 11:36:42.709 Check Link Status 
[5080] 2016/03/08 11:37:42.708 Check Link Status 
[10416] 2016/03/08 11:40:33.271 API InitInstance 
[10416] 2016/03/08 11:40:33.273 SKQuoteLib_Initialize ¡GB222875498
[10416] 2016/03/08 11:40:33.273 SKQuoteLib_Initialize ¡Ghttps://order2.capital.com.tw/
[10416] 2016/03/08 11:40:34.953 SKQuoteLib_Initialize  SUCCESS 
[10416] 2016/03/08 11:40:34.977 SKQuoteLib_EnterMonitor IP¡Ginfo16.capital.com.tw
[10416] 2016/03/08 11:40:34.979 SKQuoteLib_AttachConnectionCallBack 
[10416] 2016/03/08 11:40:34.979 SKQuoteLib_AttachQuoteCallBack 
[10416] 2016/03/08 11:40:34.980 SKQuoteLib_AttachBest5CallBack 
[10416] 2016/03/08 11:40:36.587 SocketConnect Type¡G100  ErrorCode¡G0
[10416] 2016/03/08 11:40:37.949 Stocks Ready
[10416] 2016/03/08 11:40:55.208 SKQuoteLib_RequestStocks (1,TSEA,TX00,TX03,TX04,TX06,TX09,TX12,TE00,TE03,TE04,TE06,TE09,TE12,TF00,TF03,TF04,TF06,TF09,TF12)
[10416] 2016/03/08 11:40:55.210 Divide StockNo {TSEA}
[10416] 2016/03/08 11:40:55.210 Add Basket MarketNo¡G0 StockIdx¡G10536
[10416] 2016/03/08 11:40:55.211 Divide StockNo {TX00}
[10416] 2016/03/08 11:40:55.211 Add Basket MarketNo¡G2 StockIdx¡G0
[10416] 2016/03/08 11:40:55.212 Divide StockNo {TX03}
[10416] 2016/03/08 11:40:55.212 Add Basket MarketNo¡G2 StockIdx¡G1
[10416] 2016/03/08 11:40:55.212 Divide StockNo {TX04}
[10416] 2016/03/08 11:40:55.213 Add Basket MarketNo¡G2 StockIdx¡G2
[10416] 2016/03/08 11:40:55.214 Divide StockNo {TX06}
[10416] 2016/03/08 11:40:55.214 Add Basket MarketNo¡G2 StockIdx¡G3
[10416] 2016/03/08 11:40:55.215 Divide StockNo {TX09}
[10416] 2016/03/08 11:40:55.215 Add Basket MarketNo¡G2 StockIdx¡G4
[10416] 2016/03/08 11:40:55.216 Divide StockNo {TX12}
[10416] 2016/03/08 11:40:55.216 Add Basket MarketNo¡G2 StockIdx¡G5
[10416] 2016/03/08 11:40:55.216 Divide StockNo {TE00}
[10416] 2016/03/08 11:40:55.217 Add Basket MarketNo¡G2 StockIdx¡G14
[10416] 2016/03/08 11:40:55.218 Divide StockNo {TE03}
[10416] 2016/03/08 11:40:55.218 Add Basket MarketNo¡G2 StockIdx¡G15
[10416] 2016/03/08 11:40:55.219 Divide StockNo {TE04}
[10416] 2016/03/08 11:40:55.220 Add Basket MarketNo¡G2 StockIdx¡G16
[10416] 2016/03/08 11:40:55.220 Divide StockNo {TE06}
[10416] 2016/03/08 11:40:55.220 Add Basket MarketNo¡G2 StockIdx¡G17
[10416] 2016/03/08 11:40:55.221 Divide StockNo {TE09}
[10416] 2016/03/08 11:40:55.221 Add Basket MarketNo¡G2 StockIdx¡G18
[10416] 2016/03/08 11:40:55.222 Divide StockNo {TE12}
[10416] 2016/03/08 11:40:55.222 Add Basket MarketNo¡G2 StockIdx¡G19
[10416] 2016/03/08 11:40:55.223 Divide StockNo {TF00}
[10416] 2016/03/08 11:40:55.224 Add Basket MarketNo¡G2 StockIdx¡G20
[10416] 2016/03/08 11:40:55.224 Divide StockNo {TF03}
[10416] 2016/03/08 11:40:55.224 Add Basket MarketNo¡G2 StockIdx¡G21
[10416] 2016/03/08 11:40:55.225 Divide StockNo {TF04}
[10416] 2016/03/08 11:40:55.225 Add Basket MarketNo¡G2 StockIdx¡G22
[10416] 2016/03/08 11:40:55.226 Divide StockNo {TF06}
[10416] 2016/03/08 11:40:55.226 Add Basket MarketNo¡G2 StockIdx¡G23
[10416] 2016/03/08 11:40:55.227 Divide StockNo {TF09}
[10416] 2016/03/08 11:40:55.227 Add Basket MarketNo¡G2 StockIdx¡G24
[10416] 2016/03/08 11:40:55.228 Divide StockNo {TF12}
[10416] 2016/03/08 11:40:55.228 Add Basket MarketNo¡G2 StockIdx¡G25
[10416] 2016/03/08 11:40:55.229 SKQuoteLib_RequestStocks Page 1
[10416] 2016/03/08 11:40:55.257 SKQuoteLib_RequestTicks (0,TSEA)
[10416] 2016/03/08 11:40:55.259 SKQuoteLib_RequestTicks (0,TX00)
[10416] 2016/03/08 11:40:55.263 SKQuoteLib_RequestTicks (0,TX03)
[10416] 2016/03/08 11:40:55.268 SKQuoteLib_RequestTicks (0,TX04)
[10416] 2016/03/08 11:40:55.269 SKQuoteLib_RequestTicks (0,TX06)
[10416] 2016/03/08 11:40:55.273 SKQuoteLib_RequestTicks (0,TX09)
[10416] 2016/03/08 11:40:55.278 SKQuoteLib_RequestTicks (0,TX12)
[10416] 2016/03/08 11:40:55.279 SKQuoteLib_RequestTicks (0,TE00)
[10416] 2016/03/08 11:40:55.283 SKQuoteLib_RequestTicks (0,TE03)
[10416] 2016/03/08 11:40:55.288 SKQuoteLib_RequestTicks (0,TE04)
[10416] 2016/03/08 11:40:55.289 SKQuoteLib_RequestTicks (0,TE06)
[10416] 2016/03/08 11:40:55.293 SKQuoteLib_RequestTicks (0,TE09)
[10416] 2016/03/08 11:40:55.296 SKQuoteLib_RequestTicks (0,TE12)
[10416] 2016/03/08 11:40:55.298 SKQuoteLib_RequestTicks (0,TF00)
[10416] 2016/03/08 11:40:55.301 SKQuoteLib_RequestTicks (0,TF03)
[10416] 2016/03/08 11:40:55.306 SKQuoteLib_RequestTicks (0,TF04)
[10416] 2016/03/08 11:40:55.307 SKQuoteLib_RequestTicks (0,TF06)
[10416] 2016/03/08 11:40:55.310 SKQuoteLib_RequestTicks (0,TF09)
[10416] 2016/03/08 11:40:55.313 SKQuoteLib_RequestTicks (0,TF12)
[10416] 2016/03/08 11:41:36.586 Check Link Status 
[8572] 2016/03/08 11:41:54.955 API InitInstance 
[8572] 2016/03/08 11:41:54.957 SKQuoteLib_Initialize ¡GB222875498
[8572] 2016/03/08 11:41:54.957 SKQuoteLib_Initialize ¡Ghttps://order2.capital.com.tw/
[8572] 2016/03/08 11:41:56.681 SKQuoteLib_Initialize  SUCCESS 
[8572] 2016/03/08 11:41:56.706 SKQuoteLib_EnterMonitor IP¡Ginfo10.capital.com.tw
[8572] 2016/03/08 11:41:56.708 SKQuoteLib_AttachConnectionCallBack 
[8572] 2016/03/08 11:41:56.709 SKQuoteLib_AttachQuoteCallBack 
[8572] 2016/03/08 11:41:56.709 SKQuoteLib_AttachBest5CallBack 
[8572] 2016/03/08 11:41:58.532 SocketConnect Type¡G100  ErrorCode¡G0
[8572] 2016/03/08 11:41:59.865 Stocks Ready
[8572] 2016/03/08 11:42:17.087 SKQuoteLib_RequestStocks (1,TSEA,TX00,TX03,TX04,TX06,TX09,TX12,TE00,TE03,TE04,TE06,TE09,TE12,TF00,TF03,TF04,TF06,TF09,TF12)
[8572] 2016/03/08 11:42:17.088 Divide StockNo {TSEA}
[8572] 2016/03/08 11:42:17.089 Add Basket MarketNo¡G0 StockIdx¡G10536
[8572] 2016/03/08 11:42:17.089 Divide StockNo {TX00}
[8572] 2016/03/08 11:42:17.090 Add Basket MarketNo¡G2 StockIdx¡G0
[8572] 2016/03/08 11:42:17.090 Divide StockNo {TX03}
[8572] 2016/03/08 11:42:17.090 Add Basket MarketNo¡G2 StockIdx¡G1
[8572] 2016/03/08 11:42:17.091 Divide StockNo {TX04}
[8572] 2016/03/08 11:42:17.091 Add Basket MarketNo¡G2 StockIdx¡G2
[8572] 2016/03/08 11:42:17.092 Divide StockNo {TX06}
[8572] 2016/03/08 11:42:17.092 Add Basket MarketNo¡G2 StockIdx¡G3
[8572] 2016/03/08 11:42:17.092 Divide StockNo {TX09}
[8572] 2016/03/08 11:42:17.092 Add Basket MarketNo¡G2 StockIdx¡G4
[8572] 2016/03/08 11:42:17.093 Divide StockNo {TX12}
[8572] 2016/03/08 11:42:17.093 Add Basket MarketNo¡G2 StockIdx¡G5
[8572] 2016/03/08 11:42:17.094 Divide StockNo {TE00}
[8572] 2016/03/08 11:42:17.094 Add Basket MarketNo¡G2 StockIdx¡G14
[8572] 2016/03/08 11:42:17.095 Divide StockNo {TE03}
[8572] 2016/03/08 11:42:17.095 Add Basket MarketNo¡G2 StockIdx¡G15
[8572] 2016/03/08 11:42:17.096 Divide StockNo {TE04}
[8572] 2016/03/08 11:42:17.096 Add Basket MarketNo¡G2 StockIdx¡G16
[8572] 2016/03/08 11:42:17.097 Divide StockNo {TE06}
[8572] 2016/03/08 11:42:17.097 Add Basket MarketNo¡G2 StockIdx¡G17
[8572] 2016/03/08 11:42:17.097 Divide StockNo {TE09}
[8572] 2016/03/08 11:42:17.098 Add Basket MarketNo¡G2 StockIdx¡G18
[8572] 2016/03/08 11:42:17.098 Divide StockNo {TE12}
[8572] 2016/03/08 11:42:17.099 Add Basket MarketNo¡G2 StockIdx¡G19
[8572] 2016/03/08 11:42:17.099 Divide StockNo {TF00}
[8572] 2016/03/08 11:42:17.099 Add Basket MarketNo¡G2 StockIdx¡G20
[8572] 2016/03/08 11:42:17.100 Divide StockNo {TF03}
[8572] 2016/03/08 11:42:17.101 Add Basket MarketNo¡G2 StockIdx¡G21
[8572] 2016/03/08 11:42:17.101 Divide StockNo {TF04}
[8572] 2016/03/08 11:42:17.102 Add Basket MarketNo¡G2 StockIdx¡G22
[8572] 2016/03/08 11:42:17.102 Divide StockNo {TF06}
[8572] 2016/03/08 11:42:17.103 Add Basket MarketNo¡G2 StockIdx¡G23
[8572] 2016/03/08 11:42:17.103 Divide StockNo {TF09}
[8572] 2016/03/08 11:42:17.103 Add Basket MarketNo¡G2 StockIdx¡G24
[8572] 2016/03/08 11:42:17.104 Divide StockNo {TF12}
[8572] 2016/03/08 11:42:17.105 Add Basket MarketNo¡G2 StockIdx¡G25
[8572] 2016/03/08 11:42:17.105 SKQuoteLib_RequestStocks Page 1
[8572] 2016/03/08 11:42:17.125 SKQuoteLib_RequestTicks (0,TSEA)
[8572] 2016/03/08 11:42:17.128 SKQuoteLib_RequestTicks (0,TX00)
[8572] 2016/03/08 11:42:17.132 SKQuoteLib_RequestTicks (0,TX03)
[8572] 2016/03/08 11:42:17.133 SKQuoteLib_RequestTicks (0,TX04)
[8572] 2016/03/08 11:42:17.137 SKQuoteLib_RequestTicks (0,TX06)
[8572] 2016/03/08 11:42:17.141 SKQuoteLib_RequestTicks (0,TX09)
[8572] 2016/03/08 11:42:17.142 SKQuoteLib_RequestTicks (0,TX12)
[8572] 2016/03/08 11:42:17.146 SKQuoteLib_RequestTicks (0,TE00)
[8572] 2016/03/08 11:42:17.150 SKQuoteLib_RequestTicks (0,TE03)
[8572] 2016/03/08 11:42:17.151 SKQuoteLib_RequestTicks (0,TE04)
[8572] 2016/03/08 11:42:17.155 SKQuoteLib_RequestTicks (0,TE06)
[8572] 2016/03/08 11:42:17.159 SKQuoteLib_RequestTicks (0,TE09)
[8572] 2016/03/08 11:42:17.160 SKQuoteLib_RequestTicks (0,TE12)
[8572] 2016/03/08 11:42:17.164 SKQuoteLib_RequestTicks (0,TF00)
[8572] 2016/03/08 11:42:17.168 SKQuoteLib_RequestTicks (0,TF03)
[8572] 2016/03/08 11:42:17.169 SKQuoteLib_RequestTicks (0,TF04)
[8572] 2016/03/08 11:42:17.172 SKQuoteLib_RequestTicks (0,TF06)
[8572] 2016/03/08 11:42:17.176 SKQuoteLib_RequestTicks (0,TF09)
[8572] 2016/03/08 11:42:17.177 SKQuoteLib_RequestTicks (0,TF12)
[8572] 2016/03/08 11:43:13.758 Check Link Status 
[8572] 2016/03/08 11:43:58.528 Check Link Status 
[8572] 2016/03/08 11:44:58.524 Check Link Status 
[8572] 2016/03/08 11:45:58.528 Check Link Status 
[8572] 2016/03/08 11:46:58.522 Check Link Status 
[8572] 2016/03/08 11:47:58.527 Check Link Status 
[6856] 2016/03/08 14:02:09.313 API InitInstance 
[6856] 2016/03/08 14:02:09.316 SKQuoteLib_Initialize ¡GB222875498
[6856] 2016/03/08 14:02:09.316 SKQuoteLib_Initialize ¡Ghttps://order2.capital.com.tw/
[6856] 2016/03/08 14:02:11.165 SKQuoteLib_Initialize  SUCCESS 
[6856] 2016/03/08 14:02:11.188 SKQuoteLib_EnterMonitor IP¡Ginfo21.capital.com.tw
[6856] 2016/03/08 14:02:11.191 SKQuoteLib_AttachConnectionCallBack 
[6856] 2016/03/08 14:02:11.192 SKQuoteLib_AttachQuoteCallBack 
[6856] 2016/03/08 14:02:11.193 SKQuoteLib_AttachBest5CallBack 
[6856] 2016/03/08 14:02:12.943 SocketConnect Type¡G100  ErrorCode¡G0
[6856] 2016/03/08 14:02:14.313 Stocks Ready
[6856] 2016/03/08 14:02:31.496 SKQuoteLib_RequestStocks (1,TSEA,TX00,TX03,TX04,TX06,TX09,TX12,TE00,TE03,TE04,TE06,TE09,TE12,TF00,TF03,TF04,TF06,TF09,TF12)
[6856] 2016/03/08 14:02:31.497 Divide StockNo {TSEA}
[6856] 2016/03/08 14:02:31.497 Add Basket MarketNo¡G0 StockIdx¡G10536
[6856] 2016/03/08 14:02:31.498 Divide StockNo {TX00}
[6856] 2016/03/08 14:02:31.498 Add Basket MarketNo¡G2 StockIdx¡G0
[6856] 2016/03/08 14:02:31.499 Divide StockNo {TX03}
[6856] 2016/03/08 14:02:31.499 Add Basket MarketNo¡G2 StockIdx¡G1
[6856] 2016/03/08 14:02:31.500 Divide StockNo {TX04}
[6856] 2016/03/08 14:02:31.500 Add Basket MarketNo¡G2 StockIdx¡G2
[6856] 2016/03/08 14:02:31.500 Divide StockNo {TX06}
[6856] 2016/03/08 14:02:31.501 Add Basket MarketNo¡G2 StockIdx¡G3
[6856] 2016/03/08 14:02:31.501 Divide StockNo {TX09}
[6856] 2016/03/08 14:02:31.502 Add Basket MarketNo¡G2 StockIdx¡G4
[6856] 2016/03/08 14:02:31.502 Divide StockNo {TX12}
[6856] 2016/03/08 14:02:31.503 Add Basket MarketNo¡G2 StockIdx¡G5
[6856] 2016/03/08 14:02:31.503 Divide StockNo {TE00}
[6856] 2016/03/08 14:02:31.503 Add Basket MarketNo¡G2 StockIdx¡G14
[6856] 2016/03/08 14:02:31.504 Divide StockNo {TE03}
[6856] 2016/03/08 14:02:31.505 Add Basket MarketNo¡G2 StockIdx¡G15
[6856] 2016/03/08 14:02:31.505 Divide StockNo {TE04}
[6856] 2016/03/08 14:02:31.506 Add Basket MarketNo¡G2 StockIdx¡G16
[6856] 2016/03/08 14:02:31.506 Divide StockNo {TE06}
[6856] 2016/03/08 14:02:31.507 Add Basket MarketNo¡G2 StockIdx¡G17
[6856] 2016/03/08 14:02:31.507 Divide StockNo {TE09}
[6856] 2016/03/08 14:02:31.507 Add Basket MarketNo¡G2 StockIdx¡G18
[6856] 2016/03/08 14:02:31.508 Divide StockNo {TE12}
[6856] 2016/03/08 14:02:31.508 Add Basket MarketNo¡G2 StockIdx¡G19
[6856] 2016/03/08 14:02:31.509 Divide StockNo {TF00}
[6856] 2016/03/08 14:02:31.510 Add Basket MarketNo¡G2 StockIdx¡G20
[6856] 2016/03/08 14:02:31.510 Divide StockNo {TF03}
[6856] 2016/03/08 14:02:31.511 Add Basket MarketNo¡G2 StockIdx¡G21
[6856] 2016/03/08 14:02:31.511 Divide StockNo {TF04}
[6856] 2016/03/08 14:02:31.511 Add Basket MarketNo¡G2 StockIdx¡G22
[6856] 2016/03/08 14:02:31.512 Divide StockNo {TF06}
[6856] 2016/03/08 14:02:31.512 Add Basket MarketNo¡G2 StockIdx¡G23
[6856] 2016/03/08 14:02:31.513 Divide StockNo {TF09}
[6856] 2016/03/08 14:02:31.513 Add Basket MarketNo¡G2 StockIdx¡G24
[6856] 2016/03/08 14:02:31.513 Divide StockNo {TF12}
[6856] 2016/03/08 14:02:31.514 Add Basket MarketNo¡G2 StockIdx¡G25
[6856] 2016/03/08 14:02:31.515 SKQuoteLib_RequestStocks Page 1
[6856] 2016/03/08 14:02:31.540 SKQuoteLib_RequestTicks (0,TSEA)
[6856] 2016/03/08 14:02:31.542 SKQuoteLib_RequestTicks (0,TX00)
[6856] 2016/03/08 14:02:31.546 SKQuoteLib_RequestTicks (0,TX03)
[6856] 2016/03/08 14:02:31.550 SKQuoteLib_RequestTicks (0,TX04)
[6856] 2016/03/08 14:02:31.551 SKQuoteLib_RequestTicks (0,TX06)
[6856] 2016/03/08 14:02:31.556 SKQuoteLib_RequestTicks (0,TX09)
[6856] 2016/03/08 14:02:31.560 SKQuoteLib_RequestTicks (0,TX12)
[6856] 2016/03/08 14:02:31.562 SKQuoteLib_RequestTicks (0,TE00)
[6856] 2016/03/08 14:02:31.566 SKQuoteLib_RequestTicks (0,TE03)
[6856] 2016/03/08 14:02:31.570 SKQuoteLib_RequestTicks (0,TE04)
[6856] 2016/03/08 14:02:31.572 SKQuoteLib_RequestTicks (0,TE06)
[6856] 2016/03/08 14:02:31.576 SKQuoteLib_RequestTicks (0,TE09)
[6856] 2016/03/08 14:02:31.579 SKQuoteLib_RequestTicks (0,TE12)
[6856] 2016/03/08 14:02:31.581 SKQuoteLib_RequestTicks (0,TF00)
[6856] 2016/03/08 14:02:31.586 SKQuoteLib_RequestTicks (0,TF03)
[6856] 2016/03/08 14:02:31.590 SKQuoteLib_RequestTicks (0,TF04)
[6856] 2016/03/08 14:02:31.592 SKQuoteLib_RequestTicks (0,TF06)
[6856] 2016/03/08 14:02:31.596 SKQuoteLib_RequestTicks (0,TF09)
[6856] 2016/03/08 14:02:31.600 SKQuoteLib_RequestTicks (0,TF12)
[6856] 2016/03/08 14:03:12.945 Check Link Status 
[6856] 2016/03/08 14:04:12.944 Check Link Status 
[6856] 2016/03/08 14:05:12.946 Check Link Status 
[6856] 2016/03/08 14:06:12.945 Check Link Status 
[6856] 2016/03/08 14:07:12.945 Check Link Status 
[6856] 2016/03/08 14:08:12.944 Check Link Status 
[6856] 2016/03/08 14:09:12.944 Check Link Status 
[6856] 2016/03/08 14:10:12.942 Check Link Status 
[6856] 2016/03/08 14:11:12.946 Check Link Status 
[6856] 2016/03/08 14:12:12.946 Check Link Status 
[6856] 2016/03/08 14:13:12.944 Check Link Status 
[6856] 2016/03/08 14:14:12.945 Check Link Status 
[6856] 2016/03/08 14:15:12.943 Check Link Status 
[6856] 2016/03/08 14:16:12.944 Check Link Status 
[9012] 2016/03/08 14:23:23.740 API InitInstance 
[9012] 2016/03/08 14:23:23.743 SKQuoteLib_Initialize ¡GB222875498
[9012] 2016/03/08 14:23:23.743 SKQuoteLib_Initialize ¡Ghttps://order2.capital.com.tw/
[9012] 2016/03/08 14:23:25.392 SKQuoteLib_Initialize  SUCCESS 
[9012] 2016/03/08 14:23:25.412 SKQuoteLib_EnterMonitor IP¡Ginfo8.capital.com.tw
[9012] 2016/03/08 14:23:25.414 SKQuoteLib_AttachConnectionCallBack 
[9012] 2016/03/08 14:23:25.415 SKQuoteLib_AttachQuoteCallBack 
[9012] 2016/03/08 14:23:25.415 SKQuoteLib_AttachBest5CallBack 
[9012] 2016/03/08 14:23:26.932 SocketConnect Type¡G100  ErrorCode¡G0
[9012] 2016/03/08 14:23:28.318 Stocks Ready
[9012] 2016/03/08 14:23:45.336 SKQuoteLib_RequestStocks (1,TSEA,TX00,TX03,TX04,TX06,TX09,TX12,TE00,TE03,TE04,TE06,TE09,TE12,TF00,TF03,TF04,TF06,TF09,TF12)
[9012] 2016/03/08 14:23:45.337 Divide StockNo {TSEA}
[9012] 2016/03/08 14:23:45.338 Add Basket MarketNo¡G0 StockIdx¡G10536
[9012] 2016/03/08 14:23:45.338 Divide StockNo {TX00}
[9012] 2016/03/08 14:23:45.338 Add Basket MarketNo¡G2 StockIdx¡G0
[9012] 2016/03/08 14:23:45.339 Divide StockNo {TX03}
[9012] 2016/03/08 14:23:45.339 Add Basket MarketNo¡G2 StockIdx¡G1
[9012] 2016/03/08 14:23:45.340 Divide StockNo {TX04}
[9012] 2016/03/08 14:23:45.340 Add Basket MarketNo¡G2 StockIdx¡G2
[9012] 2016/03/08 14:23:45.341 Divide StockNo {TX06}
[9012] 2016/03/08 14:23:45.342 Add Basket MarketNo¡G2 StockIdx¡G3
[9012] 2016/03/08 14:23:45.342 Divide StockNo {TX09}
[9012] 2016/03/08 14:23:45.342 Add Basket MarketNo¡G2 StockIdx¡G4
[9012] 2016/03/08 14:23:45.343 Divide StockNo {TX12}
[9012] 2016/03/08 14:23:45.343 Add Basket MarketNo¡G2 StockIdx¡G5
[9012] 2016/03/08 14:23:45.344 Divide StockNo {TE00}
[9012] 2016/03/08 14:23:45.344 Add Basket MarketNo¡G2 StockIdx¡G14
[9012] 2016/03/08 14:23:45.345 Divide StockNo {TE03}
[9012] 2016/03/08 14:23:45.345 Add Basket MarketNo¡G2 StockIdx¡G15
[9012] 2016/03/08 14:23:45.346 Divide StockNo {TE04}
[9012] 2016/03/08 14:23:45.346 Add Basket MarketNo¡G2 StockIdx¡G16
[9012] 2016/03/08 14:23:45.347 Divide StockNo {TE06}
[9012] 2016/03/08 14:23:45.347 Add Basket MarketNo¡G2 StockIdx¡G17
[9012] 2016/03/08 14:23:45.348 Divide StockNo {TE09}
[9012] 2016/03/08 14:23:45.348 Add Basket MarketNo¡G2 StockIdx¡G18
[9012] 2016/03/08 14:23:45.349 Divide StockNo {TE12}
[9012] 2016/03/08 14:23:45.349 Add Basket MarketNo¡G2 StockIdx¡G19
[9012] 2016/03/08 14:23:45.349 Divide StockNo {TF00}
[9012] 2016/03/08 14:23:45.350 Add Basket MarketNo¡G2 StockIdx¡G20
[9012] 2016/03/08 14:23:45.351 Divide StockNo {TF03}
[9012] 2016/03/08 14:23:45.351 Add Basket MarketNo¡G2 StockIdx¡G21
[9012] 2016/03/08 14:23:45.351 Divide StockNo {TF04}
[9012] 2016/03/08 14:23:45.352 Add Basket MarketNo¡G2 StockIdx¡G22
[9012] 2016/03/08 14:23:45.352 Divide StockNo {TF06}
[9012] 2016/03/08 14:23:45.353 Add Basket MarketNo¡G2 StockIdx¡G23
[9012] 2016/03/08 14:23:45.353 Divide StockNo {TF09}
[9012] 2016/03/08 14:23:45.354 Add Basket MarketNo¡G2 StockIdx¡G24
[9012] 2016/03/08 14:23:45.354 Divide StockNo {TF12}
[9012] 2016/03/08 14:23:45.355 Add Basket MarketNo¡G2 StockIdx¡G25
[9012] 2016/03/08 14:23:45.355 SKQuoteLib_RequestStocks Page 1
[9012] 2016/03/08 14:23:45.383 SKQuoteLib_RequestTicks (0,TSEA)
[9012] 2016/03/08 14:23:45.385 SKQuoteLib_RequestTicks (0,TX00)
[9012] 2016/03/08 14:23:45.390 SKQuoteLib_RequestTicks (0,TX03)
[9012] 2016/03/08 14:23:45.395 SKQuoteLib_RequestTicks (0,TX04)
[9012] 2016/03/08 14:23:45.396 SKQuoteLib_RequestTicks (0,TX06)
[9012] 2016/03/08 14:23:45.401 SKQuoteLib_RequestTicks (0,TX09)
[9012] 2016/03/08 14:23:45.405 SKQuoteLib_RequestTicks (0,TX12)
[9012] 2016/03/08 14:23:45.407 SKQuoteLib_RequestTicks (0,TE00)
[9012] 2016/03/08 14:23:45.412 SKQuoteLib_RequestTicks (0,TE03)
[9012] 2016/03/08 14:23:45.415 SKQuoteLib_RequestTicks (0,TE04)
[9012] 2016/03/08 14:23:45.417 SKQuoteLib_RequestTicks (0,TE06)
[9012] 2016/03/08 14:23:45.422 SKQuoteLib_RequestTicks (0,TE09)
[9012] 2016/03/08 14:23:45.425 SKQuoteLib_RequestTicks (0,TE12)
[9012] 2016/03/08 14:23:45.427 SKQuoteLib_RequestTicks (0,TF00)
[9012] 2016/03/08 14:23:45.431 SKQuoteLib_RequestTicks (0,TF03)
[9012] 2016/03/08 14:23:45.434 SKQuoteLib_RequestTicks (0,TF04)
[9012] 2016/03/08 14:23:45.436 SKQuoteLib_RequestTicks (0,TF06)
[9012] 2016/03/08 14:23:45.441 SKQuoteLib_RequestTicks (0,TF09)
[9012] 2016/03/08 14:23:45.445 SKQuoteLib_RequestTicks (0,TF12)
[10940] 2016/03/08 14:25:27.311 API InitInstance 
[10940] 2016/03/08 14:25:27.313 SKQuoteLib_Initialize ¡GB222875498
[10940] 2016/03/08 14:25:27.314 SKQuoteLib_Initialize ¡Ghttps://order2.capital.com.tw/
[10940] 2016/03/08 14:25:29.064 SKQuoteLib_Initialize  SUCCESS 
[10940] 2016/03/08 14:25:29.070 SKQuoteLib_EnterMonitor IP¡Ginfo8.capital.com.tw
[10940] 2016/03/08 14:25:29.073 SKQuoteLib_AttachConnectionCallBack 
[10940] 2016/03/08 14:25:29.075 SKQuoteLib_AttachQuoteCallBack 
[10940] 2016/03/08 14:25:29.076 SKQuoteLib_AttachBest5CallBack 
[10940] 2016/03/08 14:25:30.806 SocketConnect Type¡G100  ErrorCode¡G0
[10940] 2016/03/08 14:25:32.159 Stocks Ready
[9696] 2016/03/08 14:39:14.005 API InitInstance 
[9696] 2016/03/08 14:39:14.007 SKQuoteLib_Initialize ¡GB222875498
[9696] 2016/03/08 14:39:14.008 SKQuoteLib_Initialize ¡Ghttps://order2.capital.com.tw/
[9696] 2016/03/08 14:39:15.791 SKQuoteLib_Initialize  SUCCESS 
[9696] 2016/03/08 14:39:15.812 SKQuoteLib_EnterMonitor IP¡Ginfo10.capital.com.tw
[9696] 2016/03/08 14:39:15.814 SKQuoteLib_AttachConnectionCallBack 
[9696] 2016/03/08 14:39:15.815 SKQuoteLib_AttachQuoteCallBack 
[9696] 2016/03/08 14:39:15.816 SKQuoteLib_AttachBest5CallBack 
[9696] 2016/03/08 14:39:17.528 SocketConnect Type¡G100  ErrorCode¡G0
[9696] 2016/03/08 14:39:18.955 Stocks Ready
[9696] 2016/03/08 14:39:36.025 SKQuoteLib_RequestStocks (1,TSEA,TX00,TX03,TX04,TX06,TX09,TX12,TE00,TE03,TE04,TE06,TE09,TE12,TF00,TF03,TF04,TF06,TF09,TF12)
[9696] 2016/03/08 14:39:36.026 Divide StockNo {TSEA}
[9696] 2016/03/08 14:39:36.027 Add Basket MarketNo¡G0 StockIdx¡G10536
[9696] 2016/03/08 14:39:36.028 Divide StockNo {TX00}
[9696] 2016/03/08 14:39:36.028 Add Basket MarketNo¡G2 StockIdx¡G0
[9696] 2016/03/08 14:39:36.028 Divide StockNo {TX03}
[9696] 2016/03/08 14:39:36.029 Add Basket MarketNo¡G2 StockIdx¡G1
[9696] 2016/03/08 14:39:36.029 Divide StockNo {TX04}
[9696] 2016/03/08 14:39:36.030 Add Basket MarketNo¡G2 StockIdx¡G2
[9696] 2016/03/08 14:39:36.030 Divide StockNo {TX06}
[9696] 2016/03/08 14:39:36.030 Add Basket MarketNo¡G2 StockIdx¡G3
[9696] 2016/03/08 14:39:36.031 Divide StockNo {TX09}
[9696] 2016/03/08 14:39:36.031 Add Basket MarketNo¡G2 StockIdx¡G4
[9696] 2016/03/08 14:39:36.032 Divide StockNo {TX12}
[9696] 2016/03/08 14:39:36.033 Add Basket MarketNo¡G2 StockIdx¡G5
[9696] 2016/03/08 14:39:36.033 Divide StockNo {TE00}
[9696] 2016/03/08 14:39:36.033 Add Basket MarketNo¡G2 StockIdx¡G14
[9696] 2016/03/08 14:39:36.034 Divide StockNo {TE03}
[9696] 2016/03/08 14:39:36.034 Add Basket MarketNo¡G2 StockIdx¡G15
[9696] 2016/03/08 14:39:36.035 Divide StockNo {TE04}
[9696] 2016/03/08 14:39:36.035 Add Basket MarketNo¡G2 StockIdx¡G16
[9696] 2016/03/08 14:39:36.036 Divide StockNo {TE06}
[9696] 2016/03/08 14:39:36.036 Add Basket MarketNo¡G2 StockIdx¡G17
[9696] 2016/03/08 14:39:36.037 Divide StockNo {TE09}
[9696] 2016/03/08 14:39:36.037 Add Basket MarketNo¡G2 StockIdx¡G18
[9696] 2016/03/08 14:39:36.038 Divide StockNo {TE12}
[9696] 2016/03/08 14:39:36.038 Add Basket MarketNo¡G2 StockIdx¡G19
[9696] 2016/03/08 14:39:36.039 Divide StockNo {TF00}
[9696] 2016/03/08 14:39:36.039 Add Basket MarketNo¡G2 StockIdx¡G20
[9696] 2016/03/08 14:39:36.039 Divide StockNo {TF03}
[9696] 2016/03/08 14:39:36.040 Add Basket MarketNo¡G2 StockIdx¡G21
[9696] 2016/03/08 14:39:36.040 Divide StockNo {TF04}
[9696] 2016/03/08 14:39:36.041 Add Basket MarketNo¡G2 StockIdx¡G22
[9696] 2016/03/08 14:39:36.041 Divide StockNo {TF06}
[9696] 2016/03/08 14:39:36.042 Add Basket MarketNo¡G2 StockIdx¡G23
[9696] 2016/03/08 14:39:36.042 Divide StockNo {TF09}
[9696] 2016/03/08 14:39:36.043 Add Basket MarketNo¡G2 StockIdx¡G24
[9696] 2016/03/08 14:39:36.043 Divide StockNo {TF12}
[9696] 2016/03/08 14:39:36.043 Add Basket MarketNo¡G2 StockIdx¡G25
[9696] 2016/03/08 14:39:36.044 SKQuoteLib_RequestStocks Page 1
[9696] 2016/03/08 14:39:36.075 SKQuoteLib_RequestTicks (0,TSEA)
[9696] 2016/03/08 14:39:36.076 SKQuoteLib_RequestTicks (0,TX00)
[9696] 2016/03/08 14:39:36.081 SKQuoteLib_RequestTicks (0,TX03)
[9696] 2016/03/08 14:39:36.085 SKQuoteLib_RequestTicks (0,TX04)
[9696] 2016/03/08 14:39:36.086 SKQuoteLib_RequestTicks (0,TX06)
[9696] 2016/03/08 14:39:36.091 SKQuoteLib_RequestTicks (0,TX09)
[9696] 2016/03/08 14:39:36.095 SKQuoteLib_RequestTicks (0,TX12)
[9696] 2016/03/08 14:39:36.097 SKQuoteLib_RequestTicks (0,TE00)
[9696] 2016/03/08 14:39:36.102 SKQuoteLib_RequestTicks (0,TE03)
[9696] 2016/03/08 14:39:36.106 SKQuoteLib_RequestTicks (0,TE04)
[9696] 2016/03/08 14:39:36.107 SKQuoteLib_RequestTicks (0,TE06)
[9696] 2016/03/08 14:39:36.113 SKQuoteLib_RequestTicks (0,TE09)
[9696] 2016/03/08 14:39:36.118 SKQuoteLib_RequestTicks (0,TE12)
[9696] 2016/03/08 14:39:36.119 SKQuoteLib_RequestTicks (0,TF00)
[9696] 2016/03/08 14:39:36.124 SKQuoteLib_RequestTicks (0,TF03)
[9696] 2016/03/08 14:39:36.128 SKQuoteLib_RequestTicks (0,TF04)
[9696] 2016/03/08 14:39:36.130 SKQuoteLib_RequestTicks (0,TF06)
[9696] 2016/03/08 14:39:36.134 SKQuoteLib_RequestTicks (0,TF09)
[9696] 2016/03/08 14:39:36.139 SKQuoteLib_RequestTicks (0,TF12)
[8820] 2016/03/08 14:40:43.472 API InitInstance 
[8820] 2016/03/08 14:40:43.474 SKQuoteLib_Initialize ¡GB222875498
[8820] 2016/03/08 14:40:43.475 SKQuoteLib_Initialize ¡Ghttps://order2.capital.com.tw/
[8820] 2016/03/08 14:40:45.204 SKQuoteLib_Initialize  SUCCESS 
[8820] 2016/03/08 14:40:45.226 SKQuoteLib_EnterMonitor IP¡Ginfo21.capital.com.tw
[8820] 2016/03/08 14:40:45.229 SKQuoteLib_AttachConnectionCallBack 
[8820] 2016/03/08 14:40:45.229 SKQuoteLib_AttachQuoteCallBack 
[8820] 2016/03/08 14:40:45.230 SKQuoteLib_AttachBest5CallBack 
[8820] 2016/03/08 14:40:46.934 SocketConnect Type¡G100  ErrorCode¡G0
[8820] 2016/03/08 14:40:48.326 Stocks Ready
[8820] 2016/03/08 14:41:05.676 SKQuoteLib_RequestStocks (1,TSEA,TX00,TX03,TX04,TX06,TX09,TX12,TE00,TE03,TE04,TE06,TE09,TE12,TF00,TF03,TF04,TF06,TF09,TF12)
[8820] 2016/03/08 14:41:05.678 Divide StockNo {TSEA}
[8820] 2016/03/08 14:41:05.678 Add Basket MarketNo¡G0 StockIdx¡G10536
[8820] 2016/03/08 14:41:05.678 Divide StockNo {TX00}
[8820] 2016/03/08 14:41:05.679 Add Basket MarketNo¡G2 StockIdx¡G0
[8820] 2016/03/08 14:41:05.679 Divide StockNo {TX03}
[8820] 2016/03/08 14:41:05.680 Add Basket MarketNo¡G2 StockIdx¡G1
[8820] 2016/03/08 14:41:05.680 Divide StockNo {TX04}
[8820] 2016/03/08 14:41:05.681 Add Basket MarketNo¡G2 StockIdx¡G2
[8820] 2016/03/08 14:41:05.681 Divide StockNo {TX06}
[8820] 2016/03/08 14:41:05.682 Add Basket MarketNo¡G2 StockIdx¡G3
[8820] 2016/03/08 14:41:05.682 Divide StockNo {TX09}
[8820] 2016/03/08 14:41:05.683 Add Basket MarketNo¡G2 StockIdx¡G4
[8820] 2016/03/08 14:41:05.683 Divide StockNo {TX12}
[8820] 2016/03/08 14:41:05.683 Add Basket MarketNo¡G2 StockIdx¡G5
[8820] 2016/03/08 14:41:05.684 Divide StockNo {TE00}
[8820] 2016/03/08 14:41:05.684 Add Basket MarketNo¡G2 StockIdx¡G14
[8820] 2016/03/08 14:41:05.685 Divide StockNo {TE03}
[8820] 2016/03/08 14:41:05.685 Add Basket MarketNo¡G2 StockIdx¡G15
[8820] 2016/03/08 14:41:05.686 Divide StockNo {TE04}
[8820] 2016/03/08 14:41:05.686 Add Basket MarketNo¡G2 StockIdx¡G16
[8820] 2016/03/08 14:41:05.687 Divide StockNo {TE06}
[8820] 2016/03/08 14:41:05.687 Add Basket MarketNo¡G2 StockIdx¡G17
[8820] 2016/03/08 14:41:05.688 Divide StockNo {TE09}
[8820] 2016/03/08 14:41:05.688 Add Basket MarketNo¡G2 StockIdx¡G18
[8820] 2016/03/08 14:41:05.688 Divide StockNo {TE12}
[8820] 2016/03/08 14:41:05.689 Add Basket MarketNo¡G2 StockIdx¡G19
[8820] 2016/03/08 14:41:05.689 Divide StockNo {TF00}
[8820] 2016/03/08 14:41:05.690 Add Basket MarketNo¡G2 StockIdx¡G20
[8820] 2016/03/08 14:41:05.690 Divide StockNo {TF03}
[8820] 2016/03/08 14:41:05.691 Add Basket MarketNo¡G2 StockIdx¡G21
[8820] 2016/03/08 14:41:05.691 Divide StockNo {TF04}
[8820] 2016/03/08 14:41:05.692 Add Basket MarketNo¡G2 StockIdx¡G22
[8820] 2016/03/08 14:41:05.692 Divide StockNo {TF06}
[8820] 2016/03/08 14:41:05.693 Add Basket MarketNo¡G2 StockIdx¡G23
[8820] 2016/03/08 14:41:05.693 Divide StockNo {TF09}
[8820] 2016/03/08 14:41:05.693 Add Basket MarketNo¡G2 StockIdx¡G24
[8820] 2016/03/08 14:41:05.694 Divide StockNo {TF12}
[8820] 2016/03/08 14:41:05.695 Add Basket MarketNo¡G2 StockIdx¡G25
[8820] 2016/03/08 14:41:05.695 SKQuoteLib_RequestStocks Page 1
[8820] 2016/03/08 14:41:05.722 SKQuoteLib_RequestTicks (0,TSEA)
[8820] 2016/03/08 14:41:05.724 SKQuoteLib_RequestTicks (0,TX00)
[8820] 2016/03/08 14:41:05.728 SKQuoteLib_RequestTicks (0,TX03)
[8820] 2016/03/08 14:41:05.731 SKQuoteLib_RequestTicks (0,TX04)
[8820] 2016/03/08 14:41:05.733 SKQuoteLib_RequestTicks (0,TX06)
[8820] 2016/03/08 14:41:05.737 SKQuoteLib_RequestTicks (0,TX09)
[8820] 2016/03/08 14:41:05.741 SKQuoteLib_RequestTicks (0,TX12)
[8820] 2016/03/08 14:41:05.743 SKQuoteLib_RequestTicks (0,TE00)
[8820] 2016/03/08 14:41:05.746 SKQuoteLib_RequestTicks (0,TE03)
[8820] 2016/03/08 14:41:05.750 SKQuoteLib_RequestTicks (0,TE04)
[8820] 2016/03/08 14:41:05.752 SKQuoteLib_RequestTicks (0,TE06)
[8820] 2016/03/08 14:41:05.756 SKQuoteLib_RequestTicks (0,TE09)
[8820] 2016/03/08 14:41:05.760 SKQuoteLib_RequestTicks (0,TE12)
[8820] 2016/03/08 14:41:05.761 SKQuoteLib_RequestTicks (0,TF00)
[8820] 2016/03/08 14:41:05.765 SKQuoteLib_RequestTicks (0,TF03)
[8820] 2016/03/08 14:41:05.768 SKQuoteLib_RequestTicks (0,TF04)
[8820] 2016/03/08 14:41:05.769 SKQuoteLib_RequestTicks (0,TF06)
[8820] 2016/03/08 14:41:05.773 SKQuoteLib_RequestTicks (0,TF09)
[8820] 2016/03/08 14:41:05.776 SKQuoteLib_RequestTicks (0,TF12)
[8820] 2016/03/08 14:41:46.928 Check Link Status 
[5204] 2016/03/08 16:19:42.987 API InitInstance 
[5204] 2016/03/08 16:19:42.990 SKQuoteLib_Initialize ¡GB222875498
[5204] 2016/03/08 16:19:42.991 SKQuoteLib_Initialize ¡Ghttps://order2.capital.com.tw/
[5204] 2016/03/08 16:19:44.764 SKQuoteLib_Initialize  SUCCESS 
[5204] 2016/03/08 16:19:44.783 SKQuoteLib_EnterMonitor IP¡Ginfo8.capital.com.tw
[5204] 2016/03/08 16:19:44.785 SKQuoteLib_AttachConnectionCallBack 
[5204] 2016/03/08 16:19:44.786 SKQuoteLib_AttachQuoteCallBack 
[5204] 2016/03/08 16:19:44.786 SKQuoteLib_AttachBest5CallBack 
[5204] 2016/03/08 16:19:46.673 SocketConnect Type¡G100  ErrorCode¡G0
[5204] 2016/03/08 16:19:48.044 Stocks Ready
[5204] 2016/03/08 16:20:05.402 SKQuoteLib_RequestStocks (1,TSEA,TX00,TX03,TX04,TX06,TX09,TX12,TE00,TE03,TE04,TE06,TE09,TE12,TF00,TF03,TF04,TF06,TF09,TF12)
[5204] 2016/03/08 16:20:05.403 Divide StockNo {TSEA}
[5204] 2016/03/08 16:20:05.404 Add Basket MarketNo¡G0 StockIdx¡G10536
[5204] 2016/03/08 16:20:05.404 Divide StockNo {TX00}
[5204] 2016/03/08 16:20:05.405 Add Basket MarketNo¡G2 StockIdx¡G0
[5204] 2016/03/08 16:20:05.405 Divide StockNo {TX03}
[5204] 2016/03/08 16:20:05.406 Add Basket MarketNo¡G2 StockIdx¡G1
[5204] 2016/03/08 16:20:05.406 Divide StockNo {TX04}
[5204] 2016/03/08 16:20:05.407 Add Basket MarketNo¡G2 StockIdx¡G2
[5204] 2016/03/08 16:20:05.407 Divide StockNo {TX06}
[5204] 2016/03/08 16:20:05.408 Add Basket MarketNo¡G2 StockIdx¡G3
[5204] 2016/03/08 16:20:05.408 Divide StockNo {TX09}
[5204] 2016/03/08 16:20:05.408 Add Basket MarketNo¡G2 StockIdx¡G4
[5204] 2016/03/08 16:20:05.409 Divide StockNo {TX12}
[5204] 2016/03/08 16:20:05.409 Add Basket MarketNo¡G2 StockIdx¡G5
[5204] 2016/03/08 16:20:05.410 Divide StockNo {TE00}
[5204] 2016/03/08 16:20:05.410 Add Basket MarketNo¡G2 StockIdx¡G14
[5204] 2016/03/08 16:20:05.411 Divide StockNo {TE03}
[5204] 2016/03/08 16:20:05.411 Add Basket MarketNo¡G2 StockIdx¡G15
[5204] 2016/03/08 16:20:05.412 Divide StockNo {TE04}
[5204] 2016/03/08 16:20:05.412 Add Basket MarketNo¡G2 StockIdx¡G16
[5204] 2016/03/08 16:20:05.413 Divide StockNo {TE06}
[5204] 2016/03/08 16:20:05.413 Add Basket MarketNo¡G2 StockIdx¡G17
[5204] 2016/03/08 16:20:05.413 Divide StockNo {TE09}
[5204] 2016/03/08 16:20:05.414 Add Basket MarketNo¡G2 StockIdx¡G18
[5204] 2016/03/08 16:20:05.414 Divide StockNo {TE12}
[5204] 2016/03/08 16:20:05.415 Add Basket MarketNo¡G2 StockIdx¡G19
[5204] 2016/03/08 16:20:05.415 Divide StockNo {TF00}
[5204] 2016/03/08 16:20:05.416 Add Basket MarketNo¡G2 StockIdx¡G20
[5204] 2016/03/08 16:20:05.416 Divide StockNo {TF03}
[5204] 2016/03/08 16:20:05.417 Add Basket MarketNo¡G2 StockIdx¡G21
[5204] 2016/03/08 16:20:05.417 Divide StockNo {TF04}
[5204] 2016/03/08 16:20:05.418 Add Basket MarketNo¡G2 StockIdx¡G22
[5204] 2016/03/08 16:20:05.418 Divide StockNo {TF06}
[5204] 2016/03/08 16:20:05.418 Add Basket MarketNo¡G2 StockIdx¡G23
[5204] 2016/03/08 16:20:05.419 Divide StockNo {TF09}
[5204] 2016/03/08 16:20:05.419 Add Basket MarketNo¡G2 StockIdx¡G24
[5204] 2016/03/08 16:20:05.420 Divide StockNo {TF12}
[5204] 2016/03/08 16:20:05.420 Add Basket MarketNo¡G2 StockIdx¡G25
[5204] 2016/03/08 16:20:05.421 SKQuoteLib_RequestStocks Page 1
[5204] 2016/03/08 16:20:05.447 SKQuoteLib_RequestTicks (0,TSEA)
[5204] 2016/03/08 16:20:05.451 SKQuoteLib_RequestTicks (0,TX00)
[5204] 2016/03/08 16:20:05.455 SKQuoteLib_RequestTicks (0,TX03)
[5204] 2016/03/08 16:20:05.456 SKQuoteLib_RequestTicks (0,TX04)
[5204] 2016/03/08 16:20:05.461 SKQuoteLib_RequestTicks (0,TX06)
[5204] 2016/03/08 16:20:05.465 SKQuoteLib_RequestTicks (0,TX09)
[5204] 2016/03/08 16:20:05.465 SKQuoteLib_RequestTicks (0,TX12)
[5204] 2016/03/08 16:20:05.467 SKQuoteLib_RequestTicks (0,TE00)
[5204] 2016/03/08 16:20:05.471 SKQuoteLib_RequestTicks (0,TE03)
[5204] 2016/03/08 16:20:05.475 SKQuoteLib_RequestTicks (0,TE04)
[5204] 2016/03/08 16:20:05.476 SKQuoteLib_RequestTicks (0,TE06)
[5204] 2016/03/08 16:20:05.480 SKQuoteLib_RequestTicks (0,TE09)
[5204] 2016/03/08 16:20:05.484 SKQuoteLib_RequestTicks (0,TE12)
[5204] 2016/03/08 16:20:05.485 SKQuoteLib_RequestTicks (0,TF00)
[5204] 2016/03/08 16:20:05.489 SKQuoteLib_RequestTicks (0,TF03)
[5204] 2016/03/08 16:20:05.493 SKQuoteLib_RequestTicks (0,TF04)
[5204] 2016/03/08 16:20:05.494 SKQuoteLib_RequestTicks (0,TF06)
[5204] 2016/03/08 16:20:05.498 SKQuoteLib_RequestTicks (0,TF09)
[5204] 2016/03/08 16:20:05.502 SKQuoteLib_RequestTicks (0,TF12)
[5204] 2016/03/08 16:20:46.661 Check Link Status 
[5204] 2016/03/08 16:21:46.662 Check Link Status 
[9900] 2016/03/08 16:24:08.814 API InitInstance 
[9900] 2016/03/08 16:24:08.817 SKQuoteLib_Initialize ¡GB222875498
[9900] 2016/03/08 16:24:08.818 SKQuoteLib_Initialize ¡Ghttps://order2.capital.com.tw/
[9900] 2016/03/08 16:24:10.619 SKQuoteLib_Initialize  SUCCESS 
[9900] 2016/03/08 16:24:10.643 SKQuoteLib_EnterMonitor IP¡Ginfo10.capital.com.tw
[9900] 2016/03/08 16:24:10.646 SKQuoteLib_AttachConnectionCallBack 
[9900] 2016/03/08 16:24:10.648 SKQuoteLib_AttachQuoteCallBack 
[9900] 2016/03/08 16:24:10.649 SKQuoteLib_AttachBest5CallBack 
[9900] 2016/03/08 16:24:12.414 SocketConnect Type¡G100  ErrorCode¡G0
[9900] 2016/03/08 16:24:13.830 Stocks Ready
[9900] 2016/03/08 16:24:31.056 SKQuoteLib_RequestStocks (1,TSEA,TX00,TX03,TX04,TX06,TX09,TX12,TE00,TE03,TE04,TE06,TE09,TE12,TF00,TF03,TF04,TF06,TF09,TF12)
[9900] 2016/03/08 16:24:31.057 Divide StockNo {TSEA}
[9900] 2016/03/08 16:24:31.057 Add Basket MarketNo¡G0 StockIdx¡G10536
[9900] 2016/03/08 16:24:31.058 Divide StockNo {TX00}
[9900] 2016/03/08 16:24:31.058 Add Basket MarketNo¡G2 StockIdx¡G0
[9900] 2016/03/08 16:24:31.059 Divide StockNo {TX03}
[9900] 2016/03/08 16:24:31.059 Add Basket MarketNo¡G2 StockIdx¡G1
[9900] 2016/03/08 16:24:31.060 Divide StockNo {TX04}
[9900] 2016/03/08 16:24:31.060 Add Basket MarketNo¡G2 StockIdx¡G2
[9900] 2016/03/08 16:24:31.061 Divide StockNo {TX06}
[9900] 2016/03/08 16:24:31.061 Add Basket MarketNo¡G2 StockIdx¡G3
[9900] 2016/03/08 16:24:31.062 Divide StockNo {TX09}
[9900] 2016/03/08 16:24:31.062 Add Basket MarketNo¡G2 StockIdx¡G4
[9900] 2016/03/08 16:24:31.062 Divide StockNo {TX12}
[9900] 2016/03/08 16:24:31.063 Add Basket MarketNo¡G2 StockIdx¡G5
[9900] 2016/03/08 16:24:31.063 Divide StockNo {TE00}
[9900] 2016/03/08 16:24:31.064 Add Basket MarketNo¡G2 StockIdx¡G14
[9900] 2016/03/08 16:24:31.064 Divide StockNo {TE03}
[9900] 2016/03/08 16:24:31.065 Add Basket MarketNo¡G2 StockIdx¡G15
[9900] 2016/03/08 16:24:31.065 Divide StockNo {TE04}
[9900] 2016/03/08 16:24:31.066 Add Basket MarketNo¡G2 StockIdx¡G16
[9900] 2016/03/08 16:24:31.066 Divide StockNo {TE06}
[9900] 2016/03/08 16:24:31.067 Add Basket MarketNo¡G2 StockIdx¡G17
[9900] 2016/03/08 16:24:31.067 Divide StockNo {TE09}
[9900] 2016/03/08 16:24:31.067 Add Basket MarketNo¡G2 StockIdx¡G18
[9900] 2016/03/08 16:24:31.068 Divide StockNo {TE12}
[9900] 2016/03/08 16:24:31.068 Add Basket MarketNo¡G2 StockIdx¡G19
[9900] 2016/03/08 16:24:31.069 Divide StockNo {TF00}
[9900] 2016/03/08 16:24:31.069 Add Basket MarketNo¡G2 StockIdx¡G20
[9900] 2016/03/08 16:24:31.070 Divide StockNo {TF03}
[9900] 2016/03/08 16:24:31.070 Add Basket MarketNo¡G2 StockIdx¡G21
[9900] 2016/03/08 16:24:31.071 Divide StockNo {TF04}
[9900] 2016/03/08 16:24:31.071 Add Basket MarketNo¡G2 StockIdx¡G22
[9900] 2016/03/08 16:24:31.072 Divide StockNo {TF06}
[9900] 2016/03/08 16:24:31.072 Add Basket MarketNo¡G2 StockIdx¡G23
[9900] 2016/03/08 16:24:31.073 Divide StockNo {TF09}
[9900] 2016/03/08 16:24:31.073 Add Basket MarketNo¡G2 StockIdx¡G24
[9900] 2016/03/08 16:24:31.074 Divide StockNo {TF12}
[9900] 2016/03/08 16:24:31.074 Add Basket MarketNo¡G2 StockIdx¡G25
[9900] 2016/03/08 16:24:31.075 SKQuoteLib_RequestStocks Page 1
[9900] 2016/03/08 16:24:31.099 SKQuoteLib_RequestTicks (0,TSEA)
[9900] 2016/03/08 16:24:31.101 SKQuoteLib_RequestTicks (0,TX00)
[9900] 2016/03/08 16:24:31.107 SKQuoteLib_RequestTicks (0,TX03)
[9900] 2016/03/08 16:24:31.111 SKQuoteLib_RequestTicks (0,TX04)
[9900] 2016/03/08 16:24:31.112 SKQuoteLib_RequestTicks (0,TX06)
[9900] 2016/03/08 16:24:31.116 SKQuoteLib_RequestTicks (0,TX09)
[9900] 2016/03/08 16:24:31.119 SKQuoteLib_RequestTicks (0,TX12)
[9900] 2016/03/08 16:24:31.121 SKQuoteLib_RequestTicks (0,TE00)
[9900] 2016/03/08 16:24:31.125 SKQuoteLib_RequestTicks (0,TE03)
[9900] 2016/03/08 16:24:31.128 SKQuoteLib_RequestTicks (0,TE04)
[9900] 2016/03/08 16:24:31.130 SKQuoteLib_RequestTicks (0,TE06)
[9900] 2016/03/08 16:24:31.133 SKQuoteLib_RequestTicks (0,TE09)
[9900] 2016/03/08 16:24:31.137 SKQuoteLib_RequestTicks (0,TE12)
[9900] 2016/03/08 16:24:31.138 SKQuoteLib_RequestTicks (0,TF00)
[9900] 2016/03/08 16:24:31.142 SKQuoteLib_RequestTicks (0,TF03)
[9900] 2016/03/08 16:24:31.145 SKQuoteLib_RequestTicks (0,TF04)
[9900] 2016/03/08 16:24:31.146 SKQuoteLib_RequestTicks (0,TF06)
[9900] 2016/03/08 16:24:31.150 SKQuoteLib_RequestTicks (0,TF09)
[9900] 2016/03/08 16:24:31.153 SKQuoteLib_RequestTicks (0,TF12)
[3164] 2016/03/08 16:25:18.342 API InitInstance 
[3164] 2016/03/08 16:25:18.344 SKQuoteLib_Initialize ¡GB222875498
[3164] 2016/03/08 16:25:18.344 SKQuoteLib_Initialize ¡Ghttps://order2.capital.com.tw/
[3164] 2016/03/08 16:25:19.959 SKQuoteLib_Initialize  SUCCESS 
[3164] 2016/03/08 16:25:19.965 SKQuoteLib_EnterMonitor IP¡Ginfo8.capital.com.tw
[3164] 2016/03/08 16:25:19.968 SKQuoteLib_AttachConnectionCallBack 
[3164] 2016/03/08 16:25:19.970 SKQuoteLib_AttachQuoteCallBack 
[3164] 2016/03/08 16:25:19.971 SKQuoteLib_AttachBest5CallBack 
[3164] 2016/03/08 16:25:22.116 SocketConnect Type¡G100  ErrorCode¡G0
[3164] 2016/03/08 16:25:23.503 Stocks Ready
[3164] 2016/03/08 16:25:40.913 SKQuoteLib_RequestStocks (1,TSEA,TX00,TX03,TX04,TX06,TX09,TX12,TE00,TE03,TE04,TE06,TE09,TE12,TF00,TF03,TF04,TF06,TF09,TF12)
[3164] 2016/03/08 16:25:40.915 Divide StockNo {TSEA}
[3164] 2016/03/08 16:25:40.915 Add Basket MarketNo¡G0 StockIdx¡G10536
[3164] 2016/03/08 16:25:40.916 Divide StockNo {TX00}
[3164] 2016/03/08 16:25:40.916 Add Basket MarketNo¡G2 StockIdx¡G0
[3164] 2016/03/08 16:25:40.917 Divide StockNo {TX03}
[3164] 2016/03/08 16:25:40.917 Add Basket MarketNo¡G2 StockIdx¡G1
[3164] 2016/03/08 16:25:40.918 Divide StockNo {TX04}
[3164] 2016/03/08 16:25:40.918 Add Basket MarketNo¡G2 StockIdx¡G2
[3164] 2016/03/08 16:25:40.919 Divide StockNo {TX06}
[3164] 2016/03/08 16:25:40.919 Add Basket MarketNo¡G2 StockIdx¡G3
[3164] 2016/03/08 16:25:40.920 Divide StockNo {TX09}
[3164] 2016/03/08 16:25:40.920 Add Basket MarketNo¡G2 StockIdx¡G4
[3164] 2016/03/08 16:25:40.921 Divide StockNo {TX12}
[3164] 2016/03/08 16:25:40.921 Add Basket MarketNo¡G2 StockIdx¡G5
[3164] 2016/03/08 16:25:40.921 Divide StockNo {TE00}
[3164] 2016/03/08 16:25:40.922 Add Basket MarketNo¡G2 StockIdx¡G14
[3164] 2016/03/08 16:25:40.922 Divide StockNo {TE03}
[3164] 2016/03/08 16:25:40.923 Add Basket MarketNo¡G2 StockIdx¡G15
[3164] 2016/03/08 16:25:40.923 Divide StockNo {TE04}
[3164] 2016/03/08 16:25:40.924 Add Basket MarketNo¡G2 StockIdx¡G16
[3164] 2016/03/08 16:25:40.924 Divide StockNo {TE06}
[3164] 2016/03/08 16:25:40.925 Add Basket MarketNo¡G2 StockIdx¡G17
[3164] 2016/03/08 16:25:40.925 Divide StockNo {TE09}
[3164] 2016/03/08 16:25:40.925 Add Basket MarketNo¡G2 StockIdx¡G18
[3164] 2016/03/08 16:25:40.926 Divide StockNo {TE12}
[3164] 2016/03/08 16:25:40.927 Add Basket MarketNo¡G2 StockIdx¡G19
[3164] 2016/03/08 16:25:40.927 Divide StockNo {TF00}
[3164] 2016/03/08 16:25:40.928 Add Basket MarketNo¡G2 StockIdx¡G20
[3164] 2016/03/08 16:25:40.928 Divide StockNo {TF03}
[3164] 2016/03/08 16:25:40.929 Add Basket MarketNo¡G2 StockIdx¡G21
[3164] 2016/03/08 16:25:40.929 Divide StockNo {TF04}
[3164] 2016/03/08 16:25:40.929 Add Basket MarketNo¡G2 StockIdx¡G22
[3164] 2016/03/08 16:25:40.930 Divide StockNo {TF06}
[3164] 2016/03/08 16:25:40.930 Add Basket MarketNo¡G2 StockIdx¡G23
[3164] 2016/03/08 16:25:40.931 Divide StockNo {TF09}
[3164] 2016/03/08 16:25:40.932 Add Basket MarketNo¡G2 StockIdx¡G24
[3164] 2016/03/08 16:25:40.932 Divide StockNo {TF12}
[3164] 2016/03/08 16:25:40.933 Add Basket MarketNo¡G2 StockIdx¡G25
[3164] 2016/03/08 16:25:40.933 SKQuoteLib_RequestStocks Page 1
[3164] 2016/03/08 16:25:40.958 SKQuoteLib_RequestTicks (0,TSEA)
[3164] 2016/03/08 16:25:40.960 SKQuoteLib_RequestTicks (0,TX00)
[3164] 2016/03/08 16:25:40.964 SKQuoteLib_RequestTicks (0,TX03)
[3164] 2016/03/08 16:25:40.974 SKQuoteLib_RequestTicks (0,TX04)
[3164] 2016/03/08 16:25:40.975 SKQuoteLib_RequestTicks (0,TX06)
[3164] 2016/03/08 16:25:40.980 SKQuoteLib_RequestTicks (0,TX09)
[3164] 2016/03/08 16:25:40.984 SKQuoteLib_RequestTicks (0,TX12)
[3164] 2016/03/08 16:25:40.985 SKQuoteLib_RequestTicks (0,TE00)
[3164] 2016/03/08 16:25:40.989 SKQuoteLib_RequestTicks (0,TE03)
[3164] 2016/03/08 16:25:40.993 SKQuoteLib_RequestTicks (0,TE04)
[3164] 2016/03/08 16:25:40.994 SKQuoteLib_RequestTicks (0,TE06)
[3164] 2016/03/08 16:25:40.998 SKQuoteLib_RequestTicks (0,TE09)
[3164] 2016/03/08 16:25:41.002 SKQuoteLib_RequestTicks (0,TE12)
[3164] 2016/03/08 16:25:41.003 SKQuoteLib_RequestTicks (0,TF00)
[3164] 2016/03/08 16:25:41.007 SKQuoteLib_RequestTicks (0,TF03)
[3164] 2016/03/08 16:25:41.011 SKQuoteLib_RequestTicks (0,TF04)
[3164] 2016/03/08 16:25:41.013 SKQuoteLib_RequestTicks (0,TF06)
[3164] 2016/03/08 16:25:41.017 SKQuoteLib_RequestTicks (0,TF09)
[3164] 2016/03/08 16:25:41.023 SKQuoteLib_RequestTicks (0,TF12)
[4052] 2016/03/08 16:26:13.251 API InitInstance 
[4052] 2016/03/08 16:26:13.254 SKQuoteLib_Initialize ¡GB222875498
[4052] 2016/03/08 16:26:13.254 SKQuoteLib_Initialize ¡Ghttps://order2.capital.com.tw/
[4052] 2016/03/08 16:26:14.901 SKQuoteLib_Initialize  SUCCESS 
[4052] 2016/03/08 16:26:14.906 SKQuoteLib_EnterMonitor IP¡Ginfo10.capital.com.tw
[4052] 2016/03/08 16:26:14.909 SKQuoteLib_AttachConnectionCallBack 
[4052] 2016/03/08 16:26:14.910 SKQuoteLib_AttachQuoteCallBack 
[4052] 2016/03/08 16:26:14.911 SKQuoteLib_AttachBest5CallBack 
[4052] 2016/03/08 16:26:16.526 SocketConnect Type¡G100  ErrorCode¡G0
[4052] 2016/03/08 16:26:17.921 Stocks Ready
[4052] 2016/03/08 16:26:35.058 SKQuoteLib_RequestStocks (1,TSEA,TX00,TX03,TX04,TX06,TX09,TX12,TE00,TE03,TE04,TE06,TE09,TE12,TF00,TF03,TF04,TF06,TF09,TF12)
[4052] 2016/03/08 16:26:35.059 Divide StockNo {TSEA}
[4052] 2016/03/08 16:26:35.059 Add Basket MarketNo¡G0 StockIdx¡G10536
[4052] 2016/03/08 16:26:35.060 Divide StockNo {TX00}
[4052] 2016/03/08 16:26:35.060 Add Basket MarketNo¡G2 StockIdx¡G0
[4052] 2016/03/08 16:26:35.061 Divide StockNo {TX03}
[4052] 2016/03/08 16:26:35.061 Add Basket MarketNo¡G2 StockIdx¡G1
[4052] 2016/03/08 16:26:35.062 Divide StockNo {TX04}
[4052] 2016/03/08 16:26:35.062 Add Basket MarketNo¡G2 StockIdx¡G2
[4052] 2016/03/08 16:26:35.063 Divide StockNo {TX06}
[4052] 2016/03/08 16:26:35.063 Add Basket MarketNo¡G2 StockIdx¡G3
[4052] 2016/03/08 16:26:35.064 Divide StockNo {TX09}
[4052] 2016/03/08 16:26:35.064 Add Basket MarketNo¡G2 StockIdx¡G4
[4052] 2016/03/08 16:26:35.065 Divide StockNo {TX12}
[4052] 2016/03/08 16:26:35.065 Add Basket MarketNo¡G2 StockIdx¡G5
[4052] 2016/03/08 16:26:35.066 Divide StockNo {TE00}
[4052] 2016/03/08 16:26:35.066 Add Basket MarketNo¡G2 StockIdx¡G14
[4052] 2016/03/08 16:26:35.067 Divide StockNo {TE03}
[4052] 2016/03/08 16:26:35.067 Add Basket MarketNo¡G2 StockIdx¡G15
[4052] 2016/03/08 16:26:35.067 Divide StockNo {TE04}
[4052] 2016/03/08 16:26:35.068 Add Basket MarketNo¡G2 StockIdx¡G16
[4052] 2016/03/08 16:26:35.069 Divide StockNo {TE06}
[4052] 2016/03/08 16:26:35.069 Add Basket MarketNo¡G2 StockIdx¡G17
[4052] 2016/03/08 16:26:35.070 Divide StockNo {TE09}
[4052] 2016/03/08 16:26:35.070 Add Basket MarketNo¡G2 StockIdx¡G18
[4052] 2016/03/08 16:26:35.071 Divide StockNo {TE12}
[4052] 2016/03/08 16:26:35.071 Add Basket MarketNo¡G2 StockIdx¡G19
[4052] 2016/03/08 16:26:35.071 Divide StockNo {TF00}
[4052] 2016/03/08 16:26:35.072 Add Basket MarketNo¡G2 StockIdx¡G20
[4052] 2016/03/08 16:26:35.072 Divide StockNo {TF03}
[4052] 2016/03/08 16:26:35.073 Add Basket MarketNo¡G2 StockIdx¡G21
[4052] 2016/03/08 16:26:35.073 Divide StockNo {TF04}
[4052] 2016/03/08 16:26:35.073 Add Basket MarketNo¡G2 StockIdx¡G22
[4052] 2016/03/08 16:26:35.074 Divide StockNo {TF06}
[4052] 2016/03/08 16:26:35.074 Add Basket MarketNo¡G2 StockIdx¡G23
[4052] 2016/03/08 16:26:35.075 Divide StockNo {TF09}
[4052] 2016/03/08 16:26:35.075 Add Basket MarketNo¡G2 StockIdx¡G24
[4052] 2016/03/08 16:26:35.076 Divide StockNo {TF12}
[4052] 2016/03/08 16:26:35.077 Add Basket MarketNo¡G2 StockIdx¡G25
[4052] 2016/03/08 16:26:35.077 SKQuoteLib_RequestStocks Page 1
[4052] 2016/03/08 16:26:35.099 SKQuoteLib_RequestTicks (0,TSEA)
[4052] 2016/03/08 16:26:35.102 SKQuoteLib_RequestTicks (0,TX00)
[4052] 2016/03/08 16:26:35.103 SKQuoteLib_RequestTicks (0,TX03)
[4052] 2016/03/08 16:26:35.107 SKQuoteLib_RequestTicks (0,TX04)
[4052] 2016/03/08 16:26:35.111 SKQuoteLib_RequestTicks (0,TX06)
[4052] 2016/03/08 16:26:35.112 SKQuoteLib_RequestTicks (0,TX09)
[4052] 2016/03/08 16:26:35.116 SKQuoteLib_RequestTicks (0,TX12)
[4052] 2016/03/08 16:26:35.120 SKQuoteLib_RequestTicks (0,TE00)
[4052] 2016/03/08 16:26:35.122 SKQuoteLib_RequestTicks (0,TE03)
[4052] 2016/03/08 16:26:35.126 SKQuoteLib_RequestTicks (0,TE04)
[4052] 2016/03/08 16:26:35.129 SKQuoteLib_RequestTicks (0,TE06)
[4052] 2016/03/08 16:26:35.130 SKQuoteLib_RequestTicks (0,TE09)
[4052] 2016/03/08 16:26:35.134 SKQuoteLib_RequestTicks (0,TE12)
[4052] 2016/03/08 16:26:35.138 SKQuoteLib_RequestTicks (0,TF00)
[4052] 2016/03/08 16:26:35.139 SKQuoteLib_RequestTicks (0,TF03)
[4052] 2016/03/08 16:26:35.143 SKQuoteLib_RequestTicks (0,TF04)
[4052] 2016/03/08 16:26:35.150 SKQuoteLib_RequestTicks (0,TF06)
[4052] 2016/03/08 16:26:35.151 SKQuoteLib_RequestTicks (0,TF09)
[4052] 2016/03/08 16:26:35.155 SKQuoteLib_RequestTicks (0,TF12)
[4052] 2016/03/08 16:27:16.523 Check Link Status 
[5920] 2016/03/08 16:30:57.221 API InitInstance 
[5920] 2016/03/08 16:30:57.224 SKQuoteLib_Initialize ¡GB222875498
[5920] 2016/03/08 16:30:57.224 SKQuoteLib_Initialize ¡Ghttps://order2.capital.com.tw/
[5920] 2016/03/08 16:30:58.788 SKQuoteLib_Initialize  SUCCESS 
[5920] 2016/03/08 16:30:58.811 SKQuoteLib_EnterMonitor IP¡Ginfo16.capital.com.tw
[5920] 2016/03/08 16:30:58.813 SKQuoteLib_AttachConnectionCallBack 
[5920] 2016/03/08 16:30:58.814 SKQuoteLib_AttachQuoteCallBack 
[5920] 2016/03/08 16:30:58.815 SKQuoteLib_AttachBest5CallBack 
[5920] 2016/03/08 16:31:00.551 SocketConnect Type¡G100  ErrorCode¡G0
[5920] 2016/03/08 16:31:02.038 Stocks Ready
[5920] 2016/03/08 16:31:17.597 SKQuoteLib_RequestStocks (1,TSEA,TX00,TX03,TX04,TX06,TX09,TX12,TE00,TE03,TE04,TE06,TE09,TE12,TF00,TF03,TF04,TF06,TF09,TF12)
[5920] 2016/03/08 16:31:17.598 Divide StockNo {TSEA}
[5920] 2016/03/08 16:31:17.598 Add Basket MarketNo¡G0 StockIdx¡G10536
[5920] 2016/03/08 16:31:17.599 Divide StockNo {TX00}
[5920] 2016/03/08 16:31:17.599 Add Basket MarketNo¡G2 StockIdx¡G0
[5920] 2016/03/08 16:31:17.600 Divide StockNo {TX03}
[5920] 2016/03/08 16:31:17.600 Add Basket MarketNo¡G2 StockIdx¡G1
[5920] 2016/03/08 16:31:17.600 Divide StockNo {TX04}
[5920] 2016/03/08 16:31:17.601 Add Basket MarketNo¡G2 StockIdx¡G2
[5920] 2016/03/08 16:31:17.601 Divide StockNo {TX06}
[5920] 2016/03/08 16:31:17.602 Add Basket MarketNo¡G2 StockIdx¡G3
[5920] 2016/03/08 16:31:17.602 Divide StockNo {TX09}
[5920] 2016/03/08 16:31:17.603 Add Basket MarketNo¡G2 StockIdx¡G4
[5920] 2016/03/08 16:31:17.603 Divide StockNo {TX12}
[5920] 2016/03/08 16:31:17.603 Add Basket MarketNo¡G2 StockIdx¡G5
[5920] 2016/03/08 16:31:17.604 Divide StockNo {TE00}
[5920] 2016/03/08 16:31:17.604 Add Basket MarketNo¡G2 StockIdx¡G14
[5920] 2016/03/08 16:31:17.604 Divide StockNo {TE03}
[5920] 2016/03/08 16:31:17.605 Add Basket MarketNo¡G2 StockIdx¡G15
[5920] 2016/03/08 16:31:17.605 Divide StockNo {TE04}
[5920] 2016/03/08 16:31:17.606 Add Basket MarketNo¡G2 StockIdx¡G16
[5920] 2016/03/08 16:31:17.606 Divide StockNo {TE06}
[5920] 2016/03/08 16:31:17.606 Add Basket MarketNo¡G2 StockIdx¡G17
[5920] 2016/03/08 16:31:17.607 Divide StockNo {TE09}
[5920] 2016/03/08 16:31:17.607 Add Basket MarketNo¡G2 StockIdx¡G18
[5920] 2016/03/08 16:31:17.608 Divide StockNo {TE12}
[5920] 2016/03/08 16:31:17.608 Add Basket MarketNo¡G2 StockIdx¡G19
[5920] 2016/03/08 16:31:17.609 Divide StockNo {TF00}
[5920] 2016/03/08 16:31:17.609 Add Basket MarketNo¡G2 StockIdx¡G20
[5920] 2016/03/08 16:31:17.609 Divide StockNo {TF03}
[5920] 2016/03/08 16:31:17.610 Add Basket MarketNo¡G2 StockIdx¡G21
[5920] 2016/03/08 16:31:17.610 Divide StockNo {TF04}
[5920] 2016/03/08 16:31:17.610 Add Basket MarketNo¡G2 StockIdx¡G22
[5920] 2016/03/08 16:31:17.611 Divide StockNo {TF06}
[5920] 2016/03/08 16:31:17.611 Add Basket MarketNo¡G2 StockIdx¡G23
[5920] 2016/03/08 16:31:17.612 Divide StockNo {TF09}
[5920] 2016/03/08 16:31:17.612 Add Basket MarketNo¡G2 StockIdx¡G24
[5920] 2016/03/08 16:31:17.612 Divide StockNo {TF12}
[5920] 2016/03/08 16:31:17.613 Add Basket MarketNo¡G2 StockIdx¡G25
[5920] 2016/03/08 16:31:17.613 SKQuoteLib_RequestStocks Page 1
[5920] 2016/03/08 16:31:17.617 SKQuoteLib_RequestTicks (0,TSEA)
[5920] 2016/03/08 16:31:17.618 SKQuoteLib_RequestTicks (0,TX00)
[5920] 2016/03/08 16:31:17.618 SKQuoteLib_RequestTicks (0,TX03)
[5920] 2016/03/08 16:31:17.619 SKQuoteLib_RequestTicks (0,TX04)
[5920] 2016/03/08 16:31:17.619 SKQuoteLib_RequestTicks (0,TX06)
[5920] 2016/03/08 16:31:17.620 SKQuoteLib_RequestTicks (0,TX09)
[5920] 2016/03/08 16:31:17.620 SKQuoteLib_RequestTicks (0,TX12)
[5920] 2016/03/08 16:31:17.622 SKQuoteLib_RequestTicks (0,TE00)
[5920] 2016/03/08 16:31:17.622 SKQuoteLib_RequestTicks (0,TE03)
[5920] 2016/03/08 16:31:17.623 SKQuoteLib_RequestTicks (0,TE04)
[5920] 2016/03/08 16:31:17.623 SKQuoteLib_RequestTicks (0,TE06)
[5920] 2016/03/08 16:31:17.624 SKQuoteLib_RequestTicks (0,TE09)
[5920] 2016/03/08 16:31:17.625 SKQuoteLib_RequestTicks (0,TE12)
[5920] 2016/03/08 16:31:17.625 SKQuoteLib_RequestTicks (0,TF00)
[5920] 2016/03/08 16:31:17.626 SKQuoteLib_RequestTicks (0,TF03)
[5920] 2016/03/08 16:31:17.627 SKQuoteLib_RequestTicks (0,TF04)
[5920] 2016/03/08 16:31:17.627 SKQuoteLib_RequestTicks (0,TF06)
[5920] 2016/03/08 16:31:17.628 SKQuoteLib_RequestTicks (0,TF09)
[5920] 2016/03/08 16:31:17.629 SKQuoteLib_RequestTicks (0,TF12)
[5920] 2016/03/08 16:32:08.420 Check Link Status 
[5920] 2016/03/08 16:33:01.238 Check Link Status 
[9044] 2016/03/08 16:34:07.635 API InitInstance 
[9044] 2016/03/08 16:34:07.638 SKQuoteLib_Initialize ¡GB222875498
[9044] 2016/03/08 16:34:07.638 SKQuoteLib_Initialize ¡Ghttps://order2.capital.com.tw/
[9044] 2016/03/08 16:34:09.476 SKQuoteLib_Initialize  SUCCESS 
[9044] 2016/03/08 16:34:09.496 SKQuoteLib_EnterMonitor IP¡Ginfo8.capital.com.tw
[9044] 2016/03/08 16:34:09.498 SKQuoteLib_AttachConnectionCallBack 
[9044] 2016/03/08 16:34:09.498 SKQuoteLib_AttachQuoteCallBack 
[9044] 2016/03/08 16:34:09.499 SKQuoteLib_AttachBest5CallBack 
[9044] 2016/03/08 16:34:11.110 SocketConnect Type¡G100  ErrorCode¡G0
[9044] 2016/03/08 16:34:12.564 Stocks Ready
[9044] 2016/03/08 16:34:28.189 SKQuoteLib_RequestStocks (1,TSEA,TX00,TX03,TX04,TX06,TX09,TX12,TE00,TE03,TE04,TE06,TE09,TE12,TF00,TF03,TF04,TF06,TF09,TF12)
[9044] 2016/03/08 16:34:28.190 Divide StockNo {TSEA}
[9044] 2016/03/08 16:34:28.190 Add Basket MarketNo¡G0 StockIdx¡G10536
[9044] 2016/03/08 16:34:28.191 Divide StockNo {TX00}
[9044] 2016/03/08 16:34:28.191 Add Basket MarketNo¡G2 StockIdx¡G0
[9044] 2016/03/08 16:34:28.192 Divide StockNo {TX03}
[9044] 2016/03/08 16:34:28.192 Add Basket MarketNo¡G2 StockIdx¡G1
[9044] 2016/03/08 16:34:28.193 Divide StockNo {TX04}
[9044] 2016/03/08 16:34:28.193 Add Basket MarketNo¡G2 StockIdx¡G2
[9044] 2016/03/08 16:34:28.194 Divide StockNo {TX06}
[9044] 2016/03/08 16:34:28.194 Add Basket MarketNo¡G2 StockIdx¡G3
[9044] 2016/03/08 16:34:28.195 Divide StockNo {TX09}
[9044] 2016/03/08 16:34:28.195 Add Basket MarketNo¡G2 StockIdx¡G4
[9044] 2016/03/08 16:34:28.195 Divide StockNo {TX12}
[9044] 2016/03/08 16:34:28.196 Add Basket MarketNo¡G2 StockIdx¡G5
[9044] 2016/03/08 16:34:28.196 Divide StockNo {TE00}
[9044] 2016/03/08 16:34:28.197 Add Basket MarketNo¡G2 StockIdx¡G14
[9044] 2016/03/08 16:34:28.197 Divide StockNo {TE03}
[9044] 2016/03/08 16:34:28.198 Add Basket MarketNo¡G2 StockIdx¡G15
[9044] 2016/03/08 16:34:28.198 Divide StockNo {TE04}
[9044] 2016/03/08 16:34:28.198 Add Basket MarketNo¡G2 StockIdx¡G16
[9044] 2016/03/08 16:34:28.199 Divide StockNo {TE06}
[9044] 2016/03/08 16:34:28.199 Add Basket MarketNo¡G2 StockIdx¡G17
[9044] 2016/03/08 16:34:28.200 Divide StockNo {TE09}
[9044] 2016/03/08 16:34:28.200 Add Basket MarketNo¡G2 StockIdx¡G18
[9044] 2016/03/08 16:34:28.201 Divide StockNo {TE12}
[9044] 2016/03/08 16:34:28.201 Add Basket MarketNo¡G2 StockIdx¡G19
[9044] 2016/03/08 16:34:28.202 Divide StockNo {TF00}
[9044] 2016/03/08 16:34:28.202 Add Basket MarketNo¡G2 StockIdx¡G20
[9044] 2016/03/08 16:34:28.202 Divide StockNo {TF03}
[9044] 2016/03/08 16:34:28.203 Add Basket MarketNo¡G2 StockIdx¡G21
[9044] 2016/03/08 16:34:28.203 Divide StockNo {TF04}
[9044] 2016/03/08 16:34:28.204 Add Basket MarketNo¡G2 StockIdx¡G22
[9044] 2016/03/08 16:34:28.204 Divide StockNo {TF06}
[9044] 2016/03/08 16:34:28.205 Add Basket MarketNo¡G2 StockIdx¡G23
[9044] 2016/03/08 16:34:28.205 Divide StockNo {TF09}
[9044] 2016/03/08 16:34:28.205 Add Basket MarketNo¡G2 StockIdx¡G24
[9044] 2016/03/08 16:34:28.206 Divide StockNo {TF12}
[9044] 2016/03/08 16:34:28.206 Add Basket MarketNo¡G2 StockIdx¡G25
[9044] 2016/03/08 16:34:28.207 SKQuoteLib_RequestStocks Page 1
[9044] 2016/03/08 16:34:28.209 SKQuoteLib_RequestTicks (0,TSEA)
[9044] 2016/03/08 16:34:28.210 SKQuoteLib_RequestTicks (0,TX00)
[9044] 2016/03/08 16:34:28.210 SKQuoteLib_RequestTicks (0,TX03)
[9044] 2016/03/08 16:34:28.211 SKQuoteLib_RequestTicks (0,TX04)
[9044] 2016/03/08 16:34:28.211 SKQuoteLib_RequestTicks (0,TX06)
[9044] 2016/03/08 16:34:28.212 SKQuoteLib_RequestTicks (0,TX09)
[9044] 2016/03/08 16:34:28.212 SKQuoteLib_RequestTicks (0,TX12)
[9044] 2016/03/08 16:34:28.213 SKQuoteLib_RequestTicks (0,TE00)
[9044] 2016/03/08 16:34:28.213 SKQuoteLib_RequestTicks (0,TE03)
[9044] 2016/03/08 16:34:28.214 SKQuoteLib_RequestTicks (0,TE04)
[9044] 2016/03/08 16:34:28.214 SKQuoteLib_RequestTicks (0,TE06)
[9044] 2016/03/08 16:34:28.215 SKQuoteLib_RequestTicks (0,TE09)
[9044] 2016/03/08 16:34:28.215 SKQuoteLib_RequestTicks (0,TE12)
[9044] 2016/03/08 16:34:28.216 SKQuoteLib_RequestTicks (0,TF00)
[9044] 2016/03/08 16:34:28.216 SKQuoteLib_RequestTicks (0,TF03)
[9044] 2016/03/08 16:34:28.217 SKQuoteLib_RequestTicks (0,TF04)
[9044] 2016/03/08 16:34:28.218 SKQuoteLib_RequestTicks (0,TF06)
[9044] 2016/03/08 16:34:28.218 SKQuoteLib_RequestTicks (0,TF09)
[9044] 2016/03/08 16:34:28.218 SKQuoteLib_RequestTicks (0,TF12)
[5524] 2016/03/08 16:35:09.886 API InitInstance 
[5524] 2016/03/08 16:35:09.889 SKQuoteLib_Initialize ¡GB222875498
[5524] 2016/03/08 16:35:09.889 SKQuoteLib_Initialize ¡Ghttps://order2.capital.com.tw/
[5524] 2016/03/08 16:35:11.471 SKQuoteLib_Initialize  SUCCESS 
[5524] 2016/03/08 16:35:11.478 SKQuoteLib_EnterMonitor IP¡Ginfo16.capital.com.tw
[5524] 2016/03/08 16:35:11.481 SKQuoteLib_AttachConnectionCallBack 
[5524] 2016/03/08 16:35:11.483 SKQuoteLib_AttachQuoteCallBack 
[5524] 2016/03/08 16:35:11.484 SKQuoteLib_AttachBest5CallBack 
[5524] 2016/03/08 16:35:13.139 SocketConnect Type¡G100  ErrorCode¡G0
[5524] 2016/03/08 16:35:14.581 Stocks Ready
[5524] 2016/03/08 16:35:30.181 SKQuoteLib_RequestStocks (1,TSEA,TX00,TX03,TX04,TX06,TX09,TX12,TE00,TE03,TE04,TE06,TE09,TE12,TF00,TF03,TF04,TF06,TF09,TF12)
[5524] 2016/03/08 16:35:30.182 Divide StockNo {TSEA}
[5524] 2016/03/08 16:35:30.183 Add Basket MarketNo¡G0 StockIdx¡G10536
[5524] 2016/03/08 16:35:30.183 Divide StockNo {TX00}
[5524] 2016/03/08 16:35:30.183 Add Basket MarketNo¡G2 StockIdx¡G0
[5524] 2016/03/08 16:35:30.184 Divide StockNo {TX03}
[5524] 2016/03/08 16:35:30.184 Add Basket MarketNo¡G2 StockIdx¡G1
[5524] 2016/03/08 16:35:30.185 Divide StockNo {TX04}
[5524] 2016/03/08 16:35:30.185 Add Basket MarketNo¡G2 StockIdx¡G2
[5524] 2016/03/08 16:35:30.186 Divide StockNo {TX06}
[5524] 2016/03/08 16:35:30.186 Add Basket MarketNo¡G2 StockIdx¡G3
[5524] 2016/03/08 16:35:30.186 Divide StockNo {TX09}
[5524] 2016/03/08 16:35:30.187 Add Basket MarketNo¡G2 StockIdx¡G4
[5524] 2016/03/08 16:35:30.187 Divide StockNo {TX12}
[5524] 2016/03/08 16:35:30.187 Add Basket MarketNo¡G2 StockIdx¡G5
[5524] 2016/03/08 16:35:30.188 Divide StockNo {TE00}
[5524] 2016/03/08 16:35:30.188 Add Basket MarketNo¡G2 StockIdx¡G14
[5524] 2016/03/08 16:35:30.189 Divide StockNo {TE03}
[5524] 2016/03/08 16:35:30.189 Add Basket MarketNo¡G2 StockIdx¡G15
[5524] 2016/03/08 16:35:30.190 Divide StockNo {TE04}
[5524] 2016/03/08 16:35:30.190 Add Basket MarketNo¡G2 StockIdx¡G16
[5524] 2016/03/08 16:35:30.191 Divide StockNo {TE06}
[5524] 2016/03/08 16:35:30.191 Add Basket MarketNo¡G2 StockIdx¡G17
[5524] 2016/03/08 16:35:30.192 Divide StockNo {TE09}
[5524] 2016/03/08 16:35:30.192 Add Basket MarketNo¡G2 StockIdx¡G18
[5524] 2016/03/08 16:35:30.193 Divide StockNo {TE12}
[5524] 2016/03/08 16:35:30.193 Add Basket MarketNo¡G2 StockIdx¡G19
[5524] 2016/03/08 16:35:30.194 Divide StockNo {TF00}
[5524] 2016/03/08 16:35:30.194 Add Basket MarketNo¡G2 StockIdx¡G20
[5524] 2016/03/08 16:35:30.195 Divide StockNo {TF03}
[5524] 2016/03/08 16:35:30.195 Add Basket MarketNo¡G2 StockIdx¡G21
[5524] 2016/03/08 16:35:30.196 Divide StockNo {TF04}
[5524] 2016/03/08 16:35:30.196 Add Basket MarketNo¡G2 StockIdx¡G22
[5524] 2016/03/08 16:35:30.196 Divide StockNo {TF06}
[5524] 2016/03/08 16:35:30.197 Add Basket MarketNo¡G2 StockIdx¡G23
[5524] 2016/03/08 16:35:30.197 Divide StockNo {TF09}
[5524] 2016/03/08 16:35:30.198 Add Basket MarketNo¡G2 StockIdx¡G24
[5524] 2016/03/08 16:35:30.198 Divide StockNo {TF12}
[5524] 2016/03/08 16:35:30.198 Add Basket MarketNo¡G2 StockIdx¡G25
[5524] 2016/03/08 16:35:30.199 SKQuoteLib_RequestStocks Page 1
[5524] 2016/03/08 16:35:30.203 SKQuoteLib_RequestTicks (0,TSEA)
[5524] 2016/03/08 16:35:30.204 SKQuoteLib_RequestTicks (0,TX00)
[5524] 2016/03/08 16:35:30.204 SKQuoteLib_RequestTicks (0,TX03)
[5524] 2016/03/08 16:35:30.205 SKQuoteLib_RequestTicks (0,TX04)
[5524] 2016/03/08 16:35:30.206 SKQuoteLib_RequestTicks (0,TX06)
[5524] 2016/03/08 16:35:30.206 SKQuoteLib_RequestTicks (0,TX09)
[5524] 2016/03/08 16:35:30.207 SKQuoteLib_RequestTicks (0,TX12)
[5524] 2016/03/08 16:35:30.207 SKQuoteLib_RequestTicks (0,TE00)
[5524] 2016/03/08 16:35:30.208 SKQuoteLib_RequestTicks (0,TE03)
[5524] 2016/03/08 16:35:30.208 SKQuoteLib_RequestTicks (0,TE04)
[5524] 2016/03/08 16:35:30.209 SKQuoteLib_RequestTicks (0,TE06)
[5524] 2016/03/08 16:35:30.210 SKQuoteLib_RequestTicks (0,TE09)
[5524] 2016/03/08 16:35:30.211 SKQuoteLib_RequestTicks (0,TE12)
[5524] 2016/03/08 16:35:30.211 SKQuoteLib_RequestTicks (0,TF00)
[5524] 2016/03/08 16:35:30.212 SKQuoteLib_RequestTicks (0,TF03)
[5524] 2016/03/08 16:35:30.213 SKQuoteLib_RequestTicks (0,TF04)
[5524] 2016/03/08 16:35:30.214 SKQuoteLib_RequestTicks (0,TF06)
[5524] 2016/03/08 16:35:30.214 SKQuoteLib_RequestTicks (0,TF09)
[5524] 2016/03/08 16:35:30.214 SKQuoteLib_RequestTicks (0,TF12)
[5736] 2016/03/08 16:36:50.109 API InitInstance 
[5736] 2016/03/08 16:36:50.112 SKQuoteLib_Initialize ¡GB222875498
[5736] 2016/03/08 16:36:50.112 SKQuoteLib_Initialize ¡Ghttps://order2.capital.com.tw/
[5736] 2016/03/08 16:36:51.825 SKQuoteLib_Initialize  SUCCESS 
[5736] 2016/03/08 16:36:51.830 SKQuoteLib_EnterMonitor IP¡Ginfo8.capital.com.tw
[5736] 2016/03/08 16:36:51.833 SKQuoteLib_AttachConnectionCallBack 
[5736] 2016/03/08 16:36:51.834 SKQuoteLib_AttachQuoteCallBack 
[5736] 2016/03/08 16:36:51.836 SKQuoteLib_AttachBest5CallBack 
[5736] 2016/03/08 16:36:53.725 SocketConnect Type¡G100  ErrorCode¡G0
[5736] 2016/03/08 16:36:55.147 Stocks Ready
[5736] 2016/03/08 16:37:10.827 SKQuoteLib_RequestStocks (1,TSEA,TX00,TX03,TX04,TX06,TX09,TX12,TE00,TE03,TE04,TE06,TE09,TE12,TF00,TF03,TF04,TF06,TF09,TF12)
[5736] 2016/03/08 16:37:10.828 Divide StockNo {TSEA}
[5736] 2016/03/08 16:37:10.829 Add Basket MarketNo¡G0 StockIdx¡G10536
[5736] 2016/03/08 16:37:10.829 Divide StockNo {TX00}
[5736] 2016/03/08 16:37:10.829 Add Basket MarketNo¡G2 StockIdx¡G0
[5736] 2016/03/08 16:37:10.830 Divide StockNo {TX03}
[5736] 2016/03/08 16:37:10.830 Add Basket MarketNo¡G2 StockIdx¡G1
[5736] 2016/03/08 16:37:10.831 Divide StockNo {TX04}
[5736] 2016/03/08 16:37:10.831 Add Basket MarketNo¡G2 StockIdx¡G2
[5736] 2016/03/08 16:37:10.832 Divide StockNo {TX06}
[5736] 2016/03/08 16:37:10.832 Add Basket MarketNo¡G2 StockIdx¡G3
[5736] 2016/03/08 16:37:10.833 Divide StockNo {TX09}
[5736] 2016/03/08 16:37:10.833 Add Basket MarketNo¡G2 StockIdx¡G4
[5736] 2016/03/08 16:37:10.833 Divide StockNo {TX12}
[5736] 2016/03/08 16:37:10.834 Add Basket MarketNo¡G2 StockIdx¡G5
[5736] 2016/03/08 16:37:10.834 Divide StockNo {TE00}
[5736] 2016/03/08 16:37:10.835 Add Basket MarketNo¡G2 StockIdx¡G14
[5736] 2016/03/08 16:37:10.835 Divide StockNo {TE03}
[5736] 2016/03/08 16:37:10.836 Add Basket MarketNo¡G2 StockIdx¡G15
[5736] 2016/03/08 16:37:10.836 Divide StockNo {TE04}
[5736] 2016/03/08 16:37:10.837 Add Basket MarketNo¡G2 StockIdx¡G16
[5736] 2016/03/08 16:37:10.837 Divide StockNo {TE06}
[5736] 2016/03/08 16:37:10.838 Add Basket MarketNo¡G2 StockIdx¡G17
[5736] 2016/03/08 16:37:10.838 Divide StockNo {TE09}
[5736] 2016/03/08 16:37:10.838 Add Basket MarketNo¡G2 StockIdx¡G18
[5736] 2016/03/08 16:37:10.839 Divide StockNo {TE12}
[5736] 2016/03/08 16:37:10.839 Add Basket MarketNo¡G2 StockIdx¡G19
[5736] 2016/03/08 16:37:10.840 Divide StockNo {TF00}
[5736] 2016/03/08 16:37:10.840 Add Basket MarketNo¡G2 StockIdx¡G20
[5736] 2016/03/08 16:37:10.840 Divide StockNo {TF03}
[5736] 2016/03/08 16:37:10.841 Add Basket MarketNo¡G2 StockIdx¡G21
[5736] 2016/03/08 16:37:10.841 Divide StockNo {TF04}
[5736] 2016/03/08 16:37:10.842 Add Basket MarketNo¡G2 StockIdx¡G22
[5736] 2016/03/08 16:37:10.842 Divide StockNo {TF06}
[5736] 2016/03/08 16:37:10.843 Add Basket MarketNo¡G2 StockIdx¡G23
[5736] 2016/03/08 16:37:10.843 Divide StockNo {TF09}
[5736] 2016/03/08 16:37:10.844 Add Basket MarketNo¡G2 StockIdx¡G24
[5736] 2016/03/08 16:37:10.844 Divide StockNo {TF12}
[5736] 2016/03/08 16:37:10.844 Add Basket MarketNo¡G2 StockIdx¡G25
[5736] 2016/03/08 16:37:10.845 SKQuoteLib_RequestStocks Page 1
[5736] 2016/03/08 16:37:10.847 SKQuoteLib_RequestTicks (0,TSEA)
[5736] 2016/03/08 16:37:10.848 SKQuoteLib_RequestTicks (0,TX00)
[5736] 2016/03/08 16:37:10.848 SKQuoteLib_RequestTicks (0,TX03)
[5736] 2016/03/08 16:37:10.849 SKQuoteLib_RequestTicks (0,TX04)
[5736] 2016/03/08 16:37:10.850 SKQuoteLib_RequestTicks (0,TX06)
[5736] 2016/03/08 16:37:10.850 SKQuoteLib_RequestTicks (0,TX09)
[5736] 2016/03/08 16:37:10.851 SKQuoteLib_RequestTicks (0,TX12)
[5736] 2016/03/08 16:37:10.851 SKQuoteLib_RequestTicks (0,TE00)
[5736] 2016/03/08 16:37:10.852 SKQuoteLib_RequestTicks (0,TE03)
[5736] 2016/03/08 16:37:10.853 SKQuoteLib_RequestTicks (0,TE04)
[5736] 2016/03/08 16:37:10.853 SKQuoteLib_RequestTicks (0,TE06)
[5736] 2016/03/08 16:37:10.854 SKQuoteLib_RequestTicks (0,TE09)
[5736] 2016/03/08 16:37:10.854 SKQuoteLib_RequestTicks (0,TE12)
[5736] 2016/03/08 16:37:10.855 SKQuoteLib_RequestTicks (0,TF00)
[5736] 2016/03/08 16:37:10.855 SKQuoteLib_RequestTicks (0,TF03)
[5736] 2016/03/08 16:37:10.856 SKQuoteLib_RequestTicks (0,TF04)
[5736] 2016/03/08 16:37:10.856 SKQuoteLib_RequestTicks (0,TF06)
[5736] 2016/03/08 16:37:10.857 SKQuoteLib_RequestTicks (0,TF09)
[5736] 2016/03/08 16:37:10.857 SKQuoteLib_RequestTicks (0,TF12)
[3456] 2016/03/08 16:47:04.587 API InitInstance 
[3456] 2016/03/08 16:47:04.589 SKQuoteLib_Initialize ¡GB222875498
[3456] 2016/03/08 16:47:04.590 SKQuoteLib_Initialize ¡Ghttps://order2.capital.com.tw/
[3456] 2016/03/08 16:47:06.227 SKQuoteLib_Initialize  SUCCESS 
[3456] 2016/03/08 16:47:06.248 SKQuoteLib_EnterMonitor IP¡Ginfo10.capital.com.tw
[3456] 2016/03/08 16:47:06.251 SKQuoteLib_AttachConnectionCallBack 
[3456] 2016/03/08 16:47:06.253 SKQuoteLib_AttachQuoteCallBack 
[3456] 2016/03/08 16:47:06.254 SKQuoteLib_AttachBest5CallBack 
[3456] 2016/03/08 16:47:07.888 SocketConnect Type¡G100  ErrorCode¡G0
[3456] 2016/03/08 16:47:09.360 Stocks Ready
[3456] 2016/03/08 16:47:26.021 SKQuoteLib_RequestStocks (1,TSEA,TX00,TX03,TX04,TX06,TX09,TX12,TE00,TE03,TE04,TE06,TE09,TE12,TF00,TF03,TF04,TF06,TF09,TF12)
[3456] 2016/03/08 16:47:26.022 Divide StockNo {TSEA}
[3456] 2016/03/08 16:47:26.022 Add Basket MarketNo¡G0 StockIdx¡G10536
[3456] 2016/03/08 16:47:26.023 Divide StockNo {TX00}
[3456] 2016/03/08 16:47:26.023 Add Basket MarketNo¡G2 StockIdx¡G0
[3456] 2016/03/08 16:47:26.024 Divide StockNo {TX03}
[3456] 2016/03/08 16:47:26.024 Add Basket MarketNo¡G2 StockIdx¡G1
[3456] 2016/03/08 16:47:26.025 Divide StockNo {TX04}
[3456] 2016/03/08 16:47:26.025 Add Basket MarketNo¡G2 StockIdx¡G2
[3456] 2016/03/08 16:47:26.026 Divide StockNo {TX06}
[3456] 2016/03/08 16:47:26.026 Add Basket MarketNo¡G2 StockIdx¡G3
[3456] 2016/03/08 16:47:26.027 Divide StockNo {TX09}
[3456] 2016/03/08 16:47:26.027 Add Basket MarketNo¡G2 StockIdx¡G4
[3456] 2016/03/08 16:47:26.028 Divide StockNo {TX12}
[3456] 2016/03/08 16:47:26.028 Add Basket MarketNo¡G2 StockIdx¡G5
[3456] 2016/03/08 16:47:26.029 Divide StockNo {TE00}
[3456] 2016/03/08 16:47:26.029 Add Basket MarketNo¡G2 StockIdx¡G14
[3456] 2016/03/08 16:47:26.029 Divide StockNo {TE03}
[3456] 2016/03/08 16:47:26.030 Add Basket MarketNo¡G2 StockIdx¡G15
[3456] 2016/03/08 16:47:26.030 Divide StockNo {TE04}
[3456] 2016/03/08 16:47:26.031 Add Basket MarketNo¡G2 StockIdx¡G16
[3456] 2016/03/08 16:47:26.031 Divide StockNo {TE06}
[3456] 2016/03/08 16:47:26.032 Add Basket MarketNo¡G2 StockIdx¡G17
[3456] 2016/03/08 16:47:26.032 Divide StockNo {TE09}
[3456] 2016/03/08 16:47:26.033 Add Basket MarketNo¡G2 StockIdx¡G18
[3456] 2016/03/08 16:47:26.033 Divide StockNo {TE12}
[3456] 2016/03/08 16:47:26.034 Add Basket MarketNo¡G2 StockIdx¡G19
[3456] 2016/03/08 16:47:26.034 Divide StockNo {TF00}
[3456] 2016/03/08 16:47:26.034 Add Basket MarketNo¡G2 StockIdx¡G20
[3456] 2016/03/08 16:47:26.035 Divide StockNo {TF03}
[3456] 2016/03/08 16:47:26.035 Add Basket MarketNo¡G2 StockIdx¡G21
[3456] 2016/03/08 16:47:26.036 Divide StockNo {TF04}
[3456] 2016/03/08 16:47:26.036 Add Basket MarketNo¡G2 StockIdx¡G22
[3456] 2016/03/08 16:47:26.037 Divide StockNo {TF06}
[3456] 2016/03/08 16:47:26.037 Add Basket MarketNo¡G2 StockIdx¡G23
[3456] 2016/03/08 16:47:26.038 Divide StockNo {TF09}
[3456] 2016/03/08 16:47:26.038 Add Basket MarketNo¡G2 StockIdx¡G24
[3456] 2016/03/08 16:47:26.038 Divide StockNo {TF12}
[3456] 2016/03/08 16:47:26.039 Add Basket MarketNo¡G2 StockIdx¡G25
[3456] 2016/03/08 16:47:26.039 SKQuoteLib_RequestStocks Page 1
[3456] 2016/03/08 16:47:26.065 SKQuoteLib_RequestTicks (0,TSEA)
[3456] 2016/03/08 16:47:26.065 SKQuoteLib_RequestTicks (0,TX00)
[3456] 2016/03/08 16:47:26.076 SKQuoteLib_RequestTicks (0,TX03)
[3456] 2016/03/08 16:47:26.080 SKQuoteLib_RequestTicks (0,TX04)
[3456] 2016/03/08 16:47:26.084 SKQuoteLib_RequestTicks (0,TX06)
[3456] 2016/03/08 16:47:26.087 SKQuoteLib_RequestTicks (0,TX09)
[3456] 2016/03/08 16:47:26.091 SKQuoteLib_RequestTicks (0,TX12)
[3456] 2016/03/08 16:47:26.095 SKQuoteLib_RequestTicks (0,TE00)
[3456] 2016/03/08 16:47:26.097 SKQuoteLib_RequestTicks (0,TE03)
[3456] 2016/03/08 16:47:26.101 SKQuoteLib_RequestTicks (0,TE04)
[3456] 2016/03/08 16:47:26.105 SKQuoteLib_RequestTicks (0,TE06)
[3456] 2016/03/08 16:47:26.106 SKQuoteLib_RequestTicks (0,TE09)
[3456] 2016/03/08 16:47:26.110 SKQuoteLib_RequestTicks (0,TE12)
[3456] 2016/03/08 16:47:26.113 SKQuoteLib_RequestTicks (0,TF00)
[3456] 2016/03/08 16:47:26.115 SKQuoteLib_RequestTicks (0,TF03)
[3456] 2016/03/08 16:47:26.120 SKQuoteLib_RequestTicks (0,TF04)
[3456] 2016/03/08 16:47:26.125 SKQuoteLib_RequestTicks (0,TF06)
[3456] 2016/03/08 16:47:26.127 SKQuoteLib_RequestTicks (0,TF09)
[3456] 2016/03/08 16:47:26.130 SKQuoteLib_RequestTicks (0,TF12)
[3456] 2016/03/08 16:48:07.886 Check Link Status 
[12140] 2016/03/08 16:49:59.310 API InitInstance 
[12140] 2016/03/08 16:50:03.846 SKQuoteLib_Initialize ¡GB222875498
[12140] 2016/03/08 16:50:03.847 SKQuoteLib_Initialize ¡Ghttps://order2.capital.com.tw/
[12140] 2016/03/08 16:50:05.464 SKQuoteLib_Initialize  SUCCESS 
[12140] 2016/03/08 16:50:19.448 SKQuoteLib_EnterMonitor IP¡Ginfo8.capital.com.tw
[12140] 2016/03/08 16:50:19.451 SKQuoteLib_AttachConnectionCallBack 
[12140] 2016/03/08 16:50:19.452 SKQuoteLib_AttachQuoteCallBack 
[12140] 2016/03/08 16:50:19.452 SKQuoteLib_AttachBest5CallBack 
[12140] 2016/03/08 16:50:21.346 SocketConnect Type¡G100  ErrorCode¡G0
[12140] 2016/03/08 16:50:22.694 Stocks Ready
[12140] 2016/03/08 16:50:39.789 SKQuoteLib_RequestStocks (1,TSEA,TX00,TX03,TX04,TX06,TX09,TX12,TE00,TE03,TE04,TE06,TE09,TE12,TF00,TF03,TF04,TF06,TF09,TF12)
[12140] 2016/03/08 16:50:39.790 Divide StockNo {TSEA}
[12140] 2016/03/08 16:50:39.791 Add Basket MarketNo¡G0 StockIdx¡G10536
[12140] 2016/03/08 16:50:39.792 Divide StockNo {TX00}
[12140] 2016/03/08 16:50:39.792 Add Basket MarketNo¡G2 StockIdx¡G0
[12140] 2016/03/08 16:50:39.792 Divide StockNo {TX03}
[12140] 2016/03/08 16:50:39.793 Add Basket MarketNo¡G2 StockIdx¡G1
[12140] 2016/03/08 16:50:39.793 Divide StockNo {TX04}
[12140] 2016/03/08 16:50:39.794 Add Basket MarketNo¡G2 StockIdx¡G2
[12140] 2016/03/08 16:50:39.794 Divide StockNo {TX06}
[12140] 2016/03/08 16:50:39.795 Add Basket MarketNo¡G2 StockIdx¡G3
[12140] 2016/03/08 16:50:39.796 Divide StockNo {TX09}
[12140] 2016/03/08 16:50:39.796 Add Basket MarketNo¡G2 StockIdx¡G4
[12140] 2016/03/08 16:50:39.797 Divide StockNo {TX12}
[12140] 2016/03/08 16:50:39.797 Add Basket MarketNo¡G2 StockIdx¡G5
[12140] 2016/03/08 16:50:39.797 Divide StockNo {TE00}
[12140] 2016/03/08 16:50:39.798 Add Basket MarketNo¡G2 StockIdx¡G14
[12140] 2016/03/08 16:50:39.798 Divide StockNo {TE03}
[12140] 2016/03/08 16:50:39.799 Add Basket MarketNo¡G2 StockIdx¡G15
[12140] 2016/03/08 16:50:39.799 Divide StockNo {TE04}
[12140] 2016/03/08 16:50:39.800 Add Basket MarketNo¡G2 StockIdx¡G16
[12140] 2016/03/08 16:50:39.801 Divide StockNo {TE06}
[12140] 2016/03/08 16:50:39.801 Add Basket MarketNo¡G2 StockIdx¡G17
[12140] 2016/03/08 16:50:39.801 Divide StockNo {TE09}
[12140] 2016/03/08 16:50:39.802 Add Basket MarketNo¡G2 StockIdx¡G18
[12140] 2016/03/08 16:50:39.802 Divide StockNo {TE12}
[12140] 2016/03/08 16:50:39.803 Add Basket MarketNo¡G2 StockIdx¡G19
[12140] 2016/03/08 16:50:39.803 Divide StockNo {TF00}
[12140] 2016/03/08 16:50:39.804 Add Basket MarketNo¡G2 StockIdx¡G20
[12140] 2016/03/08 16:50:39.804 Divide StockNo {TF03}
[12140] 2016/03/08 16:50:39.805 Add Basket MarketNo¡G2 StockIdx¡G21
[12140] 2016/03/08 16:50:39.805 Divide StockNo {TF04}
[12140] 2016/03/08 16:50:39.806 Add Basket MarketNo¡G2 StockIdx¡G22
[12140] 2016/03/08 16:50:39.806 Divide StockNo {TF06}
[12140] 2016/03/08 16:50:39.807 Add Basket MarketNo¡G2 StockIdx¡G23
[12140] 2016/03/08 16:50:39.807 Divide StockNo {TF09}
[12140] 2016/03/08 16:50:39.808 Add Basket MarketNo¡G2 StockIdx¡G24
[12140] 2016/03/08 16:50:39.808 Divide StockNo {TF12}
[12140] 2016/03/08 16:50:39.809 Add Basket MarketNo¡G2 StockIdx¡G25
[12140] 2016/03/08 16:50:39.809 SKQuoteLib_RequestStocks Page 1
[12140] 2016/03/08 16:50:39.826 SKQuoteLib_RequestTicks (0,TSEA)
[12140] 2016/03/08 16:50:39.828 SKQuoteLib_RequestTicks (0,TX00)
[12140] 2016/03/08 16:50:39.831 SKQuoteLib_RequestTicks (0,TX03)
[12140] 2016/03/08 16:50:39.835 SKQuoteLib_RequestTicks (0,TX04)
[12140] 2016/03/08 16:50:39.836 SKQuoteLib_RequestTicks (0,TX06)
[12140] 2016/03/08 16:50:39.840 SKQuoteLib_RequestTicks (0,TX09)
[12140] 2016/03/08 16:50:39.843 SKQuoteLib_RequestTicks (0,TX12)
[12140] 2016/03/08 16:50:39.844 SKQuoteLib_RequestTicks (0,TE00)
[12140] 2016/03/08 16:50:39.848 SKQuoteLib_RequestTicks (0,TE03)
[12140] 2016/03/08 16:50:39.851 SKQuoteLib_RequestTicks (0,TE04)
[12140] 2016/03/08 16:50:39.852 SKQuoteLib_RequestTicks (0,TE06)
[12140] 2016/03/08 16:50:39.856 SKQuoteLib_RequestTicks (0,TE09)
[12140] 2016/03/08 16:50:39.859 SKQuoteLib_RequestTicks (0,TE12)
[12140] 2016/03/08 16:50:39.860 SKQuoteLib_RequestTicks (0,TF00)
[12140] 2016/03/08 16:50:39.864 SKQuoteLib_RequestTicks (0,TF03)
[12140] 2016/03/08 16:50:39.867 SKQuoteLib_RequestTicks (0,TF04)
[12140] 2016/03/08 16:50:39.869 SKQuoteLib_RequestTicks (0,TF06)
[12140] 2016/03/08 16:50:39.875 SKQuoteLib_RequestTicks (0,TF09)
[12140] 2016/03/08 16:50:39.879 SKQuoteLib_RequestTicks (0,TF12)
[12140] 2016/03/08 16:51:21.335 Check Link Status 
[12140] 2016/03/08 16:52:21.335 Check Link Status 
[9920] 2016/03/08 17:00:22.430 API InitInstance 
[9920] 2016/03/08 17:00:22.433 SKQuoteLib_Initialize ¡GB222875498
[9920] 2016/03/08 17:00:22.433 SKQuoteLib_Initialize ¡Ghttps://order2.capital.com.tw/
[9920] 2016/03/08 17:00:35.500 SKQuoteLib_Initialize  SUCCESS 
[9920] 2016/03/08 17:00:35.523 SKQuoteLib_EnterMonitor IP¡Ginfo8.capital.com.tw
[9920] 2016/03/08 17:00:35.525 SKQuoteLib_AttachConnectionCallBack 
[9920] 2016/03/08 17:00:35.526 SKQuoteLib_AttachQuoteCallBack 
[9920] 2016/03/08 17:00:35.527 SKQuoteLib_AttachBest5CallBack 
[9920] 2016/03/08 17:00:37.201 SocketConnect Type¡G100  ErrorCode¡G0
[9920] 2016/03/08 17:00:38.553 Stocks Ready
[9920] 2016/03/08 17:00:55.737 SKQuoteLib_RequestStocks (1,TSEA,TX00,TX03,TX04,TX06,TX09,TX12,TE00,TE03,TE04,TE06,TE09,TE12,TF00,TF03,TF04,TF06,TF09,TF12)
[9920] 2016/03/08 17:00:55.738 Divide StockNo {TSEA}
[9920] 2016/03/08 17:00:55.739 Add Basket MarketNo¡G0 StockIdx¡G10536
[9920] 2016/03/08 17:00:55.739 Divide StockNo {TX00}
[9920] 2016/03/08 17:00:55.740 Add Basket MarketNo¡G2 StockIdx¡G0
[9920] 2016/03/08 17:00:55.740 Divide StockNo {TX03}
[9920] 2016/03/08 17:00:55.741 Add Basket MarketNo¡G2 StockIdx¡G1
[9920] 2016/03/08 17:00:55.741 Divide StockNo {TX04}
[9920] 2016/03/08 17:00:55.741 Add Basket MarketNo¡G2 StockIdx¡G2
[9920] 2016/03/08 17:00:55.742 Divide StockNo {TX06}
[9920] 2016/03/08 17:00:55.743 Add Basket MarketNo¡G2 StockIdx¡G3
[9920] 2016/03/08 17:00:55.743 Divide StockNo {TX09}
[9920] 2016/03/08 17:00:55.743 Add Basket MarketNo¡G2 StockIdx¡G4
[9920] 2016/03/08 17:00:55.744 Divide StockNo {TX12}
[9920] 2016/03/08 17:00:55.744 Add Basket MarketNo¡G2 StockIdx¡G5
[9920] 2016/03/08 17:00:55.745 Divide StockNo {TE00}
[9920] 2016/03/08 17:00:55.745 Add Basket MarketNo¡G2 StockIdx¡G14
[9920] 2016/03/08 17:00:55.746 Divide StockNo {TE03}
[9920] 2016/03/08 17:00:55.746 Add Basket MarketNo¡G2 StockIdx¡G15
[9920] 2016/03/08 17:00:55.747 Divide StockNo {TE04}
[9920] 2016/03/08 17:00:55.747 Add Basket MarketNo¡G2 StockIdx¡G16
[9920] 2016/03/08 17:00:55.748 Divide StockNo {TE06}
[9920] 2016/03/08 17:00:55.748 Add Basket MarketNo¡G2 StockIdx¡G17
[9920] 2016/03/08 17:00:55.748 Divide StockNo {TE09}
[9920] 2016/03/08 17:00:55.749 Add Basket MarketNo¡G2 StockIdx¡G18
[9920] 2016/03/08 17:00:55.749 Divide StockNo {TE12}
[9920] 2016/03/08 17:00:55.750 Add Basket MarketNo¡G2 StockIdx¡G19
[9920] 2016/03/08 17:00:55.750 Divide StockNo {TF00}
[9920] 2016/03/08 17:00:55.751 Add Basket MarketNo¡G2 StockIdx¡G20
[9920] 2016/03/08 17:00:55.751 Divide StockNo {TF03}
[9920] 2016/03/08 17:00:55.752 Add Basket MarketNo¡G2 StockIdx¡G21
[9920] 2016/03/08 17:00:55.752 Divide StockNo {TF04}
[9920] 2016/03/08 17:00:55.752 Add Basket MarketNo¡G2 StockIdx¡G22
[9920] 2016/03/08 17:00:55.753 Divide StockNo {TF06}
[9920] 2016/03/08 17:00:55.753 Add Basket MarketNo¡G2 StockIdx¡G23
[9920] 2016/03/08 17:00:55.754 Divide StockNo {TF09}
[9920] 2016/03/08 17:00:55.754 Add Basket MarketNo¡G2 StockIdx¡G24
[9920] 2016/03/08 17:00:55.755 Divide StockNo {TF12}
[9920] 2016/03/08 17:00:55.755 Add Basket MarketNo¡G2 StockIdx¡G25
[9920] 2016/03/08 17:00:55.756 SKQuoteLib_RequestStocks Page 1
[9920] 2016/03/08 17:00:55.781 SKQuoteLib_RequestTicks (0,TSEA)
[9920] 2016/03/08 17:00:55.782 SKQuoteLib_RequestTicks (0,TX00)
[9920] 2016/03/08 17:00:55.786 SKQuoteLib_RequestTicks (0,TX03)
[9920] 2016/03/08 17:00:55.791 SKQuoteLib_RequestTicks (0,TX04)
[9920] 2016/03/08 17:00:55.796 SKQuoteLib_RequestTicks (0,TX06)
[9920] 2016/03/08 17:00:55.800 SKQuoteLib_RequestTicks (0,TX09)
[9920] 2016/03/08 17:00:55.803 SKQuoteLib_RequestTicks (0,TX12)
[9920] 2016/03/08 17:00:55.804 SKQuoteLib_RequestTicks (0,TE00)
[9920] 2016/03/08 17:00:55.808 SKQuoteLib_RequestTicks (0,TE03)
[9920] 2016/03/08 17:00:55.812 SKQuoteLib_RequestTicks (0,TE04)
[9920] 2016/03/08 17:00:55.813 SKQuoteLib_RequestTicks (0,TE06)
[9920] 2016/03/08 17:00:55.817 SKQuoteLib_RequestTicks (0,TE09)
[9920] 2016/03/08 17:00:55.820 SKQuoteLib_RequestTicks (0,TE12)
[9920] 2016/03/08 17:00:55.821 SKQuoteLib_RequestTicks (0,TF00)
[9920] 2016/03/08 17:00:55.825 SKQuoteLib_RequestTicks (0,TF03)
[9920] 2016/03/08 17:00:55.828 SKQuoteLib_RequestTicks (0,TF04)
[9920] 2016/03/08 17:00:55.829 SKQuoteLib_RequestTicks (0,TF06)
[9920] 2016/03/08 17:00:55.834 SKQuoteLib_RequestTicks (0,TF09)
[9920] 2016/03/08 17:00:55.838 SKQuoteLib_RequestTicks (0,TF12)
[10384] 2016/03/08 17:02:36.232 API InitInstance 
[10384] 2016/03/08 17:02:36.235 SKQuoteLib_Initialize ¡GB222875498
[10384] 2016/03/08 17:02:36.235 SKQuoteLib_Initialize ¡Ghttps://order2.capital.com.tw/
[10384] 2016/03/08 17:02:37.930 SKQuoteLib_Initialize  SUCCESS 
[10384] 2016/03/08 17:02:37.952 SKQuoteLib_EnterMonitor IP¡Ginfo10.capital.com.tw
[10384] 2016/03/08 17:02:37.955 SKQuoteLib_AttachConnectionCallBack 
[10384] 2016/03/08 17:02:37.956 SKQuoteLib_AttachQuoteCallBack 
[10384] 2016/03/08 17:02:37.958 SKQuoteLib_AttachBest5CallBack 
[10384] 2016/03/08 17:02:39.580 SocketConnect Type¡G100  ErrorCode¡G0
[10384] 2016/03/08 17:02:40.938 Stocks Ready
[10384] 2016/03/08 17:02:58.180 SKQuoteLib_RequestStocks (1,TSEA,TX00,TX03,TX04,TX06,TX09,TX12,TE00,TE03,TE04,TE06,TE09,TE12,TF00,TF03,TF04,TF06,TF09,TF12)
[10384] 2016/03/08 17:02:58.182 Divide StockNo {TSEA}
[10384] 2016/03/08 17:02:58.182 Add Basket MarketNo¡G0 StockIdx¡G10536
[10384] 2016/03/08 17:02:58.182 Divide StockNo {TX00}
[10384] 2016/03/08 17:02:58.183 Add Basket MarketNo¡G2 StockIdx¡G0
[10384] 2016/03/08 17:02:58.183 Divide StockNo {TX03}
[10384] 2016/03/08 17:02:58.184 Add Basket MarketNo¡G2 StockIdx¡G1
[10384] 2016/03/08 17:02:58.184 Divide StockNo {TX04}
[10384] 2016/03/08 17:02:58.185 Add Basket MarketNo¡G2 StockIdx¡G2
[10384] 2016/03/08 17:02:58.185 Divide StockNo {TX06}
[10384] 2016/03/08 17:02:58.186 Add Basket MarketNo¡G2 StockIdx¡G3
[10384] 2016/03/08 17:02:58.187 Divide StockNo {TX09}
[10384] 2016/03/08 17:02:58.187 Add Basket MarketNo¡G2 StockIdx¡G4
[10384] 2016/03/08 17:02:58.187 Divide StockNo {TX12}
[10384] 2016/03/08 17:02:58.188 Add Basket MarketNo¡G2 StockIdx¡G5
[10384] 2016/03/08 17:02:58.188 Divide StockNo {TE00}
[10384] 2016/03/08 17:02:58.189 Add Basket MarketNo¡G2 StockIdx¡G14
[10384] 2016/03/08 17:02:58.189 Divide StockNo {TE03}
[10384] 2016/03/08 17:02:58.190 Add Basket MarketNo¡G2 StockIdx¡G15
[10384] 2016/03/08 17:02:58.191 Divide StockNo {TE04}
[10384] 2016/03/08 17:02:58.191 Add Basket MarketNo¡G2 StockIdx¡G16
[10384] 2016/03/08 17:02:58.192 Divide StockNo {TE06}
[10384] 2016/03/08 17:02:58.192 Add Basket MarketNo¡G2 StockIdx¡G17
[10384] 2016/03/08 17:02:58.193 Divide StockNo {TE09}
[10384] 2016/03/08 17:02:58.193 Add Basket MarketNo¡G2 StockIdx¡G18
[10384] 2016/03/08 17:02:58.193 Divide StockNo {TE12}
[10384] 2016/03/08 17:02:58.194 Add Basket MarketNo¡G2 StockIdx¡G19
[10384] 2016/03/08 17:02:58.194 Divide StockNo {TF00}
[10384] 2016/03/08 17:02:58.195 Add Basket MarketNo¡G2 StockIdx¡G20
[10384] 2016/03/08 17:02:58.195 Divide StockNo {TF03}
[10384] 2016/03/08 17:02:58.196 Add Basket MarketNo¡G2 StockIdx¡G21
[10384] 2016/03/08 17:02:58.196 Divide StockNo {TF04}
[10384] 2016/03/08 17:02:58.197 Add Basket MarketNo¡G2 StockIdx¡G22
[10384] 2016/03/08 17:02:58.197 Divide StockNo {TF06}
[10384] 2016/03/08 17:02:58.198 Add Basket MarketNo¡G2 StockIdx¡G23
[10384] 2016/03/08 17:02:58.198 Divide StockNo {TF09}
[10384] 2016/03/08 17:02:58.198 Add Basket MarketNo¡G2 StockIdx¡G24
[10384] 2016/03/08 17:02:58.199 Divide StockNo {TF12}
[10384] 2016/03/08 17:02:58.200 Add Basket MarketNo¡G2 StockIdx¡G25
[10384] 2016/03/08 17:02:58.200 SKQuoteLib_RequestStocks Page 1
[10384] 2016/03/08 17:02:58.229 SKQuoteLib_RequestTicks (0,TSEA)
[10384] 2016/03/08 17:02:58.230 SKQuoteLib_RequestTicks (0,TX00)
[10384] 2016/03/08 17:02:58.234 SKQuoteLib_RequestTicks (0,TX03)
[10384] 2016/03/08 17:02:58.238 SKQuoteLib_RequestTicks (0,TX04)
[10384] 2016/03/08 17:02:58.240 SKQuoteLib_RequestTicks (0,TX06)
[10384] 2016/03/08 17:02:58.244 SKQuoteLib_RequestTicks (0,TX09)
[10384] 2016/03/08 17:02:58.248 SKQuoteLib_RequestTicks (0,TX12)
[10384] 2016/03/08 17:02:58.250 SKQuoteLib_RequestTicks (0,TE00)
[10384] 2016/03/08 17:02:58.254 SKQuoteLib_RequestTicks (0,TE03)
[10384] 2016/03/08 17:02:58.258 SKQuoteLib_RequestTicks (0,TE04)
[10384] 2016/03/08 17:02:58.259 SKQuoteLib_RequestTicks (0,TE06)
[10384] 2016/03/08 17:02:58.265 SKQuoteLib_RequestTicks (0,TE09)
[10384] 2016/03/08 17:02:58.269 SKQuoteLib_RequestTicks (0,TE12)
[10384] 2016/03/08 17:02:58.270 SKQuoteLib_RequestTicks (0,TF00)
[10384] 2016/03/08 17:02:58.274 SKQuoteLib_RequestTicks (0,TF03)
[10384] 2016/03/08 17:02:58.277 SKQuoteLib_RequestTicks (0,TF04)
[10384] 2016/03/08 17:02:58.279 SKQuoteLib_RequestTicks (0,TF06)
[10384] 2016/03/08 17:02:58.283 SKQuoteLib_RequestTicks (0,TF09)
[10384] 2016/03/08 17:02:58.287 SKQuoteLib_RequestTicks (0,TF12)
[10384] 2016/03/08 17:03:39.568 Check Link Status 
[7788] 2016/03/08 17:04:49.653 API InitInstance 
[7788] 2016/03/08 17:04:49.655 SKQuoteLib_Initialize ¡GB222875498
[7788] 2016/03/08 17:04:49.656 SKQuoteLib_Initialize ¡Ghttps://order2.capital.com.tw/
[7788] 2016/03/08 17:04:51.292 SKQuoteLib_Initialize  SUCCESS 
[7788] 2016/03/08 17:04:51.313 SKQuoteLib_EnterMonitor IP¡Ginfo21.capital.com.tw
[7788] 2016/03/08 17:04:51.315 SKQuoteLib_AttachConnectionCallBack 
[7788] 2016/03/08 17:04:51.316 SKQuoteLib_AttachQuoteCallBack 
[7788] 2016/03/08 17:04:51.317 SKQuoteLib_AttachBest5CallBack 
[7788] 2016/03/08 17:04:53.059 SocketConnect Type¡G100  ErrorCode¡G0
[7788] 2016/03/08 17:04:54.434 Stocks Ready
[7788] 2016/03/08 17:05:11.462 SKQuoteLib_RequestStocks (1,TSEA,TX00,TX03,TX04,TX06,TX09,TX12,TE00,TE03,TE04,TE06,TE09,TE12,TF00,TF03,TF04,TF06,TF09,TF12)
[7788] 2016/03/08 17:05:11.463 Divide StockNo {TSEA}
[7788] 2016/03/08 17:05:11.464 Add Basket MarketNo¡G0 StockIdx¡G10536
[7788] 2016/03/08 17:05:11.464 Divide StockNo {TX00}
[7788] 2016/03/08 17:05:11.465 Add Basket MarketNo¡G2 StockIdx¡G0
[7788] 2016/03/08 17:05:11.465 Divide StockNo {TX03}
[7788] 2016/03/08 17:05:11.466 Add Basket MarketNo¡G2 StockIdx¡G1
[7788] 2016/03/08 17:05:11.466 Divide StockNo {TX04}
[7788] 2016/03/08 17:05:11.467 Add Basket MarketNo¡G2 StockIdx¡G2
[7788] 2016/03/08 17:05:11.467 Divide StockNo {TX06}
[7788] 2016/03/08 17:05:11.468 Add Basket MarketNo¡G2 StockIdx¡G3
[7788] 2016/03/08 17:05:11.468 Divide StockNo {TX09}
[7788] 2016/03/08 17:05:11.469 Add Basket MarketNo¡G2 StockIdx¡G4
[7788] 2016/03/08 17:05:11.469 Divide StockNo {TX12}
[7788] 2016/03/08 17:05:11.469 Add Basket MarketNo¡G2 StockIdx¡G5
[7788] 2016/03/08 17:05:11.470 Divide StockNo {TE00}
[7788] 2016/03/08 17:05:11.470 Add Basket MarketNo¡G2 StockIdx¡G14
[7788] 2016/03/08 17:05:11.471 Divide StockNo {TE03}
[7788] 2016/03/08 17:05:11.471 Add Basket MarketNo¡G2 StockIdx¡G15
[7788] 2016/03/08 17:05:11.472 Divide StockNo {TE04}
[7788] 2016/03/08 17:05:11.472 Add Basket MarketNo¡G2 StockIdx¡G16
[7788] 2016/03/08 17:05:11.472 Divide StockNo {TE06}
[7788] 2016/03/08 17:05:11.473 Add Basket MarketNo¡G2 StockIdx¡G17
[7788] 2016/03/08 17:05:11.473 Divide StockNo {TE09}
[7788] 2016/03/08 17:05:11.474 Add Basket MarketNo¡G2 StockIdx¡G18
[7788] 2016/03/08 17:05:11.474 Divide StockNo {TE12}
[7788] 2016/03/08 17:05:11.475 Add Basket MarketNo¡G2 StockIdx¡G19
[7788] 2016/03/08 17:05:11.475 Divide StockNo {TF00}
[7788] 2016/03/08 17:05:11.476 Add Basket MarketNo¡G2 StockIdx¡G20
[7788] 2016/03/08 17:05:11.476 Divide StockNo {TF03}
[7788] 2016/03/08 17:05:11.477 Add Basket MarketNo¡G2 StockIdx¡G21
[7788] 2016/03/08 17:05:11.477 Divide StockNo {TF04}
[7788] 2016/03/08 17:05:11.477 Add Basket MarketNo¡G2 StockIdx¡G22
[7788] 2016/03/08 17:05:11.478 Divide StockNo {TF06}
[7788] 2016/03/08 17:05:11.478 Add Basket MarketNo¡G2 StockIdx¡G23
[7788] 2016/03/08 17:05:11.479 Divide StockNo {TF09}
[7788] 2016/03/08 17:05:11.479 Add Basket MarketNo¡G2 StockIdx¡G24
[7788] 2016/03/08 17:05:11.480 Divide StockNo {TF12}
[7788] 2016/03/08 17:05:11.480 Add Basket MarketNo¡G2 StockIdx¡G25
[7788] 2016/03/08 17:05:11.481 SKQuoteLib_RequestStocks Page 1
[7788] 2016/03/08 17:05:11.501 SKQuoteLib_RequestTicks (0,TSEA)
[7788] 2016/03/08 17:05:11.505 SKQuoteLib_RequestTicks (0,TX00)
[7788] 2016/03/08 17:05:11.509 SKQuoteLib_RequestTicks (0,TX03)
[7788] 2016/03/08 17:05:11.511 SKQuoteLib_RequestTicks (0,TX04)
[7788] 2016/03/08 17:05:11.516 SKQuoteLib_RequestTicks (0,TX06)
[7788] 2016/03/08 17:05:11.519 SKQuoteLib_RequestTicks (0,TX09)
[7788] 2016/03/08 17:05:11.521 SKQuoteLib_RequestTicks (0,TX12)
[7788] 2016/03/08 17:05:11.524 SKQuoteLib_RequestTicks (0,TE00)
[7788] 2016/03/08 17:05:11.528 SKQuoteLib_RequestTicks (0,TE03)
[7788] 2016/03/08 17:05:11.530 SKQuoteLib_RequestTicks (0,TE04)
[7788] 2016/03/08 17:05:11.534 SKQuoteLib_RequestTicks (0,TE06)
[7788] 2016/03/08 17:05:11.538 SKQuoteLib_RequestTicks (0,TE09)
[7788] 2016/03/08 17:05:11.539 SKQuoteLib_RequestTicks (0,TE12)
[7788] 2016/03/08 17:05:11.543 SKQuoteLib_RequestTicks (0,TF00)
[7788] 2016/03/08 17:05:11.547 SKQuoteLib_RequestTicks (0,TF03)
[7788] 2016/03/08 17:05:11.548 SKQuoteLib_RequestTicks (0,TF04)
[7788] 2016/03/08 17:05:11.552 SKQuoteLib_RequestTicks (0,TF06)
[7788] 2016/03/08 17:05:11.556 SKQuoteLib_RequestTicks (0,TF09)
[7788] 2016/03/08 17:05:11.557 SKQuoteLib_RequestTicks (0,TF12)
[7788] 2016/03/08 17:05:53.054 Check Link Status 
[7788] 2016/03/08 17:06:53.052 Check Link Status 
[7788] 2016/03/08 17:07:53.053 Check Link Status 
[7788] 2016/03/08 17:08:53.062 Check Link Status 
[7788] 2016/03/08 17:09:53.053 Check Link Status 
[7788] 2016/03/08 17:10:53.055 Check Link Status 
[7788] 2016/03/08 17:11:53.059 Check Link Status 
[7704] 2016/03/08 17:28:57.524 API InitInstance 
[7704] 2016/03/08 17:28:57.527 SKQuoteLib_Initialize ¡GB222875498
[7704] 2016/03/08 17:28:57.527 SKQuoteLib_Initialize ¡Ghttps://order2.capital.com.tw/
[7704] 2016/03/08 17:28:59.113 SKQuoteLib_Initialize  SUCCESS 
[7704] 2016/03/08 17:28:59.135 SKQuoteLib_EnterMonitor IP¡Ginfo10.capital.com.tw
[7704] 2016/03/08 17:28:59.137 SKQuoteLib_AttachConnectionCallBack 
[7704] 2016/03/08 17:28:59.137 SKQuoteLib_AttachQuoteCallBack 
[7704] 2016/03/08 17:28:59.138 SKQuoteLib_AttachBest5CallBack 
[7704] 2016/03/08 17:29:01.298 SocketConnect Type¡G100  ErrorCode¡G0
[7704] 2016/03/08 17:29:02.701 Stocks Ready
[4516] 2016/03/08 17:29:19.144 API InitInstance 
[4516] 2016/03/08 17:29:19.146 SKQuoteLib_Initialize ¡GB222875498
[4516] 2016/03/08 17:29:19.146 SKQuoteLib_Initialize ¡Ghttps://order2.capital.com.tw/
[4516] 2016/03/08 17:29:20.864 SKQuoteLib_Initialize  SUCCESS 
[4516] 2016/03/08 17:29:20.872 SKQuoteLib_EnterMonitor IP¡Ginfo10.capital.com.tw
[4516] 2016/03/08 17:29:20.875 SKQuoteLib_AttachConnectionCallBack 
[4516] 2016/03/08 17:29:20.876 SKQuoteLib_AttachQuoteCallBack 
[4516] 2016/03/08 17:29:20.877 SKQuoteLib_AttachBest5CallBack 
[4516] 2016/03/08 17:29:22.501 SocketConnect Type¡G100  ErrorCode¡G0
[4516] 2016/03/08 17:29:23.964 Stocks Ready
[4516] 2016/03/08 17:29:41.086 SKQuoteLib_RequestStocks (1,TSEA,TX00,TX03,TX04,TX06,TX09,TX12,TE00,TE03,TE04,TE06,TE09,TE12,TF00,TF03,TF04,TF06,TF09,TF12)
[4516] 2016/03/08 17:29:41.087 Divide StockNo {TSEA}
[4516] 2016/03/08 17:29:41.088 Add Basket MarketNo¡G0 StockIdx¡G10536
[4516] 2016/03/08 17:29:41.088 Divide StockNo {TX00}
[4516] 2016/03/08 17:29:41.089 Add Basket MarketNo¡G2 StockIdx¡G0
[4516] 2016/03/08 17:29:41.089 Divide StockNo {TX03}
[4516] 2016/03/08 17:29:41.090 Add Basket MarketNo¡G2 StockIdx¡G1
[4516] 2016/03/08 17:29:41.090 Divide StockNo {TX04}
[4516] 2016/03/08 17:29:41.090 Add Basket MarketNo¡G2 StockIdx¡G2
[4516] 2016/03/08 17:29:41.091 Divide StockNo {TX06}
[4516] 2016/03/08 17:29:41.091 Add Basket MarketNo¡G2 StockIdx¡G3
[4516] 2016/03/08 17:29:41.092 Divide StockNo {TX09}
[4516] 2016/03/08 17:29:41.092 Add Basket MarketNo¡G2 StockIdx¡G4
[4516] 2016/03/08 17:29:41.093 Divide StockNo {TX12}
[4516] 2016/03/08 17:29:41.093 Add Basket MarketNo¡G2 StockIdx¡G5
[4516] 2016/03/08 17:29:41.094 Divide StockNo {TE00}
[4516] 2016/03/08 17:29:41.094 Add Basket MarketNo¡G2 StockIdx¡G14
[4516] 2016/03/08 17:29:41.095 Divide StockNo {TE03}
[4516] 2016/03/08 17:29:41.095 Add Basket MarketNo¡G2 StockIdx¡G15
[4516] 2016/03/08 17:29:41.095 Divide StockNo {TE04}
[4516] 2016/03/08 17:29:41.096 Add Basket MarketNo¡G2 StockIdx¡G16
[4516] 2016/03/08 17:29:41.096 Divide StockNo {TE06}
[4516] 2016/03/08 17:29:41.097 Add Basket MarketNo¡G2 StockIdx¡G17
[4516] 2016/03/08 17:29:41.097 Divide StockNo {TE09}
[4516] 2016/03/08 17:29:41.098 Add Basket MarketNo¡G2 StockIdx¡G18
[4516] 2016/03/08 17:29:41.098 Divide StockNo {TE12}
[4516] 2016/03/08 17:29:41.099 Add Basket MarketNo¡G2 StockIdx¡G19
[4516] 2016/03/08 17:29:41.099 Divide StockNo {TF00}
[4516] 2016/03/08 17:29:41.099 Add Basket MarketNo¡G2 StockIdx¡G20
[4516] 2016/03/08 17:29:41.100 Divide StockNo {TF03}
[4516] 2016/03/08 17:29:41.100 Add Basket MarketNo¡G2 StockIdx¡G21
[4516] 2016/03/08 17:29:41.101 Divide StockNo {TF04}
[4516] 2016/03/08 17:29:41.101 Add Basket MarketNo¡G2 StockIdx¡G22
[4516] 2016/03/08 17:29:41.102 Divide StockNo {TF06}
[4516] 2016/03/08 17:29:41.102 Add Basket MarketNo¡G2 StockIdx¡G23
[4516] 2016/03/08 17:29:41.103 Divide StockNo {TF09}
[4516] 2016/03/08 17:29:41.103 Add Basket MarketNo¡G2 StockIdx¡G24
[4516] 2016/03/08 17:29:41.104 Divide StockNo {TF12}
[4516] 2016/03/08 17:29:41.104 Add Basket MarketNo¡G2 StockIdx¡G25
[4516] 2016/03/08 17:29:41.105 SKQuoteLib_RequestStocks Page 1
[4516] 2016/03/08 17:29:41.130 SKQuoteLib_RequestTicks (0,TSEA)
[4516] 2016/03/08 17:29:41.131 SKQuoteLib_RequestTicks (0,TX00)
[4516] 2016/03/08 17:29:41.135 SKQuoteLib_RequestTicks (0,TX03)
[4516] 2016/03/08 17:29:41.139 SKQuoteLib_RequestTicks (0,TX04)
[4516] 2016/03/08 17:29:41.140 SKQuoteLib_RequestTicks (0,TX06)
[4516] 2016/03/08 17:29:41.144 SKQuoteLib_RequestTicks (0,TX09)
[4516] 2016/03/08 17:29:41.147 SKQuoteLib_RequestTicks (0,TX12)
[4516] 2016/03/08 17:29:41.149 SKQuoteLib_RequestTicks (0,TE00)
[4516] 2016/03/08 17:29:41.153 SKQuoteLib_RequestTicks (0,TE03)
[4516] 2016/03/08 17:29:41.156 SKQuoteLib_RequestTicks (0,TE04)
[4516] 2016/03/08 17:29:41.157 SKQuoteLib_RequestTicks (0,TE06)
[4516] 2016/03/08 17:29:41.161 SKQuoteLib_RequestTicks (0,TE09)
[4516] 2016/03/08 17:29:41.165 SKQuoteLib_RequestTicks (0,TE12)
[4516] 2016/03/08 17:29:41.166 SKQuoteLib_RequestTicks (0,TF00)
[4516] 2016/03/08 17:29:41.170 SKQuoteLib_RequestTicks (0,TF03)
[4516] 2016/03/08 17:29:41.173 SKQuoteLib_RequestTicks (0,TF04)
[4516] 2016/03/08 17:29:41.175 SKQuoteLib_RequestTicks (0,TF06)
[4516] 2016/03/08 17:29:41.178 SKQuoteLib_RequestTicks (0,TF09)
[4516] 2016/03/08 17:29:41.184 SKQuoteLib_RequestTicks (0,TF12)
[4516] 2016/03/08 17:30:22.494 Check Link Status 
[4516] 2016/03/08 17:31:22.493 Check Link Status 
