[10924] 2016/03/09 09:38:06.431 API InitInstance 
[10924] 2016/03/09 09:38:06.434 SKOSQuoteLib_Initialize  ID멚B222875498
[10924] 2016/03/09 09:38:06.434 SKOSQuoteLib_Initialize  Server멚https://order2.capital.com.tw/
[10924] 2016/03/09 09:38:08.094 SKOSQuoteLib_EnterMonitor(0)
[10924] 2016/03/09 09:38:08.095 Connect FORT05.capital.com.tw 443
[10924] 2016/03/09 09:38:08.097 SKOSQuoteLib_AttachConnectCallBack
[10924] 2016/03/09 09:38:08.098 SKOSQuoteLib_AttachQuoteCallBack
[10924] 2016/03/09 09:38:08.099 SKOSQuoteLib_AttachBest5CallBack
[10924] 2016/03/09 09:38:08.158 SK_SUBJECT_CONNECTION_CONNECTED메Code: 0
[10924] 2016/03/09 09:38:28.525 SKOSQuoteLib_RequestStocks (1,CME,NQ_1603#CME,NQ_1606#CME,NQ_1609#CME,NQ_1612#CME,EC_1603#CME,EC_1606#CBT,YM1603#CBT,YM1606#NYM,CL1604#NYM,CL1605#NYM,GC1604#NYM,GC1606#NYM,SI1603#NYM,SI1605#SGX,NKNT1603#SGX,NKNT1606#SGX,CNIDX#SGX,CNT1603#HKF,MHI1603#HKF,MHI1604#EUR,DAX1603#EUR,DAX1606#CFX,CIF1603#CFX,CIF1604)
[10924] 2016/03/09 09:38:28.529 SKOSQuoteLib_RequestTicks (0,CME,NQ_1603)
[10924] 2016/03/09 09:38:28.630 SKOSQuoteLib_RequestTicks (0,CME,NQ_1606)
[10924] 2016/03/09 09:38:28.733 SKOSQuoteLib_RequestTicks (0,CME,NQ_1609)
[10924] 2016/03/09 09:38:28.848 SKOSQuoteLib_RequestTicks (0,CME,NQ_1612)
[10924] 2016/03/09 09:38:28.953 SKOSQuoteLib_RequestTicks (0,CME,EC_1603)
[10924] 2016/03/09 09:38:29.056 SKOSQuoteLib_RequestTicks (0,CME,EC_1606)
[10924] 2016/03/09 09:38:29.158 SKOSQuoteLib_RequestTicks (0,CBT,YM1603)
[10924] 2016/03/09 09:38:29.260 SKOSQuoteLib_RequestTicks (0,CBT,YM1606)
[10924] 2016/03/09 09:38:29.362 SKOSQuoteLib_RequestTicks (0,NYM,CL1604)
[10924] 2016/03/09 09:38:29.465 SKOSQuoteLib_RequestTicks (0,NYM,CL1605)
[10924] 2016/03/09 09:38:29.568 SKOSQuoteLib_RequestTicks (0,NYM,GC1604)
[10924] 2016/03/09 09:38:29.672 SKOSQuoteLib_RequestTicks (0,NYM,GC1606)
[10924] 2016/03/09 09:38:29.777 SKOSQuoteLib_RequestTicks (0,NYM,SI1603)
[10924] 2016/03/09 09:38:29.880 SKOSQuoteLib_RequestTicks (0,NYM,SI1605)
[10924] 2016/03/09 09:38:29.982 SKOSQuoteLib_RequestTicks (0,SGX,NKNT1603)
[10924] 2016/03/09 09:38:30.084 SKOSQuoteLib_RequestTicks (0,SGX,NKNT1606)
[10924] 2016/03/09 09:38:30.187 SKOSQuoteLib_RequestTicks (0,SGX,CNIDX)
[10924] 2016/03/09 09:38:30.289 SKOSQuoteLib_RequestTicks (0,SGX,CNT1603)
[10924] 2016/03/09 09:38:30.392 SKOSQuoteLib_RequestTicks (0,HKF,MHI1603)
[10924] 2016/03/09 09:38:30.496 SKOSQuoteLib_RequestTicks (0,HKF,MHI1604)
[10924] 2016/03/09 09:38:30.599 SKOSQuoteLib_RequestTicks (0,EUR,DAX1603)
[10924] 2016/03/09 09:38:30.701 SKOSQuoteLib_RequestTicks (0,EUR,DAX1606)
[10924] 2016/03/09 09:38:30.804 SKOSQuoteLib_RequestTicks (0,CFX,CIF1603)
[10924] 2016/03/09 09:38:30.906 SKOSQuoteLib_RequestTicks (0,CFX,CIF1604)
[6352] 2016/03/09 10:08:45.741 API InitInstance 
[6352] 2016/03/09 10:08:45.744 SKOSQuoteLib_Initialize  ID멚B222875498
[6352] 2016/03/09 10:08:45.745 SKOSQuoteLib_Initialize  Server멚https://order2.capital.com.tw/
[6352] 2016/03/09 10:08:46.487 SKOSQuoteLib_EnterMonitor(0)
[6352] 2016/03/09 10:08:46.488 Connect FORT03.capital.com.tw 443
[6352] 2016/03/09 10:08:46.492 SKOSQuoteLib_AttachConnectCallBack
[6352] 2016/03/09 10:08:46.493 SKOSQuoteLib_AttachQuoteCallBack
[6352] 2016/03/09 10:08:46.494 SKOSQuoteLib_AttachBest5CallBack
[6352] 2016/03/09 10:08:46.553 SK_SUBJECT_CONNECTION_CONNECTED메Code: 0
[6352] 2016/03/09 10:09:06.833 SKOSQuoteLib_RequestStocks (1,CME,NQ_1603#CME,NQ_1606#CME,NQ_1609#CME,NQ_1612#CME,EC_1603#CME,EC_1606#CBT,YM1603#CBT,YM1606#NYM,CL1604#NYM,CL1605#NYM,GC1604#NYM,GC1606#NYM,SI1603#NYM,SI1605#SGX,NKNT1603#SGX,NKNT1606#SGX,CNIDX#SGX,CNT1603#HKF,MHI1603#HKF,MHI1604#EUR,DAX1603#EUR,DAX1606#CFX,CIF1603#CFX,CIF1604)
[6352] 2016/03/09 10:09:06.837 SKOSQuoteLib_RequestTicks (0,CME,NQ_1603)
[6352] 2016/03/09 10:09:06.938 SKOSQuoteLib_RequestTicks (0,CME,NQ_1606)
[6352] 2016/03/09 10:09:07.040 SKOSQuoteLib_RequestTicks (0,CME,NQ_1609)
[6352] 2016/03/09 10:09:07.142 SKOSQuoteLib_RequestTicks (0,CME,NQ_1612)
[6352] 2016/03/09 10:09:07.250 SKOSQuoteLib_RequestTicks (0,CME,EC_1603)
[6352] 2016/03/09 10:09:07.354 SKOSQuoteLib_RequestTicks (0,CME,EC_1606)
[6352] 2016/03/09 10:09:07.456 SKOSQuoteLib_RequestTicks (0,CBT,YM1603)
[6352] 2016/03/09 10:09:07.564 SKOSQuoteLib_RequestTicks (0,CBT,YM1606)
[6352] 2016/03/09 10:09:07.667 SKOSQuoteLib_RequestTicks (0,NYM,CL1604)
[6352] 2016/03/09 10:09:07.768 SKOSQuoteLib_RequestTicks (0,NYM,CL1605)
[6352] 2016/03/09 10:09:07.871 SKOSQuoteLib_RequestTicks (0,NYM,GC1604)
[6352] 2016/03/09 10:09:07.974 SKOSQuoteLib_RequestTicks (0,NYM,GC1606)
[6352] 2016/03/09 10:09:08.077 SKOSQuoteLib_RequestTicks (0,NYM,SI1603)
[6352] 2016/03/09 10:09:08.180 SKOSQuoteLib_RequestTicks (0,NYM,SI1605)
[6352] 2016/03/09 10:09:08.282 SKOSQuoteLib_RequestTicks (0,SGX,NKNT1603)
[6352] 2016/03/09 10:09:08.384 SKOSQuoteLib_RequestTicks (0,SGX,NKNT1606)
[6352] 2016/03/09 10:09:08.487 SKOSQuoteLib_RequestTicks (0,SGX,CNIDX)
[6352] 2016/03/09 10:09:08.589 SKOSQuoteLib_RequestTicks (0,SGX,CNT1603)
[6352] 2016/03/09 10:09:08.691 SKOSQuoteLib_RequestTicks (0,HKF,MHI1603)
[6352] 2016/03/09 10:09:08.794 SKOSQuoteLib_RequestTicks (0,HKF,MHI1604)
[6352] 2016/03/09 10:09:08.895 SKOSQuoteLib_RequestTicks (0,EUR,DAX1603)
[6352] 2016/03/09 10:09:08.998 SKOSQuoteLib_RequestTicks (0,EUR,DAX1606)
[6352] 2016/03/09 10:09:09.099 SKOSQuoteLib_RequestTicks (0,CFX,CIF1603)
[6352] 2016/03/09 10:09:09.200 SKOSQuoteLib_RequestTicks (0,CFX,CIF1604)
[588] 2016/03/09 10:12:42.071 API InitInstance 
[588] 2016/03/09 10:12:42.073 SKOSQuoteLib_Initialize  ID멚B222875498
[588] 2016/03/09 10:12:42.074 SKOSQuoteLib_Initialize  Server멚https://order2.capital.com.tw/
[588] 2016/03/09 10:12:42.826 SKOSQuoteLib_EnterMonitor(0)
[588] 2016/03/09 10:12:42.826 Connect FORT03.capital.com.tw 443
[588] 2016/03/09 10:12:42.829 SKOSQuoteLib_AttachConnectCallBack
[588] 2016/03/09 10:12:42.829 SKOSQuoteLib_AttachQuoteCallBack
[588] 2016/03/09 10:12:42.830 SKOSQuoteLib_AttachBest5CallBack
[588] 2016/03/09 10:12:42.848 SK_SUBJECT_CONNECTION_CONNECTED메Code: 0
[588] 2016/03/09 10:13:03.154 SKOSQuoteLib_RequestStocks (1,CME,NQ_1603#CME,NQ_1606#CME,NQ_1609#CME,NQ_1612#CME,EC_1603#CME,EC_1606#CBT,YM1603#CBT,YM1606#NYM,CL1604#NYM,CL1605#NYM,GC1604#NYM,GC1606#NYM,SI1603#NYM,SI1605#SGX,NKNT1603#SGX,NKNT1606#SGX,CNIDX#SGX,CNT1603#HKF,MHI1603#HKF,MHI1604#EUR,DAX1603#EUR,DAX1606#CFX,CIF1603#CFX,CIF1604)
[588] 2016/03/09 10:13:03.157 SKOSQuoteLib_RequestTicks (0,CME,NQ_1603)
[588] 2016/03/09 10:13:03.259 SKOSQuoteLib_RequestTicks (0,CME,NQ_1606)
[588] 2016/03/09 10:13:03.360 SKOSQuoteLib_RequestTicks (0,CME,NQ_1609)
[588] 2016/03/09 10:13:03.463 SKOSQuoteLib_RequestTicks (0,CME,NQ_1612)
[588] 2016/03/09 10:13:03.566 SKOSQuoteLib_RequestTicks (0,CME,EC_1603)
[588] 2016/03/09 10:13:03.667 SKOSQuoteLib_RequestTicks (0,CME,EC_1606)
[588] 2016/03/09 10:13:03.768 SKOSQuoteLib_RequestTicks (0,CBT,YM1603)
[588] 2016/03/09 10:13:03.870 SKOSQuoteLib_RequestTicks (0,CBT,YM1606)
[588] 2016/03/09 10:13:03.972 SKOSQuoteLib_RequestTicks (0,NYM,CL1604)
[588] 2016/03/09 10:13:04.074 SKOSQuoteLib_RequestTicks (0,NYM,CL1605)
[588] 2016/03/09 10:13:04.175 SKOSQuoteLib_RequestTicks (0,NYM,GC1604)
[588] 2016/03/09 10:13:04.277 SKOSQuoteLib_RequestTicks (0,NYM,GC1606)
[588] 2016/03/09 10:13:04.379 SKOSQuoteLib_RequestTicks (0,NYM,SI1603)
[588] 2016/03/09 10:13:04.480 SKOSQuoteLib_RequestTicks (0,NYM,SI1605)
[588] 2016/03/09 10:13:04.583 SKOSQuoteLib_RequestTicks (0,SGX,NKNT1603)
[588] 2016/03/09 10:13:04.685 SKOSQuoteLib_RequestTicks (0,SGX,NKNT1606)
[588] 2016/03/09 10:13:04.789 SKOSQuoteLib_RequestTicks (0,SGX,CNIDX)
[588] 2016/03/09 10:13:04.890 SKOSQuoteLib_RequestTicks (0,SGX,CNT1603)
[588] 2016/03/09 10:13:04.993 SKOSQuoteLib_RequestTicks (0,HKF,MHI1603)
[588] 2016/03/09 10:13:05.095 SKOSQuoteLib_RequestTicks (0,HKF,MHI1604)
[588] 2016/03/09 10:13:05.196 SKOSQuoteLib_RequestTicks (0,EUR,DAX1603)
[588] 2016/03/09 10:13:05.298 SKOSQuoteLib_RequestTicks (0,EUR,DAX1606)
[588] 2016/03/09 10:13:05.401 SKOSQuoteLib_RequestTicks (0,CFX,CIF1603)
[588] 2016/03/09 10:13:05.504 SKOSQuoteLib_RequestTicks (0,CFX,CIF1604)
[588] 2016/03/09 10:24:42.827 SKOSQuoteLib_RequestStocks (1,CME,NQ_1603#CME,NQ_1606#CME,NQ_1609#CME,NQ_1612#CME,EC_1603#CME,EC_1606#CBT,YM1603#CBT,YM1606#NYM,CL1604#NYM,CL1605#NYM,GC1604#NYM,GC1606#NYM,SI1603#NYM,SI1605#SGX,NKNT1603#SGX,NKNT1606#SGX,CNIDX#SGX,CNT1603#HKF,MHI1603#HKF,MHI1604#EUR,DAX1603#EUR,DAX1606#CFX,CIF1603#CFX,CIF1604)
[588] 2016/03/09 10:24:42.833 SKOSQuoteLib_RequestTicks (0,CME,NQ_1603)
[588] 2016/03/09 10:24:42.935 SKOSQuoteLib_RequestTicks (0,CME,NQ_1606)
[588] 2016/03/09 10:24:43.037 SKOSQuoteLib_RequestTicks (0,CME,NQ_1609)
[588] 2016/03/09 10:24:43.138 SKOSQuoteLib_RequestTicks (0,CME,NQ_1612)
[588] 2016/03/09 10:24:43.240 SKOSQuoteLib_RequestTicks (0,CME,EC_1603)
[588] 2016/03/09 10:24:43.342 SKOSQuoteLib_RequestTicks (0,CME,EC_1606)
[588] 2016/03/09 10:24:43.444 SKOSQuoteLib_RequestTicks (0,CBT,YM1603)
[588] 2016/03/09 10:24:43.546 SKOSQuoteLib_RequestTicks (0,CBT,YM1606)
[588] 2016/03/09 10:24:43.647 SKOSQuoteLib_RequestTicks (0,NYM,CL1604)
[588] 2016/03/09 10:24:43.749 SKOSQuoteLib_RequestTicks (0,NYM,CL1605)
[588] 2016/03/09 10:24:43.850 SKOSQuoteLib_RequestTicks (0,NYM,GC1604)
[588] 2016/03/09 10:24:43.952 SKOSQuoteLib_RequestTicks (0,NYM,GC1606)
[588] 2016/03/09 10:24:44.054 SKOSQuoteLib_RequestTicks (0,NYM,SI1603)
[588] 2016/03/09 10:24:44.156 SKOSQuoteLib_RequestTicks (0,NYM,SI1605)
[588] 2016/03/09 10:24:44.257 SKOSQuoteLib_RequestTicks (0,SGX,NKNT1603)
[588] 2016/03/09 10:24:44.359 SKOSQuoteLib_RequestTicks (0,SGX,NKNT1606)
[588] 2016/03/09 10:24:44.461 SKOSQuoteLib_RequestTicks (0,SGX,CNIDX)
[588] 2016/03/09 10:24:44.564 SKOSQuoteLib_RequestTicks (0,SGX,CNT1603)
[588] 2016/03/09 10:24:44.666 SKOSQuoteLib_RequestTicks (0,HKF,MHI1603)
[588] 2016/03/09 10:24:44.768 SKOSQuoteLib_RequestTicks (0,HKF,MHI1604)
[588] 2016/03/09 10:24:44.870 SKOSQuoteLib_RequestTicks (0,EUR,DAX1603)
[588] 2016/03/09 10:24:44.972 SKOSQuoteLib_RequestTicks (0,EUR,DAX1606)
[588] 2016/03/09 10:24:45.073 SKOSQuoteLib_RequestTicks (0,CFX,CIF1603)
[588] 2016/03/09 10:24:45.175 SKOSQuoteLib_RequestTicks (0,CFX,CIF1604)
[3068] 2016/03/09 10:27:59.694 API InitInstance 
[3068] 2016/03/09 10:27:59.697 SKOSQuoteLib_Initialize  ID멚B222875498
[3068] 2016/03/09 10:27:59.698 SKOSQuoteLib_Initialize  Server멚https://order2.capital.com.tw/
[3068] 2016/03/09 10:28:01.346 SKOSQuoteLib_EnterMonitor(0)
[3068] 2016/03/09 10:28:01.346 Connect FORT05.capital.com.tw 443
[3068] 2016/03/09 10:28:01.350 SKOSQuoteLib_AttachConnectCallBack
[3068] 2016/03/09 10:28:01.351 SKOSQuoteLib_AttachQuoteCallBack
[3068] 2016/03/09 10:28:01.351 SKOSQuoteLib_AttachBest5CallBack
[3068] 2016/03/09 10:28:01.391 SK_SUBJECT_CONNECTION_CONNECTED메Code: 0
[3068] 2016/03/09 10:28:22.165 SKOSQuoteLib_RequestStocks (1,CME,NQ_1603#CME,NQ_1606#CME,NQ_1609#CME,NQ_1612#CME,EC_1603#CME,EC_1606#CBT,YM1603#CBT,YM1606#NYM,CL1604#NYM,CL1605#NYM,GC1604#NYM,GC1606#NYM,SI1603#NYM,SI1605#SGX,NKNT1603#SGX,NKNT1606#SGX,CNIDX#SGX,CNT1603#HKF,MHI1603#HKF,MHI1604#EUR,DAX1603#EUR,DAX1606#CFX,CIF1603#CFX,CIF1604)
[3068] 2016/03/09 10:28:22.169 SKOSQuoteLib_RequestTicks (0,CME,NQ_1603)
[3068] 2016/03/09 10:28:22.271 SKOSQuoteLib_RequestTicks (0,CME,NQ_1606)
[3068] 2016/03/09 10:28:22.372 SKOSQuoteLib_RequestTicks (0,CME,NQ_1609)
[3068] 2016/03/09 10:28:22.474 SKOSQuoteLib_RequestTicks (0,CME,NQ_1612)
[3068] 2016/03/09 10:28:22.577 SKOSQuoteLib_RequestTicks (0,CME,EC_1603)
[3068] 2016/03/09 10:28:22.679 SKOSQuoteLib_RequestTicks (0,CME,EC_1606)
[3068] 2016/03/09 10:28:22.783 SKOSQuoteLib_RequestTicks (0,CBT,YM1603)
[3068] 2016/03/09 10:28:22.885 SKOSQuoteLib_RequestTicks (0,CBT,YM1606)
[3068] 2016/03/09 10:28:22.987 SKOSQuoteLib_RequestTicks (0,NYM,CL1604)
[3068] 2016/03/09 10:28:23.090 SKOSQuoteLib_RequestTicks (0,NYM,CL1605)
[3068] 2016/03/09 10:28:23.193 SKOSQuoteLib_RequestTicks (0,NYM,GC1604)
[3068] 2016/03/09 10:28:23.299 SKOSQuoteLib_RequestTicks (0,NYM,GC1606)
[3068] 2016/03/09 10:28:23.402 SKOSQuoteLib_RequestTicks (0,NYM,SI1603)
[3068] 2016/03/09 10:28:23.505 SKOSQuoteLib_RequestTicks (0,NYM,SI1605)
[3068] 2016/03/09 10:28:23.608 SKOSQuoteLib_RequestTicks (0,SGX,NKNT1603)
[3068] 2016/03/09 10:28:23.710 SKOSQuoteLib_RequestTicks (0,SGX,NKNT1606)
[3068] 2016/03/09 10:28:23.812 SKOSQuoteLib_RequestTicks (0,SGX,CNIDX)
[3068] 2016/03/09 10:28:23.915 SKOSQuoteLib_RequestTicks (0,SGX,CNT1603)
[3068] 2016/03/09 10:28:24.018 SKOSQuoteLib_RequestTicks (0,HKF,MHI1603)
[3068] 2016/03/09 10:28:24.128 SKOSQuoteLib_RequestTicks (0,HKF,MHI1604)
[3068] 2016/03/09 10:28:24.234 SKOSQuoteLib_RequestTicks (0,EUR,DAX1603)
[3068] 2016/03/09 10:28:24.335 SKOSQuoteLib_RequestTicks (0,EUR,DAX1606)
[3068] 2016/03/09 10:28:24.438 SKOSQuoteLib_RequestTicks (0,CFX,CIF1603)
[3068] 2016/03/09 10:28:24.540 SKOSQuoteLib_RequestTicks (0,CFX,CIF1604)
[11600] 2016/03/09 10:41:58.538 API InitInstance 
[11600] 2016/03/09 10:41:58.540 SKOSQuoteLib_Initialize  ID멚B222875498
[11600] 2016/03/09 10:41:58.541 SKOSQuoteLib_Initialize  Server멚https://order2.capital.com.tw/
[11600] 2016/03/09 10:41:59.349 SKOSQuoteLib_EnterMonitor(0)
[11600] 2016/03/09 10:41:59.349 Connect FORT03.capital.com.tw 443
[11600] 2016/03/09 10:41:59.352 SKOSQuoteLib_AttachConnectCallBack
[11600] 2016/03/09 10:41:59.352 SKOSQuoteLib_AttachQuoteCallBack
[11600] 2016/03/09 10:41:59.353 SKOSQuoteLib_AttachBest5CallBack
[11600] 2016/03/09 10:41:59.459 SK_SUBJECT_CONNECTION_CONNECTED메Code: 0
[11600] 2016/03/09 10:42:20.337 SKOSQuoteLib_RequestStocks (1,CME,NQ_1603#CME,NQ_1606#CME,NQ_1609#CME,NQ_1612#CME,EC_1603#CME,EC_1606#CBT,YM1603#CBT,YM1606#NYM,CL1604#NYM,CL1605#NYM,GC1604#NYM,GC1606#NYM,SI1603#NYM,SI1605#SGX,NKNT1603#SGX,NKNT1606#SGX,CNIDX#SGX,CNT1603#HKF,MHI1603#HKF,MHI1604#EUR,DAX1603#EUR,DAX1606#CFX,CIF1603#CFX,CIF1604)
[11600] 2016/03/09 10:42:20.341 SKOSQuoteLib_RequestTicks (0,CME,NQ_1603)
[11600] 2016/03/09 10:42:20.443 SKOSQuoteLib_RequestTicks (0,CME,NQ_1606)
[11600] 2016/03/09 10:42:20.545 SKOSQuoteLib_RequestTicks (0,CME,NQ_1609)
[11600] 2016/03/09 10:42:20.647 SKOSQuoteLib_RequestTicks (0,CME,NQ_1612)
[11600] 2016/03/09 10:42:20.749 SKOSQuoteLib_RequestTicks (0,CME,EC_1603)
[11600] 2016/03/09 10:42:20.857 SKOSQuoteLib_RequestTicks (0,CME,EC_1606)
[11600] 2016/03/09 10:42:20.958 SKOSQuoteLib_RequestTicks (0,CBT,YM1603)
[11600] 2016/03/09 10:42:21.060 SKOSQuoteLib_RequestTicks (0,CBT,YM1606)
[11600] 2016/03/09 10:42:21.162 SKOSQuoteLib_RequestTicks (0,NYM,CL1604)
[11600] 2016/03/09 10:42:21.264 SKOSQuoteLib_RequestTicks (0,NYM,CL1605)
[11600] 2016/03/09 10:42:21.370 SKOSQuoteLib_RequestTicks (0,NYM,GC1604)
[11600] 2016/03/09 10:42:21.474 SKOSQuoteLib_RequestTicks (0,NYM,GC1606)
[11600] 2016/03/09 10:42:21.576 SKOSQuoteLib_RequestTicks (0,NYM,SI1603)
[11600] 2016/03/09 10:42:21.678 SKOSQuoteLib_RequestTicks (0,NYM,SI1605)
[11600] 2016/03/09 10:42:21.780 SKOSQuoteLib_RequestTicks (0,SGX,NKNT1603)
[11600] 2016/03/09 10:42:21.881 SKOSQuoteLib_RequestTicks (0,SGX,NKNT1606)
[11600] 2016/03/09 10:42:21.982 SKOSQuoteLib_RequestTicks (0,SGX,CNIDX)
[11600] 2016/03/09 10:42:22.084 SKOSQuoteLib_RequestTicks (0,SGX,CNT1603)
[11600] 2016/03/09 10:42:22.187 SKOSQuoteLib_RequestTicks (0,HKF,MHI1603)
[11600] 2016/03/09 10:42:22.289 SKOSQuoteLib_RequestTicks (0,HKF,MHI1604)
[11600] 2016/03/09 10:42:22.391 SKOSQuoteLib_RequestTicks (0,EUR,DAX1603)
[11600] 2016/03/09 10:42:22.493 SKOSQuoteLib_RequestTicks (0,EUR,DAX1606)
[11600] 2016/03/09 10:42:22.595 SKOSQuoteLib_RequestTicks (0,CFX,CIF1603)
[11600] 2016/03/09 10:42:22.696 SKOSQuoteLib_RequestTicks (0,CFX,CIF1604)
[6176] 2016/03/09 10:44:39.447 API InitInstance 
[6176] 2016/03/09 10:44:39.450 SKOSQuoteLib_Initialize  ID멚B222875498
[6176] 2016/03/09 10:44:39.451 SKOSQuoteLib_Initialize  Server멚https://order2.capital.com.tw/
[6176] 2016/03/09 10:44:41.071 SKOSQuoteLib_EnterMonitor(0)
[6176] 2016/03/09 10:44:41.071 Connect FORT03.capital.com.tw 443
[6176] 2016/03/09 10:44:41.074 SKOSQuoteLib_AttachConnectCallBack
[6176] 2016/03/09 10:44:41.075 SKOSQuoteLib_AttachQuoteCallBack
[6176] 2016/03/09 10:44:41.076 SKOSQuoteLib_AttachBest5CallBack
[6176] 2016/03/09 10:44:41.093 SK_SUBJECT_CONNECTION_CONNECTED메Code: 0
[6176] 2016/03/09 10:45:03.146 SKOSQuoteLib_RequestStocks (1,CME,NQ_1603#CME,NQ_1606#CME,NQ_1609#CME,NQ_1612#CME,EC_1603#CME,EC_1606#CBT,YM1603#CBT,YM1606#NYM,CL1604#NYM,CL1605#NYM,GC1604#NYM,GC1606#NYM,SI1603#NYM,SI1605#SGX,NKNT1603#SGX,NKNT1606#SGX,CNIDX#SGX,CNT1603#HKF,MHI1603#HKF,MHI1604#EUR,DAX1603#EUR,DAX1606#CFX,CIF1603#CFX,CIF1604)
[6176] 2016/03/09 10:45:03.152 SKOSQuoteLib_RequestTicks (0,CME,NQ_1603)
[6176] 2016/03/09 10:45:03.254 SKOSQuoteLib_RequestTicks (0,CME,NQ_1606)
[6176] 2016/03/09 10:45:03.358 SKOSQuoteLib_RequestTicks (0,CME,NQ_1609)
[6176] 2016/03/09 10:45:03.459 SKOSQuoteLib_RequestTicks (0,CME,NQ_1612)
[6176] 2016/03/09 10:45:03.560 SKOSQuoteLib_RequestTicks (0,CME,EC_1603)
[6176] 2016/03/09 10:45:03.661 SKOSQuoteLib_RequestTicks (0,CME,EC_1606)
[6176] 2016/03/09 10:45:03.762 SKOSQuoteLib_RequestTicks (0,CBT,YM1603)
[6176] 2016/03/09 10:45:03.866 SKOSQuoteLib_RequestTicks (0,CBT,YM1606)
[6176] 2016/03/09 10:45:03.968 SKOSQuoteLib_RequestTicks (0,NYM,CL1604)
[6176] 2016/03/09 10:45:04.069 SKOSQuoteLib_RequestTicks (0,NYM,CL1605)
[6176] 2016/03/09 10:45:04.170 SKOSQuoteLib_RequestTicks (0,NYM,GC1604)
[6176] 2016/03/09 10:45:04.272 SKOSQuoteLib_RequestTicks (0,NYM,GC1606)
[6176] 2016/03/09 10:45:04.373 SKOSQuoteLib_RequestTicks (0,NYM,SI1603)
[6176] 2016/03/09 10:45:04.474 SKOSQuoteLib_RequestTicks (0,NYM,SI1605)
[6176] 2016/03/09 10:45:04.575 SKOSQuoteLib_RequestTicks (0,SGX,NKNT1603)
[6176] 2016/03/09 10:45:04.677 SKOSQuoteLib_RequestTicks (0,SGX,NKNT1606)
[6176] 2016/03/09 10:45:04.778 SKOSQuoteLib_RequestTicks (0,SGX,CNIDX)
[6176] 2016/03/09 10:45:04.879 SKOSQuoteLib_RequestTicks (0,SGX,CNT1603)
[6176] 2016/03/09 10:45:04.983 SKOSQuoteLib_RequestTicks (0,HKF,MHI1603)
[6176] 2016/03/09 10:45:05.084 SKOSQuoteLib_RequestTicks (0,HKF,MHI1604)
[6176] 2016/03/09 10:45:05.185 SKOSQuoteLib_RequestTicks (0,EUR,DAX1603)
[6176] 2016/03/09 10:45:05.286 SKOSQuoteLib_RequestTicks (0,EUR,DAX1606)
[6176] 2016/03/09 10:45:05.387 SKOSQuoteLib_RequestTicks (0,CFX,CIF1603)
[6176] 2016/03/09 10:45:05.489 SKOSQuoteLib_RequestTicks (0,CFX,CIF1604)
[5340] 2016/03/09 11:01:35.913 API InitInstance 
[5340] 2016/03/09 11:01:35.916 SKOSQuoteLib_Initialize  ID멚B222875498
[5340] 2016/03/09 11:01:35.917 SKOSQuoteLib_Initialize  Server멚https://order2.capital.com.tw/
[5340] 2016/03/09 11:01:36.742 SKOSQuoteLib_EnterMonitor(0)
[5340] 2016/03/09 11:01:36.742 Connect FORT03.capital.com.tw 443
[5340] 2016/03/09 11:01:36.745 SKOSQuoteLib_AttachConnectCallBack
[5340] 2016/03/09 11:01:36.746 SKOSQuoteLib_AttachQuoteCallBack
[5340] 2016/03/09 11:01:36.747 SKOSQuoteLib_AttachBest5CallBack
[5340] 2016/03/09 11:01:36.785 SK_SUBJECT_CONNECTION_CONNECTED메Code: 0
[5340] 2016/03/09 11:01:57.454 SKOSQuoteLib_RequestStocks (1,CME,NQ_1603#CME,NQ_1606#CME,NQ_1609#CME,NQ_1612#CME,EC_1603#CME,EC_1606#CBT,YM1603#CBT,YM1606#NYM,CL1604#NYM,CL1605#NYM,GC1604#NYM,GC1606#NYM,SI1603#NYM,SI1605#SGX,NKNT1603#SGX,NKNT1606#SGX,CNIDX#SGX,CNT1603#HKF,MHI1603#HKF,MHI1604#EUR,DAX1603#EUR,DAX1606#CFX,CIF1603#CFX,CIF1604)
[5340] 2016/03/09 11:01:57.458 SKOSQuoteLib_RequestTicks (0,CME,NQ_1603)
[5340] 2016/03/09 11:01:57.560 SKOSQuoteLib_RequestTicks (0,CME,NQ_1606)
[5340] 2016/03/09 11:01:57.662 SKOSQuoteLib_RequestTicks (0,CME,NQ_1609)
[5340] 2016/03/09 11:01:57.767 SKOSQuoteLib_RequestTicks (0,CME,NQ_1612)
[5340] 2016/03/09 11:01:57.870 SKOSQuoteLib_RequestTicks (0,CME,EC_1603)
[5340] 2016/03/09 11:01:57.972 SKOSQuoteLib_RequestTicks (0,CME,EC_1606)
[5340] 2016/03/09 11:01:58.074 SKOSQuoteLib_RequestTicks (0,CBT,YM1603)
[5340] 2016/03/09 11:01:58.176 SKOSQuoteLib_RequestTicks (0,CBT,YM1606)
[5340] 2016/03/09 11:01:58.279 SKOSQuoteLib_RequestTicks (0,NYM,CL1604)
[5340] 2016/03/09 11:01:58.381 SKOSQuoteLib_RequestTicks (0,NYM,CL1605)
[5340] 2016/03/09 11:01:58.483 SKOSQuoteLib_RequestTicks (0,NYM,GC1604)
[5340] 2016/03/09 11:01:58.588 SKOSQuoteLib_RequestTicks (0,NYM,GC1606)
[5340] 2016/03/09 11:01:58.689 SKOSQuoteLib_RequestTicks (0,NYM,SI1603)
[5340] 2016/03/09 11:01:58.792 SKOSQuoteLib_RequestTicks (0,NYM,SI1605)
[5340] 2016/03/09 11:01:58.898 SKOSQuoteLib_RequestTicks (0,SGX,NKNT1603)
[5340] 2016/03/09 11:01:59.001 SKOSQuoteLib_RequestTicks (0,SGX,NKNT1606)
[5340] 2016/03/09 11:01:59.102 SKOSQuoteLib_RequestTicks (0,SGX,CNIDX)
[5340] 2016/03/09 11:01:59.204 SKOSQuoteLib_RequestTicks (0,SGX,CNT1603)
[5340] 2016/03/09 11:01:59.306 SKOSQuoteLib_RequestTicks (0,HKF,MHI1603)
[5340] 2016/03/09 11:01:59.408 SKOSQuoteLib_RequestTicks (0,HKF,MHI1604)
[5340] 2016/03/09 11:01:59.510 SKOSQuoteLib_RequestTicks (0,EUR,DAX1603)
[5340] 2016/03/09 11:01:59.612 SKOSQuoteLib_RequestTicks (0,EUR,DAX1606)
[5340] 2016/03/09 11:01:59.714 SKOSQuoteLib_RequestTicks (0,CFX,CIF1603)
[5340] 2016/03/09 11:01:59.817 SKOSQuoteLib_RequestTicks (0,CFX,CIF1604)
[6044] 2016/03/09 14:32:41.213 API InitInstance 
[6044] 2016/03/09 14:32:41.223 SKOSQuoteLib_Initialize  ID멚B222875498
[6044] 2016/03/09 14:32:41.224 SKOSQuoteLib_Initialize  Server멚https://order2.capital.com.tw/
[6044] 2016/03/09 14:32:42.144 SKOSQuoteLib_EnterMonitor(0)
[6044] 2016/03/09 14:32:42.145 Connect FORT03.capital.com.tw 443
[6044] 2016/03/09 14:32:42.148 SKOSQuoteLib_AttachConnectCallBack
[6044] 2016/03/09 14:32:42.149 SKOSQuoteLib_AttachQuoteCallBack
[6044] 2016/03/09 14:32:42.150 SKOSQuoteLib_AttachBest5CallBack
[6044] 2016/03/09 14:32:42.197 SK_SUBJECT_CONNECTION_CONNECTED메Code: 0
[6044] 2016/03/09 14:33:04.383 SKOSQuoteLib_RequestStocks (1,CME,NQ_1603#CME,NQ_1606#CME,NQ_1609#CME,NQ_1612#CME,EC_1603#CME,EC_1606#CBT,YM1603#CBT,YM1606#NYM,CL1604#NYM,CL1605#NYM,GC1604#NYM,GC1606#NYM,SI1603#NYM,SI1605#SGX,NKNT1603#SGX,NKNT1606#SGX,CNIDX#SGX,CNT1603#HKF,MHI1603#HKF,MHI1604#EUR,DAX1603#EUR,DAX1606#CFX,CIF1603#CFX,CIF1604)
[6044] 2016/03/09 14:33:04.387 SKOSQuoteLib_RequestTicks (0,CME,NQ_1603)
[6044] 2016/03/09 14:33:04.494 SKOSQuoteLib_RequestTicks (0,CME,NQ_1606)
[6044] 2016/03/09 14:33:04.595 SKOSQuoteLib_RequestTicks (0,CME,NQ_1609)
[6044] 2016/03/09 14:33:04.697 SKOSQuoteLib_RequestTicks (0,CME,NQ_1612)
[6044] 2016/03/09 14:33:04.799 SKOSQuoteLib_RequestTicks (0,CME,EC_1603)
[6044] 2016/03/09 14:33:04.901 SKOSQuoteLib_RequestTicks (0,CME,EC_1606)
[6044] 2016/03/09 14:33:05.002 SKOSQuoteLib_RequestTicks (0,CBT,YM1603)
[6044] 2016/03/09 14:33:05.104 SKOSQuoteLib_RequestTicks (0,CBT,YM1606)
[6044] 2016/03/09 14:33:05.205 SKOSQuoteLib_RequestTicks (0,NYM,CL1604)
[6044] 2016/03/09 14:33:05.307 SKOSQuoteLib_RequestTicks (0,NYM,CL1605)
[6044] 2016/03/09 14:33:05.408 SKOSQuoteLib_RequestTicks (0,NYM,GC1604)
[6044] 2016/03/09 14:33:05.510 SKOSQuoteLib_RequestTicks (0,NYM,GC1606)
[6044] 2016/03/09 14:33:05.619 SKOSQuoteLib_RequestTicks (0,NYM,SI1603)
[6044] 2016/03/09 14:33:05.721 SKOSQuoteLib_RequestTicks (0,NYM,SI1605)
[6044] 2016/03/09 14:33:05.822 SKOSQuoteLib_RequestTicks (0,SGX,NKNT1603)
[6044] 2016/03/09 14:33:05.923 SKOSQuoteLib_RequestTicks (0,SGX,NKNT1606)
[6044] 2016/03/09 14:33:06.024 SKOSQuoteLib_RequestTicks (0,SGX,CNIDX)
[6044] 2016/03/09 14:33:06.125 SKOSQuoteLib_RequestTicks (0,SGX,CNT1603)
[6044] 2016/03/09 14:33:06.239 SKOSQuoteLib_RequestTicks (0,HKF,MHI1603)
[6044] 2016/03/09 14:33:06.346 SKOSQuoteLib_RequestTicks (0,HKF,MHI1604)
[6044] 2016/03/09 14:33:06.449 SKOSQuoteLib_RequestTicks (0,EUR,DAX1603)
[6044] 2016/03/09 14:33:06.552 SKOSQuoteLib_RequestTicks (0,EUR,DAX1606)
[6044] 2016/03/09 14:33:06.654 SKOSQuoteLib_RequestTicks (0,CFX,CIF1603)
[6044] 2016/03/09 14:33:06.757 SKOSQuoteLib_RequestTicks (0,CFX,CIF1604)
[1912] 2016/03/09 14:37:34.196 API InitInstance 
[1912] 2016/03/09 14:37:34.198 SKOSQuoteLib_Initialize  ID멚B222875498
[1912] 2016/03/09 14:37:34.199 SKOSQuoteLib_Initialize  Server멚https://order2.capital.com.tw/
[1912] 2016/03/09 14:37:35.164 SKOSQuoteLib_EnterMonitor(0)
[1912] 2016/03/09 14:37:35.165 Connect FORT01.capital.com.tw 443
[1912] 2016/03/09 14:37:35.168 SKOSQuoteLib_AttachConnectCallBack
[1912] 2016/03/09 14:37:35.169 SKOSQuoteLib_AttachQuoteCallBack
[1912] 2016/03/09 14:37:35.170 SKOSQuoteLib_AttachBest5CallBack
[1912] 2016/03/09 14:37:35.264 SK_SUBJECT_CONNECTION_CONNECTED메Code: 0
[1912] 2016/03/09 14:37:55.135 SKOSQuoteLib_RequestStocks (1,CME,NQ_1603#CME,NQ_1606#CME,NQ_1609#CME,NQ_1612#CME,EC_1603#CME,EC_1606#CBT,YM1603#CBT,YM1606#NYM,CL1604#NYM,CL1605#NYM,GC1604#NYM,GC1606#NYM,SI1603#NYM,SI1605#SGX,NKNT1603#SGX,NKNT1606#SGX,CNIDX#SGX,CNT1603#HKF,MHI1603#HKF,MHI1604#EUR,DAX1603#EUR,DAX1606#CFX,CIF1603#CFX,CIF1604)
[1912] 2016/03/09 14:37:55.139 SKOSQuoteLib_RequestTicks (0,CME,NQ_1603)
[1912] 2016/03/09 14:37:55.241 SKOSQuoteLib_RequestTicks (0,CME,NQ_1606)
[1912] 2016/03/09 14:37:55.341 SKOSQuoteLib_RequestTicks (0,CME,NQ_1609)
[1912] 2016/03/09 14:37:55.444 SKOSQuoteLib_RequestTicks (0,CME,NQ_1612)
[1912] 2016/03/09 14:37:55.547 SKOSQuoteLib_RequestTicks (0,CME,EC_1603)
[1912] 2016/03/09 14:37:55.650 SKOSQuoteLib_RequestTicks (0,CME,EC_1606)
[1912] 2016/03/09 14:37:55.752 SKOSQuoteLib_RequestTicks (0,CBT,YM1603)
[1912] 2016/03/09 14:37:55.855 SKOSQuoteLib_RequestTicks (0,CBT,YM1606)
[1912] 2016/03/09 14:37:55.958 SKOSQuoteLib_RequestTicks (0,NYM,CL1604)
[1912] 2016/03/09 14:37:56.061 SKOSQuoteLib_RequestTicks (0,NYM,CL1605)
[1912] 2016/03/09 14:37:56.168 SKOSQuoteLib_RequestTicks (0,NYM,GC1604)
[1912] 2016/03/09 14:37:56.269 SKOSQuoteLib_RequestTicks (0,NYM,GC1606)
[1912] 2016/03/09 14:37:56.371 SKOSQuoteLib_RequestTicks (0,NYM,SI1603)
[1912] 2016/03/09 14:37:56.484 SKOSQuoteLib_RequestTicks (0,NYM,SI1605)
[1912] 2016/03/09 14:37:56.589 SKOSQuoteLib_RequestTicks (0,SGX,NKNT1603)
[1912] 2016/03/09 14:37:56.692 SKOSQuoteLib_RequestTicks (0,SGX,NKNT1606)
[1912] 2016/03/09 14:37:56.795 SKOSQuoteLib_RequestTicks (0,SGX,CNIDX)
[1912] 2016/03/09 14:37:56.897 SKOSQuoteLib_RequestTicks (0,SGX,CNT1603)
[1912] 2016/03/09 14:37:56.999 SKOSQuoteLib_RequestTicks (0,HKF,MHI1603)
[1912] 2016/03/09 14:37:57.102 SKOSQuoteLib_RequestTicks (0,HKF,MHI1604)
[1912] 2016/03/09 14:37:57.204 SKOSQuoteLib_RequestTicks (0,EUR,DAX1603)
[1912] 2016/03/09 14:37:57.306 SKOSQuoteLib_RequestTicks (0,EUR,DAX1606)
[1912] 2016/03/09 14:37:57.408 SKOSQuoteLib_RequestTicks (0,CFX,CIF1603)
[1912] 2016/03/09 14:37:57.509 SKOSQuoteLib_RequestTicks (0,CFX,CIF1604)
[10348] 2016/03/09 14:39:37.119 API InitInstance 
[10348] 2016/03/09 14:39:37.121 SKOSQuoteLib_Initialize  ID멚B222875498
[10348] 2016/03/09 14:39:37.121 SKOSQuoteLib_Initialize  Server멚https://order2.capital.com.tw/
[10348] 2016/03/09 14:39:38.900 SKOSQuoteLib_EnterMonitor(0)
[10348] 2016/03/09 14:39:38.901 Connect FORT05.capital.com.tw 443
[10348] 2016/03/09 14:39:38.903 SKOSQuoteLib_AttachConnectCallBack
[10348] 2016/03/09 14:39:38.904 SKOSQuoteLib_AttachQuoteCallBack
[10348] 2016/03/09 14:39:38.905 SKOSQuoteLib_AttachBest5CallBack
[10348] 2016/03/09 14:39:39.004 SK_SUBJECT_CONNECTION_CONNECTED메Code: 0
[10348] 2016/03/09 14:39:58.786 SKOSQuoteLib_RequestStocks (1,CME,NQ_1603#CME,NQ_1606#CME,NQ_1609#CME,NQ_1612#CME,EC_1603#CME,EC_1606#CBT,YM1603#CBT,YM1606#NYM,CL1604#NYM,CL1605#NYM,GC1604#NYM,GC1606#NYM,SI1603#NYM,SI1605#SGX,NKNT1603#SGX,NKNT1606#SGX,CNIDX#SGX,CNT1603#HKF,MHI1603#HKF,MHI1604#EUR,DAX1603#EUR,DAX1606#CFX,CIF1603#CFX,CIF1604)
[10348] 2016/03/09 14:39:58.790 SKOSQuoteLib_RequestTicks (0,CME,NQ_1603)
[10348] 2016/03/09 14:39:58.892 SKOSQuoteLib_RequestTicks (0,CME,NQ_1606)
[10348] 2016/03/09 14:39:59.003 SKOSQuoteLib_RequestTicks (0,CME,NQ_1609)
[10348] 2016/03/09 14:39:59.105 SKOSQuoteLib_RequestTicks (0,CME,NQ_1612)
[10348] 2016/03/09 14:39:59.208 SKOSQuoteLib_RequestTicks (0,CME,EC_1603)
[10348] 2016/03/09 14:39:59.311 SKOSQuoteLib_RequestTicks (0,CME,EC_1606)
[10348] 2016/03/09 14:39:59.413 SKOSQuoteLib_RequestTicks (0,CBT,YM1603)
[10348] 2016/03/09 14:39:59.514 SKOSQuoteLib_RequestTicks (0,CBT,YM1606)
[10348] 2016/03/09 14:39:59.616 SKOSQuoteLib_RequestTicks (0,NYM,CL1604)
[10348] 2016/03/09 14:39:59.719 SKOSQuoteLib_RequestTicks (0,NYM,CL1605)
[10348] 2016/03/09 14:39:59.821 SKOSQuoteLib_RequestTicks (0,NYM,GC1604)
[10348] 2016/03/09 14:39:59.923 SKOSQuoteLib_RequestTicks (0,NYM,GC1606)
[10348] 2016/03/09 14:40:00.026 SKOSQuoteLib_RequestTicks (0,NYM,SI1603)
[10348] 2016/03/09 14:40:00.128 SKOSQuoteLib_RequestTicks (0,NYM,SI1605)
[10348] 2016/03/09 14:40:00.230 SKOSQuoteLib_RequestTicks (0,SGX,NKNT1603)
[10348] 2016/03/09 14:40:00.332 SKOSQuoteLib_RequestTicks (0,SGX,NKNT1606)
[10348] 2016/03/09 14:40:00.436 SKOSQuoteLib_RequestTicks (0,SGX,CNIDX)
[10348] 2016/03/09 14:40:00.541 SKOSQuoteLib_RequestTicks (0,SGX,CNT1603)
[10348] 2016/03/09 14:40:00.643 SKOSQuoteLib_RequestTicks (0,HKF,MHI1603)
[10348] 2016/03/09 14:40:00.745 SKOSQuoteLib_RequestTicks (0,HKF,MHI1604)
[10348] 2016/03/09 14:40:00.848 SKOSQuoteLib_RequestTicks (0,EUR,DAX1603)
[10348] 2016/03/09 14:40:00.950 SKOSQuoteLib_RequestTicks (0,EUR,DAX1606)
[10348] 2016/03/09 14:40:01.053 SKOSQuoteLib_RequestTicks (0,CFX,CIF1603)
[10348] 2016/03/09 14:40:01.154 SKOSQuoteLib_RequestTicks (0,CFX,CIF1604)
[1380] 2016/03/09 14:40:37.328 API InitInstance 
[1380] 2016/03/09 14:40:37.330 SKOSQuoteLib_Initialize  ID멚B222875498
[1380] 2016/03/09 14:40:37.331 SKOSQuoteLib_Initialize  Server멚https://order2.capital.com.tw/
[1380] 2016/03/09 14:40:37.914 SKOSQuoteLib_EnterMonitor(0)
[1380] 2016/03/09 14:40:37.915 Connect FORT05.capital.com.tw 443
[1380] 2016/03/09 14:40:37.917 SKOSQuoteLib_AttachConnectCallBack
[1380] 2016/03/09 14:40:37.918 SKOSQuoteLib_AttachQuoteCallBack
[1380] 2016/03/09 14:40:37.919 SKOSQuoteLib_AttachBest5CallBack
[1380] 2016/03/09 14:40:37.937 SK_SUBJECT_CONNECTION_CONNECTED메Code: 0
[12128] 2016/03/09 14:44:48.674 API InitInstance 
[12128] 2016/03/09 14:44:48.677 SKOSQuoteLib_Initialize  ID멚B222875498
[12128] 2016/03/09 14:44:48.677 SKOSQuoteLib_Initialize  Server멚https://order2.capital.com.tw/
[12128] 2016/03/09 14:44:49.137 SKOSQuoteLib_EnterMonitor(0)
[12128] 2016/03/09 14:44:49.137 Connect FORT01.capital.com.tw 443
[12128] 2016/03/09 14:44:49.140 SKOSQuoteLib_AttachConnectCallBack
[12128] 2016/03/09 14:44:49.140 SKOSQuoteLib_AttachQuoteCallBack
[12128] 2016/03/09 14:44:49.141 SKOSQuoteLib_AttachBest5CallBack
[12128] 2016/03/09 14:44:49.159 SK_SUBJECT_CONNECTION_CONNECTED메Code: 0
[12128] 2016/03/09 14:45:09.781 SKOSQuoteLib_RequestStocks (1,CME,NQ_1603#CME,NQ_1606#CME,NQ_1609#CME,NQ_1612#CME,EC_1603#CME,EC_1606#CBT,YM1603#CBT,YM1606#NYM,CL1604#NYM,CL1605#NYM,GC1604#NYM,GC1606#NYM,SI1603#NYM,SI1605#SGX,NKNT1603#SGX,NKNT1606#SGX,CNIDX#SGX,CNT1603#HKF,MHI1603#HKF,MHI1604#EUR,DAX1603#EUR,DAX1606#CFX,CIF1603#CFX,CIF1604)
[12128] 2016/03/09 14:45:09.784 SKOSQuoteLib_RequestTicks (0,CME,NQ_1603)
[12128] 2016/03/09 14:45:09.886 SKOSQuoteLib_RequestTicks (0,CME,NQ_1606)
[12128] 2016/03/09 14:45:09.987 SKOSQuoteLib_RequestTicks (0,CME,NQ_1609)
[12128] 2016/03/09 14:45:10.089 SKOSQuoteLib_RequestTicks (0,CME,NQ_1612)
[12128] 2016/03/09 14:45:10.191 SKOSQuoteLib_RequestTicks (0,CME,EC_1603)
[12128] 2016/03/09 14:45:10.293 SKOSQuoteLib_RequestTicks (0,CME,EC_1606)
[12128] 2016/03/09 14:45:10.395 SKOSQuoteLib_RequestTicks (0,CBT,YM1603)
[12128] 2016/03/09 14:45:10.498 SKOSQuoteLib_RequestTicks (0,CBT,YM1606)
[12128] 2016/03/09 14:45:10.601 SKOSQuoteLib_RequestTicks (0,NYM,CL1604)
[12128] 2016/03/09 14:45:10.704 SKOSQuoteLib_RequestTicks (0,NYM,CL1605)
[12128] 2016/03/09 14:45:10.808 SKOSQuoteLib_RequestTicks (0,NYM,GC1604)
[12128] 2016/03/09 14:45:10.909 SKOSQuoteLib_RequestTicks (0,NYM,GC1606)
[12128] 2016/03/09 14:45:11.010 SKOSQuoteLib_RequestTicks (0,NYM,SI1603)
[12128] 2016/03/09 14:45:11.111 SKOSQuoteLib_RequestTicks (0,NYM,SI1605)
[12128] 2016/03/09 14:45:11.214 SKOSQuoteLib_RequestTicks (0,SGX,NKNT1603)
[12128] 2016/03/09 14:45:11.316 SKOSQuoteLib_RequestTicks (0,SGX,NKNT1606)
[12128] 2016/03/09 14:45:11.419 SKOSQuoteLib_RequestTicks (0,SGX,CNIDX)
[12128] 2016/03/09 14:45:11.521 SKOSQuoteLib_RequestTicks (0,SGX,CNT1603)
[12128] 2016/03/09 14:45:11.625 SKOSQuoteLib_RequestTicks (0,HKF,MHI1603)
[12128] 2016/03/09 14:45:11.729 SKOSQuoteLib_RequestTicks (0,HKF,MHI1604)
[12128] 2016/03/09 14:45:11.832 SKOSQuoteLib_RequestTicks (0,EUR,DAX1603)
[12128] 2016/03/09 14:45:11.935 SKOSQuoteLib_RequestTicks (0,EUR,DAX1606)
[12128] 2016/03/09 14:45:12.036 SKOSQuoteLib_RequestTicks (0,CFX,CIF1603)
[12128] 2016/03/09 14:45:12.139 SKOSQuoteLib_RequestTicks (0,CFX,CIF1604)
[12128] 2016/03/09 14:50:49.135 SKOSQuoteLib_RequestStocks (1,CME,NQ_1603#CME,NQ_1606#CME,NQ_1609#CME,NQ_1612#CME,EC_1603#CME,EC_1606#CBT,YM1603#CBT,YM1606#NYM,CL1604#NYM,CL1605#NYM,GC1604#NYM,GC1606#NYM,SI1603#NYM,SI1605#SGX,NKNT1603#SGX,NKNT1606#SGX,CNIDX#SGX,CNT1603#HKF,MHI1603#HKF,MHI1604#EUR,DAX1603#EUR,DAX1606#CFX,CIF1603#CFX,CIF1604)
[12128] 2016/03/09 14:50:49.142 SKOSQuoteLib_RequestTicks (0,CME,NQ_1603)
[12128] 2016/03/09 14:50:49.243 SKOSQuoteLib_RequestTicks (0,CME,NQ_1606)
[12128] 2016/03/09 14:50:49.344 SKOSQuoteLib_RequestTicks (0,CME,NQ_1609)
[12128] 2016/03/09 14:50:49.445 SKOSQuoteLib_RequestTicks (0,CME,NQ_1612)
[12128] 2016/03/09 14:50:49.546 SKOSQuoteLib_RequestTicks (0,CME,EC_1603)
[12128] 2016/03/09 14:50:49.647 SKOSQuoteLib_RequestTicks (0,CME,EC_1606)
[12128] 2016/03/09 14:50:49.749 SKOSQuoteLib_RequestTicks (0,CBT,YM1603)
[12128] 2016/03/09 14:50:49.850 SKOSQuoteLib_RequestTicks (0,CBT,YM1606)
[12128] 2016/03/09 14:50:49.952 SKOSQuoteLib_RequestTicks (0,NYM,CL1604)
[12128] 2016/03/09 14:50:50.053 SKOSQuoteLib_RequestTicks (0,NYM,CL1605)
[12128] 2016/03/09 14:50:50.154 SKOSQuoteLib_RequestTicks (0,NYM,GC1604)
[12128] 2016/03/09 14:50:50.255 SKOSQuoteLib_RequestTicks (0,NYM,GC1606)
[12128] 2016/03/09 14:50:50.356 SKOSQuoteLib_RequestTicks (0,NYM,SI1603)
[12128] 2016/03/09 14:50:50.458 SKOSQuoteLib_RequestTicks (0,NYM,SI1605)
[12128] 2016/03/09 14:50:50.559 SKOSQuoteLib_RequestTicks (0,SGX,NKNT1603)
[12128] 2016/03/09 14:50:50.662 SKOSQuoteLib_RequestTicks (0,SGX,NKNT1606)
[12128] 2016/03/09 14:50:50.765 SKOSQuoteLib_RequestTicks (0,SGX,CNIDX)
[12128] 2016/03/09 14:50:50.868 SKOSQuoteLib_RequestTicks (0,SGX,CNT1603)
[12128] 2016/03/09 14:50:50.970 SKOSQuoteLib_RequestTicks (0,HKF,MHI1603)
[12128] 2016/03/09 14:50:51.073 SKOSQuoteLib_RequestTicks (0,HKF,MHI1604)
[12128] 2016/03/09 14:50:51.175 SKOSQuoteLib_RequestTicks (0,EUR,DAX1603)
[12128] 2016/03/09 14:50:51.278 SKOSQuoteLib_RequestTicks (0,EUR,DAX1606)
[12128] 2016/03/09 14:50:51.381 SKOSQuoteLib_RequestTicks (0,CFX,CIF1603)
[12128] 2016/03/09 14:50:51.483 SKOSQuoteLib_RequestTicks (0,CFX,CIF1604)
[12156] 2016/03/09 15:05:03.798 API InitInstance 
[12156] 2016/03/09 15:05:03.801 SKOSQuoteLib_Initialize  ID멚B222875498
[12156] 2016/03/09 15:05:03.802 SKOSQuoteLib_Initialize  Server멚https://order2.capital.com.tw/
[12156] 2016/03/09 15:05:05.589 SKOSQuoteLib_EnterMonitor(0)
[12156] 2016/03/09 15:05:05.589 Connect FORT01.capital.com.tw 443
[12156] 2016/03/09 15:05:05.592 SKOSQuoteLib_AttachConnectCallBack
[12156] 2016/03/09 15:05:05.593 SKOSQuoteLib_AttachQuoteCallBack
[12156] 2016/03/09 15:05:05.593 SKOSQuoteLib_AttachBest5CallBack
[12156] 2016/03/09 15:05:05.628 SK_SUBJECT_CONNECTION_CONNECTED메Code: 0
[12156] 2016/03/09 15:05:26.396 SKOSQuoteLib_RequestStocks (1,CME,NQ_1603#CME,NQ_1606#CME,NQ_1609#CME,NQ_1612#CME,EC_1603#CME,EC_1606#CBT,YM1603#CBT,YM1606#NYM,CL1604#NYM,CL1605#NYM,GC1604#NYM,GC1606#NYM,SI1603#NYM,SI1605#SGX,NKNT1603#SGX,NKNT1606#SGX,CNIDX#SGX,CNT1603#HKF,MHI1603#HKF,MHI1604#EUR,DAX1603#EUR,DAX1606#CFX,CIF1603#CFX,CIF1604)
[12156] 2016/03/09 15:05:26.400 SKOSQuoteLib_RequestTicks (0,CME,NQ_1603)
[12156] 2016/03/09 15:05:26.503 SKOSQuoteLib_RequestTicks (0,CME,NQ_1606)
[12156] 2016/03/09 15:05:26.603 SKOSQuoteLib_RequestTicks (0,CME,NQ_1609)
[12156] 2016/03/09 15:05:26.715 SKOSQuoteLib_RequestTicks (0,CME,NQ_1612)
[12156] 2016/03/09 15:05:26.818 SKOSQuoteLib_RequestTicks (0,CME,EC_1603)
[12156] 2016/03/09 15:05:26.921 SKOSQuoteLib_RequestTicks (0,CME,EC_1606)
[12156] 2016/03/09 15:05:27.023 SKOSQuoteLib_RequestTicks (0,CBT,YM1603)
[12156] 2016/03/09 15:05:27.124 SKOSQuoteLib_RequestTicks (0,CBT,YM1606)
[12156] 2016/03/09 15:05:27.225 SKOSQuoteLib_RequestTicks (0,NYM,CL1604)
[12156] 2016/03/09 15:05:27.328 SKOSQuoteLib_RequestTicks (0,NYM,CL1605)
[12156] 2016/03/09 15:05:27.430 SKOSQuoteLib_RequestTicks (0,NYM,GC1604)
[12156] 2016/03/09 15:05:27.531 SKOSQuoteLib_RequestTicks (0,NYM,GC1606)
[12156] 2016/03/09 15:05:27.632 SKOSQuoteLib_RequestTicks (0,NYM,SI1603)
[12156] 2016/03/09 15:05:27.733 SKOSQuoteLib_RequestTicks (0,NYM,SI1605)
[12156] 2016/03/09 15:05:27.835 SKOSQuoteLib_RequestTicks (0,SGX,NKNT1603)
[12156] 2016/03/09 15:05:27.937 SKOSQuoteLib_RequestTicks (0,SGX,NKNT1606)
[12156] 2016/03/09 15:05:28.053 SKOSQuoteLib_RequestTicks (0,SGX,CNIDX)
[12156] 2016/03/09 15:05:28.156 SKOSQuoteLib_RequestTicks (0,SGX,CNT1603)
[12156] 2016/03/09 15:05:28.259 SKOSQuoteLib_RequestTicks (0,HKF,MHI1603)
[12156] 2016/03/09 15:05:28.360 SKOSQuoteLib_RequestTicks (0,HKF,MHI1604)
[12156] 2016/03/09 15:05:28.462 SKOSQuoteLib_RequestTicks (0,EUR,DAX1603)
[12156] 2016/03/09 15:05:28.565 SKOSQuoteLib_RequestTicks (0,EUR,DAX1606)
[12156] 2016/03/09 15:05:28.669 SKOSQuoteLib_RequestTicks (0,CFX,CIF1603)
[12156] 2016/03/09 15:05:28.771 SKOSQuoteLib_RequestTicks (0,CFX,CIF1604)
[12412] 2016/03/09 15:08:06.971 API InitInstance 
[12412] 2016/03/09 15:08:06.973 SKOSQuoteLib_Initialize  ID멚B222875498
[12412] 2016/03/09 15:08:06.974 SKOSQuoteLib_Initialize  Server멚https://order2.capital.com.tw/
[12412] 2016/03/09 15:08:07.722 SKOSQuoteLib_EnterMonitor(0)
[12412] 2016/03/09 15:08:07.722 Connect FORT01.capital.com.tw 443
[12412] 2016/03/09 15:08:07.725 SKOSQuoteLib_AttachConnectCallBack
[12412] 2016/03/09 15:08:07.726 SKOSQuoteLib_AttachQuoteCallBack
[12412] 2016/03/09 15:08:07.727 SKOSQuoteLib_AttachBest5CallBack
[12412] 2016/03/09 15:08:07.747 SK_SUBJECT_CONNECTION_CONNECTED메Code: 0
[12412] 2016/03/09 15:08:28.175 SKOSQuoteLib_RequestStocks (1,CME,NQ_1603#CME,NQ_1606#CME,NQ_1609#CME,NQ_1612#CME,EC_1603#CME,EC_1606#CBT,YM1603#CBT,YM1606#NYM,CL1604#NYM,CL1605#NYM,GC1604#NYM,GC1606#NYM,SI1603#NYM,SI1605#SGX,NKNT1603#SGX,NKNT1606#SGX,CNIDX#SGX,CNT1603#HKF,MHI1603#HKF,MHI1604#EUR,DAX1603#EUR,DAX1606#CFX,CIF1603#CFX,CIF1604)
[12412] 2016/03/09 15:08:28.178 SKOSQuoteLib_RequestTicks (0,CME,NQ_1603)
[12412] 2016/03/09 15:08:28.281 SKOSQuoteLib_RequestTicks (0,CME,NQ_1606)
[12412] 2016/03/09 15:08:28.382 SKOSQuoteLib_RequestTicks (0,CME,NQ_1609)
[12412] 2016/03/09 15:08:28.483 SKOSQuoteLib_RequestTicks (0,CME,NQ_1612)
[12412] 2016/03/09 15:08:28.585 SKOSQuoteLib_RequestTicks (0,CME,EC_1603)
[12412] 2016/03/09 15:08:28.694 SKOSQuoteLib_RequestTicks (0,CME,EC_1606)
[12412] 2016/03/09 15:08:28.796 SKOSQuoteLib_RequestTicks (0,CBT,YM1603)
[12412] 2016/03/09 15:08:28.898 SKOSQuoteLib_RequestTicks (0,CBT,YM1606)
[12412] 2016/03/09 15:08:28.999 SKOSQuoteLib_RequestTicks (0,NYM,CL1604)
[12412] 2016/03/09 15:08:29.101 SKOSQuoteLib_RequestTicks (0,NYM,CL1605)
[12412] 2016/03/09 15:08:29.203 SKOSQuoteLib_RequestTicks (0,NYM,GC1604)
[12412] 2016/03/09 15:08:29.305 SKOSQuoteLib_RequestTicks (0,NYM,GC1606)
[12412] 2016/03/09 15:08:29.407 SKOSQuoteLib_RequestTicks (0,NYM,SI1603)
[12412] 2016/03/09 15:08:29.508 SKOSQuoteLib_RequestTicks (0,NYM,SI1605)
[12412] 2016/03/09 15:08:29.611 SKOSQuoteLib_RequestTicks (0,SGX,NKNT1603)
[12412] 2016/03/09 15:08:29.713 SKOSQuoteLib_RequestTicks (0,SGX,NKNT1606)
[12412] 2016/03/09 15:08:29.815 SKOSQuoteLib_RequestTicks (0,SGX,CNIDX)
[12412] 2016/03/09 15:08:29.922 SKOSQuoteLib_RequestTicks (0,SGX,CNT1603)
[12412] 2016/03/09 15:08:30.025 SKOSQuoteLib_RequestTicks (0,HKF,MHI1603)
[12412] 2016/03/09 15:08:30.128 SKOSQuoteLib_RequestTicks (0,HKF,MHI1604)
[12412] 2016/03/09 15:08:30.230 SKOSQuoteLib_RequestTicks (0,EUR,DAX1603)
[12412] 2016/03/09 15:08:30.332 SKOSQuoteLib_RequestTicks (0,EUR,DAX1606)
[12412] 2016/03/09 15:08:30.435 SKOSQuoteLib_RequestTicks (0,CFX,CIF1603)
[12412] 2016/03/09 15:08:30.537 SKOSQuoteLib_RequestTicks (0,CFX,CIF1604)
[12284] 2016/03/09 15:35:13.292 API InitInstance 
[12284] 2016/03/09 15:35:13.296 SKOSQuoteLib_Initialize  ID멚B222875498
[12284] 2016/03/09 15:35:13.297 SKOSQuoteLib_Initialize  Server멚https://order2.capital.com.tw/
[12284] 2016/03/09 15:35:14.097 SKOSQuoteLib_EnterMonitor(0)
[12284] 2016/03/09 15:35:14.098 Connect FORT01.capital.com.tw 443
[12284] 2016/03/09 15:35:14.101 SKOSQuoteLib_AttachConnectCallBack
[12284] 2016/03/09 15:35:14.102 SKOSQuoteLib_AttachQuoteCallBack
[12284] 2016/03/09 15:35:14.102 SKOSQuoteLib_AttachBest5CallBack
[12284] 2016/03/09 15:35:14.134 SK_SUBJECT_CONNECTION_CONNECTED메Code: 0
[12284] 2016/03/09 15:35:35.003 SKOSQuoteLib_RequestStocks (1,CME,NQ_1603#CME,NQ_1606#CME,NQ_1609#CME,NQ_1612#CME,EC_1603#CME,EC_1606#CBT,YM1603#CBT,YM1606#NYM,CL1604#NYM,CL1605#NYM,GC1604#NYM,GC1606#NYM,SI1603#NYM,SI1605#SGX,NKNT1603#SGX,NKNT1606#SGX,CNIDX#SGX,CNT1603#HKF,MHI1603#HKF,MHI1604#EUR,DAX1603#EUR,DAX1606#CFX,CIF1603#CFX,CIF1604)
[12284] 2016/03/09 15:35:35.008 SKOSQuoteLib_RequestTicks (0,CME,NQ_1603)
[12284] 2016/03/09 15:35:35.111 SKOSQuoteLib_RequestTicks (0,CME,NQ_1606)
[12284] 2016/03/09 15:35:35.212 SKOSQuoteLib_RequestTicks (0,CME,NQ_1609)
[12284] 2016/03/09 15:35:35.313 SKOSQuoteLib_RequestTicks (0,CME,NQ_1612)
[12284] 2016/03/09 15:35:35.415 SKOSQuoteLib_RequestTicks (0,CME,EC_1603)
[12284] 2016/03/09 15:35:35.517 SKOSQuoteLib_RequestTicks (0,CME,EC_1606)
[12284] 2016/03/09 15:35:35.619 SKOSQuoteLib_RequestTicks (0,CBT,YM1603)
[12284] 2016/03/09 15:35:35.736 SKOSQuoteLib_RequestTicks (0,CBT,YM1606)
[12284] 2016/03/09 15:35:35.839 SKOSQuoteLib_RequestTicks (0,NYM,CL1604)
[12284] 2016/03/09 15:35:35.942 SKOSQuoteLib_RequestTicks (0,NYM,CL1605)
[12284] 2016/03/09 15:35:36.044 SKOSQuoteLib_RequestTicks (0,NYM,GC1604)
[12284] 2016/03/09 15:35:36.145 SKOSQuoteLib_RequestTicks (0,NYM,GC1606)
[12284] 2016/03/09 15:35:36.247 SKOSQuoteLib_RequestTicks (0,NYM,SI1603)
[12284] 2016/03/09 15:35:36.349 SKOSQuoteLib_RequestTicks (0,NYM,SI1605)
[12284] 2016/03/09 15:35:36.451 SKOSQuoteLib_RequestTicks (0,SGX,NKNT1603)
[12284] 2016/03/09 15:35:36.562 SKOSQuoteLib_RequestTicks (0,SGX,NKNT1606)
[12284] 2016/03/09 15:35:36.665 SKOSQuoteLib_RequestTicks (0,SGX,CNIDX)
[12284] 2016/03/09 15:35:36.767 SKOSQuoteLib_RequestTicks (0,SGX,CNT1603)
[12284] 2016/03/09 15:35:36.871 SKOSQuoteLib_RequestTicks (0,HKF,MHI1603)
[12284] 2016/03/09 15:35:36.973 SKOSQuoteLib_RequestTicks (0,HKF,MHI1604)
[12284] 2016/03/09 15:35:37.076 SKOSQuoteLib_RequestTicks (0,EUR,DAX1603)
[12284] 2016/03/09 15:35:37.178 SKOSQuoteLib_RequestTicks (0,EUR,DAX1606)
[12284] 2016/03/09 15:35:37.281 SKOSQuoteLib_RequestTicks (0,CFX,CIF1603)
[12284] 2016/03/09 15:35:37.384 SKOSQuoteLib_RequestTicks (0,CFX,CIF1604)
[8444] 2016/03/09 15:41:10.925 API InitInstance 
[8444] 2016/03/09 15:41:10.929 SKOSQuoteLib_Initialize  ID멚B222875498
[8444] 2016/03/09 15:41:10.930 SKOSQuoteLib_Initialize  Server멚https://order2.capital.com.tw/
[8444] 2016/03/09 15:41:11.347 SKOSQuoteLib_EnterMonitor(0)
[8444] 2016/03/09 15:41:11.348 Connect FORT03.capital.com.tw 443
[8444] 2016/03/09 15:41:11.350 SKOSQuoteLib_AttachConnectCallBack
[8444] 2016/03/09 15:41:11.351 SKOSQuoteLib_AttachQuoteCallBack
[8444] 2016/03/09 15:41:11.351 SKOSQuoteLib_AttachBest5CallBack
[8444] 2016/03/09 15:41:11.385 SK_SUBJECT_CONNECTION_CONNECTED메Code: 0
[8444] 2016/03/09 15:41:32.350 SKOSQuoteLib_RequestStocks (1,CME,NQ_1603#CME,NQ_1606#CME,NQ_1609#CME,NQ_1612#CME,EC_1603#CME,EC_1606#CBT,YM1603#CBT,YM1606#NYM,CL1604#NYM,CL1605#NYM,GC1604#NYM,GC1606#NYM,SI1603#NYM,SI1605#SGX,NKNT1603#SGX,NKNT1606#SGX,CNIDX#SGX,CNT1603#HKF,MHI1603#HKF,MHI1604#EUR,DAX1603#EUR,DAX1606#CFX,CIF1603#CFX,CIF1604)
[8444] 2016/03/09 15:41:32.354 SKOSQuoteLib_RequestTicks (0,CME,NQ_1603)
[8444] 2016/03/09 15:41:32.455 SKOSQuoteLib_RequestTicks (0,CME,NQ_1606)
[8444] 2016/03/09 15:41:32.560 SKOSQuoteLib_RequestTicks (0,CME,NQ_1609)
[8444] 2016/03/09 15:41:32.661 SKOSQuoteLib_RequestTicks (0,CME,NQ_1612)
[8444] 2016/03/09 15:41:32.764 SKOSQuoteLib_RequestTicks (0,CME,EC_1603)
[8444] 2016/03/09 15:41:32.867 SKOSQuoteLib_RequestTicks (0,CME,EC_1606)
[8444] 2016/03/09 15:41:32.976 SKOSQuoteLib_RequestTicks (0,CBT,YM1603)
[8444] 2016/03/09 15:41:33.077 SKOSQuoteLib_RequestTicks (0,CBT,YM1606)
[8444] 2016/03/09 15:41:33.181 SKOSQuoteLib_RequestTicks (0,NYM,CL1604)
[8444] 2016/03/09 15:41:33.283 SKOSQuoteLib_RequestTicks (0,NYM,CL1605)
[8444] 2016/03/09 15:41:33.386 SKOSQuoteLib_RequestTicks (0,NYM,GC1604)
[8444] 2016/03/09 15:41:33.487 SKOSQuoteLib_RequestTicks (0,NYM,GC1606)
[8444] 2016/03/09 15:41:33.590 SKOSQuoteLib_RequestTicks (0,NYM,SI1603)
[8444] 2016/03/09 15:41:33.693 SKOSQuoteLib_RequestTicks (0,NYM,SI1605)
[8444] 2016/03/09 15:41:33.797 SKOSQuoteLib_RequestTicks (0,SGX,NKNT1603)
[8444] 2016/03/09 15:41:33.905 SKOSQuoteLib_RequestTicks (0,SGX,NKNT1606)
[8444] 2016/03/09 15:41:34.011 SKOSQuoteLib_RequestTicks (0,SGX,CNIDX)
[8444] 2016/03/09 15:41:34.112 SKOSQuoteLib_RequestTicks (0,SGX,CNT1603)
[8444] 2016/03/09 15:41:34.215 SKOSQuoteLib_RequestTicks (0,HKF,MHI1603)
[8444] 2016/03/09 15:41:34.316 SKOSQuoteLib_RequestTicks (0,HKF,MHI1604)
[8444] 2016/03/09 15:41:34.418 SKOSQuoteLib_RequestTicks (0,EUR,DAX1603)
[8444] 2016/03/09 15:41:34.521 SKOSQuoteLib_RequestTicks (0,EUR,DAX1606)
[8444] 2016/03/09 15:41:34.623 SKOSQuoteLib_RequestTicks (0,CFX,CIF1603)
[8444] 2016/03/09 15:41:34.725 SKOSQuoteLib_RequestTicks (0,CFX,CIF1604)
[2808] 2016/03/09 16:05:28.593 API InitInstance 
[2808] 2016/03/09 16:05:28.595 SKOSQuoteLib_Initialize  ID멚B222875498
[2808] 2016/03/09 16:05:28.595 SKOSQuoteLib_Initialize  Server멚https://order2.capital.com.tw/
[2808] 2016/03/09 16:05:29.404 SKOSQuoteLib_EnterMonitor(0)
[2808] 2016/03/09 16:05:29.404 Connect FORT01.capital.com.tw 443
[2808] 2016/03/09 16:05:29.407 SKOSQuoteLib_AttachConnectCallBack
[2808] 2016/03/09 16:05:29.408 SKOSQuoteLib_AttachQuoteCallBack
[2808] 2016/03/09 16:05:29.408 SKOSQuoteLib_AttachBest5CallBack
[2808] 2016/03/09 16:05:29.431 SK_SUBJECT_CONNECTION_CONNECTED메Code: 0
[2808] 2016/03/09 16:05:49.912 SKOSQuoteLib_RequestStocks (1,CME,NQ_1603#CME,NQ_1606#CME,NQ_1609#CME,NQ_1612#CME,EC_1603#CME,EC_1606#CBT,YM1603#CBT,YM1606#NYM,CL1604#NYM,CL1605#NYM,GC1604#NYM,GC1606#NYM,SI1603#NYM,SI1605#SGX,NKNT1603#SGX,NKNT1606#SGX,CNIDX#SGX,CNT1603#HKF,MHI1603#HKF,MHI1604#EUR,DAX1603#EUR,DAX1606#CFX,CIF1603#CFX,CIF1604)
[2808] 2016/03/09 16:05:49.916 SKOSQuoteLib_RequestTicks (0,CME,NQ_1603)
[2808] 2016/03/09 16:05:50.018 SKOSQuoteLib_RequestTicks (0,CME,NQ_1606)
[2808] 2016/03/09 16:05:50.120 SKOSQuoteLib_RequestTicks (0,CME,NQ_1609)
[2808] 2016/03/09 16:05:50.223 SKOSQuoteLib_RequestTicks (0,CME,NQ_1612)
[2808] 2016/03/09 16:05:50.324 SKOSQuoteLib_RequestTicks (0,CME,EC_1603)
[2808] 2016/03/09 16:05:50.426 SKOSQuoteLib_RequestTicks (0,CME,EC_1606)
[2808] 2016/03/09 16:05:50.527 SKOSQuoteLib_RequestTicks (0,CBT,YM1603)
[2808] 2016/03/09 16:05:50.628 SKOSQuoteLib_RequestTicks (0,CBT,YM1606)
[2808] 2016/03/09 16:05:50.730 SKOSQuoteLib_RequestTicks (0,NYM,CL1604)
[2808] 2016/03/09 16:05:50.833 SKOSQuoteLib_RequestTicks (0,NYM,CL1605)
[2808] 2016/03/09 16:05:50.936 SKOSQuoteLib_RequestTicks (0,NYM,GC1604)
[2808] 2016/03/09 16:05:51.039 SKOSQuoteLib_RequestTicks (0,NYM,GC1606)
[2808] 2016/03/09 16:05:51.140 SKOSQuoteLib_RequestTicks (0,NYM,SI1603)
[2808] 2016/03/09 16:05:51.243 SKOSQuoteLib_RequestTicks (0,NYM,SI1605)
[2808] 2016/03/09 16:05:51.344 SKOSQuoteLib_RequestTicks (0,SGX,NKNT1603)
[2808] 2016/03/09 16:05:51.446 SKOSQuoteLib_RequestTicks (0,SGX,NKNT1606)
[2808] 2016/03/09 16:05:51.555 SKOSQuoteLib_RequestTicks (0,SGX,CNIDX)
[2808] 2016/03/09 16:05:51.658 SKOSQuoteLib_RequestTicks (0,SGX,CNT1603)
[2808] 2016/03/09 16:05:51.761 SKOSQuoteLib_RequestTicks (0,HKF,MHI1603)
[2808] 2016/03/09 16:05:51.863 SKOSQuoteLib_RequestTicks (0,HKF,MHI1604)
[2808] 2016/03/09 16:05:51.964 SKOSQuoteLib_RequestTicks (0,EUR,DAX1603)
[2808] 2016/03/09 16:05:52.070 SKOSQuoteLib_RequestTicks (0,EUR,DAX1606)
[2808] 2016/03/09 16:05:52.173 SKOSQuoteLib_RequestTicks (0,CFX,CIF1603)
[2808] 2016/03/09 16:05:52.276 SKOSQuoteLib_RequestTicks (0,CFX,CIF1604)
[2808] 2016/03/09 16:44:29.399 SKOSQuoteLib_RequestStocks (1,CME,NQ_1603#CME,NQ_1606#CME,NQ_1609#CME,NQ_1612#CME,EC_1603#CME,EC_1606#CBT,YM1603#CBT,YM1606#NYM,CL1604#NYM,CL1605#NYM,GC1604#NYM,GC1606#NYM,SI1603#NYM,SI1605#SGX,NKNT1603#SGX,NKNT1606#SGX,CNIDX#SGX,CNT1603#HKF,MHI1603#HKF,MHI1604#EUR,DAX1603#EUR,DAX1606#CFX,CIF1603#CFX,CIF1604)
[2808] 2016/03/09 16:44:29.409 SKOSQuoteLib_RequestTicks (0,CME,NQ_1603)
[2808] 2016/03/09 16:44:29.511 SKOSQuoteLib_RequestTicks (0,CME,NQ_1606)
[2808] 2016/03/09 16:44:29.613 SKOSQuoteLib_RequestTicks (0,CME,NQ_1609)
[2808] 2016/03/09 16:44:29.714 SKOSQuoteLib_RequestTicks (0,CME,NQ_1612)
[2808] 2016/03/09 16:44:29.817 SKOSQuoteLib_RequestTicks (0,CME,EC_1603)
[2808] 2016/03/09 16:44:29.919 SKOSQuoteLib_RequestTicks (0,CME,EC_1606)
[2808] 2016/03/09 16:44:30.021 SKOSQuoteLib_RequestTicks (0,CBT,YM1603)
[2808] 2016/03/09 16:44:30.124 SKOSQuoteLib_RequestTicks (0,CBT,YM1606)
[2808] 2016/03/09 16:44:30.226 SKOSQuoteLib_RequestTicks (0,NYM,CL1604)
[2808] 2016/03/09 16:44:30.329 SKOSQuoteLib_RequestTicks (0,NYM,CL1605)
[2808] 2016/03/09 16:44:30.431 SKOSQuoteLib_RequestTicks (0,NYM,GC1604)
[2808] 2016/03/09 16:44:30.534 SKOSQuoteLib_RequestTicks (0,NYM,GC1606)
[2808] 2016/03/09 16:44:30.635 SKOSQuoteLib_RequestTicks (0,NYM,SI1603)
[2808] 2016/03/09 16:44:30.736 SKOSQuoteLib_RequestTicks (0,NYM,SI1605)
[2808] 2016/03/09 16:44:30.837 SKOSQuoteLib_RequestTicks (0,SGX,NKNT1603)
[2808] 2016/03/09 16:44:30.938 SKOSQuoteLib_RequestTicks (0,SGX,NKNT1606)
[2808] 2016/03/09 16:44:31.039 SKOSQuoteLib_RequestTicks (0,SGX,CNIDX)
[2808] 2016/03/09 16:44:31.140 SKOSQuoteLib_RequestTicks (0,SGX,CNT1603)
[2808] 2016/03/09 16:44:31.241 SKOSQuoteLib_RequestTicks (0,HKF,MHI1603)
[2808] 2016/03/09 16:44:31.343 SKOSQuoteLib_RequestTicks (0,HKF,MHI1604)
[2808] 2016/03/09 16:44:31.444 SKOSQuoteLib_RequestTicks (0,EUR,DAX1603)
[2808] 2016/03/09 16:44:31.545 SKOSQuoteLib_RequestTicks (0,EUR,DAX1606)
[2808] 2016/03/09 16:44:31.646 SKOSQuoteLib_RequestTicks (0,CFX,CIF1603)
[2808] 2016/03/09 16:44:31.749 SKOSQuoteLib_RequestTicks (0,CFX,CIF1604)
[12804] 2016/03/09 17:14:06.358 API InitInstance 
[12804] 2016/03/09 17:14:06.360 SKOSQuoteLib_Initialize  ID멚B222875498
[12804] 2016/03/09 17:14:06.361 SKOSQuoteLib_Initialize  Server멚https://order2.capital.com.tw/
[12804] 2016/03/09 17:14:06.885 SKOSQuoteLib_EnterMonitor(0)
[12804] 2016/03/09 17:14:06.886 Connect FORT03.capital.com.tw 443
[12804] 2016/03/09 17:14:06.888 SKOSQuoteLib_AttachConnectCallBack
[12804] 2016/03/09 17:14:06.889 SKOSQuoteLib_AttachQuoteCallBack
[12804] 2016/03/09 17:14:06.890 SKOSQuoteLib_AttachBest5CallBack
[12804] 2016/03/09 17:14:06.924 SK_SUBJECT_CONNECTION_CONNECTED메Code: 0
[12804] 2016/03/09 17:14:27.316 SKOSQuoteLib_RequestStocks (1,CME,NQ_1603#CME,NQ_1606#CME,NQ_1609#CME,NQ_1612#CME,EC_1603#CME,EC_1606#CBT,YM1603#CBT,YM1606#NYM,CL1604#NYM,CL1605#NYM,GC1604#NYM,GC1606#NYM,SI1603#NYM,SI1605#SGX,NKNT1603#SGX,NKNT1606#SGX,CNIDX#SGX,CNT1603#HKF,MHI1603#HKF,MHI1604#EUR,DAX1603#EUR,DAX1606#CFX,CIF1603#CFX,CIF1604)
[12804] 2016/03/09 17:14:27.321 SKOSQuoteLib_RequestTicks (0,CME,NQ_1603)
[12804] 2016/03/09 17:14:27.422 SKOSQuoteLib_RequestTicks (0,CME,NQ_1606)
[12804] 2016/03/09 17:14:27.523 SKOSQuoteLib_RequestTicks (0,CME,NQ_1609)
[12804] 2016/03/09 17:14:27.624 SKOSQuoteLib_RequestTicks (0,CME,NQ_1612)
[12804] 2016/03/09 17:14:27.725 SKOSQuoteLib_RequestTicks (0,CME,EC_1603)
[12804] 2016/03/09 17:14:27.828 SKOSQuoteLib_RequestTicks (0,CME,EC_1606)
[12804] 2016/03/09 17:14:27.930 SKOSQuoteLib_RequestTicks (0,CBT,YM1603)
[12804] 2016/03/09 17:14:28.037 SKOSQuoteLib_RequestTicks (0,CBT,YM1606)
[12804] 2016/03/09 17:14:28.139 SKOSQuoteLib_RequestTicks (0,NYM,CL1604)
[12804] 2016/03/09 17:14:28.241 SKOSQuoteLib_RequestTicks (0,NYM,CL1605)
[12804] 2016/03/09 17:14:28.343 SKOSQuoteLib_RequestTicks (0,NYM,GC1604)
[12804] 2016/03/09 17:14:28.444 SKOSQuoteLib_RequestTicks (0,NYM,GC1606)
[12804] 2016/03/09 17:14:28.547 SKOSQuoteLib_RequestTicks (0,NYM,SI1603)
[12804] 2016/03/09 17:14:28.648 SKOSQuoteLib_RequestTicks (0,NYM,SI1605)
[12804] 2016/03/09 17:14:28.750 SKOSQuoteLib_RequestTicks (0,SGX,NKNT1603)
[12804] 2016/03/09 17:14:28.853 SKOSQuoteLib_RequestTicks (0,SGX,NKNT1606)
[12804] 2016/03/09 17:14:28.956 SKOSQuoteLib_RequestTicks (0,SGX,CNIDX)
[12804] 2016/03/09 17:14:29.058 SKOSQuoteLib_RequestTicks (0,SGX,CNT1603)
[12804] 2016/03/09 17:14:29.159 SKOSQuoteLib_RequestTicks (0,HKF,MHI1603)
[12804] 2016/03/09 17:14:29.260 SKOSQuoteLib_RequestTicks (0,HKF,MHI1604)
[12804] 2016/03/09 17:14:29.361 SKOSQuoteLib_RequestTicks (0,EUR,DAX1603)
[12804] 2016/03/09 17:14:29.463 SKOSQuoteLib_RequestTicks (0,EUR,DAX1606)
[12804] 2016/03/09 17:14:29.566 SKOSQuoteLib_RequestTicks (0,CFX,CIF1603)
[12804] 2016/03/09 17:14:29.668 SKOSQuoteLib_RequestTicks (0,CFX,CIF1604)
