[1244] 2016/03/11 11:24:30.490 API InitInstance 
[1244] 2016/03/11 11:24:30.496 SKOSQuoteLib_Initialize  ID멚B222875498
[1244] 2016/03/11 11:24:30.498 SKOSQuoteLib_Initialize  Server멚https://order2.capital.com.tw/
[1244] 2016/03/11 11:24:31.192 SKOSQuoteLib_EnterMonitor(0)
[1244] 2016/03/11 11:24:31.193 Connect FORT07.capital.com.tw 443
[1244] 2016/03/11 11:24:31.195 SKOSQuoteLib_AttachConnectCallBack
[1244] 2016/03/11 11:24:31.196 SKOSQuoteLib_AttachQuoteCallBack
[1244] 2016/03/11 11:24:31.196 SKOSQuoteLib_AttachBest5CallBack
[1244] 2016/03/11 11:24:31.246 SK_SUBJECT_CONNECTION_CONNECTED메Code: 0
[8084] 2016/03/11 11:29:43.099 API InitInstance 
[8084] 2016/03/11 11:29:43.104 SKOSQuoteLib_Initialize  ID멚B222875498
[8084] 2016/03/11 11:29:43.105 SKOSQuoteLib_Initialize  Server멚https://order2.capital.com.tw/
[8084] 2016/03/11 11:29:43.519 SKOSQuoteLib_EnterMonitor(0)
[8084] 2016/03/11 11:29:43.520 Connect FORT07.capital.com.tw 443
[8084] 2016/03/11 11:29:43.522 SKOSQuoteLib_AttachConnectCallBack
[8084] 2016/03/11 11:29:43.523 SKOSQuoteLib_AttachQuoteCallBack
[8084] 2016/03/11 11:29:43.523 SKOSQuoteLib_AttachBest5CallBack
[8084] 2016/03/11 11:29:43.542 SK_SUBJECT_CONNECTION_CONNECTED메Code: 0
[8084] 2016/03/11 11:30:04.350 SKOSQuoteLib_RequestStocks (1,CME,NQ_1603#CME,NQ_1606#CME,NQ_1609#CME,NQ_1612#CME,EC_1603#CME,EC_1606#CBT,YM1603#CBT,YM1606#NYM,CL1604#NYM,CL1605#NYM,GC1604#NYM,GC1606#NYM,SI1603#NYM,SI1605#SGX,NKNT1606#SGX,NKNT1609#SGX,CNIDX#SGX,CNT1603#HKF,MHI1603#HKF,MHI1604#EUR,DAX1603#EUR,DAX1606#CFX,CIF1603#CFX,CIF1604)
[8084] 2016/03/11 11:30:04.416 SKOSQuoteLib_RequestTicks (0,CME,NQ_1603)
[8084] 2016/03/11 11:30:04.520 SKOSQuoteLib_RequestTicks (0,CME,NQ_1606)
[8084] 2016/03/11 11:30:04.621 SKOSQuoteLib_RequestTicks (0,CME,NQ_1609)
[8084] 2016/03/11 11:30:04.724 SKOSQuoteLib_RequestTicks (0,CME,NQ_1612)
[8084] 2016/03/11 11:30:04.826 SKOSQuoteLib_RequestTicks (0,CME,EC_1603)
[8084] 2016/03/11 11:30:04.929 SKOSQuoteLib_RequestTicks (0,CME,EC_1606)
[8084] 2016/03/11 11:30:05.030 SKOSQuoteLib_RequestTicks (0,CBT,YM1603)
[8084] 2016/03/11 11:30:05.132 SKOSQuoteLib_RequestTicks (0,CBT,YM1606)
[8084] 2016/03/11 11:30:05.233 SKOSQuoteLib_RequestTicks (0,NYM,CL1604)
[8084] 2016/03/11 11:30:05.335 SKOSQuoteLib_RequestTicks (0,NYM,CL1605)
[8084] 2016/03/11 11:30:05.437 SKOSQuoteLib_RequestTicks (0,NYM,GC1604)
[8084] 2016/03/11 11:30:05.539 SKOSQuoteLib_RequestTicks (0,NYM,GC1606)
[8084] 2016/03/11 11:30:05.641 SKOSQuoteLib_RequestTicks (0,NYM,SI1603)
[8084] 2016/03/11 11:30:05.743 SKOSQuoteLib_RequestTicks (0,NYM,SI1605)
[8084] 2016/03/11 11:30:05.846 SKOSQuoteLib_RequestTicks (0,SGX,NKNT1606)
[8084] 2016/03/11 11:30:05.948 SKOSQuoteLib_RequestTicks (0,SGX,NKNT1609)
[8084] 2016/03/11 11:30:06.050 SKOSQuoteLib_RequestTicks (0,SGX,CNIDX)
[8084] 2016/03/11 11:30:06.151 SKOSQuoteLib_RequestTicks (0,SGX,CNT1603)
[8084] 2016/03/11 11:30:06.252 SKOSQuoteLib_RequestTicks (0,HKF,MHI1603)
[8084] 2016/03/11 11:30:06.353 SKOSQuoteLib_RequestTicks (0,HKF,MHI1604)
[8084] 2016/03/11 11:30:06.454 SKOSQuoteLib_RequestTicks (0,EUR,DAX1603)
[8084] 2016/03/11 11:30:06.556 SKOSQuoteLib_RequestTicks (0,EUR,DAX1606)
[8084] 2016/03/11 11:30:06.656 SKOSQuoteLib_RequestTicks (0,CFX,CIF1603)
[8084] 2016/03/11 11:30:06.757 SKOSQuoteLib_RequestTicks (0,CFX,CIF1604)
[3408] 2016/03/11 11:33:41.699 API InitInstance 
[3408] 2016/03/11 11:33:41.702 SKOSQuoteLib_Initialize  ID멚B222875498
[3408] 2016/03/11 11:33:41.702 SKOSQuoteLib_Initialize  Server멚https://order2.capital.com.tw/
[3408] 2016/03/11 11:33:42.469 SKOSQuoteLib_EnterMonitor(0)
[3408] 2016/03/11 11:33:42.470 Connect FORT07.capital.com.tw 443
[3408] 2016/03/11 11:33:42.473 SKOSQuoteLib_AttachConnectCallBack
[3408] 2016/03/11 11:33:42.474 SKOSQuoteLib_AttachQuoteCallBack
[3408] 2016/03/11 11:33:42.474 SKOSQuoteLib_AttachBest5CallBack
[3408] 2016/03/11 11:33:42.494 SK_SUBJECT_CONNECTION_CONNECTED메Code: 0
[3408] 2016/03/11 11:34:03.501 SKOSQuoteLib_RequestStocks (1,CME,NQ_1603#CME,NQ_1606#CME,NQ_1609#CME,NQ_1612#CME,EC_1603#CME,EC_1606#CBT,YM1603#CBT,YM1606#NYM,CL1604#NYM,CL1605#NYM,GC1604#NYM,GC1606#NYM,SI1603#NYM,SI1605#SGX,NKNT1606#SGX,NKNT1609#SGX,CNIDX#SGX,CNT1603#HKF,MHI1603#HKF,MHI1604#EUR,DAX1603#EUR,DAX1606#CFX,CIF1603#CFX,CIF1604)
[3408] 2016/03/11 11:34:03.507 SKOSQuoteLib_RequestTicks (0,CME,NQ_1603)
[3408] 2016/03/11 11:34:03.609 SKOSQuoteLib_RequestTicks (0,CME,NQ_1606)
[3408] 2016/03/11 11:34:03.710 SKOSQuoteLib_RequestTicks (0,CME,NQ_1609)
[3408] 2016/03/11 11:34:03.812 SKOSQuoteLib_RequestTicks (0,CME,NQ_1612)
[3408] 2016/03/11 11:34:03.914 SKOSQuoteLib_RequestTicks (0,CME,EC_1603)
[3408] 2016/03/11 11:34:04.016 SKOSQuoteLib_RequestTicks (0,CME,EC_1606)
[3408] 2016/03/11 11:34:04.120 SKOSQuoteLib_RequestTicks (0,CBT,YM1603)
[3408] 2016/03/11 11:34:04.222 SKOSQuoteLib_RequestTicks (0,CBT,YM1606)
[3408] 2016/03/11 11:34:04.323 SKOSQuoteLib_RequestTicks (0,NYM,CL1604)
[3408] 2016/03/11 11:34:04.424 SKOSQuoteLib_RequestTicks (0,NYM,CL1605)
[3408] 2016/03/11 11:34:04.526 SKOSQuoteLib_RequestTicks (0,NYM,GC1604)
[3408] 2016/03/11 11:34:04.626 SKOSQuoteLib_RequestTicks (0,NYM,GC1606)
[3408] 2016/03/11 11:34:04.727 SKOSQuoteLib_RequestTicks (0,NYM,SI1603)
[3408] 2016/03/11 11:34:04.828 SKOSQuoteLib_RequestTicks (0,NYM,SI1605)
[3408] 2016/03/11 11:34:04.929 SKOSQuoteLib_RequestTicks (0,SGX,NKNT1606)
[3408] 2016/03/11 11:34:05.032 SKOSQuoteLib_RequestTicks (0,SGX,NKNT1609)
[3408] 2016/03/11 11:34:05.134 SKOSQuoteLib_RequestTicks (0,SGX,CNIDX)
[3408] 2016/03/11 11:34:05.237 SKOSQuoteLib_RequestTicks (0,SGX,CNT1603)
[3408] 2016/03/11 11:34:05.338 SKOSQuoteLib_RequestTicks (0,HKF,MHI1603)
[3408] 2016/03/11 11:34:05.440 SKOSQuoteLib_RequestTicks (0,HKF,MHI1604)
[3408] 2016/03/11 11:34:05.541 SKOSQuoteLib_RequestTicks (0,EUR,DAX1603)
[3408] 2016/03/11 11:34:05.643 SKOSQuoteLib_RequestTicks (0,EUR,DAX1606)
[3408] 2016/03/11 11:34:05.745 SKOSQuoteLib_RequestTicks (0,CFX,CIF1603)
[3408] 2016/03/11 11:34:05.847 SKOSQuoteLib_RequestTicks (0,CFX,CIF1604)
[11404] 2016/03/11 11:41:33.717 API InitInstance 
[11404] 2016/03/11 11:41:33.719 SKOSQuoteLib_Initialize  ID멚B222875498
[11404] 2016/03/11 11:41:33.720 SKOSQuoteLib_Initialize  Server멚https://order2.capital.com.tw/
[11404] 2016/03/11 11:41:34.372 SKOSQuoteLib_EnterMonitor(0)
[11404] 2016/03/11 11:41:34.372 Connect FORT05.capital.com.tw 443
[11404] 2016/03/11 11:41:34.375 SKOSQuoteLib_AttachConnectCallBack
[11404] 2016/03/11 11:41:34.375 SKOSQuoteLib_AttachQuoteCallBack
[11404] 2016/03/11 11:41:34.376 SKOSQuoteLib_AttachBest5CallBack
[11404] 2016/03/11 11:41:34.489 SK_SUBJECT_CONNECTION_CONNECTED메Code: 0
[11404] 2016/03/11 11:41:54.674 SKOSQuoteLib_RequestStocks (1,CME,NQ_1603#CME,NQ_1606#CME,NQ_1609#CME,NQ_1612#CME,EC_1603#CME,EC_1606#CBT,YM1603#CBT,YM1606#NYM,CL1604#NYM,CL1605#NYM,GC1604#NYM,GC1606#NYM,SI1603#NYM,SI1605#SGX,NKNT1606#SGX,NKNT1609#SGX,CNIDX#SGX,CNT1603#HKF,MHI1603#HKF,MHI1604#EUR,DAX1603#EUR,DAX1606#CFX,CIF1603#CFX,CIF1604)
[11404] 2016/03/11 11:41:54.678 SKOSQuoteLib_RequestTicks (0,CME,NQ_1603)
[11404] 2016/03/11 11:41:54.779 SKOSQuoteLib_RequestTicks (0,CME,NQ_1606)
[11404] 2016/03/11 11:41:54.881 SKOSQuoteLib_RequestTicks (0,CME,NQ_1609)
[11404] 2016/03/11 11:41:54.983 SKOSQuoteLib_RequestTicks (0,CME,NQ_1612)
[11404] 2016/03/11 11:41:55.085 SKOSQuoteLib_RequestTicks (0,CME,EC_1603)
[11404] 2016/03/11 11:41:55.188 SKOSQuoteLib_RequestTicks (0,CME,EC_1606)
[11404] 2016/03/11 11:41:55.289 SKOSQuoteLib_RequestTicks (0,CBT,YM1603)
[11404] 2016/03/11 11:41:55.392 SKOSQuoteLib_RequestTicks (0,CBT,YM1606)
[11404] 2016/03/11 11:41:55.493 SKOSQuoteLib_RequestTicks (0,NYM,CL1604)
[11404] 2016/03/11 11:41:55.596 SKOSQuoteLib_RequestTicks (0,NYM,CL1605)
[11404] 2016/03/11 11:41:55.698 SKOSQuoteLib_RequestTicks (0,NYM,GC1604)
[11404] 2016/03/11 11:41:55.800 SKOSQuoteLib_RequestTicks (0,NYM,GC1606)
[11404] 2016/03/11 11:41:55.902 SKOSQuoteLib_RequestTicks (0,NYM,SI1603)
[11404] 2016/03/11 11:41:56.004 SKOSQuoteLib_RequestTicks (0,NYM,SI1605)
[11404] 2016/03/11 11:41:56.106 SKOSQuoteLib_RequestTicks (0,SGX,NKNT1606)
[11404] 2016/03/11 11:41:56.210 SKOSQuoteLib_RequestTicks (0,SGX,NKNT1609)
[11404] 2016/03/11 11:41:56.311 SKOSQuoteLib_RequestTicks (0,SGX,CNIDX)
[11404] 2016/03/11 11:41:56.413 SKOSQuoteLib_RequestTicks (0,SGX,CNT1603)
[11404] 2016/03/11 11:41:56.516 SKOSQuoteLib_RequestTicks (0,HKF,MHI1603)
[11404] 2016/03/11 11:41:56.618 SKOSQuoteLib_RequestTicks (0,HKF,MHI1604)
[11404] 2016/03/11 11:41:56.721 SKOSQuoteLib_RequestTicks (0,EUR,DAX1603)
[11404] 2016/03/11 11:41:56.823 SKOSQuoteLib_RequestTicks (0,EUR,DAX1606)
[11404] 2016/03/11 11:41:56.924 SKOSQuoteLib_RequestTicks (0,CFX,CIF1603)
[11404] 2016/03/11 11:41:57.025 SKOSQuoteLib_RequestTicks (0,CFX,CIF1604)
[1620] 2016/03/11 11:53:50.785 API InitInstance 
[1620] 2016/03/11 11:53:50.788 SKOSQuoteLib_Initialize  ID멚B222875498
[1620] 2016/03/11 11:53:50.788 SKOSQuoteLib_Initialize  Server멚https://order2.capital.com.tw/
[1620] 2016/03/11 11:53:51.294 SKOSQuoteLib_EnterMonitor(0)
[1620] 2016/03/11 11:53:51.294 Connect FORT07.capital.com.tw 443
[1620] 2016/03/11 11:53:51.297 SKOSQuoteLib_AttachConnectCallBack
[1620] 2016/03/11 11:53:51.297 SKOSQuoteLib_AttachQuoteCallBack
[1620] 2016/03/11 11:53:51.298 SKOSQuoteLib_AttachBest5CallBack
[1620] 2016/03/11 11:53:51.331 SK_SUBJECT_CONNECTION_CONNECTED메Code: 0
[1620] 2016/03/11 11:54:11.777 SKOSQuoteLib_RequestStocks (1,CME,NQ_1603#CME,NQ_1606#CME,NQ_1609#CME,NQ_1612#CME,EC_1603#CME,EC_1606#CBT,YM1603#CBT,YM1606#NYM,CL1604#NYM,CL1605#NYM,GC1604#NYM,GC1606#NYM,SI1603#NYM,SI1605#SGX,NKNT1606#SGX,NKNT1609#SGX,CNIDX#SGX,CNT1603#HKF,MHI1603#HKF,MHI1604#EUR,DAX1603#EUR,DAX1606#CFX,CIF1603#CFX,CIF1604)
[1620] 2016/03/11 11:54:11.781 SKOSQuoteLib_RequestTicks (0,CME,NQ_1603)
[1620] 2016/03/11 11:54:11.882 SKOSQuoteLib_RequestTicks (0,CME,NQ_1606)
[1620] 2016/03/11 11:54:11.984 SKOSQuoteLib_RequestTicks (0,CME,NQ_1609)
[1620] 2016/03/11 11:54:12.085 SKOSQuoteLib_RequestTicks (0,CME,NQ_1612)
[1620] 2016/03/11 11:54:12.187 SKOSQuoteLib_RequestTicks (0,CME,EC_1603)
[1620] 2016/03/11 11:54:12.290 SKOSQuoteLib_RequestTicks (0,CME,EC_1606)
[1620] 2016/03/11 11:54:12.393 SKOSQuoteLib_RequestTicks (0,CBT,YM1603)
[1620] 2016/03/11 11:54:12.495 SKOSQuoteLib_RequestTicks (0,CBT,YM1606)
[1620] 2016/03/11 11:54:12.597 SKOSQuoteLib_RequestTicks (0,NYM,CL1604)
[1620] 2016/03/11 11:54:12.699 SKOSQuoteLib_RequestTicks (0,NYM,CL1605)
[1620] 2016/03/11 11:54:12.802 SKOSQuoteLib_RequestTicks (0,NYM,GC1604)
[1620] 2016/03/11 11:54:12.904 SKOSQuoteLib_RequestTicks (0,NYM,GC1606)
[1620] 2016/03/11 11:54:13.007 SKOSQuoteLib_RequestTicks (0,NYM,SI1603)
[1620] 2016/03/11 11:54:13.109 SKOSQuoteLib_RequestTicks (0,NYM,SI1605)
[1620] 2016/03/11 11:54:13.210 SKOSQuoteLib_RequestTicks (0,SGX,NKNT1606)
[1620] 2016/03/11 11:54:13.311 SKOSQuoteLib_RequestTicks (0,SGX,NKNT1609)
[1620] 2016/03/11 11:54:13.413 SKOSQuoteLib_RequestTicks (0,SGX,CNIDX)
[1620] 2016/03/11 11:54:13.516 SKOSQuoteLib_RequestTicks (0,SGX,CNT1603)
[1620] 2016/03/11 11:54:13.619 SKOSQuoteLib_RequestTicks (0,HKF,MHI1603)
[1620] 2016/03/11 11:54:13.720 SKOSQuoteLib_RequestTicks (0,HKF,MHI1604)
[1620] 2016/03/11 11:54:13.822 SKOSQuoteLib_RequestTicks (0,EUR,DAX1603)
[1620] 2016/03/11 11:54:13.925 SKOSQuoteLib_RequestTicks (0,EUR,DAX1606)
[1620] 2016/03/11 11:54:14.026 SKOSQuoteLib_RequestTicks (0,CFX,CIF1603)
[1620] 2016/03/11 11:54:14.129 SKOSQuoteLib_RequestTicks (0,CFX,CIF1604)
[3436] 2016/03/11 12:09:41.333 API InitInstance 
[3436] 2016/03/11 12:09:41.347 SKOSQuoteLib_Initialize  ID멚B222875498
[3436] 2016/03/11 12:09:41.349 SKOSQuoteLib_Initialize  Server멚https://order2.capital.com.tw/
[3436] 2016/03/11 12:09:42.081 SKOSQuoteLib_EnterMonitor(0)
[3436] 2016/03/11 12:09:42.081 Connect FORT03.capital.com.tw 443
[3436] 2016/03/11 12:09:42.084 SKOSQuoteLib_AttachConnectCallBack
[3436] 2016/03/11 12:09:42.085 SKOSQuoteLib_AttachQuoteCallBack
[3436] 2016/03/11 12:09:42.085 SKOSQuoteLib_AttachBest5CallBack
[3436] 2016/03/11 12:09:42.122 SK_SUBJECT_CONNECTION_CONNECTED메Code: 0
[3436] 2016/03/11 12:10:02.576 SKOSQuoteLib_RequestStocks (1,CME,NQ_1603#CME,NQ_1606#CME,NQ_1609#CME,NQ_1612#CME,EC_1603#CME,EC_1606#CBT,YM1603#CBT,YM1606#NYM,CL1604#NYM,CL1605#NYM,GC1604#NYM,GC1606#NYM,SI1603#NYM,SI1605#SGX,NKNT1606#SGX,NKNT1609#SGX,CNIDX#SGX,CNT1603#HKF,MHI1603#HKF,MHI1604#EUR,DAX1603#EUR,DAX1606#CFX,CIF1603#CFX,CIF1604)
[3436] 2016/03/11 12:10:02.580 SKOSQuoteLib_RequestTicks (0,CME,NQ_1603)
[3436] 2016/03/11 12:10:02.682 SKOSQuoteLib_RequestTicks (0,CME,NQ_1606)
[3436] 2016/03/11 12:10:02.783 SKOSQuoteLib_RequestTicks (0,CME,NQ_1609)
[3436] 2016/03/11 12:10:02.885 SKOSQuoteLib_RequestTicks (0,CME,NQ_1612)
[3436] 2016/03/11 12:10:02.987 SKOSQuoteLib_RequestTicks (0,CME,EC_1603)
[3436] 2016/03/11 12:10:03.089 SKOSQuoteLib_RequestTicks (0,CME,EC_1606)
[3436] 2016/03/11 12:10:03.191 SKOSQuoteLib_RequestTicks (0,CBT,YM1603)
[3436] 2016/03/11 12:10:03.293 SKOSQuoteLib_RequestTicks (0,CBT,YM1606)
[3436] 2016/03/11 12:10:03.395 SKOSQuoteLib_RequestTicks (0,NYM,CL1604)
[3436] 2016/03/11 12:10:03.496 SKOSQuoteLib_RequestTicks (0,NYM,CL1605)
[3436] 2016/03/11 12:10:03.597 SKOSQuoteLib_RequestTicks (0,NYM,GC1604)
[3436] 2016/03/11 12:10:03.699 SKOSQuoteLib_RequestTicks (0,NYM,GC1606)
[3436] 2016/03/11 12:10:03.801 SKOSQuoteLib_RequestTicks (0,NYM,SI1603)
[3436] 2016/03/11 12:10:03.910 SKOSQuoteLib_RequestTicks (0,NYM,SI1605)
[3436] 2016/03/11 12:10:04.013 SKOSQuoteLib_RequestTicks (0,SGX,NKNT1606)
[3436] 2016/03/11 12:10:04.114 SKOSQuoteLib_RequestTicks (0,SGX,NKNT1609)
[3436] 2016/03/11 12:10:04.216 SKOSQuoteLib_RequestTicks (0,SGX,CNIDX)
[3436] 2016/03/11 12:10:04.318 SKOSQuoteLib_RequestTicks (0,SGX,CNT1603)
[3436] 2016/03/11 12:10:04.420 SKOSQuoteLib_RequestTicks (0,HKF,MHI1603)
[3436] 2016/03/11 12:10:04.523 SKOSQuoteLib_RequestTicks (0,HKF,MHI1604)
[3436] 2016/03/11 12:10:04.626 SKOSQuoteLib_RequestTicks (0,EUR,DAX1603)
[3436] 2016/03/11 12:10:04.729 SKOSQuoteLib_RequestTicks (0,EUR,DAX1606)
[3436] 2016/03/11 12:10:04.831 SKOSQuoteLib_RequestTicks (0,CFX,CIF1603)
[3436] 2016/03/11 12:10:04.934 SKOSQuoteLib_RequestTicks (0,CFX,CIF1604)
[6908] 2016/03/11 14:16:53.524 API InitInstance 
[6908] 2016/03/11 14:16:53.527 SKOSQuoteLib_Initialize  ID멚B222875498
[6908] 2016/03/11 14:16:53.528 SKOSQuoteLib_Initialize  Server멚https://order2.capital.com.tw/
[6908] 2016/03/11 14:16:54.335 SKOSQuoteLib_EnterMonitor(0)
[6908] 2016/03/11 14:16:54.336 Connect FORT05.capital.com.tw 443
[6908] 2016/03/11 14:16:54.338 SKOSQuoteLib_AttachConnectCallBack
[6908] 2016/03/11 14:16:54.339 SKOSQuoteLib_AttachQuoteCallBack
[6908] 2016/03/11 14:16:54.339 SKOSQuoteLib_AttachBest5CallBack
[6908] 2016/03/11 14:16:54.375 SK_SUBJECT_CONNECTION_CONNECTED메Code: 0
[4056] 2016/03/11 14:29:00.292 API InitInstance 
[4056] 2016/03/11 14:29:00.295 SKOSQuoteLib_Initialize  ID멚B222875498
[4056] 2016/03/11 14:29:00.295 SKOSQuoteLib_Initialize  Server멚https://order2.capital.com.tw/
[4056] 2016/03/11 14:29:01.000 SKOSQuoteLib_EnterMonitor(0)
[4056] 2016/03/11 14:29:01.000 Connect FORT03.capital.com.tw 443
[4056] 2016/03/11 14:29:01.003 SKOSQuoteLib_AttachConnectCallBack
[4056] 2016/03/11 14:29:01.004 SKOSQuoteLib_AttachQuoteCallBack
[4056] 2016/03/11 14:29:01.004 SKOSQuoteLib_AttachBest5CallBack
[4056] 2016/03/11 14:29:01.040 SK_SUBJECT_CONNECTION_CONNECTED메Code: 0
[4056] 2016/03/11 14:29:21.354 SKOSQuoteLib_RequestStocks (1,CME,NQ_1603#CME,NQ_1606#CME,NQ_1609#CME,NQ_1612#CME,EC_1603#CME,EC_1606#CBT,YM1603#CBT,YM1606#NYM,CL1604#NYM,CL1605#NYM,GC1604#NYM,GC1606#NYM,SI1603#NYM,SI1605#SGX,NKNT1606#SGX,NKNT1609#SGX,CNIDX#SGX,CNT1603#HKF,MHI1603#HKF,MHI1604#EUR,DAX1603#EUR,DAX1606#CFX,CIF1603#CFX,CIF1604)
[4056] 2016/03/11 14:29:21.358 SKOSQuoteLib_RequestTicks (0,CME,NQ_1603)
[4056] 2016/03/11 14:29:21.459 SKOSQuoteLib_RequestTicks (0,CME,NQ_1606)
[4056] 2016/03/11 14:29:21.560 SKOSQuoteLib_RequestTicks (0,CME,NQ_1609)
[4056] 2016/03/11 14:29:21.661 SKOSQuoteLib_RequestTicks (0,CME,NQ_1612)
[4056] 2016/03/11 14:29:21.763 SKOSQuoteLib_RequestTicks (0,CME,EC_1603)
[4056] 2016/03/11 14:29:21.865 SKOSQuoteLib_RequestTicks (0,CME,EC_1606)
[4056] 2016/03/11 14:29:21.967 SKOSQuoteLib_RequestTicks (0,CBT,YM1603)
[4056] 2016/03/11 14:29:22.069 SKOSQuoteLib_RequestTicks (0,CBT,YM1606)
[4056] 2016/03/11 14:29:22.171 SKOSQuoteLib_RequestTicks (0,NYM,CL1604)
[4056] 2016/03/11 14:29:22.273 SKOSQuoteLib_RequestTicks (0,NYM,CL1605)
[4056] 2016/03/11 14:29:22.375 SKOSQuoteLib_RequestTicks (0,NYM,GC1604)
[4056] 2016/03/11 14:29:22.476 SKOSQuoteLib_RequestTicks (0,NYM,GC1606)
[4056] 2016/03/11 14:29:22.578 SKOSQuoteLib_RequestTicks (0,NYM,SI1603)
[4056] 2016/03/11 14:29:22.679 SKOSQuoteLib_RequestTicks (0,NYM,SI1605)
[4056] 2016/03/11 14:29:22.782 SKOSQuoteLib_RequestTicks (0,SGX,NKNT1606)
[4056] 2016/03/11 14:29:22.889 SKOSQuoteLib_RequestTicks (0,SGX,NKNT1609)
[4056] 2016/03/11 14:29:22.991 SKOSQuoteLib_RequestTicks (0,SGX,CNIDX)
[4056] 2016/03/11 14:29:23.093 SKOSQuoteLib_RequestTicks (0,SGX,CNT1603)
[4056] 2016/03/11 14:29:23.194 SKOSQuoteLib_RequestTicks (0,HKF,MHI1603)
[4056] 2016/03/11 14:29:23.295 SKOSQuoteLib_RequestTicks (0,HKF,MHI1604)
[4056] 2016/03/11 14:29:23.396 SKOSQuoteLib_RequestTicks (0,EUR,DAX1603)
[4056] 2016/03/11 14:29:23.499 SKOSQuoteLib_RequestTicks (0,EUR,DAX1606)
[4056] 2016/03/11 14:29:23.602 SKOSQuoteLib_RequestTicks (0,CFX,CIF1603)
[4056] 2016/03/11 14:29:23.705 SKOSQuoteLib_RequestTicks (0,CFX,CIF1604)
[9060] 2016/03/11 14:33:07.693 API InitInstance 
[9060] 2016/03/11 14:33:07.696 SKOSQuoteLib_Initialize  ID멚B222875498
[9060] 2016/03/11 14:33:07.697 SKOSQuoteLib_Initialize  Server멚https://order2.capital.com.tw/
[9060] 2016/03/11 14:33:08.401 SKOSQuoteLib_EnterMonitor(0)
[9060] 2016/03/11 14:33:08.401 Connect FORT01.capital.com.tw 443
[9060] 2016/03/11 14:33:08.403 SKOSQuoteLib_AttachConnectCallBack
[9060] 2016/03/11 14:33:08.404 SKOSQuoteLib_AttachQuoteCallBack
[9060] 2016/03/11 14:33:08.405 SKOSQuoteLib_AttachBest5CallBack
[9060] 2016/03/11 14:33:08.507 SK_SUBJECT_CONNECTION_CONNECTED메Code: 0
[9060] 2016/03/11 14:33:28.937 SKOSQuoteLib_RequestStocks (1,CME,NQ_1603#CME,NQ_1606#CME,NQ_1609#CME,NQ_1612#CME,EC_1603#CME,EC_1606#CBT,YM1603#CBT,YM1606#NYM,CL1604#NYM,CL1605#NYM,GC1604#NYM,GC1606#NYM,SI1603#NYM,SI1605#SGX,NKNT1606#SGX,NKNT1609#SGX,CNIDX#SGX,CNT1603#HKF,MHI1603#HKF,MHI1604#EUR,DAX1603#EUR,DAX1606#CFX,CIF1603#CFX,CIF1604)
[9060] 2016/03/11 14:33:28.941 SKOSQuoteLib_RequestTicks (0,CME,NQ_1603)
[9060] 2016/03/11 14:33:29.043 SKOSQuoteLib_RequestTicks (0,CME,NQ_1606)
[9060] 2016/03/11 14:33:29.144 SKOSQuoteLib_RequestTicks (0,CME,NQ_1609)
[9060] 2016/03/11 14:33:29.246 SKOSQuoteLib_RequestTicks (0,CME,NQ_1612)
[9060] 2016/03/11 14:33:29.349 SKOSQuoteLib_RequestTicks (0,CME,EC_1603)
[9060] 2016/03/11 14:33:29.451 SKOSQuoteLib_RequestTicks (0,CME,EC_1606)
[9060] 2016/03/11 14:33:29.553 SKOSQuoteLib_RequestTicks (0,CBT,YM1603)
[9060] 2016/03/11 14:33:29.654 SKOSQuoteLib_RequestTicks (0,CBT,YM1606)
[9060] 2016/03/11 14:33:29.756 SKOSQuoteLib_RequestTicks (0,NYM,CL1604)
[9060] 2016/03/11 14:33:29.858 SKOSQuoteLib_RequestTicks (0,NYM,CL1605)
[9060] 2016/03/11 14:33:29.961 SKOSQuoteLib_RequestTicks (0,NYM,GC1604)
[9060] 2016/03/11 14:33:30.063 SKOSQuoteLib_RequestTicks (0,NYM,GC1606)
[9060] 2016/03/11 14:33:30.164 SKOSQuoteLib_RequestTicks (0,NYM,SI1603)
[9060] 2016/03/11 14:33:30.266 SKOSQuoteLib_RequestTicks (0,NYM,SI1605)
[9060] 2016/03/11 14:33:30.368 SKOSQuoteLib_RequestTicks (0,SGX,NKNT1606)
[9060] 2016/03/11 14:33:30.470 SKOSQuoteLib_RequestTicks (0,SGX,NKNT1609)
[9060] 2016/03/11 14:33:30.572 SKOSQuoteLib_RequestTicks (0,SGX,CNIDX)
[9060] 2016/03/11 14:33:30.678 SKOSQuoteLib_RequestTicks (0,SGX,CNT1603)
[9060] 2016/03/11 14:33:30.780 SKOSQuoteLib_RequestTicks (0,HKF,MHI1603)
[9060] 2016/03/11 14:33:30.883 SKOSQuoteLib_RequestTicks (0,HKF,MHI1604)
[9060] 2016/03/11 14:33:30.985 SKOSQuoteLib_RequestTicks (0,EUR,DAX1603)
[9060] 2016/03/11 14:33:31.087 SKOSQuoteLib_RequestTicks (0,EUR,DAX1606)
[9060] 2016/03/11 14:33:31.190 SKOSQuoteLib_RequestTicks (0,CFX,CIF1603)
[9060] 2016/03/11 14:33:31.292 SKOSQuoteLib_RequestTicks (0,CFX,CIF1604)
[1468] 2016/03/11 14:34:55.328 API InitInstance 
[1468] 2016/03/11 14:34:55.332 SKOSQuoteLib_Initialize  ID멚B222875498
[1468] 2016/03/11 14:34:55.333 SKOSQuoteLib_Initialize  Server멚https://order2.capital.com.tw/
[1468] 2016/03/11 14:34:55.908 SKOSQuoteLib_EnterMonitor(0)
[1468] 2016/03/11 14:34:55.909 Connect FORT07.capital.com.tw 443
[1468] 2016/03/11 14:34:55.911 SKOSQuoteLib_AttachConnectCallBack
[1468] 2016/03/11 14:34:55.912 SKOSQuoteLib_AttachQuoteCallBack
[1468] 2016/03/11 14:34:55.912 SKOSQuoteLib_AttachBest5CallBack
[1468] 2016/03/11 14:34:55.948 SK_SUBJECT_CONNECTION_CONNECTED메Code: 0
[1468] 2016/03/11 14:37:02.740 SKOSQuoteLib_RequestStocks (1,CME,NQ_1603#CME,NQ_1606#CME,NQ_1609#CME,NQ_1612#CME,EC_1603#CME,EC_1606#CBT,YM1603#CBT,YM1606#NYM,CL1604#NYM,CL1605#NYM,GC1604#NYM,GC1606#NYM,SI1603#NYM,SI1605#SGX,NKNT1606#SGX,NKNT1609#SGX,CNIDX#SGX,CNT1603#HKF,MHI1603#HKF,MHI1604#EUR,DAX1603#EUR,DAX1606#CFX,CIF1603#CFX,CIF1604)
[1468] 2016/03/11 14:37:02.743 SKOSQuoteLib_RequestTicks (0,CME,NQ_1603)
[1468] 2016/03/11 14:37:02.845 SKOSQuoteLib_RequestTicks (0,CME,NQ_1606)
[1468] 2016/03/11 14:37:02.946 SKOSQuoteLib_RequestTicks (0,CME,NQ_1609)
[1468] 2016/03/11 14:37:03.047 SKOSQuoteLib_RequestTicks (0,CME,NQ_1612)
[1468] 2016/03/11 14:37:03.148 SKOSQuoteLib_RequestTicks (0,CME,EC_1603)
[1468] 2016/03/11 14:37:03.251 SKOSQuoteLib_RequestTicks (0,CME,EC_1606)
[1468] 2016/03/11 14:37:03.353 SKOSQuoteLib_RequestTicks (0,CBT,YM1603)
[1468] 2016/03/11 14:37:03.455 SKOSQuoteLib_RequestTicks (0,CBT,YM1606)
[1468] 2016/03/11 14:37:03.556 SKOSQuoteLib_RequestTicks (0,NYM,CL1604)
[1468] 2016/03/11 14:37:03.658 SKOSQuoteLib_RequestTicks (0,NYM,CL1605)
[1468] 2016/03/11 14:37:03.760 SKOSQuoteLib_RequestTicks (0,NYM,GC1604)
[1468] 2016/03/11 14:37:03.861 SKOSQuoteLib_RequestTicks (0,NYM,GC1606)
[1468] 2016/03/11 14:37:03.963 SKOSQuoteLib_RequestTicks (0,NYM,SI1603)
[1468] 2016/03/11 14:37:04.065 SKOSQuoteLib_RequestTicks (0,NYM,SI1605)
[1468] 2016/03/11 14:37:04.167 SKOSQuoteLib_RequestTicks (0,SGX,NKNT1606)
[1468] 2016/03/11 14:37:04.269 SKOSQuoteLib_RequestTicks (0,SGX,NKNT1609)
[1468] 2016/03/11 14:37:04.372 SKOSQuoteLib_RequestTicks (0,SGX,CNIDX)
[1468] 2016/03/11 14:37:04.475 SKOSQuoteLib_RequestTicks (0,SGX,CNT1603)
[1468] 2016/03/11 14:37:04.578 SKOSQuoteLib_RequestTicks (0,HKF,MHI1603)
[1468] 2016/03/11 14:37:04.679 SKOSQuoteLib_RequestTicks (0,HKF,MHI1604)
[1468] 2016/03/11 14:37:04.782 SKOSQuoteLib_RequestTicks (0,EUR,DAX1603)
[1468] 2016/03/11 14:37:04.885 SKOSQuoteLib_RequestTicks (0,EUR,DAX1606)
[1468] 2016/03/11 14:37:04.986 SKOSQuoteLib_RequestTicks (0,CFX,CIF1603)
[1468] 2016/03/11 14:37:05.089 SKOSQuoteLib_RequestTicks (0,CFX,CIF1604)
[8016] 2016/03/11 14:37:50.404 API InitInstance 
[8016] 2016/03/11 14:37:50.407 SKOSQuoteLib_Initialize  ID멚B222875498
[8016] 2016/03/11 14:37:50.408 SKOSQuoteLib_Initialize  Server멚https://order2.capital.com.tw/
[8016] 2016/03/11 14:37:51.213 SKOSQuoteLib_EnterMonitor(0)
[8016] 2016/03/11 14:37:51.214 Connect FORT03.capital.com.tw 443
[8016] 2016/03/11 14:37:51.216 SKOSQuoteLib_AttachConnectCallBack
[8016] 2016/03/11 14:37:51.217 SKOSQuoteLib_AttachQuoteCallBack
[8016] 2016/03/11 14:37:51.218 SKOSQuoteLib_AttachBest5CallBack
[8016] 2016/03/11 14:37:51.238 SK_SUBJECT_CONNECTION_CONNECTED메Code: 0
[8016] 2016/03/11 14:38:16.338 SKOSQuoteLib_RequestStocks (1,CME,NQ_1603#CME,NQ_1606#CME,NQ_1609#CME,NQ_1612#CME,EC_1603#CME,EC_1606#CBT,YM1603#CBT,YM1606#NYM,CL1604#NYM,CL1605#NYM,GC1604#NYM,GC1606#NYM,SI1603#NYM,SI1605#SGX,NKNT1606#SGX,NKNT1609#SGX,CNIDX#SGX,CNT1603#HKF,MHI1603#HKF,MHI1604#EUR,DAX1603#EUR,DAX1606#CFX,CIF1603#CFX,CIF1604)
[8016] 2016/03/11 14:38:16.342 SKOSQuoteLib_RequestTicks (0,CME,NQ_1603)
[8016] 2016/03/11 14:38:16.444 SKOSQuoteLib_RequestTicks (0,CME,NQ_1606)
[8016] 2016/03/11 14:38:16.546 SKOSQuoteLib_RequestTicks (0,CME,NQ_1609)
[8016] 2016/03/11 14:38:16.646 SKOSQuoteLib_RequestTicks (0,CME,NQ_1612)
[8016] 2016/03/11 14:38:16.749 SKOSQuoteLib_RequestTicks (0,CME,EC_1603)
[8016] 2016/03/11 14:38:16.851 SKOSQuoteLib_RequestTicks (0,CME,EC_1606)
[8016] 2016/03/11 14:38:16.953 SKOSQuoteLib_RequestTicks (0,CBT,YM1603)
[8016] 2016/03/11 14:38:17.056 SKOSQuoteLib_RequestTicks (0,CBT,YM1606)
[8016] 2016/03/11 14:38:17.159 SKOSQuoteLib_RequestTicks (0,NYM,CL1604)
[8016] 2016/03/11 14:38:17.260 SKOSQuoteLib_RequestTicks (0,NYM,CL1605)
[8016] 2016/03/11 14:38:17.362 SKOSQuoteLib_RequestTicks (0,NYM,GC1604)
[8016] 2016/03/11 14:38:17.464 SKOSQuoteLib_RequestTicks (0,NYM,GC1606)
[8016] 2016/03/11 14:38:17.567 SKOSQuoteLib_RequestTicks (0,NYM,SI1603)
[8016] 2016/03/11 14:38:17.668 SKOSQuoteLib_RequestTicks (0,NYM,SI1605)
[8016] 2016/03/11 14:38:17.771 SKOSQuoteLib_RequestTicks (0,SGX,NKNT1606)
[8016] 2016/03/11 14:38:17.873 SKOSQuoteLib_RequestTicks (0,SGX,NKNT1609)
[8016] 2016/03/11 14:38:17.976 SKOSQuoteLib_RequestTicks (0,SGX,CNIDX)
[8016] 2016/03/11 14:38:18.080 SKOSQuoteLib_RequestTicks (0,SGX,CNT1603)
[8016] 2016/03/11 14:38:18.186 SKOSQuoteLib_RequestTicks (0,HKF,MHI1603)
[8016] 2016/03/11 14:38:18.288 SKOSQuoteLib_RequestTicks (0,HKF,MHI1604)
[8016] 2016/03/11 14:38:18.390 SKOSQuoteLib_RequestTicks (0,EUR,DAX1603)
[8016] 2016/03/11 14:38:18.493 SKOSQuoteLib_RequestTicks (0,EUR,DAX1606)
[8016] 2016/03/11 14:38:18.596 SKOSQuoteLib_RequestTicks (0,CFX,CIF1603)
[8016] 2016/03/11 14:38:18.699 SKOSQuoteLib_RequestTicks (0,CFX,CIF1604)
[7388] 2016/03/11 14:39:21.919 API InitInstance 
[7388] 2016/03/11 14:39:21.922 SKOSQuoteLib_Initialize  ID멚B222875498
[7388] 2016/03/11 14:39:21.922 SKOSQuoteLib_Initialize  Server멚https://order2.capital.com.tw/
[7388] 2016/03/11 14:39:22.656 SKOSQuoteLib_EnterMonitor(0)
[7388] 2016/03/11 14:39:22.656 Connect FORT01.capital.com.tw 443
[7388] 2016/03/11 14:39:22.659 SKOSQuoteLib_AttachConnectCallBack
[7388] 2016/03/11 14:39:22.659 SKOSQuoteLib_AttachQuoteCallBack
[7388] 2016/03/11 14:39:22.660 SKOSQuoteLib_AttachBest5CallBack
[7388] 2016/03/11 14:39:22.679 SK_SUBJECT_CONNECTION_CONNECTED메Code: 0
[7388] 2016/03/11 14:39:43.630 SKOSQuoteLib_RequestStocks (1,CME,NQ_1603#CME,NQ_1606#CME,NQ_1609#CME,NQ_1612#CME,EC_1603#CME,EC_1606#CBT,YM1603#CBT,YM1606#NYM,CL1604#NYM,CL1605#NYM,GC1604#NYM,GC1606#NYM,SI1603#NYM,SI1605#SGX,NKNT1606#SGX,NKNT1609#SGX,CNIDX#SGX,CNT1603#HKF,MHI1603#HKF,MHI1604#EUR,DAX1603#EUR,DAX1606#CFX,CIF1603#CFX,CIF1604)
[7388] 2016/03/11 14:39:43.634 SKOSQuoteLib_RequestTicks (0,CME,NQ_1603)
[7388] 2016/03/11 14:39:43.736 SKOSQuoteLib_RequestTicks (0,CME,NQ_1606)
[7388] 2016/03/11 14:39:43.837 SKOSQuoteLib_RequestTicks (0,CME,NQ_1609)
[7388] 2016/03/11 14:39:43.939 SKOSQuoteLib_RequestTicks (0,CME,NQ_1612)
[7388] 2016/03/11 14:39:44.041 SKOSQuoteLib_RequestTicks (0,CME,EC_1603)
[7388] 2016/03/11 14:39:44.144 SKOSQuoteLib_RequestTicks (0,CME,EC_1606)
[7388] 2016/03/11 14:39:44.247 SKOSQuoteLib_RequestTicks (0,CBT,YM1603)
[7388] 2016/03/11 14:39:44.349 SKOSQuoteLib_RequestTicks (0,CBT,YM1606)
[7388] 2016/03/11 14:39:44.451 SKOSQuoteLib_RequestTicks (0,NYM,CL1604)
[7388] 2016/03/11 14:39:44.553 SKOSQuoteLib_RequestTicks (0,NYM,CL1605)
[7388] 2016/03/11 14:39:44.657 SKOSQuoteLib_RequestTicks (0,NYM,GC1604)
[7388] 2016/03/11 14:39:44.762 SKOSQuoteLib_RequestTicks (0,NYM,GC1606)
[7388] 2016/03/11 14:39:44.864 SKOSQuoteLib_RequestTicks (0,NYM,SI1603)
[7388] 2016/03/11 14:39:44.965 SKOSQuoteLib_RequestTicks (0,NYM,SI1605)
[7388] 2016/03/11 14:39:45.067 SKOSQuoteLib_RequestTicks (0,SGX,NKNT1606)
[7388] 2016/03/11 14:39:45.169 SKOSQuoteLib_RequestTicks (0,SGX,NKNT1609)
[7388] 2016/03/11 14:39:45.271 SKOSQuoteLib_RequestTicks (0,SGX,CNIDX)
[7388] 2016/03/11 14:39:45.374 SKOSQuoteLib_RequestTicks (0,SGX,CNT1603)
[7388] 2016/03/11 14:39:45.476 SKOSQuoteLib_RequestTicks (0,HKF,MHI1603)
[7388] 2016/03/11 14:39:45.579 SKOSQuoteLib_RequestTicks (0,HKF,MHI1604)
[7388] 2016/03/11 14:39:45.681 SKOSQuoteLib_RequestTicks (0,EUR,DAX1603)
[7388] 2016/03/11 14:39:45.783 SKOSQuoteLib_RequestTicks (0,EUR,DAX1606)
[7388] 2016/03/11 14:39:45.886 SKOSQuoteLib_RequestTicks (0,CFX,CIF1603)
[7388] 2016/03/11 14:39:45.988 SKOSQuoteLib_RequestTicks (0,CFX,CIF1604)
[5184] 2016/03/11 14:45:20.482 API InitInstance 
[5184] 2016/03/11 14:45:20.484 SKOSQuoteLib_Initialize  ID멚B222875498
[5184] 2016/03/11 14:45:20.484 SKOSQuoteLib_Initialize  Server멚https://order2.capital.com.tw/
[5184] 2016/03/11 14:45:21.403 SKOSQuoteLib_EnterMonitor(0)
[5184] 2016/03/11 14:45:21.403 Connect FORT07.capital.com.tw 443
[5184] 2016/03/11 14:45:21.406 SKOSQuoteLib_AttachConnectCallBack
[5184] 2016/03/11 14:45:21.407 SKOSQuoteLib_AttachQuoteCallBack
[5184] 2016/03/11 14:45:21.407 SKOSQuoteLib_AttachBest5CallBack
[5184] 2016/03/11 14:45:21.440 SK_SUBJECT_CONNECTION_CONNECTED메Code: 0
[5184] 2016/03/11 14:45:42.785 SKOSQuoteLib_RequestStocks (1,CME,NQ_1603#CME,NQ_1606#CME,NQ_1609#CME,NQ_1612#CME,EC_1603#CME,EC_1606#CBT,YM1603#CBT,YM1606#NYM,CL1604#NYM,CL1605#NYM,GC1604#NYM,GC1606#NYM,SI1603#NYM,SI1605#SGX,NKNT1606#SGX,NKNT1609#SGX,CNIDX#SGX,CNT1603#HKF,MHI1603#HKF,MHI1604#EUR,DAX1603#EUR,DAX1606#CFX,CIF1603#CFX,CIF1604)
[5184] 2016/03/11 14:45:42.791 SKOSQuoteLib_RequestTicks (0,CME,NQ_1603)
[5184] 2016/03/11 14:45:42.892 SKOSQuoteLib_RequestTicks (0,CME,NQ_1606)
[5184] 2016/03/11 14:45:42.993 SKOSQuoteLib_RequestTicks (0,CME,NQ_1609)
[5184] 2016/03/11 14:45:43.095 SKOSQuoteLib_RequestTicks (0,CME,NQ_1612)
[5184] 2016/03/11 14:45:43.195 SKOSQuoteLib_RequestTicks (0,CME,EC_1603)
[5184] 2016/03/11 14:45:43.296 SKOSQuoteLib_RequestTicks (0,CME,EC_1606)
[5184] 2016/03/11 14:45:43.398 SKOSQuoteLib_RequestTicks (0,CBT,YM1603)
[5184] 2016/03/11 14:45:43.499 SKOSQuoteLib_RequestTicks (0,CBT,YM1606)
[5184] 2016/03/11 14:45:43.605 SKOSQuoteLib_RequestTicks (0,NYM,CL1604)
[5184] 2016/03/11 14:45:43.707 SKOSQuoteLib_RequestTicks (0,NYM,CL1605)
[5184] 2016/03/11 14:45:43.810 SKOSQuoteLib_RequestTicks (0,NYM,GC1604)
[5184] 2016/03/11 14:45:43.911 SKOSQuoteLib_RequestTicks (0,NYM,GC1606)
[5184] 2016/03/11 14:45:44.013 SKOSQuoteLib_RequestTicks (0,NYM,SI1603)
[5184] 2016/03/11 14:45:44.115 SKOSQuoteLib_RequestTicks (0,NYM,SI1605)
[5184] 2016/03/11 14:45:44.216 SKOSQuoteLib_RequestTicks (0,SGX,NKNT1606)
[5184] 2016/03/11 14:45:44.317 SKOSQuoteLib_RequestTicks (0,SGX,NKNT1609)
[5184] 2016/03/11 14:45:44.418 SKOSQuoteLib_RequestTicks (0,SGX,CNIDX)
[5184] 2016/03/11 14:45:44.520 SKOSQuoteLib_RequestTicks (0,SGX,CNT1603)
[5184] 2016/03/11 14:45:44.621 SKOSQuoteLib_RequestTicks (0,HKF,MHI1603)
[5184] 2016/03/11 14:45:44.722 SKOSQuoteLib_RequestTicks (0,HKF,MHI1604)
[5184] 2016/03/11 14:45:44.824 SKOSQuoteLib_RequestTicks (0,EUR,DAX1603)
[5184] 2016/03/11 14:45:44.926 SKOSQuoteLib_RequestTicks (0,EUR,DAX1606)
[5184] 2016/03/11 14:45:45.026 SKOSQuoteLib_RequestTicks (0,CFX,CIF1603)
[5184] 2016/03/11 14:45:45.127 SKOSQuoteLib_RequestTicks (0,CFX,CIF1604)
[2792] 2016/03/11 14:51:41.344 API InitInstance 
[2792] 2016/03/11 14:51:41.347 SKOSQuoteLib_Initialize  ID멚B222875498
[2792] 2016/03/11 14:51:41.347 SKOSQuoteLib_Initialize  Server멚https://order2.capital.com.tw/
[2792] 2016/03/11 14:51:42.046 SKOSQuoteLib_EnterMonitor(0)
[2792] 2016/03/11 14:51:42.046 Connect FORT01.capital.com.tw 443
[2792] 2016/03/11 14:51:42.049 SKOSQuoteLib_AttachConnectCallBack
[2792] 2016/03/11 14:51:42.050 SKOSQuoteLib_AttachQuoteCallBack
[2792] 2016/03/11 14:51:42.050 SKOSQuoteLib_AttachBest5CallBack
[2792] 2016/03/11 14:51:42.106 SK_SUBJECT_CONNECTION_CONNECTED메Code: 0
[2792] 2016/03/11 14:52:02.900 SKOSQuoteLib_RequestStocks (1,CME,NQ_1603#CME,NQ_1606#CME,NQ_1609#CME,NQ_1612#CME,EC_1603#CME,EC_1606#CBT,YM1603#CBT,YM1606#NYM,CL1604#NYM,CL1605#NYM,GC1604#NYM,GC1606#NYM,SI1603#NYM,SI1605#SGX,NKNT1606#SGX,NKNT1609#SGX,CNIDX#SGX,CNT1603#HKF,MHI1603#HKF,MHI1604#EUR,DAX1603#EUR,DAX1606#CFX,CIF1603#CFX,CIF1604)
[2792] 2016/03/11 14:52:02.903 SKOSQuoteLib_RequestTicks (0,CME,NQ_1603)
[2792] 2016/03/11 14:52:03.005 SKOSQuoteLib_RequestTicks (0,CME,NQ_1606)
[2792] 2016/03/11 14:52:03.107 SKOSQuoteLib_RequestTicks (0,CME,NQ_1609)
[2792] 2016/03/11 14:52:03.209 SKOSQuoteLib_RequestTicks (0,CME,NQ_1612)
[2792] 2016/03/11 14:52:03.311 SKOSQuoteLib_RequestTicks (0,CME,EC_1603)
[2792] 2016/03/11 14:52:03.413 SKOSQuoteLib_RequestTicks (0,CME,EC_1606)
[2792] 2016/03/11 14:52:03.515 SKOSQuoteLib_RequestTicks (0,CBT,YM1603)
[2792] 2016/03/11 14:52:03.617 SKOSQuoteLib_RequestTicks (0,CBT,YM1606)
[2792] 2016/03/11 14:52:03.719 SKOSQuoteLib_RequestTicks (0,NYM,CL1604)
[2792] 2016/03/11 14:52:03.821 SKOSQuoteLib_RequestTicks (0,NYM,CL1605)
[2792] 2016/03/11 14:52:03.923 SKOSQuoteLib_RequestTicks (0,NYM,GC1604)
[2792] 2016/03/11 14:52:04.025 SKOSQuoteLib_RequestTicks (0,NYM,GC1606)
[2792] 2016/03/11 14:52:04.127 SKOSQuoteLib_RequestTicks (0,NYM,SI1603)
[2792] 2016/03/11 14:52:04.229 SKOSQuoteLib_RequestTicks (0,NYM,SI1605)
[2792] 2016/03/11 14:52:04.332 SKOSQuoteLib_RequestTicks (0,SGX,NKNT1606)
[2792] 2016/03/11 14:52:04.435 SKOSQuoteLib_RequestTicks (0,SGX,NKNT1609)
[2792] 2016/03/11 14:52:04.549 SKOSQuoteLib_RequestTicks (0,SGX,CNIDX)
[2792] 2016/03/11 14:52:04.653 SKOSQuoteLib_RequestTicks (0,SGX,CNT1603)
[2792] 2016/03/11 14:52:04.757 SKOSQuoteLib_RequestTicks (0,HKF,MHI1603)
[2792] 2016/03/11 14:52:04.859 SKOSQuoteLib_RequestTicks (0,HKF,MHI1604)
[2792] 2016/03/11 14:52:04.962 SKOSQuoteLib_RequestTicks (0,EUR,DAX1603)
[2792] 2016/03/11 14:52:05.064 SKOSQuoteLib_RequestTicks (0,EUR,DAX1606)
[2792] 2016/03/11 14:52:05.166 SKOSQuoteLib_RequestTicks (0,CFX,CIF1603)
[2792] 2016/03/11 14:52:05.269 SKOSQuoteLib_RequestTicks (0,CFX,CIF1604)
[2068] 2016/03/11 15:05:07.073 API InitInstance 
[2068] 2016/03/11 15:05:07.075 SKOSQuoteLib_Initialize  ID멚B222875498
[2068] 2016/03/11 15:05:07.075 SKOSQuoteLib_Initialize  Server멚https://order2.capital.com.tw/
[2068] 2016/03/11 15:05:07.823 SKOSQuoteLib_EnterMonitor(0)
[2068] 2016/03/11 15:05:07.824 Connect FORT03.capital.com.tw 443
[2068] 2016/03/11 15:05:07.826 SKOSQuoteLib_AttachConnectCallBack
[2068] 2016/03/11 15:05:07.827 SKOSQuoteLib_AttachQuoteCallBack
[2068] 2016/03/11 15:05:07.827 SKOSQuoteLib_AttachBest5CallBack
[2068] 2016/03/11 15:05:07.913 SK_SUBJECT_CONNECTION_CONNECTED메Code: 0
[2068] 2016/03/11 15:05:28.685 SKOSQuoteLib_RequestStocks (1,CME,NQ_1603#CME,NQ_1606#CME,NQ_1609#CME,NQ_1612#CME,EC_1603#CME,EC_1606#CBT,YM1603#CBT,YM1606#NYM,CL1604#NYM,CL1605#NYM,GC1604#NYM,GC1606#NYM,SI1603#NYM,SI1605#SGX,NKNT1606#SGX,NKNT1609#SGX,CNIDX#SGX,CNT1603#HKF,MHI1603#HKF,MHI1604#EUR,DAX1603#EUR,DAX1606#CFX,CIF1603#CFX,CIF1604)
[2068] 2016/03/11 15:05:28.689 SKOSQuoteLib_RequestTicks (0,CME,NQ_1603)
[2068] 2016/03/11 15:05:28.791 SKOSQuoteLib_RequestTicks (0,CME,NQ_1606)
[2068] 2016/03/11 15:05:28.892 SKOSQuoteLib_RequestTicks (0,CME,NQ_1609)
[2068] 2016/03/11 15:05:28.993 SKOSQuoteLib_RequestTicks (0,CME,NQ_1612)
[2068] 2016/03/11 15:05:29.094 SKOSQuoteLib_RequestTicks (0,CME,EC_1603)
[2068] 2016/03/11 15:05:29.197 SKOSQuoteLib_RequestTicks (0,CME,EC_1606)
[2068] 2016/03/11 15:05:29.299 SKOSQuoteLib_RequestTicks (0,CBT,YM1603)
[2068] 2016/03/11 15:05:29.405 SKOSQuoteLib_RequestTicks (0,CBT,YM1606)
[2068] 2016/03/11 15:05:29.508 SKOSQuoteLib_RequestTicks (0,NYM,CL1604)
[2068] 2016/03/11 15:05:29.610 SKOSQuoteLib_RequestTicks (0,NYM,CL1605)
[2068] 2016/03/11 15:05:29.711 SKOSQuoteLib_RequestTicks (0,NYM,GC1604)
[2068] 2016/03/11 15:05:29.813 SKOSQuoteLib_RequestTicks (0,NYM,GC1606)
[2068] 2016/03/11 15:05:29.915 SKOSQuoteLib_RequestTicks (0,NYM,SI1603)
[2068] 2016/03/11 15:05:30.016 SKOSQuoteLib_RequestTicks (0,NYM,SI1605)
[2068] 2016/03/11 15:05:30.118 SKOSQuoteLib_RequestTicks (0,SGX,NKNT1606)
[2068] 2016/03/11 15:05:30.220 SKOSQuoteLib_RequestTicks (0,SGX,NKNT1609)
[2068] 2016/03/11 15:05:30.323 SKOSQuoteLib_RequestTicks (0,SGX,CNIDX)
[2068] 2016/03/11 15:05:30.424 SKOSQuoteLib_RequestTicks (0,SGX,CNT1603)
[2068] 2016/03/11 15:05:30.527 SKOSQuoteLib_RequestTicks (0,HKF,MHI1603)
[2068] 2016/03/11 15:05:30.629 SKOSQuoteLib_RequestTicks (0,HKF,MHI1604)
[2068] 2016/03/11 15:05:30.732 SKOSQuoteLib_RequestTicks (0,EUR,DAX1603)
[2068] 2016/03/11 15:05:30.834 SKOSQuoteLib_RequestTicks (0,EUR,DAX1606)
[2068] 2016/03/11 15:05:30.938 SKOSQuoteLib_RequestTicks (0,CFX,CIF1603)
[2068] 2016/03/11 15:05:31.040 SKOSQuoteLib_RequestTicks (0,CFX,CIF1604)
[12312] 2016/03/11 16:52:06.064 API InitInstance 
[12312] 2016/03/11 16:52:06.066 SKOSQuoteLib_Initialize  ID멚B222875498
[12312] 2016/03/11 16:52:06.067 SKOSQuoteLib_Initialize  Server멚https://order2.capital.com.tw/
[12312] 2016/03/11 16:52:06.699 SKOSQuoteLib_EnterMonitor(0)
[12312] 2016/03/11 16:52:06.700 Connect FORT03.capital.com.tw 443
[12312] 2016/03/11 16:52:06.703 SKOSQuoteLib_AttachConnectCallBack
[12312] 2016/03/11 16:52:06.704 SKOSQuoteLib_AttachQuoteCallBack
[12312] 2016/03/11 16:52:06.704 SKOSQuoteLib_AttachBest5CallBack
[12312] 2016/03/11 16:52:06.744 SK_SUBJECT_CONNECTION_CONNECTED메Code: 0
[12312] 2016/03/11 16:52:27.409 SKOSQuoteLib_RequestStocks (1,CME,NQ_1603#CME,NQ_1606#CME,NQ_1609#CME,NQ_1612#CME,EC_1603#CME,EC_1606#CBT,YM1603#CBT,YM1606#NYM,CL1604#NYM,CL1605#NYM,GC1604#NYM,GC1606#NYM,SI1603#NYM,SI1605#SGX,NKNT1606#SGX,NKNT1609#SGX,CNIDX#SGX,CNT1603#HKF,MHI1603#HKF,MHI1604#EUR,DAX1603#EUR,DAX1606#CFX,CIF1603#CFX,CIF1604)
[12312] 2016/03/11 16:52:27.413 SKOSQuoteLib_RequestTicks (0,CME,NQ_1603)
[12312] 2016/03/11 16:52:27.515 SKOSQuoteLib_RequestTicks (0,CME,NQ_1606)
[12312] 2016/03/11 16:52:27.616 SKOSQuoteLib_RequestTicks (0,CME,NQ_1609)
[12312] 2016/03/11 16:52:27.717 SKOSQuoteLib_RequestTicks (0,CME,NQ_1612)
[12312] 2016/03/11 16:52:27.819 SKOSQuoteLib_RequestTicks (0,CME,EC_1603)
[12312] 2016/03/11 16:52:27.921 SKOSQuoteLib_RequestTicks (0,CME,EC_1606)
[12312] 2016/03/11 16:52:28.031 SKOSQuoteLib_RequestTicks (0,CBT,YM1603)
[12312] 2016/03/11 16:52:28.135 SKOSQuoteLib_RequestTicks (0,CBT,YM1606)
[12312] 2016/03/11 16:52:28.236 SKOSQuoteLib_RequestTicks (0,NYM,CL1604)
[12312] 2016/03/11 16:52:28.339 SKOSQuoteLib_RequestTicks (0,NYM,CL1605)
[12312] 2016/03/11 16:52:28.444 SKOSQuoteLib_RequestTicks (0,NYM,GC1604)
[12312] 2016/03/11 16:52:28.547 SKOSQuoteLib_RequestTicks (0,NYM,GC1606)
[12312] 2016/03/11 16:52:28.648 SKOSQuoteLib_RequestTicks (0,NYM,SI1603)
[12312] 2016/03/11 16:52:28.750 SKOSQuoteLib_RequestTicks (0,NYM,SI1605)
[12312] 2016/03/11 16:52:28.874 SKOSQuoteLib_RequestTicks (0,SGX,NKNT1606)
[12312] 2016/03/11 16:52:28.978 SKOSQuoteLib_RequestTicks (0,SGX,NKNT1609)
[12312] 2016/03/11 16:52:29.079 SKOSQuoteLib_RequestTicks (0,SGX,CNIDX)
[12312] 2016/03/11 16:52:29.181 SKOSQuoteLib_RequestTicks (0,SGX,CNT1603)
[12312] 2016/03/11 16:52:29.282 SKOSQuoteLib_RequestTicks (0,HKF,MHI1603)
[12312] 2016/03/11 16:52:29.385 SKOSQuoteLib_RequestTicks (0,HKF,MHI1604)
[12312] 2016/03/11 16:52:29.487 SKOSQuoteLib_RequestTicks (0,EUR,DAX1603)
[12312] 2016/03/11 16:52:29.590 SKOSQuoteLib_RequestTicks (0,EUR,DAX1606)
[12312] 2016/03/11 16:52:29.691 SKOSQuoteLib_RequestTicks (0,CFX,CIF1603)
[12312] 2016/03/11 16:52:29.793 SKOSQuoteLib_RequestTicks (0,CFX,CIF1604)
[8324] 2016/03/11 16:52:59.684 API InitInstance 
[8324] 2016/03/11 16:52:59.687 SKOSQuoteLib_Initialize  ID멚B222875498
[8324] 2016/03/11 16:52:59.688 SKOSQuoteLib_Initialize  Server멚https://order2.capital.com.tw/
[8324] 2016/03/11 16:53:00.227 SKOSQuoteLib_EnterMonitor(0)
[8324] 2016/03/11 16:53:00.227 Connect FORT01.capital.com.tw 443
[8324] 2016/03/11 16:53:00.230 SKOSQuoteLib_AttachConnectCallBack
[8324] 2016/03/11 16:53:00.230 SKOSQuoteLib_AttachQuoteCallBack
[8324] 2016/03/11 16:53:00.231 SKOSQuoteLib_AttachBest5CallBack
[8324] 2016/03/11 16:53:00.266 SK_SUBJECT_CONNECTION_CONNECTED메Code: 0
[8324] 2016/03/11 16:53:20.867 SKOSQuoteLib_RequestStocks (1,CME,NQ_1603#CME,NQ_1606#CME,NQ_1609#CME,NQ_1612#CME,EC_1603#CME,EC_1606#CBT,YM1603#CBT,YM1606#NYM,CL1604#NYM,CL1605#NYM,GC1604#NYM,GC1606#NYM,SI1603#NYM,SI1605#SGX,NKNT1606#SGX,NKNT1609#SGX,CNIDX#SGX,CNT1603#HKF,MHI1603#HKF,MHI1604#EUR,DAX1603#EUR,DAX1606#CFX,CIF1603#CFX,CIF1604)
[8324] 2016/03/11 16:53:20.871 SKOSQuoteLib_RequestTicks (0,CME,NQ_1603)
[8324] 2016/03/11 16:53:20.973 SKOSQuoteLib_RequestTicks (0,CME,NQ_1606)
[8324] 2016/03/11 16:53:21.075 SKOSQuoteLib_RequestTicks (0,CME,NQ_1609)
[8324] 2016/03/11 16:53:21.176 SKOSQuoteLib_RequestTicks (0,CME,NQ_1612)
[8324] 2016/03/11 16:53:21.277 SKOSQuoteLib_RequestTicks (0,CME,EC_1603)
[8324] 2016/03/11 16:53:21.378 SKOSQuoteLib_RequestTicks (0,CME,EC_1606)
[8324] 2016/03/11 16:53:21.480 SKOSQuoteLib_RequestTicks (0,CBT,YM1603)
[8324] 2016/03/11 16:53:21.580 SKOSQuoteLib_RequestTicks (0,CBT,YM1606)
[8324] 2016/03/11 16:53:21.684 SKOSQuoteLib_RequestTicks (0,NYM,CL1604)
[8324] 2016/03/11 16:53:21.790 SKOSQuoteLib_RequestTicks (0,NYM,CL1605)
[8324] 2016/03/11 16:53:21.892 SKOSQuoteLib_RequestTicks (0,NYM,GC1604)
[8324] 2016/03/11 16:53:21.993 SKOSQuoteLib_RequestTicks (0,NYM,GC1606)
[8324] 2016/03/11 16:53:22.094 SKOSQuoteLib_RequestTicks (0,NYM,SI1603)
[8324] 2016/03/11 16:53:22.195 SKOSQuoteLib_RequestTicks (0,NYM,SI1605)
[8324] 2016/03/11 16:53:22.298 SKOSQuoteLib_RequestTicks (0,SGX,NKNT1606)
[8324] 2016/03/11 16:53:22.400 SKOSQuoteLib_RequestTicks (0,SGX,NKNT1609)
[8324] 2016/03/11 16:53:22.502 SKOSQuoteLib_RequestTicks (0,SGX,CNIDX)
[8324] 2016/03/11 16:53:22.604 SKOSQuoteLib_RequestTicks (0,SGX,CNT1603)
[8324] 2016/03/11 16:53:22.706 SKOSQuoteLib_RequestTicks (0,HKF,MHI1603)
[8324] 2016/03/11 16:53:22.808 SKOSQuoteLib_RequestTicks (0,HKF,MHI1604)
[8324] 2016/03/11 16:53:22.909 SKOSQuoteLib_RequestTicks (0,EUR,DAX1603)
[8324] 2016/03/11 16:53:23.010 SKOSQuoteLib_RequestTicks (0,EUR,DAX1606)
[8324] 2016/03/11 16:53:23.111 SKOSQuoteLib_RequestTicks (0,CFX,CIF1603)
[8324] 2016/03/11 16:53:23.214 SKOSQuoteLib_RequestTicks (0,CFX,CIF1604)
[7852] 2016/03/11 16:55:08.855 API InitInstance 
[7852] 2016/03/11 16:55:08.857 SKOSQuoteLib_Initialize  ID멚B222875498
[7852] 2016/03/11 16:55:08.857 SKOSQuoteLib_Initialize  Server멚https://order2.capital.com.tw/
[7852] 2016/03/11 16:55:09.461 SKOSQuoteLib_EnterMonitor(0)
[7852] 2016/03/11 16:55:09.461 Connect FORT05.capital.com.tw 443
[7852] 2016/03/11 16:55:09.464 SKOSQuoteLib_AttachConnectCallBack
[7852] 2016/03/11 16:55:09.464 SKOSQuoteLib_AttachQuoteCallBack
[7852] 2016/03/11 16:55:09.465 SKOSQuoteLib_AttachBest5CallBack
[7852] 2016/03/11 16:55:09.501 SK_SUBJECT_CONNECTION_CONNECTED메Code: 0
[7852] 2016/03/11 16:55:30.098 SKOSQuoteLib_RequestStocks (1,CME,NQ_1603#CME,NQ_1606#CME,NQ_1609#CME,NQ_1612#CME,EC_1603#CME,EC_1606#CBT,YM1603#CBT,YM1606#NYM,CL1604#NYM,CL1605#NYM,GC1604#NYM,GC1606#NYM,SI1603#NYM,SI1605#SGX,NKNT1606#SGX,NKNT1609#SGX,CNIDX#SGX,CNT1603#HKF,MHI1603#HKF,MHI1604#EUR,DAX1603#EUR,DAX1606#CFX,CIF1603#CFX,CIF1604)
[7852] 2016/03/11 16:55:30.103 SKOSQuoteLib_RequestTicks (0,CME,NQ_1603)
[7852] 2016/03/11 16:55:30.204 SKOSQuoteLib_RequestTicks (0,CME,NQ_1606)
[7852] 2016/03/11 16:55:30.306 SKOSQuoteLib_RequestTicks (0,CME,NQ_1609)
[7852] 2016/03/11 16:55:30.408 SKOSQuoteLib_RequestTicks (0,CME,NQ_1612)
[7852] 2016/03/11 16:55:30.510 SKOSQuoteLib_RequestTicks (0,CME,EC_1603)
[7852] 2016/03/11 16:55:30.613 SKOSQuoteLib_RequestTicks (0,CME,EC_1606)
[7852] 2016/03/11 16:55:30.715 SKOSQuoteLib_RequestTicks (0,CBT,YM1603)
[7852] 2016/03/11 16:55:30.816 SKOSQuoteLib_RequestTicks (0,CBT,YM1606)
[7852] 2016/03/11 16:55:30.917 SKOSQuoteLib_RequestTicks (0,NYM,CL1604)
[7852] 2016/03/11 16:55:31.019 SKOSQuoteLib_RequestTicks (0,NYM,CL1605)
[7852] 2016/03/11 16:55:31.121 SKOSQuoteLib_RequestTicks (0,NYM,GC1604)
[7852] 2016/03/11 16:55:31.222 SKOSQuoteLib_RequestTicks (0,NYM,GC1606)
[7852] 2016/03/11 16:55:31.323 SKOSQuoteLib_RequestTicks (0,NYM,SI1603)
[7852] 2016/03/11 16:55:31.430 SKOSQuoteLib_RequestTicks (0,NYM,SI1605)
[7852] 2016/03/11 16:55:31.533 SKOSQuoteLib_RequestTicks (0,SGX,NKNT1606)
[7852] 2016/03/11 16:55:31.633 SKOSQuoteLib_RequestTicks (0,SGX,NKNT1609)
[7852] 2016/03/11 16:55:31.735 SKOSQuoteLib_RequestTicks (0,SGX,CNIDX)
[7852] 2016/03/11 16:55:31.837 SKOSQuoteLib_RequestTicks (0,SGX,CNT1603)
[7852] 2016/03/11 16:55:31.939 SKOSQuoteLib_RequestTicks (0,HKF,MHI1603)
[7852] 2016/03/11 16:55:32.041 SKOSQuoteLib_RequestTicks (0,HKF,MHI1604)
[7852] 2016/03/11 16:55:32.144 SKOSQuoteLib_RequestTicks (0,EUR,DAX1603)
[7852] 2016/03/11 16:55:32.245 SKOSQuoteLib_RequestTicks (0,EUR,DAX1606)
[7852] 2016/03/11 16:55:32.348 SKOSQuoteLib_RequestTicks (0,CFX,CIF1603)
[7852] 2016/03/11 16:55:32.450 SKOSQuoteLib_RequestTicks (0,CFX,CIF1604)
[10412] 2016/03/11 17:00:41.697 API InitInstance 
[10412] 2016/03/11 17:00:41.705 SKOSQuoteLib_Initialize  ID멚B222875498
[10412] 2016/03/11 17:00:41.705 SKOSQuoteLib_Initialize  Server멚https://order2.capital.com.tw/
[10412] 2016/03/11 17:00:42.420 SKOSQuoteLib_EnterMonitor(0)
[10412] 2016/03/11 17:00:42.421 Connect FORT03.capital.com.tw 443
[10412] 2016/03/11 17:00:42.423 SKOSQuoteLib_AttachConnectCallBack
[10412] 2016/03/11 17:00:42.424 SKOSQuoteLib_AttachQuoteCallBack
[10412] 2016/03/11 17:00:42.425 SKOSQuoteLib_AttachBest5CallBack
[10412] 2016/03/11 17:00:42.445 SK_SUBJECT_CONNECTION_CONNECTED메Code: 0
[10412] 2016/03/11 17:01:03.345 SKOSQuoteLib_RequestStocks (1,CME,NQ_1603#CME,NQ_1606#CME,NQ_1609#CME,NQ_1612#CME,EC_1603#CME,EC_1606#CBT,YM1603#CBT,YM1606#NYM,CL1604#NYM,CL1605#NYM,GC1604#NYM,GC1606#NYM,SI1603#NYM,SI1605#SGX,NKNT1606#SGX,NKNT1609#SGX,CNIDX#SGX,CNT1603#HKF,MHI1603#HKF,MHI1604#EUR,DAX1603#EUR,DAX1606#CFX,CIF1603#CFX,CIF1604)
[10412] 2016/03/11 17:01:03.349 SKOSQuoteLib_RequestTicks (0,CME,NQ_1603)
[10412] 2016/03/11 17:01:03.451 SKOSQuoteLib_RequestTicks (0,CME,NQ_1606)
[10412] 2016/03/11 17:01:03.553 SKOSQuoteLib_RequestTicks (0,CME,NQ_1609)
[10412] 2016/03/11 17:01:03.654 SKOSQuoteLib_RequestTicks (0,CME,NQ_1612)
[10412] 2016/03/11 17:01:03.757 SKOSQuoteLib_RequestTicks (0,CME,EC_1603)
[10412] 2016/03/11 17:01:03.859 SKOSQuoteLib_RequestTicks (0,CME,EC_1606)
[10412] 2016/03/11 17:01:03.960 SKOSQuoteLib_RequestTicks (0,CBT,YM1603)
[10412] 2016/03/11 17:01:04.062 SKOSQuoteLib_RequestTicks (0,CBT,YM1606)
[10412] 2016/03/11 17:01:04.163 SKOSQuoteLib_RequestTicks (0,NYM,CL1604)
[10412] 2016/03/11 17:01:04.265 SKOSQuoteLib_RequestTicks (0,NYM,CL1605)
[10412] 2016/03/11 17:01:04.367 SKOSQuoteLib_RequestTicks (0,NYM,GC1604)
[10412] 2016/03/11 17:01:04.468 SKOSQuoteLib_RequestTicks (0,NYM,GC1606)
[10412] 2016/03/11 17:01:04.569 SKOSQuoteLib_RequestTicks (0,NYM,SI1603)
[10412] 2016/03/11 17:01:04.671 SKOSQuoteLib_RequestTicks (0,NYM,SI1605)
[10412] 2016/03/11 17:01:04.772 SKOSQuoteLib_RequestTicks (0,SGX,NKNT1606)
[10412] 2016/03/11 17:01:04.874 SKOSQuoteLib_RequestTicks (0,SGX,NKNT1609)
[10412] 2016/03/11 17:01:04.975 SKOSQuoteLib_RequestTicks (0,SGX,CNIDX)
[10412] 2016/03/11 17:01:05.077 SKOSQuoteLib_RequestTicks (0,SGX,CNT1603)
[10412] 2016/03/11 17:01:05.179 SKOSQuoteLib_RequestTicks (0,HKF,MHI1603)
[10412] 2016/03/11 17:01:05.280 SKOSQuoteLib_RequestTicks (0,HKF,MHI1604)
[10412] 2016/03/11 17:01:05.382 SKOSQuoteLib_RequestTicks (0,EUR,DAX1603)
[10412] 2016/03/11 17:01:05.485 SKOSQuoteLib_RequestTicks (0,EUR,DAX1606)
[10412] 2016/03/11 17:01:05.588 SKOSQuoteLib_RequestTicks (0,CFX,CIF1603)
[10412] 2016/03/11 17:01:05.691 SKOSQuoteLib_RequestTicks (0,CFX,CIF1604)
[10772] 2016/03/11 17:16:50.083 API InitInstance 
[10772] 2016/03/11 17:16:50.085 SKOSQuoteLib_Initialize  ID멚B222875498
[10772] 2016/03/11 17:16:50.086 SKOSQuoteLib_Initialize  Server멚https://order2.capital.com.tw/
[10772] 2016/03/11 17:16:50.654 SKOSQuoteLib_EnterMonitor(0)
[10772] 2016/03/11 17:16:50.655 Connect FORT05.capital.com.tw 443
[10772] 2016/03/11 17:16:50.657 SKOSQuoteLib_AttachConnectCallBack
[10772] 2016/03/11 17:16:50.658 SKOSQuoteLib_AttachQuoteCallBack
[10772] 2016/03/11 17:16:50.658 SKOSQuoteLib_AttachBest5CallBack
[10772] 2016/03/11 17:16:50.694 SK_SUBJECT_CONNECTION_CONNECTED메Code: 0
[10772] 2016/03/11 17:17:11.001 SKOSQuoteLib_RequestStocks (1,CME,NQ_1603#CME,NQ_1606#CME,NQ_1609#CME,NQ_1612#CME,EC_1603#CME,EC_1606#CBT,YM1603#CBT,YM1606#NYM,CL1604#NYM,CL1605#NYM,GC1604#NYM,GC1606#NYM,SI1603#NYM,SI1605#SGX,NKNT1606#SGX,NKNT1609#SGX,CNIDX#SGX,CNT1603#HKF,MHI1603#HKF,MHI1604#EUR,DAX1603#EUR,DAX1606#CFX,CIF1603#CFX,CIF1604)
[10772] 2016/03/11 17:17:11.005 SKOSQuoteLib_RequestTicks (0,CME,NQ_1603)
[10772] 2016/03/11 17:17:11.108 SKOSQuoteLib_RequestTicks (0,CME,NQ_1606)
[10772] 2016/03/11 17:17:11.210 SKOSQuoteLib_RequestTicks (0,CME,NQ_1609)
[10772] 2016/03/11 17:17:11.311 SKOSQuoteLib_RequestTicks (0,CME,NQ_1612)
[10772] 2016/03/11 17:17:11.412 SKOSQuoteLib_RequestTicks (0,CME,EC_1603)
[10772] 2016/03/11 17:17:11.513 SKOSQuoteLib_RequestTicks (0,CME,EC_1606)
[10772] 2016/03/11 17:17:11.615 SKOSQuoteLib_RequestTicks (0,CBT,YM1603)
[10772] 2016/03/11 17:17:11.717 SKOSQuoteLib_RequestTicks (0,CBT,YM1606)
[10772] 2016/03/11 17:17:11.818 SKOSQuoteLib_RequestTicks (0,NYM,CL1604)
[10772] 2016/03/11 17:17:11.921 SKOSQuoteLib_RequestTicks (0,NYM,CL1605)
[10772] 2016/03/11 17:17:12.023 SKOSQuoteLib_RequestTicks (0,NYM,GC1604)
[10772] 2016/03/11 17:17:12.124 SKOSQuoteLib_RequestTicks (0,NYM,GC1606)
[10772] 2016/03/11 17:17:12.225 SKOSQuoteLib_RequestTicks (0,NYM,SI1603)
[10772] 2016/03/11 17:17:12.328 SKOSQuoteLib_RequestTicks (0,NYM,SI1605)
[10772] 2016/03/11 17:17:12.430 SKOSQuoteLib_RequestTicks (0,SGX,NKNT1606)
[10772] 2016/03/11 17:17:12.532 SKOSQuoteLib_RequestTicks (0,SGX,NKNT1609)
[10772] 2016/03/11 17:17:12.634 SKOSQuoteLib_RequestTicks (0,SGX,CNIDX)
[10772] 2016/03/11 17:17:12.736 SKOSQuoteLib_RequestTicks (0,SGX,CNT1603)
[10772] 2016/03/11 17:17:12.838 SKOSQuoteLib_RequestTicks (0,HKF,MHI1603)
[10772] 2016/03/11 17:17:12.940 SKOSQuoteLib_RequestTicks (0,HKF,MHI1604)
[10772] 2016/03/11 17:17:13.043 SKOSQuoteLib_RequestTicks (0,EUR,DAX1603)
[10772] 2016/03/11 17:17:13.146 SKOSQuoteLib_RequestTicks (0,EUR,DAX1606)
[10772] 2016/03/11 17:17:13.248 SKOSQuoteLib_RequestTicks (0,CFX,CIF1603)
[10772] 2016/03/11 17:17:13.350 SKOSQuoteLib_RequestTicks (0,CFX,CIF1604)
