[9136] 2016/03/02 09:42:59.795 API InitInstance 
[9136] 2016/03/02 09:42:59.797 SKQuoteLib_Initialize ¡GB222875498
[9136] 2016/03/02 09:42:59.798 SKQuoteLib_Initialize ¡Ghttps://order2.capital.com.tw/
[9136] 2016/03/02 09:43:00.596 SKQuoteLib_Initialize  SUCCESS 
[9136] 2016/03/02 09:43:00.616 SKQuoteLib_EnterMonitor IP¡Ginfo21.capital.com.tw
[9136] 2016/03/02 09:43:00.618 SKQuoteLib_AttachConnectionCallBack 
[9136] 2016/03/02 09:43:00.619 SKQuoteLib_AttachQuoteCallBack 
[9136] 2016/03/02 09:43:00.620 SKQuoteLib_AttachBest5CallBack 
[9136] 2016/03/02 09:43:01.421 SocketConnect Type¡G100  ErrorCode¡G0
[9136] 2016/03/02 09:43:02.768 Stocks Ready
[9136] 2016/03/02 09:43:18.490 SKQuoteLib_RequestStocks (1,TSEA,TX00,TX03,TX04,TX06,TX09,TX12,TE00,TE03,TE04,TE06,TE09,TE12,TF00,TF03,TF04,TF06,TF09,TF12)
[9136] 2016/03/02 09:43:18.491 Divide StockNo {TSEA}
[9136] 2016/03/02 09:43:18.491 Add Basket MarketNo¡G0 StockIdx¡G10600
[9136] 2016/03/02 09:43:18.492 Divide StockNo {TX00}
[9136] 2016/03/02 09:43:18.492 Add Basket MarketNo¡G2 StockIdx¡G0
[9136] 2016/03/02 09:43:18.492 Divide StockNo {TX03}
[9136] 2016/03/02 09:43:18.493 Add Basket MarketNo¡G2 StockIdx¡G1
[9136] 2016/03/02 09:43:18.493 Divide StockNo {TX04}
[9136] 2016/03/02 09:43:18.493 Add Basket MarketNo¡G2 StockIdx¡G2
[9136] 2016/03/02 09:43:18.494 Divide StockNo {TX06}
[9136] 2016/03/02 09:43:18.494 Add Basket MarketNo¡G2 StockIdx¡G3
[9136] 2016/03/02 09:43:18.495 Divide StockNo {TX09}
[9136] 2016/03/02 09:43:18.495 Add Basket MarketNo¡G2 StockIdx¡G4
[9136] 2016/03/02 09:43:18.495 Divide StockNo {TX12}
[9136] 2016/03/02 09:43:18.496 Add Basket MarketNo¡G2 StockIdx¡G5
[9136] 2016/03/02 09:43:18.496 Divide StockNo {TE00}
[9136] 2016/03/02 09:43:18.496 Add Basket MarketNo¡G2 StockIdx¡G16
[9136] 2016/03/02 09:43:18.497 Divide StockNo {TE03}
[9136] 2016/03/02 09:43:18.497 Add Basket MarketNo¡G2 StockIdx¡G17
[9136] 2016/03/02 09:43:18.498 Divide StockNo {TE04}
[9136] 2016/03/02 09:43:18.498 Add Basket MarketNo¡G2 StockIdx¡G18
[9136] 2016/03/02 09:43:18.498 Divide StockNo {TE06}
[9136] 2016/03/02 09:43:18.499 Add Basket MarketNo¡G2 StockIdx¡G19
[9136] 2016/03/02 09:43:18.499 Divide StockNo {TE09}
[9136] 2016/03/02 09:43:18.500 Add Basket MarketNo¡G2 StockIdx¡G20
[9136] 2016/03/02 09:43:18.500 Divide StockNo {TE12}
[9136] 2016/03/02 09:43:18.500 Add Basket MarketNo¡G2 StockIdx¡G21
[9136] 2016/03/02 09:43:18.501 Divide StockNo {TF00}
[9136] 2016/03/02 09:43:18.501 Add Basket MarketNo¡G2 StockIdx¡G22
[9136] 2016/03/02 09:43:18.502 Divide StockNo {TF03}
[9136] 2016/03/02 09:43:18.502 Add Basket MarketNo¡G2 StockIdx¡G23
[9136] 2016/03/02 09:43:18.502 Divide StockNo {TF04}
[9136] 2016/03/02 09:43:18.503 Add Basket MarketNo¡G2 StockIdx¡G24
[9136] 2016/03/02 09:43:18.503 Divide StockNo {TF06}
[9136] 2016/03/02 09:43:18.503 Add Basket MarketNo¡G2 StockIdx¡G25
[9136] 2016/03/02 09:43:18.504 Divide StockNo {TF09}
[9136] 2016/03/02 09:43:18.504 Add Basket MarketNo¡G2 StockIdx¡G26
[9136] 2016/03/02 09:43:18.505 Divide StockNo {TF12}
[9136] 2016/03/02 09:43:18.505 Add Basket MarketNo¡G2 StockIdx¡G27
[9136] 2016/03/02 09:43:18.506 SKQuoteLib_RequestStocks Page 1
[9136] 2016/03/02 09:43:18.508 SKQuoteLib_RequestTicks (0,TSEA)
[9136] 2016/03/02 09:43:18.508 SKQuoteLib_RequestTicks (0,TX00)
[9136] 2016/03/02 09:43:18.509 SKQuoteLib_RequestTicks (0,TX03)
[9136] 2016/03/02 09:43:18.510 SKQuoteLib_RequestTicks (0,TX04)
[9136] 2016/03/02 09:43:18.510 SKQuoteLib_RequestTicks (0,TX06)
[9136] 2016/03/02 09:43:18.511 SKQuoteLib_RequestTicks (0,TX09)
[9136] 2016/03/02 09:43:18.511 SKQuoteLib_RequestTicks (0,TX12)
[9136] 2016/03/02 09:43:18.512 SKQuoteLib_RequestTicks (0,TE00)
[9136] 2016/03/02 09:43:18.512 SKQuoteLib_RequestTicks (0,TE03)
[9136] 2016/03/02 09:43:18.513 SKQuoteLib_RequestTicks (0,TE04)
[9136] 2016/03/02 09:43:18.513 SKQuoteLib_RequestTicks (0,TE06)
[9136] 2016/03/02 09:43:18.514 SKQuoteLib_RequestTicks (0,TE09)
[9136] 2016/03/02 09:43:18.514 SKQuoteLib_RequestTicks (0,TE12)
[9136] 2016/03/02 09:43:18.515 SKQuoteLib_RequestTicks (0,TF00)
[9136] 2016/03/02 09:43:18.516 SKQuoteLib_RequestTicks (0,TF03)
[9136] 2016/03/02 09:43:18.516 SKQuoteLib_RequestTicks (0,TF04)
[9136] 2016/03/02 09:43:18.517 SKQuoteLib_RequestTicks (0,TF06)
[9136] 2016/03/02 09:43:18.518 SKQuoteLib_RequestTicks (0,TF09)
[9136] 2016/03/02 09:43:18.518 SKQuoteLib_RequestTicks (0,TF12)
[7524] 2016/03/02 09:44:38.613 API InitInstance 
[7524] 2016/03/02 09:44:38.615 SKQuoteLib_Initialize ¡GB222875498
[7524] 2016/03/02 09:44:38.615 SKQuoteLib_Initialize ¡Ghttps://order2.capital.com.tw/
[7524] 2016/03/02 09:44:39.600 SKQuoteLib_Initialize  SUCCESS 
[7524] 2016/03/02 09:44:39.625 SKQuoteLib_EnterMonitor IP¡Ginfo8.capital.com.tw
[7524] 2016/03/02 09:44:39.627 SKQuoteLib_AttachConnectionCallBack 
[7524] 2016/03/02 09:44:39.628 SKQuoteLib_AttachQuoteCallBack 
[7524] 2016/03/02 09:44:39.629 SKQuoteLib_AttachBest5CallBack 
[7524] 2016/03/02 09:44:40.561 SocketConnect Type¡G100  ErrorCode¡G0
[7524] 2016/03/02 09:44:41.874 Stocks Ready
[7524] 2016/03/02 09:44:57.651 SKQuoteLib_RequestStocks (1,TSEA,TX00,TX03,TX04,TX06,TX09,TX12,TE00,TE03,TE04,TE06,TE09,TE12,TF00,TF03,TF04,TF06,TF09,TF12)
[7524] 2016/03/02 09:44:57.652 Divide StockNo {TSEA}
[7524] 2016/03/02 09:44:57.653 Add Basket MarketNo¡G0 StockIdx¡G10600
[7524] 2016/03/02 09:44:57.653 Divide StockNo {TX00}
[7524] 2016/03/02 09:44:57.653 Add Basket MarketNo¡G2 StockIdx¡G0
[7524] 2016/03/02 09:44:57.654 Divide StockNo {TX03}
[7524] 2016/03/02 09:44:57.654 Add Basket MarketNo¡G2 StockIdx¡G1
[7524] 2016/03/02 09:44:57.655 Divide StockNo {TX04}
[7524] 2016/03/02 09:44:57.655 Add Basket MarketNo¡G2 StockIdx¡G2
[7524] 2016/03/02 09:44:57.655 Divide StockNo {TX06}
[7524] 2016/03/02 09:44:57.656 Add Basket MarketNo¡G2 StockIdx¡G3
[7524] 2016/03/02 09:44:57.656 Divide StockNo {TX09}
[7524] 2016/03/02 09:44:57.657 Add Basket MarketNo¡G2 StockIdx¡G4
[7524] 2016/03/02 09:44:57.657 Divide StockNo {TX12}
[7524] 2016/03/02 09:44:57.658 Add Basket MarketNo¡G2 StockIdx¡G5
[7524] 2016/03/02 09:44:57.658 Divide StockNo {TE00}
[7524] 2016/03/02 09:44:57.658 Add Basket MarketNo¡G2 StockIdx¡G16
[7524] 2016/03/02 09:44:57.659 Divide StockNo {TE03}
[7524] 2016/03/02 09:44:57.659 Add Basket MarketNo¡G2 StockIdx¡G17
[7524] 2016/03/02 09:44:57.660 Divide StockNo {TE04}
[7524] 2016/03/02 09:44:57.660 Add Basket MarketNo¡G2 StockIdx¡G18
[7524] 2016/03/02 09:44:57.661 Divide StockNo {TE06}
[7524] 2016/03/02 09:44:57.661 Add Basket MarketNo¡G2 StockIdx¡G19
[7524] 2016/03/02 09:44:57.662 Divide StockNo {TE09}
[7524] 2016/03/02 09:44:57.662 Add Basket MarketNo¡G2 StockIdx¡G20
[7524] 2016/03/02 09:44:57.662 Divide StockNo {TE12}
[7524] 2016/03/02 09:44:57.663 Add Basket MarketNo¡G2 StockIdx¡G21
[7524] 2016/03/02 09:44:57.663 Divide StockNo {TF00}
[7524] 2016/03/02 09:44:57.664 Add Basket MarketNo¡G2 StockIdx¡G22
[7524] 2016/03/02 09:44:57.664 Divide StockNo {TF03}
[7524] 2016/03/02 09:44:57.664 Add Basket MarketNo¡G2 StockIdx¡G23
[7524] 2016/03/02 09:44:57.665 Divide StockNo {TF04}
[7524] 2016/03/02 09:44:57.665 Add Basket MarketNo¡G2 StockIdx¡G24
[7524] 2016/03/02 09:44:57.666 Divide StockNo {TF06}
[7524] 2016/03/02 09:44:57.666 Add Basket MarketNo¡G2 StockIdx¡G25
[7524] 2016/03/02 09:44:57.667 Divide StockNo {TF09}
[7524] 2016/03/02 09:44:57.667 Add Basket MarketNo¡G2 StockIdx¡G26
[7524] 2016/03/02 09:44:57.668 Divide StockNo {TF12}
[7524] 2016/03/02 09:44:57.668 Add Basket MarketNo¡G2 StockIdx¡G27
[7524] 2016/03/02 09:44:57.668 SKQuoteLib_RequestStocks Page 1
[7524] 2016/03/02 09:44:57.670 SKQuoteLib_RequestTicks (0,TSEA)
[7524] 2016/03/02 09:44:57.671 SKQuoteLib_RequestTicks (0,TX00)
[7524] 2016/03/02 09:44:57.672 SKQuoteLib_RequestTicks (0,TX03)
[7524] 2016/03/02 09:44:57.672 SKQuoteLib_RequestTicks (0,TX04)
[7524] 2016/03/02 09:44:57.673 SKQuoteLib_RequestTicks (0,TX06)
[7524] 2016/03/02 09:44:57.673 SKQuoteLib_RequestTicks (0,TX09)
[7524] 2016/03/02 09:44:57.674 SKQuoteLib_RequestTicks (0,TX12)
[7524] 2016/03/02 09:44:57.674 SKQuoteLib_RequestTicks (0,TE00)
[7524] 2016/03/02 09:44:57.675 SKQuoteLib_RequestTicks (0,TE03)
[7524] 2016/03/02 09:44:57.675 SKQuoteLib_RequestTicks (0,TE04)
[7524] 2016/03/02 09:44:57.676 SKQuoteLib_RequestTicks (0,TE06)
[7524] 2016/03/02 09:44:57.676 SKQuoteLib_RequestTicks (0,TE09)
[7524] 2016/03/02 09:44:57.677 SKQuoteLib_RequestTicks (0,TE12)
[7524] 2016/03/02 09:44:57.677 SKQuoteLib_RequestTicks (0,TF00)
[7524] 2016/03/02 09:44:57.678 SKQuoteLib_RequestTicks (0,TF03)
[7524] 2016/03/02 09:44:57.678 SKQuoteLib_RequestTicks (0,TF04)
[7524] 2016/03/02 09:44:57.679 SKQuoteLib_RequestTicks (0,TF06)
[7524] 2016/03/02 09:44:57.680 SKQuoteLib_RequestTicks (0,TF09)
[7524] 2016/03/02 09:44:57.680 SKQuoteLib_RequestTicks (0,TF12)
[7524] 2016/03/02 09:45:40.551 Check Link Status 
[7524] 2016/03/02 09:46:40.551 Check Link Status 
[7524] 2016/03/02 09:47:40.550 Check Link Status 
[7524] 2016/03/02 09:48:40.551 Check Link Status 
[7524] 2016/03/02 09:49:40.551 Check Link Status 
[7524] 2016/03/02 09:50:40.552 Check Link Status 
[7524] 2016/03/02 09:51:40.551 Check Link Status 
[7524] 2016/03/02 09:52:40.551 Check Link Status 
[7524] 2016/03/02 09:53:40.552 Check Link Status 
[7524] 2016/03/02 09:54:40.551 Check Link Status 
[7524] 2016/03/02 09:55:40.551 Check Link Status 
[7524] 2016/03/02 09:56:40.551 Check Link Status 
[7524] 2016/03/02 09:57:40.553 Check Link Status 
[7524] 2016/03/02 09:58:40.554 Check Link Status 
[2924] 2016/03/02 10:13:56.537 API InitInstance 
[2924] 2016/03/02 10:13:56.540 SKQuoteLib_Initialize ¡GB222875498
[2924] 2016/03/02 10:13:56.540 SKQuoteLib_Initialize ¡Ghttps://order2.capital.com.tw/
[2924] 2016/03/02 10:13:57.552 SKQuoteLib_Initialize  SUCCESS 
[2924] 2016/03/02 10:13:57.572 SKQuoteLib_EnterMonitor IP¡Ginfo21.capital.com.tw
[2924] 2016/03/02 10:13:57.573 SKQuoteLib_AttachConnectionCallBack 
[2924] 2016/03/02 10:13:57.574 SKQuoteLib_AttachQuoteCallBack 
[2924] 2016/03/02 10:13:57.575 SKQuoteLib_AttachBest5CallBack 
[2924] 2016/03/02 10:13:58.175 SocketConnect Type¡G100  ErrorCode¡G0
[2924] 2016/03/02 10:13:59.572 Stocks Ready
[2924] 2016/03/02 10:14:15.256 SKQuoteLib_RequestStocks (1,TSEA,TX00,TX03,TX04,TX06,TX09,TX12,TE00,TE03,TE04,TE06,TE09,TE12,TF00,TF03,TF04,TF06,TF09,TF12)
[2924] 2016/03/02 10:14:15.257 Divide StockNo {TSEA}
[2924] 2016/03/02 10:14:15.257 Add Basket MarketNo¡G0 StockIdx¡G10600
[2924] 2016/03/02 10:14:15.258 Divide StockNo {TX00}
[2924] 2016/03/02 10:14:15.258 Add Basket MarketNo¡G2 StockIdx¡G0
[2924] 2016/03/02 10:14:15.258 Divide StockNo {TX03}
[2924] 2016/03/02 10:14:15.259 Add Basket MarketNo¡G2 StockIdx¡G1
[2924] 2016/03/02 10:14:15.259 Divide StockNo {TX04}
[2924] 2016/03/02 10:14:15.260 Add Basket MarketNo¡G2 StockIdx¡G2
[2924] 2016/03/02 10:14:15.260 Divide StockNo {TX06}
[2924] 2016/03/02 10:14:15.260 Add Basket MarketNo¡G2 StockIdx¡G3
[2924] 2016/03/02 10:14:15.261 Divide StockNo {TX09}
[2924] 2016/03/02 10:14:15.261 Add Basket MarketNo¡G2 StockIdx¡G4
[2924] 2016/03/02 10:14:15.262 Divide StockNo {TX12}
[2924] 2016/03/02 10:14:15.262 Add Basket MarketNo¡G2 StockIdx¡G5
[2924] 2016/03/02 10:14:15.263 Divide StockNo {TE00}
[2924] 2016/03/02 10:14:15.263 Add Basket MarketNo¡G2 StockIdx¡G16
[2924] 2016/03/02 10:14:15.263 Divide StockNo {TE03}
[2924] 2016/03/02 10:14:15.264 Add Basket MarketNo¡G2 StockIdx¡G17
[2924] 2016/03/02 10:14:15.264 Divide StockNo {TE04}
[2924] 2016/03/02 10:14:15.264 Add Basket MarketNo¡G2 StockIdx¡G18
[2924] 2016/03/02 10:14:15.265 Divide StockNo {TE06}
[2924] 2016/03/02 10:14:15.265 Add Basket MarketNo¡G2 StockIdx¡G19
[2924] 2016/03/02 10:14:15.266 Divide StockNo {TE09}
[2924] 2016/03/02 10:14:15.266 Add Basket MarketNo¡G2 StockIdx¡G20
[2924] 2016/03/02 10:14:15.266 Divide StockNo {TE12}
[2924] 2016/03/02 10:14:15.267 Add Basket MarketNo¡G2 StockIdx¡G21
[2924] 2016/03/02 10:14:15.267 Divide StockNo {TF00}
[2924] 2016/03/02 10:14:15.268 Add Basket MarketNo¡G2 StockIdx¡G22
[2924] 2016/03/02 10:14:15.268 Divide StockNo {TF03}
[2924] 2016/03/02 10:14:15.268 Add Basket MarketNo¡G2 StockIdx¡G23
[2924] 2016/03/02 10:14:15.269 Divide StockNo {TF04}
[2924] 2016/03/02 10:14:15.269 Add Basket MarketNo¡G2 StockIdx¡G24
[2924] 2016/03/02 10:14:15.270 Divide StockNo {TF06}
[2924] 2016/03/02 10:14:15.270 Add Basket MarketNo¡G2 StockIdx¡G25
[2924] 2016/03/02 10:14:15.271 Divide StockNo {TF09}
[2924] 2016/03/02 10:14:15.271 Add Basket MarketNo¡G2 StockIdx¡G26
[2924] 2016/03/02 10:14:15.271 Divide StockNo {TF12}
[2924] 2016/03/02 10:14:15.272 Add Basket MarketNo¡G2 StockIdx¡G27
[2924] 2016/03/02 10:14:15.272 SKQuoteLib_RequestStocks Page 1
[2924] 2016/03/02 10:14:15.274 SKQuoteLib_RequestTicks (0,TSEA)
[2924] 2016/03/02 10:14:15.276 SKQuoteLib_RequestTicks (0,TX00)
[2924] 2016/03/02 10:14:15.276 SKQuoteLib_RequestTicks (0,TX03)
[2924] 2016/03/02 10:14:15.276 SKQuoteLib_RequestTicks (0,TX04)
[2924] 2016/03/02 10:14:15.277 SKQuoteLib_RequestTicks (0,TX06)
[2924] 2016/03/02 10:14:15.277 SKQuoteLib_RequestTicks (0,TX09)
[2924] 2016/03/02 10:14:15.279 SKQuoteLib_RequestTicks (0,TX12)
[2924] 2016/03/02 10:14:15.279 SKQuoteLib_RequestTicks (0,TE00)
[2924] 2016/03/02 10:14:15.280 SKQuoteLib_RequestTicks (0,TE03)
[2924] 2016/03/02 10:14:15.280 SKQuoteLib_RequestTicks (0,TE04)
[2924] 2016/03/02 10:14:15.281 SKQuoteLib_RequestTicks (0,TE06)
[2924] 2016/03/02 10:14:15.282 SKQuoteLib_RequestTicks (0,TE09)
[2924] 2016/03/02 10:14:15.282 SKQuoteLib_RequestTicks (0,TE12)
[2924] 2016/03/02 10:14:15.283 SKQuoteLib_RequestTicks (0,TF00)
[2924] 2016/03/02 10:14:15.283 SKQuoteLib_RequestTicks (0,TF03)
[2924] 2016/03/02 10:14:15.284 SKQuoteLib_RequestTicks (0,TF04)
[2924] 2016/03/02 10:14:15.285 SKQuoteLib_RequestTicks (0,TF06)
[2924] 2016/03/02 10:14:15.285 SKQuoteLib_RequestTicks (0,TF09)
[2924] 2016/03/02 10:14:15.286 SKQuoteLib_RequestTicks (0,TF12)
[2924] 2016/03/02 10:14:58.162 Check Link Status 
[2924] 2016/03/02 10:15:58.160 Check Link Status 
[11592] 2016/03/02 10:18:30.684 API InitInstance 
[11592] 2016/03/02 10:18:30.687 SKQuoteLib_Initialize ¡GB222875498
[11592] 2016/03/02 10:18:30.688 SKQuoteLib_Initialize ¡Ghttps://order2.capital.com.tw/
[11592] 2016/03/02 10:18:31.910 SKQuoteLib_Initialize  SUCCESS 
[11592] 2016/03/02 10:18:31.932 SKQuoteLib_EnterMonitor IP¡Ginfo8.capital.com.tw
[11592] 2016/03/02 10:18:31.970 SKQuoteLib_AttachConnectionCallBack 
[11592] 2016/03/02 10:18:31.971 SKQuoteLib_AttachQuoteCallBack 
[11592] 2016/03/02 10:18:31.972 SKQuoteLib_AttachBest5CallBack 
[11592] 2016/03/02 10:18:32.618 SocketConnect Type¡G100  ErrorCode¡G0
[11592] 2016/03/02 10:18:34.214 Stocks Ready
[11592] 2016/03/02 10:18:49.697 SKQuoteLib_RequestStocks (1,TSEA,TX00,TX03,TX04,TX06,TX09,TX12,TE00,TE03,TE04,TE06,TE09,TE12,TF00,TF03,TF04,TF06,TF09,TF12)
[11592] 2016/03/02 10:18:49.698 Divide StockNo {TSEA}
[11592] 2016/03/02 10:18:49.698 Add Basket MarketNo¡G0 StockIdx¡G10600
[11592] 2016/03/02 10:18:49.699 Divide StockNo {TX00}
[11592] 2016/03/02 10:18:49.699 Add Basket MarketNo¡G2 StockIdx¡G0
[11592] 2016/03/02 10:18:49.700 Divide StockNo {TX03}
[11592] 2016/03/02 10:18:49.700 Add Basket MarketNo¡G2 StockIdx¡G1
[11592] 2016/03/02 10:18:49.700 Divide StockNo {TX04}
[11592] 2016/03/02 10:18:49.701 Add Basket MarketNo¡G2 StockIdx¡G2
[11592] 2016/03/02 10:18:49.701 Divide StockNo {TX06}
[11592] 2016/03/02 10:18:49.702 Add Basket MarketNo¡G2 StockIdx¡G3
[11592] 2016/03/02 10:18:49.702 Divide StockNo {TX09}
[11592] 2016/03/02 10:18:49.703 Add Basket MarketNo¡G2 StockIdx¡G4
[11592] 2016/03/02 10:18:49.703 Divide StockNo {TX12}
[11592] 2016/03/02 10:18:49.703 Add Basket MarketNo¡G2 StockIdx¡G5
[11592] 2016/03/02 10:18:49.704 Divide StockNo {TE00}
[11592] 2016/03/02 10:18:49.704 Add Basket MarketNo¡G2 StockIdx¡G16
[11592] 2016/03/02 10:18:49.705 Divide StockNo {TE03}
[11592] 2016/03/02 10:18:49.705 Add Basket MarketNo¡G2 StockIdx¡G17
[11592] 2016/03/02 10:18:49.706 Divide StockNo {TE04}
[11592] 2016/03/02 10:18:49.706 Add Basket MarketNo¡G2 StockIdx¡G18
[11592] 2016/03/02 10:18:49.707 Divide StockNo {TE06}
[11592] 2016/03/02 10:18:49.707 Add Basket MarketNo¡G2 StockIdx¡G19
[11592] 2016/03/02 10:18:49.707 Divide StockNo {TE09}
[11592] 2016/03/02 10:18:49.708 Add Basket MarketNo¡G2 StockIdx¡G20
[11592] 2016/03/02 10:18:49.708 Divide StockNo {TE12}
[11592] 2016/03/02 10:18:49.709 Add Basket MarketNo¡G2 StockIdx¡G21
[11592] 2016/03/02 10:18:49.709 Divide StockNo {TF00}
[11592] 2016/03/02 10:18:49.710 Add Basket MarketNo¡G2 StockIdx¡G22
[11592] 2016/03/02 10:18:49.710 Divide StockNo {TF03}
[11592] 2016/03/02 10:18:49.711 Add Basket MarketNo¡G2 StockIdx¡G23
[11592] 2016/03/02 10:18:49.711 Divide StockNo {TF04}
[11592] 2016/03/02 10:18:49.711 Add Basket MarketNo¡G2 StockIdx¡G24
[11592] 2016/03/02 10:18:49.712 Divide StockNo {TF06}
[11592] 2016/03/02 10:18:49.712 Add Basket MarketNo¡G2 StockIdx¡G25
[11592] 2016/03/02 10:18:49.713 Divide StockNo {TF09}
[11592] 2016/03/02 10:18:49.713 Add Basket MarketNo¡G2 StockIdx¡G26
[11592] 2016/03/02 10:18:49.714 Divide StockNo {TF12}
[11592] 2016/03/02 10:18:49.714 Add Basket MarketNo¡G2 StockIdx¡G27
[11592] 2016/03/02 10:18:49.714 SKQuoteLib_RequestStocks Page 1
[11592] 2016/03/02 10:18:49.716 SKQuoteLib_RequestTicks (0,TSEA)
[11592] 2016/03/02 10:18:49.717 SKQuoteLib_RequestTicks (0,TX00)
[11592] 2016/03/02 10:18:49.718 SKQuoteLib_RequestTicks (0,TX03)
[11592] 2016/03/02 10:18:49.718 SKQuoteLib_RequestTicks (0,TX04)
[11592] 2016/03/02 10:18:49.719 SKQuoteLib_RequestTicks (0,TX06)
[11592] 2016/03/02 10:18:49.719 SKQuoteLib_RequestTicks (0,TX09)
[11592] 2016/03/02 10:18:49.720 SKQuoteLib_RequestTicks (0,TX12)
[11592] 2016/03/02 10:18:49.721 SKQuoteLib_RequestTicks (0,TE00)
[11592] 2016/03/02 10:18:49.721 SKQuoteLib_RequestTicks (0,TE03)
[11592] 2016/03/02 10:18:49.722 SKQuoteLib_RequestTicks (0,TE04)
[11592] 2016/03/02 10:18:49.722 SKQuoteLib_RequestTicks (0,TE06)
[11592] 2016/03/02 10:18:49.723 SKQuoteLib_RequestTicks (0,TE09)
[11592] 2016/03/02 10:18:49.724 SKQuoteLib_RequestTicks (0,TE12)
[11592] 2016/03/02 10:18:49.724 SKQuoteLib_RequestTicks (0,TF00)
[11592] 2016/03/02 10:18:49.725 SKQuoteLib_RequestTicks (0,TF03)
[11592] 2016/03/02 10:18:49.725 SKQuoteLib_RequestTicks (0,TF04)
[11592] 2016/03/02 10:18:49.726 SKQuoteLib_RequestTicks (0,TF06)
[11592] 2016/03/02 10:18:49.726 SKQuoteLib_RequestTicks (0,TF09)
[11592] 2016/03/02 10:18:49.727 SKQuoteLib_RequestTicks (0,TF12)
[11592] 2016/03/02 10:19:32.613 Check Link Status 
[11592] 2016/03/02 10:20:32.613 Check Link Status 
[11592] 2016/03/02 10:21:32.616 Check Link Status 
[11592] 2016/03/02 10:22:32.614 Check Link Status 
[11592] 2016/03/02 10:23:32.616 Check Link Status 
[11592] 2016/03/02 10:24:35.115 Check Link Status 
[11592] 2016/03/02 10:25:32.614 Check Link Status 
[11592] 2016/03/02 10:26:32.614 Check Link Status 
[11592] 2016/03/02 10:27:32.618 Check Link Status 
[11592] 2016/03/02 10:28:32.614 Check Link Status 
[11592] 2016/03/02 10:29:32.614 Check Link Status 
[11592] 2016/03/02 10:30:32.615 Check Link Status 
[11592] 2016/03/02 10:31:32.614 Check Link Status 
[11592] 2016/03/02 10:32:32.614 Check Link Status 
[11592] 2016/03/02 10:33:32.614 Check Link Status 
[11592] 2016/03/02 10:34:32.616 Check Link Status 
[11592] 2016/03/02 10:35:32.614 Check Link Status 
[11592] 2016/03/02 10:36:32.615 Check Link Status 
[11592] 2016/03/02 10:37:32.613 Check Link Status 
[11592] 2016/03/02 10:38:32.614 Check Link Status 
[11592] 2016/03/02 10:39:32.614 Check Link Status 
[11592] 2016/03/02 10:40:32.614 Check Link Status 
[11592] 2016/03/02 10:41:32.614 Check Link Status 
[11592] 2016/03/02 10:42:32.613 Check Link Status 
[11592] 2016/03/02 10:43:32.615 Check Link Status 
[11592] 2016/03/02 10:44:32.613 Check Link Status 
[11592] 2016/03/02 10:45:32.614 Check Link Status 
[11592] 2016/03/02 10:46:32.613 Check Link Status 
[11592] 2016/03/02 10:47:32.614 Check Link Status 
[11592] 2016/03/02 10:48:32.613 Check Link Status 
[11592] 2016/03/02 10:49:32.614 Check Link Status 
[11592] 2016/03/02 10:50:32.613 Check Link Status 
[11592] 2016/03/02 10:51:32.614 Check Link Status 
[11648] 2016/03/02 15:04:11.704 API InitInstance 
[11648] 2016/03/02 15:04:11.707 SKQuoteLib_Initialize ¡GB222875498
[11648] 2016/03/02 15:04:11.708 SKQuoteLib_Initialize ¡Ghttps://order2.capital.com.tw/
[11648] 2016/03/02 15:04:12.537 SKQuoteLib_Initialize  SUCCESS 
[11648] 2016/03/02 15:04:12.558 SKQuoteLib_EnterMonitor IP¡Ginfo10.capital.com.tw
[11648] 2016/03/02 15:04:12.560 SKQuoteLib_AttachConnectionCallBack 
[11648] 2016/03/02 15:04:12.560 SKQuoteLib_AttachQuoteCallBack 
[11648] 2016/03/02 15:04:12.561 SKQuoteLib_AttachBest5CallBack 
[11648] 2016/03/02 15:04:13.616 SocketConnect Type¡G100  ErrorCode¡G0
[11648] 2016/03/02 15:04:15.260 Stocks Ready
[11648] 2016/03/02 15:04:30.666 SKQuoteLib_RequestStocks (1,TSEA,TX00,TX03,TX04,TX06,TX09,TX12,TE00,TE03,TE04,TE06,TE09,TE12,TF00,TF03,TF04,TF06,TF09,TF12)
[11648] 2016/03/02 15:04:30.667 Divide StockNo {TSEA}
[11648] 2016/03/02 15:04:30.668 Add Basket MarketNo¡G0 StockIdx¡G10600
[11648] 2016/03/02 15:04:30.668 Divide StockNo {TX00}
[11648] 2016/03/02 15:04:30.669 Add Basket MarketNo¡G2 StockIdx¡G0
[11648] 2016/03/02 15:04:30.669 Divide StockNo {TX03}
[11648] 2016/03/02 15:04:30.669 Add Basket MarketNo¡G2 StockIdx¡G1
[11648] 2016/03/02 15:04:30.670 Divide StockNo {TX04}
[11648] 2016/03/02 15:04:30.670 Add Basket MarketNo¡G2 StockIdx¡G2
[11648] 2016/03/02 15:04:30.671 Divide StockNo {TX06}
[11648] 2016/03/02 15:04:30.671 Add Basket MarketNo¡G2 StockIdx¡G3
[11648] 2016/03/02 15:04:30.671 Divide StockNo {TX09}
[11648] 2016/03/02 15:04:30.672 Add Basket MarketNo¡G2 StockIdx¡G4
[11648] 2016/03/02 15:04:30.672 Divide StockNo {TX12}
[11648] 2016/03/02 15:04:30.673 Add Basket MarketNo¡G2 StockIdx¡G5
[11648] 2016/03/02 15:04:30.673 Divide StockNo {TE00}
[11648] 2016/03/02 15:04:30.674 Add Basket MarketNo¡G2 StockIdx¡G16
[11648] 2016/03/02 15:04:30.674 Divide StockNo {TE03}
[11648] 2016/03/02 15:04:30.674 Add Basket MarketNo¡G2 StockIdx¡G17
[11648] 2016/03/02 15:04:30.675 Divide StockNo {TE04}
[11648] 2016/03/02 15:04:30.675 Add Basket MarketNo¡G2 StockIdx¡G18
[11648] 2016/03/02 15:04:30.676 Divide StockNo {TE06}
[11648] 2016/03/02 15:04:30.676 Add Basket MarketNo¡G2 StockIdx¡G19
[11648] 2016/03/02 15:04:30.677 Divide StockNo {TE09}
[11648] 2016/03/02 15:04:30.677 Add Basket MarketNo¡G2 StockIdx¡G20
[11648] 2016/03/02 15:04:30.677 Divide StockNo {TE12}
[11648] 2016/03/02 15:04:30.678 Add Basket MarketNo¡G2 StockIdx¡G21
[11648] 2016/03/02 15:04:30.678 Divide StockNo {TF00}
[11648] 2016/03/02 15:04:30.679 Add Basket MarketNo¡G2 StockIdx¡G22
[11648] 2016/03/02 15:04:30.679 Divide StockNo {TF03}
[11648] 2016/03/02 15:04:30.679 Add Basket MarketNo¡G2 StockIdx¡G23
[11648] 2016/03/02 15:04:30.680 Divide StockNo {TF04}
[11648] 2016/03/02 15:04:30.680 Add Basket MarketNo¡G2 StockIdx¡G24
[11648] 2016/03/02 15:04:30.681 Divide StockNo {TF06}
[11648] 2016/03/02 15:04:30.681 Add Basket MarketNo¡G2 StockIdx¡G25
[11648] 2016/03/02 15:04:30.682 Divide StockNo {TF09}
[11648] 2016/03/02 15:04:30.682 Add Basket MarketNo¡G2 StockIdx¡G26
[11648] 2016/03/02 15:04:30.682 Divide StockNo {TF12}
[11648] 2016/03/02 15:04:30.683 Add Basket MarketNo¡G2 StockIdx¡G27
[11648] 2016/03/02 15:04:30.683 SKQuoteLib_RequestStocks Page 1
[11648] 2016/03/02 15:04:30.685 SKQuoteLib_RequestTicks (0,TSEA)
[11648] 2016/03/02 15:04:30.686 SKQuoteLib_RequestTicks (0,TX00)
[11648] 2016/03/02 15:04:30.686 SKQuoteLib_RequestTicks (0,TX03)
[11648] 2016/03/02 15:04:30.687 SKQuoteLib_RequestTicks (0,TX04)
[11648] 2016/03/02 15:04:30.687 SKQuoteLib_RequestTicks (0,TX06)
[11648] 2016/03/02 15:04:30.688 SKQuoteLib_RequestTicks (0,TX09)
[11648] 2016/03/02 15:04:30.689 SKQuoteLib_RequestTicks (0,TX12)
[11648] 2016/03/02 15:04:30.689 SKQuoteLib_RequestTicks (0,TE00)
[11648] 2016/03/02 15:04:30.690 SKQuoteLib_RequestTicks (0,TE03)
[11648] 2016/03/02 15:04:30.691 SKQuoteLib_RequestTicks (0,TE04)
[11648] 2016/03/02 15:04:30.691 SKQuoteLib_RequestTicks (0,TE06)
[11648] 2016/03/02 15:04:30.692 SKQuoteLib_RequestTicks (0,TE09)
[11648] 2016/03/02 15:04:30.693 SKQuoteLib_RequestTicks (0,TE12)
[11648] 2016/03/02 15:04:30.693 SKQuoteLib_RequestTicks (0,TF00)
[11648] 2016/03/02 15:04:30.695 SKQuoteLib_RequestTicks (0,TF03)
[11648] 2016/03/02 15:04:30.695 SKQuoteLib_RequestTicks (0,TF04)
[11648] 2016/03/02 15:04:30.696 SKQuoteLib_RequestTicks (0,TF06)
[11648] 2016/03/02 15:04:30.696 SKQuoteLib_RequestTicks (0,TF09)
[11648] 2016/03/02 15:04:30.697 SKQuoteLib_RequestTicks (0,TF12)
[11648] 2016/03/02 15:05:13.613 Check Link Status 
[11648] 2016/03/02 15:06:13.614 Check Link Status 
[11648] 2016/03/02 15:07:13.615 Check Link Status 
[11648] 2016/03/02 15:08:13.613 Check Link Status 
[11648] 2016/03/02 15:09:13.613 Check Link Status 
[11648] 2016/03/02 15:10:13.615 Check Link Status 
[11648] 2016/03/02 15:11:13.615 Check Link Status 
[11648] 2016/03/02 15:12:13.615 Check Link Status 
[11648] 2016/03/02 15:13:13.616 Check Link Status 
[12860] 2016/03/02 15:15:48.415 API InitInstance 
[12860] 2016/03/02 15:15:48.419 SKQuoteLib_Initialize ¡GB222875498
[12860] 2016/03/02 15:15:48.420 SKQuoteLib_Initialize ¡Ghttps://order2.capital.com.tw/
[12860] 2016/03/02 15:15:49.102 SKQuoteLib_Initialize  SUCCESS 
[12860] 2016/03/02 15:15:49.124 SKQuoteLib_EnterMonitor IP¡Ginfo8.capital.com.tw
[12860] 2016/03/02 15:15:49.127 SKQuoteLib_AttachConnectionCallBack 
[12860] 2016/03/02 15:15:49.127 SKQuoteLib_AttachQuoteCallBack 
[12860] 2016/03/02 15:15:49.128 SKQuoteLib_AttachBest5CallBack 
[12860] 2016/03/02 15:15:49.768 SocketConnect Type¡G100  ErrorCode¡G0
[12860] 2016/03/02 15:15:51.557 Stocks Ready
[12860] 2016/03/02 15:16:06.895 SKQuoteLib_RequestStocks (1,TSEA,TX00,TX03,TX04,TX06,TX09,TX12,TE00,TE03,TE04,TE06,TE09,TE12,TF00,TF03,TF04,TF06,TF09,TF12)
[12860] 2016/03/02 15:16:06.897 Divide StockNo {TSEA}
[12860] 2016/03/02 15:16:06.898 Add Basket MarketNo¡G0 StockIdx¡G10600
[12860] 2016/03/02 15:16:06.898 Divide StockNo {TX00}
[12860] 2016/03/02 15:16:06.899 Add Basket MarketNo¡G2 StockIdx¡G0
[12860] 2016/03/02 15:16:06.900 Divide StockNo {TX03}
[12860] 2016/03/02 15:16:06.900 Add Basket MarketNo¡G2 StockIdx¡G1
[12860] 2016/03/02 15:16:06.901 Divide StockNo {TX04}
[12860] 2016/03/02 15:16:06.902 Add Basket MarketNo¡G2 StockIdx¡G2
[12860] 2016/03/02 15:16:06.902 Divide StockNo {TX06}
[12860] 2016/03/02 15:16:06.903 Add Basket MarketNo¡G2 StockIdx¡G3
[12860] 2016/03/02 15:16:06.904 Divide StockNo {TX09}
[12860] 2016/03/02 15:16:06.905 Add Basket MarketNo¡G2 StockIdx¡G4
[12860] 2016/03/02 15:16:06.907 Divide StockNo {TX12}
[12860] 2016/03/02 15:16:06.907 Add Basket MarketNo¡G2 StockIdx¡G5
[12860] 2016/03/02 15:16:06.908 Divide StockNo {TE00}
[12860] 2016/03/02 15:16:06.908 Add Basket MarketNo¡G2 StockIdx¡G16
[12860] 2016/03/02 15:16:06.909 Divide StockNo {TE03}
[12860] 2016/03/02 15:16:06.909 Add Basket MarketNo¡G2 StockIdx¡G17
[12860] 2016/03/02 15:16:06.911 Divide StockNo {TE04}
[12860] 2016/03/02 15:16:06.912 Add Basket MarketNo¡G2 StockIdx¡G18
[12860] 2016/03/02 15:16:06.913 Divide StockNo {TE06}
[12860] 2016/03/02 15:16:06.914 Add Basket MarketNo¡G2 StockIdx¡G19
[12860] 2016/03/02 15:16:06.915 Divide StockNo {TE09}
[12860] 2016/03/02 15:16:06.915 Add Basket MarketNo¡G2 StockIdx¡G20
[12860] 2016/03/02 15:16:06.916 Divide StockNo {TE12}
[12860] 2016/03/02 15:16:06.916 Add Basket MarketNo¡G2 StockIdx¡G21
[12860] 2016/03/02 15:16:06.917 Divide StockNo {TF00}
[12860] 2016/03/02 15:16:06.917 Add Basket MarketNo¡G2 StockIdx¡G22
[12860] 2016/03/02 15:16:06.918 Divide StockNo {TF03}
[12860] 2016/03/02 15:16:06.918 Add Basket MarketNo¡G2 StockIdx¡G23
[12860] 2016/03/02 15:16:06.919 Divide StockNo {TF04}
[12860] 2016/03/02 15:16:06.920 Add Basket MarketNo¡G2 StockIdx¡G24
[12860] 2016/03/02 15:16:06.921 Divide StockNo {TF06}
[12860] 2016/03/02 15:16:06.921 Add Basket MarketNo¡G2 StockIdx¡G25
[12860] 2016/03/02 15:16:06.922 Divide StockNo {TF09}
[12860] 2016/03/02 15:16:06.922 Add Basket MarketNo¡G2 StockIdx¡G26
[12860] 2016/03/02 15:16:06.923 Divide StockNo {TF12}
[12860] 2016/03/02 15:16:06.923 Add Basket MarketNo¡G2 StockIdx¡G27
[12860] 2016/03/02 15:16:06.924 SKQuoteLib_RequestStocks Page 1
[12860] 2016/03/02 15:16:06.927 SKQuoteLib_RequestTicks (0,TSEA)
[12860] 2016/03/02 15:16:06.929 SKQuoteLib_RequestTicks (0,TX00)
[12860] 2016/03/02 15:16:06.930 SKQuoteLib_RequestTicks (0,TX03)
[12860] 2016/03/02 15:16:06.930 SKQuoteLib_RequestTicks (0,TX04)
[12860] 2016/03/02 15:16:06.931 SKQuoteLib_RequestTicks (0,TX06)
[12860] 2016/03/02 15:16:06.931 SKQuoteLib_RequestTicks (0,TX09)
[12860] 2016/03/02 15:16:06.932 SKQuoteLib_RequestTicks (0,TX12)
[12860] 2016/03/02 15:16:06.932 SKQuoteLib_RequestTicks (0,TE00)
[12860] 2016/03/02 15:16:06.933 SKQuoteLib_RequestTicks (0,TE03)
[12860] 2016/03/02 15:16:06.934 SKQuoteLib_RequestTicks (0,TE04)
[12860] 2016/03/02 15:16:06.934 SKQuoteLib_RequestTicks (0,TE06)
[12860] 2016/03/02 15:16:06.935 SKQuoteLib_RequestTicks (0,TE09)
[12860] 2016/03/02 15:16:06.936 SKQuoteLib_RequestTicks (0,TE12)
[12860] 2016/03/02 15:16:06.936 SKQuoteLib_RequestTicks (0,TF00)
[12860] 2016/03/02 15:16:06.937 SKQuoteLib_RequestTicks (0,TF03)
[12860] 2016/03/02 15:16:06.938 SKQuoteLib_RequestTicks (0,TF04)
[12860] 2016/03/02 15:16:06.938 SKQuoteLib_RequestTicks (0,TF06)
[12860] 2016/03/02 15:16:06.939 SKQuoteLib_RequestTicks (0,TF09)
[12860] 2016/03/02 15:16:06.939 SKQuoteLib_RequestTicks (0,TF12)
[12860] 2016/03/02 15:16:49.754 Check Link Status 
[12860] 2016/03/02 15:17:49.755 Check Link Status 
[12860] 2016/03/02 15:18:49.755 Check Link Status 
[12860] 2016/03/02 15:19:49.755 Check Link Status 
[5440] 2016/03/02 16:33:11.107 API InitInstance 
[5440] 2016/03/02 16:33:11.110 SKQuoteLib_Initialize ¡GB222875498
[5440] 2016/03/02 16:33:11.110 SKQuoteLib_Initialize ¡Ghttps://order2.capital.com.tw/
[5440] 2016/03/02 16:33:11.692 SKQuoteLib_Initialize  SUCCESS 
[5440] 2016/03/02 16:33:11.711 SKQuoteLib_EnterMonitor IP¡Ginfo21.capital.com.tw
[5440] 2016/03/02 16:33:11.713 SKQuoteLib_AttachConnectionCallBack 
[5440] 2016/03/02 16:33:11.713 SKQuoteLib_AttachQuoteCallBack 
[5440] 2016/03/02 16:33:11.714 SKQuoteLib_AttachBest5CallBack 
[5440] 2016/03/02 16:33:12.530 SocketConnect Type¡G100  ErrorCode¡G0
[5440] 2016/03/02 16:33:13.999 Stocks Ready
[5440] 2016/03/02 16:33:29.632 SKQuoteLib_RequestStocks (1,TSEA,TX00,TX03,TX04,TX06,TX09,TX12,TE00,TE03,TE04,TE06,TE09,TE12,TF00,TF03,TF04,TF06,TF09,TF12)
[5440] 2016/03/02 16:33:29.633 Divide StockNo {TSEA}
[5440] 2016/03/02 16:33:29.633 Add Basket MarketNo¡G0 StockIdx¡G10600
[5440] 2016/03/02 16:33:29.633 Divide StockNo {TX00}
[5440] 2016/03/02 16:33:29.634 Add Basket MarketNo¡G2 StockIdx¡G0
[5440] 2016/03/02 16:33:29.634 Divide StockNo {TX03}
[5440] 2016/03/02 16:33:29.635 Add Basket MarketNo¡G2 StockIdx¡G1
[5440] 2016/03/02 16:33:29.635 Divide StockNo {TX04}
[5440] 2016/03/02 16:33:29.635 Add Basket MarketNo¡G2 StockIdx¡G2
[5440] 2016/03/02 16:33:29.636 Divide StockNo {TX06}
[5440] 2016/03/02 16:33:29.636 Add Basket MarketNo¡G2 StockIdx¡G3
[5440] 2016/03/02 16:33:29.636 Divide StockNo {TX09}
[5440] 2016/03/02 16:33:29.637 Add Basket MarketNo¡G2 StockIdx¡G4
[5440] 2016/03/02 16:33:29.637 Divide StockNo {TX12}
[5440] 2016/03/02 16:33:29.638 Add Basket MarketNo¡G2 StockIdx¡G5
[5440] 2016/03/02 16:33:29.638 Divide StockNo {TE00}
[5440] 2016/03/02 16:33:29.638 Add Basket MarketNo¡G2 StockIdx¡G16
[5440] 2016/03/02 16:33:29.639 Divide StockNo {TE03}
[5440] 2016/03/02 16:33:29.639 Add Basket MarketNo¡G2 StockIdx¡G17
[5440] 2016/03/02 16:33:29.640 Divide StockNo {TE04}
[5440] 2016/03/02 16:33:29.640 Add Basket MarketNo¡G2 StockIdx¡G18
[5440] 2016/03/02 16:33:29.640 Divide StockNo {TE06}
[5440] 2016/03/02 16:33:29.641 Add Basket MarketNo¡G2 StockIdx¡G19
[5440] 2016/03/02 16:33:29.641 Divide StockNo {TE09}
[5440] 2016/03/02 16:33:29.642 Add Basket MarketNo¡G2 StockIdx¡G20
[5440] 2016/03/02 16:33:29.642 Divide StockNo {TE12}
[5440] 2016/03/02 16:33:29.642 Add Basket MarketNo¡G2 StockIdx¡G21
[5440] 2016/03/02 16:33:29.643 Divide StockNo {TF00}
[5440] 2016/03/02 16:33:29.643 Add Basket MarketNo¡G2 StockIdx¡G22
[5440] 2016/03/02 16:33:29.644 Divide StockNo {TF03}
[5440] 2016/03/02 16:33:29.644 Add Basket MarketNo¡G2 StockIdx¡G23
[5440] 2016/03/02 16:33:29.644 Divide StockNo {TF04}
[5440] 2016/03/02 16:33:29.645 Add Basket MarketNo¡G2 StockIdx¡G24
[5440] 2016/03/02 16:33:29.645 Divide StockNo {TF06}
[5440] 2016/03/02 16:33:29.646 Add Basket MarketNo¡G2 StockIdx¡G25
[5440] 2016/03/02 16:33:29.646 Divide StockNo {TF09}
[5440] 2016/03/02 16:33:29.646 Add Basket MarketNo¡G2 StockIdx¡G26
[5440] 2016/03/02 16:33:29.647 Divide StockNo {TF12}
[5440] 2016/03/02 16:33:29.647 Add Basket MarketNo¡G2 StockIdx¡G27
[5440] 2016/03/02 16:33:29.647 SKQuoteLib_RequestStocks Page 1
[5440] 2016/03/02 16:33:29.650 SKQuoteLib_RequestTicks (0,TSEA)
[5440] 2016/03/02 16:33:29.650 SKQuoteLib_RequestTicks (0,TX00)
[5440] 2016/03/02 16:33:29.651 SKQuoteLib_RequestTicks (0,TX03)
[5440] 2016/03/02 16:33:29.651 SKQuoteLib_RequestTicks (0,TX04)
[5440] 2016/03/02 16:33:29.652 SKQuoteLib_RequestTicks (0,TX06)
[5440] 2016/03/02 16:33:29.652 SKQuoteLib_RequestTicks (0,TX09)
[5440] 2016/03/02 16:33:29.653 SKQuoteLib_RequestTicks (0,TX12)
[5440] 2016/03/02 16:33:29.654 SKQuoteLib_RequestTicks (0,TE00)
[5440] 2016/03/02 16:33:29.654 SKQuoteLib_RequestTicks (0,TE03)
[5440] 2016/03/02 16:33:29.655 SKQuoteLib_RequestTicks (0,TE04)
[5440] 2016/03/02 16:33:29.655 SKQuoteLib_RequestTicks (0,TE06)
[5440] 2016/03/02 16:33:29.656 SKQuoteLib_RequestTicks (0,TE09)
[5440] 2016/03/02 16:33:29.656 SKQuoteLib_RequestTicks (0,TE12)
[5440] 2016/03/02 16:33:29.657 SKQuoteLib_RequestTicks (0,TF00)
[5440] 2016/03/02 16:33:29.657 SKQuoteLib_RequestTicks (0,TF03)
[5440] 2016/03/02 16:33:29.658 SKQuoteLib_RequestTicks (0,TF04)
[5440] 2016/03/02 16:33:29.659 SKQuoteLib_RequestTicks (0,TF06)
[5440] 2016/03/02 16:33:29.659 SKQuoteLib_RequestTicks (0,TF09)
[5440] 2016/03/02 16:33:29.660 SKQuoteLib_RequestTicks (0,TF12)
[5440] 2016/03/02 16:34:12.522 Check Link Status 
[5440] 2016/03/02 16:35:12.521 Check Link Status 
[5440] 2016/03/02 16:36:12.521 Check Link Status 
[5440] 2016/03/02 16:37:12.521 Check Link Status 
