[5800] 2016/03/01 09:23:25.743 API InitInstance 
[5800] 2016/03/01 09:23:25.746 SKQuoteLib_Initialize ¡GB222875498
[5800] 2016/03/01 09:23:25.747 SKQuoteLib_Initialize ¡Ghttps://order2.capital.com.tw/
[5800] 2016/03/01 09:23:26.722 SKQuoteLib_Initialize  SUCCESS 
[5800] 2016/03/01 09:23:26.743 SKQuoteLib_EnterMonitor IP¡Ginfo16.capital.com.tw
[5800] 2016/03/01 09:23:26.745 SKQuoteLib_AttachConnectionCallBack 
[5800] 2016/03/01 09:23:26.746 SKQuoteLib_AttachQuoteCallBack 
[5800] 2016/03/01 09:23:26.747 SKQuoteLib_AttachBest5CallBack 
[5800] 2016/03/01 09:23:28.163 SocketConnect Type¡G100  ErrorCode¡G0
[5800] 2016/03/01 09:23:29.628 Stocks Ready
[5800] 2016/03/01 09:23:45.247 SKQuoteLib_RequestStocks (1,TSEA,TX00,TX03,TX04,TX06,TX09,TX12,TE00,TE03,TE04,TE06,TE09,TE12,TF00,TF03,TF04,TF06,TF09,TF12)
[5800] 2016/03/01 09:23:45.248 Divide StockNo {TSEA}
[5800] 2016/03/01 09:23:45.249 Add Basket MarketNo¡G0 StockIdx¡G10614
[5800] 2016/03/01 09:23:45.249 Divide StockNo {TX00}
[5800] 2016/03/01 09:23:45.250 Add Basket MarketNo¡G2 StockIdx¡G0
[5800] 2016/03/01 09:23:45.250 Divide StockNo {TX03}
[5800] 2016/03/01 09:23:45.250 Add Basket MarketNo¡G2 StockIdx¡G1
[5800] 2016/03/01 09:23:45.251 Divide StockNo {TX04}
[5800] 2016/03/01 09:23:45.251 Add Basket MarketNo¡G2 StockIdx¡G2
[5800] 2016/03/01 09:23:45.252 Divide StockNo {TX06}
[5800] 2016/03/01 09:23:45.252 Add Basket MarketNo¡G2 StockIdx¡G3
[5800] 2016/03/01 09:23:45.253 Divide StockNo {TX09}
[5800] 2016/03/01 09:23:45.253 Add Basket MarketNo¡G2 StockIdx¡G4
[5800] 2016/03/01 09:23:45.254 Divide StockNo {TX12}
[5800] 2016/03/01 09:23:45.254 Add Basket MarketNo¡G2 StockIdx¡G5
[5800] 2016/03/01 09:23:45.254 Divide StockNo {TE00}
[5800] 2016/03/01 09:23:45.255 Add Basket MarketNo¡G2 StockIdx¡G14
[5800] 2016/03/01 09:23:45.255 Divide StockNo {TE03}
[5800] 2016/03/01 09:23:45.255 Add Basket MarketNo¡G2 StockIdx¡G15
[5800] 2016/03/01 09:23:45.256 Divide StockNo {TE04}
[5800] 2016/03/01 09:23:45.256 Add Basket MarketNo¡G2 StockIdx¡G16
[5800] 2016/03/01 09:23:45.257 Divide StockNo {TE06}
[5800] 2016/03/01 09:23:45.257 Add Basket MarketNo¡G2 StockIdx¡G17
[5800] 2016/03/01 09:23:45.258 Divide StockNo {TE09}
[5800] 2016/03/01 09:23:45.258 Add Basket MarketNo¡G2 StockIdx¡G18
[5800] 2016/03/01 09:23:45.258 Divide StockNo {TE12}
[5800] 2016/03/01 09:23:45.259 Add Basket MarketNo¡G2 StockIdx¡G19
[5800] 2016/03/01 09:23:45.259 Divide StockNo {TF00}
[5800] 2016/03/01 09:23:45.259 Add Basket MarketNo¡G2 StockIdx¡G20
[5800] 2016/03/01 09:23:45.260 Divide StockNo {TF03}
[5800] 2016/03/01 09:23:45.260 Add Basket MarketNo¡G2 StockIdx¡G21
[5800] 2016/03/01 09:23:45.261 Divide StockNo {TF04}
[5800] 2016/03/01 09:23:45.261 Add Basket MarketNo¡G2 StockIdx¡G22
[5800] 2016/03/01 09:23:45.261 Divide StockNo {TF06}
[5800] 2016/03/01 09:23:45.262 Add Basket MarketNo¡G2 StockIdx¡G23
[5800] 2016/03/01 09:23:45.262 Divide StockNo {TF09}
[5800] 2016/03/01 09:23:45.263 Add Basket MarketNo¡G2 StockIdx¡G24
[5800] 2016/03/01 09:23:45.263 Divide StockNo {TF12}
[5800] 2016/03/01 09:23:45.263 Add Basket MarketNo¡G2 StockIdx¡G25
[5800] 2016/03/01 09:23:45.264 SKQuoteLib_RequestStocks Page 1
[5800] 2016/03/01 09:23:45.265 SKQuoteLib_RequestTicks (0,TSEA)
[5800] 2016/03/01 09:23:45.266 SKQuoteLib_RequestTicks (0,TX00)
[5800] 2016/03/01 09:23:45.267 SKQuoteLib_RequestTicks (0,TX03)
[5800] 2016/03/01 09:23:45.267 SKQuoteLib_RequestTicks (0,TX04)
[5800] 2016/03/01 09:23:45.268 SKQuoteLib_RequestTicks (0,TX06)
[5800] 2016/03/01 09:23:45.268 SKQuoteLib_RequestTicks (0,TX09)
[5800] 2016/03/01 09:23:45.269 SKQuoteLib_RequestTicks (0,TX12)
[5800] 2016/03/01 09:23:45.270 SKQuoteLib_RequestTicks (0,TE00)
[5800] 2016/03/01 09:23:45.270 SKQuoteLib_RequestTicks (0,TE03)
[5800] 2016/03/01 09:23:45.271 SKQuoteLib_RequestTicks (0,TE04)
[5800] 2016/03/01 09:23:45.272 SKQuoteLib_RequestTicks (0,TE06)
[5800] 2016/03/01 09:23:45.272 SKQuoteLib_RequestTicks (0,TE09)
[5800] 2016/03/01 09:23:45.273 SKQuoteLib_RequestTicks (0,TE12)
[5800] 2016/03/01 09:23:45.273 SKQuoteLib_RequestTicks (0,TF00)
[5800] 2016/03/01 09:23:45.274 SKQuoteLib_RequestTicks (0,TF03)
[5800] 2016/03/01 09:23:45.275 SKQuoteLib_RequestTicks (0,TF04)
[5800] 2016/03/01 09:23:45.275 SKQuoteLib_RequestTicks (0,TF06)
[5800] 2016/03/01 09:23:45.276 SKQuoteLib_RequestTicks (0,TF09)
[5800] 2016/03/01 09:23:45.276 SKQuoteLib_RequestTicks (0,TF12)
[5800] 2016/03/01 09:24:28.162 Check Link Status 
[5800] 2016/03/01 09:25:28.163 Check Link Status 
[6692] 2016/03/01 10:55:17.102 API InitInstance 
[6692] 2016/03/01 10:55:17.105 SKQuoteLib_Initialize ¡GB222875498
[6692] 2016/03/01 10:55:17.105 SKQuoteLib_Initialize ¡Ghttps://order2.capital.com.tw/
[6692] 2016/03/01 10:55:18.094 SKQuoteLib_Initialize  SUCCESS 
[6692] 2016/03/01 10:55:18.114 SKQuoteLib_EnterMonitor IP¡Ginfo10.capital.com.tw
[6692] 2016/03/01 10:55:18.117 SKQuoteLib_AttachConnectionCallBack 
[6692] 2016/03/01 10:55:18.118 SKQuoteLib_AttachQuoteCallBack 
[6692] 2016/03/01 10:55:18.118 SKQuoteLib_AttachBest5CallBack 
[6692] 2016/03/01 10:55:19.248 SocketConnect Type¡G100  ErrorCode¡G0
[6692] 2016/03/01 10:55:20.767 Stocks Ready
[6692] 2016/03/01 10:55:36.348 SKQuoteLib_RequestStocks (1,TSEA,TX00,TX03,TX04,TX06,TX09,TX12,TE00,TE03,TE04,TE06,TE09,TE12,TF00,TF03,TF04,TF06,TF09,TF12)
[6692] 2016/03/01 10:55:36.349 Divide StockNo {TSEA}
[6692] 2016/03/01 10:55:36.350 Add Basket MarketNo¡G0 StockIdx¡G10614
[6692] 2016/03/01 10:55:36.350 Divide StockNo {TX00}
[6692] 2016/03/01 10:55:36.351 Add Basket MarketNo¡G2 StockIdx¡G0
[6692] 2016/03/01 10:55:36.351 Divide StockNo {TX03}
[6692] 2016/03/01 10:55:36.352 Add Basket MarketNo¡G2 StockIdx¡G1
[6692] 2016/03/01 10:55:36.352 Divide StockNo {TX04}
[6692] 2016/03/01 10:55:36.352 Add Basket MarketNo¡G2 StockIdx¡G2
[6692] 2016/03/01 10:55:36.353 Divide StockNo {TX06}
[6692] 2016/03/01 10:55:36.353 Add Basket MarketNo¡G2 StockIdx¡G3
[6692] 2016/03/01 10:55:36.354 Divide StockNo {TX09}
[6692] 2016/03/01 10:55:36.354 Add Basket MarketNo¡G2 StockIdx¡G4
[6692] 2016/03/01 10:55:36.355 Divide StockNo {TX12}
[6692] 2016/03/01 10:55:36.355 Add Basket MarketNo¡G2 StockIdx¡G5
[6692] 2016/03/01 10:55:36.355 Divide StockNo {TE00}
[6692] 2016/03/01 10:55:36.356 Add Basket MarketNo¡G2 StockIdx¡G14
[6692] 2016/03/01 10:55:36.356 Divide StockNo {TE03}
[6692] 2016/03/01 10:55:36.357 Add Basket MarketNo¡G2 StockIdx¡G15
[6692] 2016/03/01 10:55:36.357 Divide StockNo {TE04}
[6692] 2016/03/01 10:55:36.358 Add Basket MarketNo¡G2 StockIdx¡G16
[6692] 2016/03/01 10:55:36.358 Divide StockNo {TE06}
[6692] 2016/03/01 10:55:36.359 Add Basket MarketNo¡G2 StockIdx¡G17
[6692] 2016/03/01 10:55:36.359 Divide StockNo {TE09}
[6692] 2016/03/01 10:55:36.359 Add Basket MarketNo¡G2 StockIdx¡G18
[6692] 2016/03/01 10:55:36.360 Divide StockNo {TE12}
[6692] 2016/03/01 10:55:36.360 Add Basket MarketNo¡G2 StockIdx¡G19
[6692] 2016/03/01 10:55:36.361 Divide StockNo {TF00}
[6692] 2016/03/01 10:55:36.361 Add Basket MarketNo¡G2 StockIdx¡G20
[6692] 2016/03/01 10:55:36.362 Divide StockNo {TF03}
[6692] 2016/03/01 10:55:36.362 Add Basket MarketNo¡G2 StockIdx¡G21
[6692] 2016/03/01 10:55:36.363 Divide StockNo {TF04}
[6692] 2016/03/01 10:55:36.363 Add Basket MarketNo¡G2 StockIdx¡G22
[6692] 2016/03/01 10:55:36.363 Divide StockNo {TF06}
[6692] 2016/03/01 10:55:36.364 Add Basket MarketNo¡G2 StockIdx¡G23
[6692] 2016/03/01 10:55:36.364 Divide StockNo {TF09}
[6692] 2016/03/01 10:55:36.365 Add Basket MarketNo¡G2 StockIdx¡G24
[6692] 2016/03/01 10:55:36.365 Divide StockNo {TF12}
[6692] 2016/03/01 10:55:36.366 Add Basket MarketNo¡G2 StockIdx¡G25
[6692] 2016/03/01 10:55:36.366 SKQuoteLib_RequestStocks Page 1
[6692] 2016/03/01 10:55:36.368 SKQuoteLib_RequestTicks (0,TSEA)
[6692] 2016/03/01 10:55:36.368 SKQuoteLib_RequestTicks (0,TX00)
[6692] 2016/03/01 10:55:36.369 SKQuoteLib_RequestTicks (0,TX03)
[6692] 2016/03/01 10:55:36.369 SKQuoteLib_RequestTicks (0,TX04)
[6692] 2016/03/01 10:55:36.370 SKQuoteLib_RequestTicks (0,TX06)
[6692] 2016/03/01 10:55:36.370 SKQuoteLib_RequestTicks (0,TX09)
[6692] 2016/03/01 10:55:36.371 SKQuoteLib_RequestTicks (0,TX12)
[6692] 2016/03/01 10:55:36.371 SKQuoteLib_RequestTicks (0,TE00)
[6692] 2016/03/01 10:55:36.372 SKQuoteLib_RequestTicks (0,TE03)
[6692] 2016/03/01 10:55:36.372 SKQuoteLib_RequestTicks (0,TE04)
[6692] 2016/03/01 10:55:36.373 SKQuoteLib_RequestTicks (0,TE06)
[6692] 2016/03/01 10:55:36.373 SKQuoteLib_RequestTicks (0,TE09)
[6692] 2016/03/01 10:55:36.374 SKQuoteLib_RequestTicks (0,TE12)
[6692] 2016/03/01 10:55:36.375 SKQuoteLib_RequestTicks (0,TF00)
[6692] 2016/03/01 10:55:36.376 SKQuoteLib_RequestTicks (0,TF03)
[6692] 2016/03/01 10:55:36.376 SKQuoteLib_RequestTicks (0,TF04)
[6692] 2016/03/01 10:55:36.377 SKQuoteLib_RequestTicks (0,TF06)
[6692] 2016/03/01 10:55:36.378 SKQuoteLib_RequestTicks (0,TF09)
[6692] 2016/03/01 10:55:36.378 SKQuoteLib_RequestTicks (0,TF12)
[6692] 2016/03/01 10:56:19.240 Check Link Status 
[6692] 2016/03/01 10:57:19.241 Check Link Status 
[6692] 2016/03/01 10:58:19.240 Check Link Status 
[6692] 2016/03/01 10:59:19.240 Check Link Status 
[8072] 2016/03/01 12:05:44.207 API InitInstance 
[8072] 2016/03/01 12:05:44.210 SKQuoteLib_Initialize ¡GB222875498
[8072] 2016/03/01 12:05:44.211 SKQuoteLib_Initialize ¡Ghttps://order2.capital.com.tw/
[8072] 2016/03/01 12:05:45.443 SKQuoteLib_Initialize  SUCCESS 
[8072] 2016/03/01 12:05:45.465 SKQuoteLib_EnterMonitor IP¡Ginfo10.capital.com.tw
[8072] 2016/03/01 12:05:45.467 SKQuoteLib_AttachConnectionCallBack 
[8072] 2016/03/01 12:05:45.468 SKQuoteLib_AttachQuoteCallBack 
[8072] 2016/03/01 12:05:45.469 SKQuoteLib_AttachBest5CallBack 
[8072] 2016/03/01 12:05:46.099 SocketConnect Type¡G100  ErrorCode¡G0
[8072] 2016/03/01 12:05:47.577 Stocks Ready
[8072] 2016/03/01 12:06:03.196 SKQuoteLib_RequestStocks (1,TSEA,TX00,TX03,TX04,TX06,TX09,TX12,TE00,TE03,TE04,TE06,TE09,TE12,TF00,TF03,TF04,TF06,TF09,TF12)
[8072] 2016/03/01 12:06:03.197 Divide StockNo {TSEA}
[8072] 2016/03/01 12:06:03.198 Add Basket MarketNo¡G0 StockIdx¡G10614
[8072] 2016/03/01 12:06:03.198 Divide StockNo {TX00}
[8072] 2016/03/01 12:06:03.198 Add Basket MarketNo¡G2 StockIdx¡G0
[8072] 2016/03/01 12:06:03.199 Divide StockNo {TX03}
[8072] 2016/03/01 12:06:03.199 Add Basket MarketNo¡G2 StockIdx¡G1
[8072] 2016/03/01 12:06:03.200 Divide StockNo {TX04}
[8072] 2016/03/01 12:06:03.200 Add Basket MarketNo¡G2 StockIdx¡G2
[8072] 2016/03/01 12:06:03.200 Divide StockNo {TX06}
[8072] 2016/03/01 12:06:03.201 Add Basket MarketNo¡G2 StockIdx¡G3
[8072] 2016/03/01 12:06:03.201 Divide StockNo {TX09}
[8072] 2016/03/01 12:06:03.201 Add Basket MarketNo¡G2 StockIdx¡G4
[8072] 2016/03/01 12:06:03.202 Divide StockNo {TX12}
[8072] 2016/03/01 12:06:03.202 Add Basket MarketNo¡G2 StockIdx¡G5
[8072] 2016/03/01 12:06:03.203 Divide StockNo {TE00}
[8072] 2016/03/01 12:06:03.203 Add Basket MarketNo¡G2 StockIdx¡G14
[8072] 2016/03/01 12:06:03.203 Divide StockNo {TE03}
[8072] 2016/03/01 12:06:03.204 Add Basket MarketNo¡G2 StockIdx¡G15
[8072] 2016/03/01 12:06:03.204 Divide StockNo {TE04}
[8072] 2016/03/01 12:06:03.205 Add Basket MarketNo¡G2 StockIdx¡G16
[8072] 2016/03/01 12:06:03.205 Divide StockNo {TE06}
[8072] 2016/03/01 12:06:03.205 Add Basket MarketNo¡G2 StockIdx¡G17
[8072] 2016/03/01 12:06:03.206 Divide StockNo {TE09}
[8072] 2016/03/01 12:06:03.206 Add Basket MarketNo¡G2 StockIdx¡G18
[8072] 2016/03/01 12:06:03.207 Divide StockNo {TE12}
[8072] 2016/03/01 12:06:03.207 Add Basket MarketNo¡G2 StockIdx¡G19
[8072] 2016/03/01 12:06:03.207 Divide StockNo {TF00}
[8072] 2016/03/01 12:06:03.208 Add Basket MarketNo¡G2 StockIdx¡G20
[8072] 2016/03/01 12:06:03.208 Divide StockNo {TF03}
[8072] 2016/03/01 12:06:03.209 Add Basket MarketNo¡G2 StockIdx¡G21
[8072] 2016/03/01 12:06:03.209 Divide StockNo {TF04}
[8072] 2016/03/01 12:06:03.209 Add Basket MarketNo¡G2 StockIdx¡G22
[8072] 2016/03/01 12:06:03.210 Divide StockNo {TF06}
[8072] 2016/03/01 12:06:03.210 Add Basket MarketNo¡G2 StockIdx¡G23
[8072] 2016/03/01 12:06:03.211 Divide StockNo {TF09}
[8072] 2016/03/01 12:06:03.211 Add Basket MarketNo¡G2 StockIdx¡G24
[8072] 2016/03/01 12:06:03.211 Divide StockNo {TF12}
[8072] 2016/03/01 12:06:03.212 Add Basket MarketNo¡G2 StockIdx¡G25
[8072] 2016/03/01 12:06:03.212 SKQuoteLib_RequestStocks Page 1
[8072] 2016/03/01 12:06:03.214 SKQuoteLib_RequestTicks (0,TSEA)
[8072] 2016/03/01 12:06:03.215 SKQuoteLib_RequestTicks (0,TX00)
[8072] 2016/03/01 12:06:03.216 SKQuoteLib_RequestTicks (0,TX03)
[8072] 2016/03/01 12:06:03.216 SKQuoteLib_RequestTicks (0,TX04)
[8072] 2016/03/01 12:06:03.217 SKQuoteLib_RequestTicks (0,TX06)
[8072] 2016/03/01 12:06:03.218 SKQuoteLib_RequestTicks (0,TX09)
[8072] 2016/03/01 12:06:03.218 SKQuoteLib_RequestTicks (0,TX12)
[8072] 2016/03/01 12:06:03.219 SKQuoteLib_RequestTicks (0,TE00)
[8072] 2016/03/01 12:06:03.220 SKQuoteLib_RequestTicks (0,TE03)
[8072] 2016/03/01 12:06:03.220 SKQuoteLib_RequestTicks (0,TE04)
[8072] 2016/03/01 12:06:03.221 SKQuoteLib_RequestTicks (0,TE06)
[8072] 2016/03/01 12:06:03.221 SKQuoteLib_RequestTicks (0,TE09)
[8072] 2016/03/01 12:06:03.222 SKQuoteLib_RequestTicks (0,TE12)
[8072] 2016/03/01 12:06:03.223 SKQuoteLib_RequestTicks (0,TF00)
[8072] 2016/03/01 12:06:03.223 SKQuoteLib_RequestTicks (0,TF03)
[8072] 2016/03/01 12:06:03.224 SKQuoteLib_RequestTicks (0,TF04)
[8072] 2016/03/01 12:06:03.224 SKQuoteLib_RequestTicks (0,TF06)
[8072] 2016/03/01 12:06:03.225 SKQuoteLib_RequestTicks (0,TF09)
[8072] 2016/03/01 12:06:03.226 SKQuoteLib_RequestTicks (0,TF12)
[8072] 2016/03/01 12:06:46.100 Check Link Status 
[8072] 2016/03/01 12:07:46.100 Check Link Status 
[8072] 2016/03/01 12:08:46.101 Check Link Status 
[8072] 2016/03/01 12:09:46.100 Check Link Status 
