[9136] 2016/03/02 09:43:00.721 API InitInstance 
[9136] 2016/03/02 09:43:00.729 SKOSQuoteLib_Initialize  ID멚B222875498
[9136] 2016/03/02 09:43:00.730 SKOSQuoteLib_Initialize  Server멚https://order2.capital.com.tw/
[9136] 2016/03/02 09:43:01.371 SKOSQuoteLib_EnterMonitor(0)
[9136] 2016/03/02 09:43:01.401 Connect FORT05.capital.com.tw 443
[9136] 2016/03/02 09:43:01.405 SKOSQuoteLib_AttachConnectCallBack
[9136] 2016/03/02 09:43:01.406 SKOSQuoteLib_AttachQuoteCallBack
[9136] 2016/03/02 09:43:01.407 SKOSQuoteLib_AttachBest5CallBack
[9136] 2016/03/02 09:43:01.494 SK_SUBJECT_CONNECTION_CONNECTED메Code: 0
[9136] 2016/03/02 09:43:19.497 SKOSQuoteLib_RequestStocks (1,CME,NQ_1603#CME,NQ_1606#CME,NQ_1609#CME,NQ_1612#CME,EC_1603#CME,EC_1606#CBT,YM1603#CBT,YM1606#NYM,CL1604#NYM,CL1605#NYM,GC1604#NYM,GC1606#NYM,SI1603#NYM,SI1605#SGX,NKNT1603#SGX,NKNT1606#SGX,CNIDX#SGX,CNT1603#HKF,MHI1603#HKF,MHI1604#EUR,DAX1603#EUR,DAX1606#CFX,CIF1603#CFX,CIF1604)
[9136] 2016/03/02 09:43:19.501 SKOSQuoteLib_RequestTicks (0,CME,NQ_1603)
[9136] 2016/03/02 09:43:19.602 SKOSQuoteLib_RequestTicks (0,CME,NQ_1606)
[9136] 2016/03/02 09:43:19.704 SKOSQuoteLib_RequestTicks (0,CME,NQ_1609)
[9136] 2016/03/02 09:43:19.806 SKOSQuoteLib_RequestTicks (0,CME,NQ_1612)
[9136] 2016/03/02 09:43:19.909 SKOSQuoteLib_RequestTicks (0,CME,EC_1603)
[9136] 2016/03/02 09:43:20.011 SKOSQuoteLib_RequestTicks (0,CME,EC_1606)
[9136] 2016/03/02 09:43:20.113 SKOSQuoteLib_RequestTicks (0,CBT,YM1603)
[9136] 2016/03/02 09:43:20.216 SKOSQuoteLib_RequestTicks (0,CBT,YM1606)
[9136] 2016/03/02 09:43:20.319 SKOSQuoteLib_RequestTicks (0,NYM,CL1604)
[9136] 2016/03/02 09:43:20.420 SKOSQuoteLib_RequestTicks (0,NYM,CL1605)
[9136] 2016/03/02 09:43:20.521 SKOSQuoteLib_RequestTicks (0,NYM,GC1604)
[9136] 2016/03/02 09:43:20.624 SKOSQuoteLib_RequestTicks (0,NYM,GC1606)
[9136] 2016/03/02 09:43:20.725 SKOSQuoteLib_RequestTicks (0,NYM,SI1603)
[9136] 2016/03/02 09:43:20.828 SKOSQuoteLib_RequestTicks (0,NYM,SI1605)
[9136] 2016/03/02 09:43:20.930 SKOSQuoteLib_RequestTicks (0,SGX,NKNT1603)
[9136] 2016/03/02 09:43:21.032 SKOSQuoteLib_RequestTicks (0,SGX,NKNT1606)
[9136] 2016/03/02 09:43:21.135 SKOSQuoteLib_RequestTicks (0,SGX,CNIDX)
[9136] 2016/03/02 09:43:21.238 SKOSQuoteLib_RequestTicks (0,SGX,CNT1603)
[9136] 2016/03/02 09:43:21.340 SKOSQuoteLib_RequestTicks (0,HKF,MHI1603)
[9136] 2016/03/02 09:43:21.442 SKOSQuoteLib_RequestTicks (0,HKF,MHI1604)
[9136] 2016/03/02 09:43:21.543 SKOSQuoteLib_RequestTicks (0,EUR,DAX1603)
[9136] 2016/03/02 09:43:21.644 SKOSQuoteLib_RequestTicks (0,EUR,DAX1606)
[9136] 2016/03/02 09:43:21.747 SKOSQuoteLib_RequestTicks (0,CFX,CIF1603)
[9136] 2016/03/02 09:43:21.850 SKOSQuoteLib_RequestTicks (0,CFX,CIF1604)
[7524] 2016/03/02 09:44:39.636 API InitInstance 
[7524] 2016/03/02 09:44:39.638 SKOSQuoteLib_Initialize  ID멚B222875498
[7524] 2016/03/02 09:44:39.639 SKOSQuoteLib_Initialize  Server멚https://order2.capital.com.tw/
[7524] 2016/03/02 09:44:40.546 SKOSQuoteLib_EnterMonitor(0)
[7524] 2016/03/02 09:44:40.546 Connect FORT07.capital.com.tw 443
[7524] 2016/03/02 09:44:40.549 SKOSQuoteLib_AttachConnectCallBack
[7524] 2016/03/02 09:44:40.550 SKOSQuoteLib_AttachQuoteCallBack
[7524] 2016/03/02 09:44:40.550 SKOSQuoteLib_AttachBest5CallBack
[7524] 2016/03/02 09:44:40.586 SK_SUBJECT_CONNECTION_CONNECTED메Code: 0
[7524] 2016/03/02 09:44:58.672 SKOSQuoteLib_RequestStocks (1,CME,NQ_1603#CME,NQ_1606#CME,NQ_1609#CME,NQ_1612#CME,EC_1603#CME,EC_1606#CBT,YM1603#CBT,YM1606#NYM,CL1604#NYM,CL1605#NYM,GC1604#NYM,GC1606#NYM,SI1603#NYM,SI1605#SGX,NKNT1603#SGX,NKNT1606#SGX,CNIDX#SGX,CNT1603#HKF,MHI1603#HKF,MHI1604#EUR,DAX1603#EUR,DAX1606#CFX,CIF1603#CFX,CIF1604)
[7524] 2016/03/02 09:44:58.676 SKOSQuoteLib_RequestTicks (0,CME,NQ_1603)
[7524] 2016/03/02 09:44:58.778 SKOSQuoteLib_RequestTicks (0,CME,NQ_1606)
[7524] 2016/03/02 09:44:58.881 SKOSQuoteLib_RequestTicks (0,CME,NQ_1609)
[7524] 2016/03/02 09:44:58.982 SKOSQuoteLib_RequestTicks (0,CME,NQ_1612)
[7524] 2016/03/02 09:44:59.085 SKOSQuoteLib_RequestTicks (0,CME,EC_1603)
[7524] 2016/03/02 09:44:59.186 SKOSQuoteLib_RequestTicks (0,CME,EC_1606)
[7524] 2016/03/02 09:44:59.289 SKOSQuoteLib_RequestTicks (0,CBT,YM1603)
[7524] 2016/03/02 09:44:59.391 SKOSQuoteLib_RequestTicks (0,CBT,YM1606)
[7524] 2016/03/02 09:44:59.493 SKOSQuoteLib_RequestTicks (0,NYM,CL1604)
[7524] 2016/03/02 09:44:59.595 SKOSQuoteLib_RequestTicks (0,NYM,CL1605)
[7524] 2016/03/02 09:44:59.698 SKOSQuoteLib_RequestTicks (0,NYM,GC1604)
[7524] 2016/03/02 09:44:59.800 SKOSQuoteLib_RequestTicks (0,NYM,GC1606)
[7524] 2016/03/02 09:44:59.903 SKOSQuoteLib_RequestTicks (0,NYM,SI1603)
[7524] 2016/03/02 09:45:00.005 SKOSQuoteLib_RequestTicks (0,NYM,SI1605)
[7524] 2016/03/02 09:45:00.107 SKOSQuoteLib_RequestTicks (0,SGX,NKNT1603)
[7524] 2016/03/02 09:45:00.210 SKOSQuoteLib_RequestTicks (0,SGX,NKNT1606)
[7524] 2016/03/02 09:45:00.312 SKOSQuoteLib_RequestTicks (0,SGX,CNIDX)
[7524] 2016/03/02 09:45:00.414 SKOSQuoteLib_RequestTicks (0,SGX,CNT1603)
[7524] 2016/03/02 09:45:00.515 SKOSQuoteLib_RequestTicks (0,HKF,MHI1603)
[7524] 2016/03/02 09:45:00.618 SKOSQuoteLib_RequestTicks (0,HKF,MHI1604)
[7524] 2016/03/02 09:45:00.719 SKOSQuoteLib_RequestTicks (0,EUR,DAX1603)
[7524] 2016/03/02 09:45:00.821 SKOSQuoteLib_RequestTicks (0,EUR,DAX1606)
[7524] 2016/03/02 09:45:00.924 SKOSQuoteLib_RequestTicks (0,CFX,CIF1603)
[7524] 2016/03/02 09:45:01.027 SKOSQuoteLib_RequestTicks (0,CFX,CIF1604)
[2924] 2016/03/02 10:13:57.581 API InitInstance 
[2924] 2016/03/02 10:13:57.583 SKOSQuoteLib_Initialize  ID멚B222875498
[2924] 2016/03/02 10:13:57.584 SKOSQuoteLib_Initialize  Server멚https://order2.capital.com.tw/
[2924] 2016/03/02 10:13:58.160 SKOSQuoteLib_EnterMonitor(0)
[2924] 2016/03/02 10:13:58.161 Connect FORT05.capital.com.tw 443
[2924] 2016/03/02 10:13:58.164 SKOSQuoteLib_AttachConnectCallBack
[2924] 2016/03/02 10:13:58.165 SKOSQuoteLib_AttachQuoteCallBack
[2924] 2016/03/02 10:13:58.165 SKOSQuoteLib_AttachBest5CallBack
[2924] 2016/03/02 10:13:58.200 SK_SUBJECT_CONNECTION_CONNECTED메Code: 0
[2924] 2016/03/02 10:14:16.296 SKOSQuoteLib_RequestStocks (1,CME,NQ_1603#CME,NQ_1606#CME,NQ_1609#CME,NQ_1612#CME,EC_1603#CME,EC_1606#CBT,YM1603#CBT,YM1606#NYM,CL1604#NYM,CL1605#NYM,GC1604#NYM,GC1606#NYM,SI1603#NYM,SI1605#SGX,NKNT1603#SGX,NKNT1606#SGX,CNIDX#SGX,CNT1603#HKF,MHI1603#HKF,MHI1604#EUR,DAX1603#EUR,DAX1606#CFX,CIF1603#CFX,CIF1604)
[2924] 2016/03/02 10:14:16.300 SKOSQuoteLib_RequestTicks (0,CME,NQ_1603)
[2924] 2016/03/02 10:14:16.402 SKOSQuoteLib_RequestTicks (0,CME,NQ_1606)
[2924] 2016/03/02 10:14:16.504 SKOSQuoteLib_RequestTicks (0,CME,NQ_1609)
[2924] 2016/03/02 10:14:16.607 SKOSQuoteLib_RequestTicks (0,CME,NQ_1612)
[2924] 2016/03/02 10:14:16.710 SKOSQuoteLib_RequestTicks (0,CME,EC_1603)
[2924] 2016/03/02 10:14:16.812 SKOSQuoteLib_RequestTicks (0,CME,EC_1606)
[2924] 2016/03/02 10:14:16.915 SKOSQuoteLib_RequestTicks (0,CBT,YM1603)
[2924] 2016/03/02 10:14:17.017 SKOSQuoteLib_RequestTicks (0,CBT,YM1606)
[2924] 2016/03/02 10:14:17.119 SKOSQuoteLib_RequestTicks (0,NYM,CL1604)
[2924] 2016/03/02 10:14:17.222 SKOSQuoteLib_RequestTicks (0,NYM,CL1605)
[2924] 2016/03/02 10:14:17.325 SKOSQuoteLib_RequestTicks (0,NYM,GC1604)
[2924] 2016/03/02 10:14:17.428 SKOSQuoteLib_RequestTicks (0,NYM,GC1606)
[2924] 2016/03/02 10:14:17.530 SKOSQuoteLib_RequestTicks (0,NYM,SI1603)
[2924] 2016/03/02 10:14:17.632 SKOSQuoteLib_RequestTicks (0,NYM,SI1605)
[2924] 2016/03/02 10:14:17.735 SKOSQuoteLib_RequestTicks (0,SGX,NKNT1603)
[2924] 2016/03/02 10:14:17.838 SKOSQuoteLib_RequestTicks (0,SGX,NKNT1606)
[2924] 2016/03/02 10:14:17.941 SKOSQuoteLib_RequestTicks (0,SGX,CNIDX)
[2924] 2016/03/02 10:14:18.042 SKOSQuoteLib_RequestTicks (0,SGX,CNT1603)
[2924] 2016/03/02 10:14:18.143 SKOSQuoteLib_RequestTicks (0,HKF,MHI1603)
[2924] 2016/03/02 10:14:18.245 SKOSQuoteLib_RequestTicks (0,HKF,MHI1604)
[2924] 2016/03/02 10:14:18.348 SKOSQuoteLib_RequestTicks (0,EUR,DAX1603)
[2924] 2016/03/02 10:14:18.449 SKOSQuoteLib_RequestTicks (0,EUR,DAX1606)
[2924] 2016/03/02 10:14:18.551 SKOSQuoteLib_RequestTicks (0,CFX,CIF1603)
[2924] 2016/03/02 10:14:18.654 SKOSQuoteLib_RequestTicks (0,CFX,CIF1604)
[11592] 2016/03/02 10:18:31.982 API InitInstance 
[11592] 2016/03/02 10:18:31.985 SKOSQuoteLib_Initialize  ID멚B222875498
[11592] 2016/03/02 10:18:31.985 SKOSQuoteLib_Initialize  Server멚https://order2.capital.com.tw/
[11592] 2016/03/02 10:18:32.605 SKOSQuoteLib_EnterMonitor(0)
[11592] 2016/03/02 10:18:32.605 Connect FORT01.capital.com.tw 443
[11592] 2016/03/02 10:18:32.608 SKOSQuoteLib_AttachConnectCallBack
[11592] 2016/03/02 10:18:32.609 SKOSQuoteLib_AttachQuoteCallBack
[11592] 2016/03/02 10:18:32.609 SKOSQuoteLib_AttachBest5CallBack
[11592] 2016/03/02 10:18:32.704 SK_SUBJECT_CONNECTION_CONNECTED메Code: 0
[11592] 2016/03/02 10:18:50.668 SKOSQuoteLib_RequestStocks (1,CME,NQ_1603#CME,NQ_1606#CME,NQ_1609#CME,NQ_1612#CME,EC_1603#CME,EC_1606#CBT,YM1603#CBT,YM1606#NYM,CL1604#NYM,CL1605#NYM,GC1604#NYM,GC1606#NYM,SI1603#NYM,SI1605#SGX,NKNT1603#SGX,NKNT1606#SGX,CNIDX#SGX,CNT1603#HKF,MHI1603#HKF,MHI1604#EUR,DAX1603#EUR,DAX1606#CFX,CIF1603#CFX,CIF1604)
[11592] 2016/03/02 10:18:50.672 SKOSQuoteLib_RequestTicks (0,CME,NQ_1603)
[11592] 2016/03/02 10:18:50.774 SKOSQuoteLib_RequestTicks (0,CME,NQ_1606)
[11592] 2016/03/02 10:18:50.878 SKOSQuoteLib_RequestTicks (0,CME,NQ_1609)
[11592] 2016/03/02 10:18:50.980 SKOSQuoteLib_RequestTicks (0,CME,NQ_1612)
[11592] 2016/03/02 10:18:51.082 SKOSQuoteLib_RequestTicks (0,CME,EC_1603)
[11592] 2016/03/02 10:18:51.184 SKOSQuoteLib_RequestTicks (0,CME,EC_1606)
[11592] 2016/03/02 10:18:51.286 SKOSQuoteLib_RequestTicks (0,CBT,YM1603)
[11592] 2016/03/02 10:18:51.389 SKOSQuoteLib_RequestTicks (0,CBT,YM1606)
[11592] 2016/03/02 10:18:51.491 SKOSQuoteLib_RequestTicks (0,NYM,CL1604)
[11592] 2016/03/02 10:18:51.593 SKOSQuoteLib_RequestTicks (0,NYM,CL1605)
[11592] 2016/03/02 10:18:51.696 SKOSQuoteLib_RequestTicks (0,NYM,GC1604)
[11592] 2016/03/02 10:18:51.798 SKOSQuoteLib_RequestTicks (0,NYM,GC1606)
[11592] 2016/03/02 10:18:51.899 SKOSQuoteLib_RequestTicks (0,NYM,SI1603)
[11592] 2016/03/02 10:18:52.000 SKOSQuoteLib_RequestTicks (0,NYM,SI1605)
[11592] 2016/03/02 10:18:52.101 SKOSQuoteLib_RequestTicks (0,SGX,NKNT1603)
[11592] 2016/03/02 10:18:52.204 SKOSQuoteLib_RequestTicks (0,SGX,NKNT1606)
[11592] 2016/03/02 10:18:52.308 SKOSQuoteLib_RequestTicks (0,SGX,CNIDX)
[11592] 2016/03/02 10:18:52.409 SKOSQuoteLib_RequestTicks (0,SGX,CNT1603)
[11592] 2016/03/02 10:18:52.513 SKOSQuoteLib_RequestTicks (0,HKF,MHI1603)
[11592] 2016/03/02 10:18:52.614 SKOSQuoteLib_RequestTicks (0,HKF,MHI1604)
[11592] 2016/03/02 10:18:52.715 SKOSQuoteLib_RequestTicks (0,EUR,DAX1603)
[11592] 2016/03/02 10:18:52.816 SKOSQuoteLib_RequestTicks (0,EUR,DAX1606)
[11592] 2016/03/02 10:18:52.919 SKOSQuoteLib_RequestTicks (0,CFX,CIF1603)
[11592] 2016/03/02 10:18:53.021 SKOSQuoteLib_RequestTicks (0,CFX,CIF1604)
[11592] 2016/03/02 10:24:32.600 SKOSQuoteLib_RequestStocks (1,CME,NQ_1603#CME,NQ_1606#CME,NQ_1609#CME,NQ_1612#CME,EC_1603#CME,EC_1606#CBT,YM1603#CBT,YM1606#NYM,CL1604#NYM,CL1605#NYM,GC1604#NYM,GC1606#NYM,SI1603#NYM,SI1605#SGX,NKNT1603#SGX,NKNT1606#SGX,CNIDX#SGX,CNT1603#HKF,MHI1603#HKF,MHI1604#EUR,DAX1603#EUR,DAX1606#CFX,CIF1603#CFX,CIF1604)
[11592] 2016/03/02 10:24:32.610 SKOSQuoteLib_RequestTicks (0,CME,NQ_1603)
[11592] 2016/03/02 10:24:32.713 SKOSQuoteLib_RequestTicks (0,CME,NQ_1606)
[11592] 2016/03/02 10:24:32.815 SKOSQuoteLib_RequestTicks (0,CME,NQ_1609)
[11592] 2016/03/02 10:24:32.916 SKOSQuoteLib_RequestTicks (0,CME,NQ_1612)
[11592] 2016/03/02 10:24:33.018 SKOSQuoteLib_RequestTicks (0,CME,EC_1603)
[11592] 2016/03/02 10:24:33.121 SKOSQuoteLib_RequestTicks (0,CME,EC_1606)
[11592] 2016/03/02 10:24:33.222 SKOSQuoteLib_RequestTicks (0,CBT,YM1603)
[11592] 2016/03/02 10:24:33.325 SKOSQuoteLib_RequestTicks (0,CBT,YM1606)
[11592] 2016/03/02 10:24:33.428 SKOSQuoteLib_RequestTicks (0,NYM,CL1604)
[11592] 2016/03/02 10:24:33.531 SKOSQuoteLib_RequestTicks (0,NYM,CL1605)
[11592] 2016/03/02 10:24:33.633 SKOSQuoteLib_RequestTicks (0,NYM,GC1604)
[11592] 2016/03/02 10:24:33.735 SKOSQuoteLib_RequestTicks (0,NYM,GC1606)
[11592] 2016/03/02 10:24:33.837 SKOSQuoteLib_RequestTicks (0,NYM,SI1603)
[11592] 2016/03/02 10:24:33.939 SKOSQuoteLib_RequestTicks (0,NYM,SI1605)
[11592] 2016/03/02 10:24:34.042 SKOSQuoteLib_RequestTicks (0,SGX,NKNT1603)
[11592] 2016/03/02 10:24:34.145 SKOSQuoteLib_RequestTicks (0,SGX,NKNT1606)
[11592] 2016/03/02 10:24:34.247 SKOSQuoteLib_RequestTicks (0,SGX,CNIDX)
[11592] 2016/03/02 10:24:34.350 SKOSQuoteLib_RequestTicks (0,SGX,CNT1603)
[11592] 2016/03/02 10:24:34.451 SKOSQuoteLib_RequestTicks (0,HKF,MHI1603)
[11592] 2016/03/02 10:24:34.554 SKOSQuoteLib_RequestTicks (0,HKF,MHI1604)
[11592] 2016/03/02 10:24:34.656 SKOSQuoteLib_RequestTicks (0,EUR,DAX1603)
[11592] 2016/03/02 10:24:34.758 SKOSQuoteLib_RequestTicks (0,EUR,DAX1606)
[11592] 2016/03/02 10:24:34.861 SKOSQuoteLib_RequestTicks (0,CFX,CIF1603)
[11592] 2016/03/02 10:24:34.963 SKOSQuoteLib_RequestTicks (0,CFX,CIF1604)
[11648] 2016/03/02 15:04:12.696 API InitInstance 
[11648] 2016/03/02 15:04:12.698 SKOSQuoteLib_Initialize  ID멚B222875498
[11648] 2016/03/02 15:04:12.699 SKOSQuoteLib_Initialize  Server멚https://order2.capital.com.tw/
[11648] 2016/03/02 15:04:13.598 SKOSQuoteLib_EnterMonitor(0)
[11648] 2016/03/02 15:04:13.599 Connect FORT05.capital.com.tw 443
[11648] 2016/03/02 15:04:13.602 SKOSQuoteLib_AttachConnectCallBack
[11648] 2016/03/02 15:04:13.603 SKOSQuoteLib_AttachQuoteCallBack
[11648] 2016/03/02 15:04:13.604 SKOSQuoteLib_AttachBest5CallBack
[11648] 2016/03/02 15:04:13.638 SK_SUBJECT_CONNECTION_CONNECTED메Code: 0
[11648] 2016/03/02 15:04:31.828 SKOSQuoteLib_RequestStocks (1,CME,NQ_1603#CME,NQ_1606#CME,NQ_1609#CME,NQ_1612#CME,EC_1603#CME,EC_1606#CBT,YM1603#CBT,YM1606#NYM,CL1604#NYM,CL1605#NYM,GC1604#NYM,GC1606#NYM,SI1603#NYM,SI1605#SGX,NKNT1603#SGX,NKNT1606#SGX,CNIDX#SGX,CNT1603#HKF,MHI1603#HKF,MHI1604#EUR,DAX1603#EUR,DAX1606#CFX,CIF1603#CFX,CIF1604)
[11648] 2016/03/02 15:04:31.831 SKOSQuoteLib_RequestTicks (0,CME,NQ_1603)
[11648] 2016/03/02 15:04:31.933 SKOSQuoteLib_RequestTicks (0,CME,NQ_1606)
[11648] 2016/03/02 15:04:32.036 SKOSQuoteLib_RequestTicks (0,CME,NQ_1609)
[11648] 2016/03/02 15:04:32.137 SKOSQuoteLib_RequestTicks (0,CME,NQ_1612)
[11648] 2016/03/02 15:04:32.239 SKOSQuoteLib_RequestTicks (0,CME,EC_1603)
[11648] 2016/03/02 15:04:32.340 SKOSQuoteLib_RequestTicks (0,CME,EC_1606)
[11648] 2016/03/02 15:04:32.441 SKOSQuoteLib_RequestTicks (0,CBT,YM1603)
[11648] 2016/03/02 15:04:32.543 SKOSQuoteLib_RequestTicks (0,CBT,YM1606)
[11648] 2016/03/02 15:04:32.644 SKOSQuoteLib_RequestTicks (0,NYM,CL1604)
[11648] 2016/03/02 15:04:32.745 SKOSQuoteLib_RequestTicks (0,NYM,CL1605)
[11648] 2016/03/02 15:04:32.846 SKOSQuoteLib_RequestTicks (0,NYM,GC1604)
[11648] 2016/03/02 15:04:32.948 SKOSQuoteLib_RequestTicks (0,NYM,GC1606)
[11648] 2016/03/02 15:04:33.050 SKOSQuoteLib_RequestTicks (0,NYM,SI1603)
[11648] 2016/03/02 15:04:33.152 SKOSQuoteLib_RequestTicks (0,NYM,SI1605)
[11648] 2016/03/02 15:04:33.254 SKOSQuoteLib_RequestTicks (0,SGX,NKNT1603)
[11648] 2016/03/02 15:04:33.355 SKOSQuoteLib_RequestTicks (0,SGX,NKNT1606)
[11648] 2016/03/02 15:04:33.458 SKOSQuoteLib_RequestTicks (0,SGX,CNIDX)
[11648] 2016/03/02 15:04:33.561 SKOSQuoteLib_RequestTicks (0,SGX,CNT1603)
[11648] 2016/03/02 15:04:33.662 SKOSQuoteLib_RequestTicks (0,HKF,MHI1603)
[11648] 2016/03/02 15:04:33.765 SKOSQuoteLib_RequestTicks (0,HKF,MHI1604)
[11648] 2016/03/02 15:04:33.867 SKOSQuoteLib_RequestTicks (0,EUR,DAX1603)
[11648] 2016/03/02 15:04:33.970 SKOSQuoteLib_RequestTicks (0,EUR,DAX1606)
[11648] 2016/03/02 15:04:34.072 SKOSQuoteLib_RequestTicks (0,CFX,CIF1603)
[11648] 2016/03/02 15:04:34.175 SKOSQuoteLib_RequestTicks (0,CFX,CIF1604)
[12860] 2016/03/02 15:15:49.140 API InitInstance 
[12860] 2016/03/02 15:15:49.146 SKOSQuoteLib_Initialize  ID멚B222875498
[12860] 2016/03/02 15:15:49.147 SKOSQuoteLib_Initialize  Server멚https://order2.capital.com.tw/
[12860] 2016/03/02 15:15:49.750 SKOSQuoteLib_EnterMonitor(0)
[12860] 2016/03/02 15:15:49.751 Connect FORT01.capital.com.tw 443
[12860] 2016/03/02 15:15:49.754 SKOSQuoteLib_AttachConnectCallBack
[12860] 2016/03/02 15:15:49.754 SKOSQuoteLib_AttachQuoteCallBack
[12860] 2016/03/02 15:15:49.755 SKOSQuoteLib_AttachBest5CallBack
[12860] 2016/03/02 15:15:49.797 SK_SUBJECT_CONNECTION_CONNECTED메Code: 0
[12860] 2016/03/02 15:16:08.410 SKOSQuoteLib_RequestStocks (1,CME,NQ_1603#CME,NQ_1606#CME,NQ_1609#CME,NQ_1612#CME,EC_1603#CME,EC_1606#CBT,YM1603#CBT,YM1606#NYM,CL1604#NYM,CL1605#NYM,GC1604#NYM,GC1606#NYM,SI1603#NYM,SI1605#SGX,NKNT1603#SGX,NKNT1606#SGX,CNIDX#SGX,CNT1603#HKF,MHI1603#HKF,MHI1604#EUR,DAX1603#EUR,DAX1606#CFX,CIF1603#CFX,CIF1604)
[12860] 2016/03/02 15:16:08.415 SKOSQuoteLib_RequestTicks (0,CME,NQ_1603)
[12860] 2016/03/02 15:16:08.517 SKOSQuoteLib_RequestTicks (0,CME,NQ_1606)
[12860] 2016/03/02 15:16:08.619 SKOSQuoteLib_RequestTicks (0,CME,NQ_1609)
[12860] 2016/03/02 15:16:08.720 SKOSQuoteLib_RequestTicks (0,CME,NQ_1612)
[12860] 2016/03/02 15:16:08.823 SKOSQuoteLib_RequestTicks (0,CME,EC_1603)
[12860] 2016/03/02 15:16:08.924 SKOSQuoteLib_RequestTicks (0,CME,EC_1606)
[12860] 2016/03/02 15:16:09.025 SKOSQuoteLib_RequestTicks (0,CBT,YM1603)
[12860] 2016/03/02 15:16:09.128 SKOSQuoteLib_RequestTicks (0,CBT,YM1606)
[12860] 2016/03/02 15:16:09.231 SKOSQuoteLib_RequestTicks (0,NYM,CL1604)
[12860] 2016/03/02 15:16:09.333 SKOSQuoteLib_RequestTicks (0,NYM,CL1605)
[12860] 2016/03/02 15:16:09.437 SKOSQuoteLib_RequestTicks (0,NYM,GC1604)
[12860] 2016/03/02 15:16:09.538 SKOSQuoteLib_RequestTicks (0,NYM,GC1606)
[12860] 2016/03/02 15:16:09.639 SKOSQuoteLib_RequestTicks (0,NYM,SI1603)
[12860] 2016/03/02 15:16:09.740 SKOSQuoteLib_RequestTicks (0,NYM,SI1605)
[12860] 2016/03/02 15:16:09.841 SKOSQuoteLib_RequestTicks (0,SGX,NKNT1603)
[12860] 2016/03/02 15:16:09.942 SKOSQuoteLib_RequestTicks (0,SGX,NKNT1606)
[12860] 2016/03/02 15:16:10.043 SKOSQuoteLib_RequestTicks (0,SGX,CNIDX)
[12860] 2016/03/02 15:16:10.145 SKOSQuoteLib_RequestTicks (0,SGX,CNT1603)
[12860] 2016/03/02 15:16:10.248 SKOSQuoteLib_RequestTicks (0,HKF,MHI1603)
[12860] 2016/03/02 15:16:10.351 SKOSQuoteLib_RequestTicks (0,HKF,MHI1604)
[12860] 2016/03/02 15:16:10.454 SKOSQuoteLib_RequestTicks (0,EUR,DAX1603)
[12860] 2016/03/02 15:16:10.555 SKOSQuoteLib_RequestTicks (0,EUR,DAX1606)
[12860] 2016/03/02 15:16:10.656 SKOSQuoteLib_RequestTicks (0,CFX,CIF1603)
[12860] 2016/03/02 15:16:10.758 SKOSQuoteLib_RequestTicks (0,CFX,CIF1604)
[5440] 2016/03/02 16:33:11.720 API InitInstance 
[5440] 2016/03/02 16:33:11.723 SKOSQuoteLib_Initialize  ID멚B222875498
[5440] 2016/03/02 16:33:11.723 SKOSQuoteLib_Initialize  Server멚https://order2.capital.com.tw/
[5440] 2016/03/02 16:33:12.514 SKOSQuoteLib_EnterMonitor(0)
[5440] 2016/03/02 16:33:12.515 Connect FORT01.capital.com.tw 443
[5440] 2016/03/02 16:33:12.517 SKOSQuoteLib_AttachConnectCallBack
[5440] 2016/03/02 16:33:12.518 SKOSQuoteLib_AttachQuoteCallBack
[5440] 2016/03/02 16:33:12.519 SKOSQuoteLib_AttachBest5CallBack
[5440] 2016/03/02 16:33:12.553 SK_SUBJECT_CONNECTION_CONNECTED메Code: 0
[5440] 2016/03/02 16:33:30.686 SKOSQuoteLib_RequestStocks (1,CME,NQ_1603#CME,NQ_1606#CME,NQ_1609#CME,NQ_1612#CME,EC_1603#CME,EC_1606#CBT,YM1603#CBT,YM1606#NYM,CL1604#NYM,CL1605#NYM,GC1604#NYM,GC1606#NYM,SI1603#NYM,SI1605#SGX,NKNT1603#SGX,NKNT1606#SGX,CNIDX#SGX,CNT1603#HKF,MHI1603#HKF,MHI1604#EUR,DAX1603#EUR,DAX1606#CFX,CIF1603#CFX,CIF1604)
[5440] 2016/03/02 16:33:30.690 SKOSQuoteLib_RequestTicks (0,CME,NQ_1603)
[5440] 2016/03/02 16:33:30.791 SKOSQuoteLib_RequestTicks (0,CME,NQ_1606)
[5440] 2016/03/02 16:33:30.894 SKOSQuoteLib_RequestTicks (0,CME,NQ_1609)
[5440] 2016/03/02 16:33:30.995 SKOSQuoteLib_RequestTicks (0,CME,NQ_1612)
[5440] 2016/03/02 16:33:31.097 SKOSQuoteLib_RequestTicks (0,CME,EC_1603)
[5440] 2016/03/02 16:33:31.199 SKOSQuoteLib_RequestTicks (0,CME,EC_1606)
[5440] 2016/03/02 16:33:31.301 SKOSQuoteLib_RequestTicks (0,CBT,YM1603)
[5440] 2016/03/02 16:33:31.403 SKOSQuoteLib_RequestTicks (0,CBT,YM1606)
[5440] 2016/03/02 16:33:31.505 SKOSQuoteLib_RequestTicks (0,NYM,CL1604)
[5440] 2016/03/02 16:33:31.607 SKOSQuoteLib_RequestTicks (0,NYM,CL1605)
[5440] 2016/03/02 16:33:31.708 SKOSQuoteLib_RequestTicks (0,NYM,GC1604)
[5440] 2016/03/02 16:33:31.810 SKOSQuoteLib_RequestTicks (0,NYM,GC1606)
[5440] 2016/03/02 16:33:31.911 SKOSQuoteLib_RequestTicks (0,NYM,SI1603)
[5440] 2016/03/02 16:33:32.013 SKOSQuoteLib_RequestTicks (0,NYM,SI1605)
[5440] 2016/03/02 16:33:32.114 SKOSQuoteLib_RequestTicks (0,SGX,NKNT1603)
[5440] 2016/03/02 16:33:32.217 SKOSQuoteLib_RequestTicks (0,SGX,NKNT1606)
[5440] 2016/03/02 16:33:32.318 SKOSQuoteLib_RequestTicks (0,SGX,CNIDX)
[5440] 2016/03/02 16:33:32.421 SKOSQuoteLib_RequestTicks (0,SGX,CNT1603)
[5440] 2016/03/02 16:33:32.525 SKOSQuoteLib_RequestTicks (0,HKF,MHI1603)
[5440] 2016/03/02 16:33:32.627 SKOSQuoteLib_RequestTicks (0,HKF,MHI1604)
[5440] 2016/03/02 16:33:32.729 SKOSQuoteLib_RequestTicks (0,EUR,DAX1603)
[5440] 2016/03/02 16:33:32.832 SKOSQuoteLib_RequestTicks (0,EUR,DAX1606)
[5440] 2016/03/02 16:33:32.936 SKOSQuoteLib_RequestTicks (0,CFX,CIF1603)
[5440] 2016/03/02 16:33:33.037 SKOSQuoteLib_RequestTicks (0,CFX,CIF1604)
