[9184] 2016/03/07 13:51:46.153 API InitInstance 
[9184] 2016/03/07 13:51:46.158 SKOSQuoteLib_Initialize  ID¡GB222875498
[9184] 2016/03/07 13:51:46.160 SKOSQuoteLib_Initialize  Server¡Ghttps://order2.capital.com.tw/
[9184] 2016/03/07 13:51:47.203 SKOSQuoteLib_EnterMonitor(0)
[9184] 2016/03/07 13:51:47.204 Connect FORT01.capital.com.tw 443
[9184] 2016/03/07 13:51:47.207 SKOSQuoteLib_AttachConnectCallBack
[9184] 2016/03/07 13:51:47.207 SKOSQuoteLib_AttachQuoteCallBack
[9184] 2016/03/07 13:51:47.208 SKOSQuoteLib_AttachBest5CallBack
[9184] 2016/03/07 13:51:47.292 SK_SUBJECT_CONNECTION_CONNECTED¡ACode: 0
[9184] 2016/03/07 13:52:08.721 SKOSQuoteLib_RequestStocks (1,CME,NQ_1603#CME,NQ_1606#CME,NQ_1609#CME,NQ_1612#CME,EC_1603#CME,EC_1606#CBT,YM1603#CBT,YM1606#NYM,CL1604#NYM,CL1605#NYM,GC1604#NYM,GC1606#NYM,SI1603#NYM,SI1605#SGX,NKNT1603#SGX,NKNT1606#SGX,CNIDX#SGX,CNT1603#HKF,MHI1603#HKF,MHI1604#EUR,DAX1603#EUR,DAX1606#CFX,CIF1603#CFX,CIF1604)
[9184] 2016/03/07 13:52:08.725 SKOSQuoteLib_RequestTicks (0,CME,NQ_1603)
[9184] 2016/03/07 13:52:08.827 SKOSQuoteLib_RequestTicks (0,CME,NQ_1606)
[9184] 2016/03/07 13:52:08.929 SKOSQuoteLib_RequestTicks (0,CME,NQ_1609)
[9184] 2016/03/07 13:52:09.031 SKOSQuoteLib_RequestTicks (0,CME,NQ_1612)
[9184] 2016/03/07 13:52:09.133 SKOSQuoteLib_RequestTicks (0,CME,EC_1603)
[9184] 2016/03/07 13:52:09.235 SKOSQuoteLib_RequestTicks (0,CME,EC_1606)
[9184] 2016/03/07 13:52:09.336 SKOSQuoteLib_RequestTicks (0,CBT,YM1603)
[9184] 2016/03/07 13:52:09.439 SKOSQuoteLib_RequestTicks (0,CBT,YM1606)
[9184] 2016/03/07 13:52:09.542 SKOSQuoteLib_RequestTicks (0,NYM,CL1604)
[9184] 2016/03/07 13:52:09.644 SKOSQuoteLib_RequestTicks (0,NYM,CL1605)
[9184] 2016/03/07 13:52:09.746 SKOSQuoteLib_RequestTicks (0,NYM,GC1604)
[9184] 2016/03/07 13:52:09.848 SKOSQuoteLib_RequestTicks (0,NYM,GC1606)
[9184] 2016/03/07 13:52:09.951 SKOSQuoteLib_RequestTicks (0,NYM,SI1603)
[9184] 2016/03/07 13:52:10.052 SKOSQuoteLib_RequestTicks (0,NYM,SI1605)
[9184] 2016/03/07 13:52:10.155 SKOSQuoteLib_RequestTicks (0,SGX,NKNT1603)
[9184] 2016/03/07 13:52:10.256 SKOSQuoteLib_RequestTicks (0,SGX,NKNT1606)
[9184] 2016/03/07 13:52:10.359 SKOSQuoteLib_RequestTicks (0,SGX,CNIDX)
[9184] 2016/03/07 13:52:10.461 SKOSQuoteLib_RequestTicks (0,SGX,CNT1603)
[9184] 2016/03/07 13:52:10.564 SKOSQuoteLib_RequestTicks (0,HKF,MHI1603)
[9184] 2016/03/07 13:52:10.666 SKOSQuoteLib_RequestTicks (0,HKF,MHI1604)
[9184] 2016/03/07 13:52:10.769 SKOSQuoteLib_RequestTicks (0,EUR,DAX1603)
[9184] 2016/03/07 13:52:10.872 SKOSQuoteLib_RequestTicks (0,EUR,DAX1606)
[9184] 2016/03/07 13:52:10.975 SKOSQuoteLib_RequestTicks (0,CFX,CIF1603)
[9184] 2016/03/07 13:52:11.078 SKOSQuoteLib_RequestTicks (0,CFX,CIF1604)
[11516] 2016/03/07 14:06:21.706 API InitInstance 
[11516] 2016/03/07 14:06:21.708 SKOSQuoteLib_Initialize  ID¡GB222875498
[11516] 2016/03/07 14:06:21.708 SKOSQuoteLib_Initialize  Server¡Ghttps://order2.capital.com.tw/
[11516] 2016/03/07 14:06:22.388 SKOSQuoteLib_EnterMonitor(0)
[11516] 2016/03/07 14:06:22.388 Connect FORT05.capital.com.tw 443
[11516] 2016/03/07 14:06:22.391 SKOSQuoteLib_AttachConnectCallBack
[11516] 2016/03/07 14:06:22.392 SKOSQuoteLib_AttachQuoteCallBack
[11516] 2016/03/07 14:06:22.392 SKOSQuoteLib_AttachBest5CallBack
[11516] 2016/03/07 14:06:22.480 SK_SUBJECT_CONNECTION_CONNECTED¡ACode: 0
[11516] 2016/03/07 14:06:42.879 SKOSQuoteLib_RequestStocks (1,CME,NQ_1603#CME,NQ_1606#CME,NQ_1609#CME,NQ_1612#CME,EC_1603#CME,EC_1606#CBT,YM1603#CBT,YM1606#NYM,CL1604#NYM,CL1605#NYM,GC1604#NYM,GC1606#NYM,SI1603#NYM,SI1605#SGX,NKNT1603#SGX,NKNT1606#SGX,CNIDX#SGX,CNT1603#HKF,MHI1603#HKF,MHI1604#EUR,DAX1603#EUR,DAX1606#CFX,CIF1603#CFX,CIF1604)
[11516] 2016/03/07 14:06:42.883 SKOSQuoteLib_RequestTicks (0,CME,NQ_1603)
[11516] 2016/03/07 14:06:42.984 SKOSQuoteLib_RequestTicks (0,CME,NQ_1606)
[11516] 2016/03/07 14:06:43.086 SKOSQuoteLib_RequestTicks (0,CME,NQ_1609)
[11516] 2016/03/07 14:06:43.187 SKOSQuoteLib_RequestTicks (0,CME,NQ_1612)
[11516] 2016/03/07 14:06:43.290 SKOSQuoteLib_RequestTicks (0,CME,EC_1603)
[11516] 2016/03/07 14:06:43.392 SKOSQuoteLib_RequestTicks (0,CME,EC_1606)
[11516] 2016/03/07 14:06:43.493 SKOSQuoteLib_RequestTicks (0,CBT,YM1603)
[11516] 2016/03/07 14:06:43.595 SKOSQuoteLib_RequestTicks (0,CBT,YM1606)
[11516] 2016/03/07 14:06:43.697 SKOSQuoteLib_RequestTicks (0,NYM,CL1604)
[11516] 2016/03/07 14:06:43.799 SKOSQuoteLib_RequestTicks (0,NYM,CL1605)
[11516] 2016/03/07 14:06:43.903 SKOSQuoteLib_RequestTicks (0,NYM,GC1604)
[11516] 2016/03/07 14:06:44.004 SKOSQuoteLib_RequestTicks (0,NYM,GC1606)
[11516] 2016/03/07 14:06:44.106 SKOSQuoteLib_RequestTicks (0,NYM,SI1603)
[11516] 2016/03/07 14:06:44.208 SKOSQuoteLib_RequestTicks (0,NYM,SI1605)
[11516] 2016/03/07 14:06:44.311 SKOSQuoteLib_RequestTicks (0,SGX,NKNT1603)
[11516] 2016/03/07 14:06:44.414 SKOSQuoteLib_RequestTicks (0,SGX,NKNT1606)
[11516] 2016/03/07 14:06:44.517 SKOSQuoteLib_RequestTicks (0,SGX,CNIDX)
[11516] 2016/03/07 14:06:44.618 SKOSQuoteLib_RequestTicks (0,SGX,CNT1603)
[11516] 2016/03/07 14:06:44.721 SKOSQuoteLib_RequestTicks (0,HKF,MHI1603)
[11516] 2016/03/07 14:06:44.824 SKOSQuoteLib_RequestTicks (0,HKF,MHI1604)
[11516] 2016/03/07 14:06:44.926 SKOSQuoteLib_RequestTicks (0,EUR,DAX1603)
[11516] 2016/03/07 14:06:45.027 SKOSQuoteLib_RequestTicks (0,EUR,DAX1606)
[11516] 2016/03/07 14:06:45.129 SKOSQuoteLib_RequestTicks (0,CFX,CIF1603)
[11516] 2016/03/07 14:06:45.230 SKOSQuoteLib_RequestTicks (0,CFX,CIF1604)
