[9548] 2016/03/07 09:41:39.456 API InitInstance 
[9548] 2016/03/07 09:41:39.458 SKQuoteLib_Initialize ¡GB222875498
[9548] 2016/03/07 09:41:39.458 SKQuoteLib_Initialize ¡Ghttps://order2.capital.com.tw/
[5348] 2016/03/07 09:42:30.403 API InitInstance 
[5348] 2016/03/07 09:42:30.406 SKQuoteLib_Initialize ¡GB222875498
[5348] 2016/03/07 09:42:30.406 SKQuoteLib_Initialize ¡Ghttps://order2.capital.com.tw/
[1868] 2016/03/07 09:45:38.622 API InitInstance 
[1868] 2016/03/07 09:45:38.624 SKQuoteLib_Initialize ¡GB222875498
[1868] 2016/03/07 09:45:38.624 SKQuoteLib_Initialize ¡Ghttps://order2.capital.com.tw/
[8436] 2016/03/07 09:54:57.070 API InitInstance 
[8436] 2016/03/07 09:54:57.073 SKQuoteLib_Initialize ¡GB222875498
[8436] 2016/03/07 09:54:57.073 SKQuoteLib_Initialize ¡Ghttps://order2.capital.com.tw/
[6464] 2016/03/07 10:09:26.046 API InitInstance 
[6464] 2016/03/07 10:09:26.048 SKQuoteLib_Initialize ¡GB222875498
[6464] 2016/03/07 10:09:26.048 SKQuoteLib_Initialize ¡Ghttps://order2.capital.com.tw/
[5020] 2016/03/07 11:13:25.486 API InitInstance 
[5020] 2016/03/07 11:13:25.488 SKQuoteLib_Initialize ¡GB222875498
[5020] 2016/03/07 11:13:25.488 SKQuoteLib_Initialize ¡Ghttps://order2.capital.com.tw/
[9184] 2016/03/07 13:51:44.854 API InitInstance 
[9184] 2016/03/07 13:51:44.871 SKQuoteLib_Initialize ¡GB222875498
[9184] 2016/03/07 13:51:44.873 SKQuoteLib_Initialize ¡Ghttps://order2.capital.com.tw/
[9184] 2016/03/07 13:51:45.926 SKQuoteLib_Initialize  SUCCESS 
[9184] 2016/03/07 13:51:45.969 SKQuoteLib_EnterMonitor IP¡Ginfo10.capital.com.tw
[9184] 2016/03/07 13:51:45.974 SKQuoteLib_AttachConnectionCallBack 
[9184] 2016/03/07 13:51:45.976 SKQuoteLib_AttachQuoteCallBack 
[9184] 2016/03/07 13:51:45.977 SKQuoteLib_AttachBest5CallBack 
[9184] 2016/03/07 13:51:47.261 SocketConnect Type¡G100  ErrorCode¡G0
[9184] 2016/03/07 13:51:48.616 Stocks Ready
[9184] 2016/03/07 13:52:05.760 SKQuoteLib_RequestStocks (1,TSEA,TX00,TX03,TX04,TX06,TX09,TX12,TE00,TE03,TE04,TE06,TE09,TE12,TF00,TF03,TF04,TF06,TF09,TF12)
[9184] 2016/03/07 13:52:05.761 Divide StockNo {TSEA}
[9184] 2016/03/07 13:52:05.762 Add Basket MarketNo¡G0 StockIdx¡G10510
[9184] 2016/03/07 13:52:05.762 Divide StockNo {TX00}
[9184] 2016/03/07 13:52:05.763 Add Basket MarketNo¡G2 StockIdx¡G0
[9184] 2016/03/07 13:52:05.763 Divide StockNo {TX03}
[9184] 2016/03/07 13:52:05.764 Add Basket MarketNo¡G2 StockIdx¡G1
[9184] 2016/03/07 13:52:05.764 Divide StockNo {TX04}
[9184] 2016/03/07 13:52:05.765 Add Basket MarketNo¡G2 StockIdx¡G2
[9184] 2016/03/07 13:52:05.765 Divide StockNo {TX06}
[9184] 2016/03/07 13:52:05.766 Add Basket MarketNo¡G2 StockIdx¡G3
[9184] 2016/03/07 13:52:05.766 Divide StockNo {TX09}
[9184] 2016/03/07 13:52:05.766 Add Basket MarketNo¡G2 StockIdx¡G4
[9184] 2016/03/07 13:52:05.767 Divide StockNo {TX12}
[9184] 2016/03/07 13:52:05.767 Add Basket MarketNo¡G2 StockIdx¡G5
[9184] 2016/03/07 13:52:05.768 Divide StockNo {TE00}
[9184] 2016/03/07 13:52:05.768 Add Basket MarketNo¡G2 StockIdx¡G14
[9184] 2016/03/07 13:52:05.769 Divide StockNo {TE03}
[9184] 2016/03/07 13:52:05.769 Add Basket MarketNo¡G2 StockIdx¡G15
[9184] 2016/03/07 13:52:05.770 Divide StockNo {TE04}
[9184] 2016/03/07 13:52:05.770 Add Basket MarketNo¡G2 StockIdx¡G16
[9184] 2016/03/07 13:52:05.771 Divide StockNo {TE06}
[9184] 2016/03/07 13:52:05.771 Add Basket MarketNo¡G2 StockIdx¡G17
[9184] 2016/03/07 13:52:05.772 Divide StockNo {TE09}
[9184] 2016/03/07 13:52:05.772 Add Basket MarketNo¡G2 StockIdx¡G18
[9184] 2016/03/07 13:52:05.772 Divide StockNo {TE12}
[9184] 2016/03/07 13:52:05.773 Add Basket MarketNo¡G2 StockIdx¡G19
[9184] 2016/03/07 13:52:05.773 Divide StockNo {TF00}
[9184] 2016/03/07 13:52:05.774 Add Basket MarketNo¡G2 StockIdx¡G20
[9184] 2016/03/07 13:52:05.774 Divide StockNo {TF03}
[9184] 2016/03/07 13:52:05.775 Add Basket MarketNo¡G2 StockIdx¡G21
[9184] 2016/03/07 13:52:05.775 Divide StockNo {TF04}
[9184] 2016/03/07 13:52:05.775 Add Basket MarketNo¡G2 StockIdx¡G22
[9184] 2016/03/07 13:52:05.776 Divide StockNo {TF06}
[9184] 2016/03/07 13:52:05.776 Add Basket MarketNo¡G2 StockIdx¡G23
[9184] 2016/03/07 13:52:05.777 Divide StockNo {TF09}
[9184] 2016/03/07 13:52:05.777 Add Basket MarketNo¡G2 StockIdx¡G24
[9184] 2016/03/07 13:52:05.778 Divide StockNo {TF12}
[9184] 2016/03/07 13:52:05.778 Add Basket MarketNo¡G2 StockIdx¡G25
[9184] 2016/03/07 13:52:05.778 SKQuoteLib_RequestStocks Page 1
[9184] 2016/03/07 13:52:05.800 SKQuoteLib_RequestTicks (0,TSEA)
[9184] 2016/03/07 13:52:05.805 SKQuoteLib_RequestTicks (0,TX00)
[9184] 2016/03/07 13:52:05.807 SKQuoteLib_RequestTicks (0,TX03)
[9184] 2016/03/07 13:52:05.811 SKQuoteLib_RequestTicks (0,TX04)
[9184] 2016/03/07 13:52:05.815 SKQuoteLib_RequestTicks (0,TX06)
[9184] 2016/03/07 13:52:05.816 SKQuoteLib_RequestTicks (0,TX09)
[9184] 2016/03/07 13:52:05.820 SKQuoteLib_RequestTicks (0,TX12)
[9184] 2016/03/07 13:52:05.823 SKQuoteLib_RequestTicks (0,TE00)
[9184] 2016/03/07 13:52:05.824 SKQuoteLib_RequestTicks (0,TE03)
[9184] 2016/03/07 13:52:05.828 SKQuoteLib_RequestTicks (0,TE04)
[9184] 2016/03/07 13:52:05.832 SKQuoteLib_RequestTicks (0,TE06)
[9184] 2016/03/07 13:52:05.833 SKQuoteLib_RequestTicks (0,TE09)
[9184] 2016/03/07 13:52:05.837 SKQuoteLib_RequestTicks (0,TE12)
[9184] 2016/03/07 13:52:05.841 SKQuoteLib_RequestTicks (0,TF00)
[9184] 2016/03/07 13:52:05.842 SKQuoteLib_RequestTicks (0,TF03)
[9184] 2016/03/07 13:52:05.846 SKQuoteLib_RequestTicks (0,TF04)
[9184] 2016/03/07 13:52:05.851 SKQuoteLib_RequestTicks (0,TF06)
[9184] 2016/03/07 13:52:05.853 SKQuoteLib_RequestTicks (0,TF09)
[9184] 2016/03/07 13:52:05.856 SKQuoteLib_RequestTicks (0,TF12)
[3204] 2016/03/07 14:04:38.271 API InitInstance 
[3204] 2016/03/07 14:04:38.273 SKQuoteLib_Initialize ¡GB222875498
[3204] 2016/03/07 14:04:38.274 SKQuoteLib_Initialize ¡Ghttps://order2.capital.com.tw/
[11516] 2016/03/07 14:06:20.863 API InitInstance 
[11516] 2016/03/07 14:06:20.865 SKQuoteLib_Initialize ¡GB222875498
[11516] 2016/03/07 14:06:20.865 SKQuoteLib_Initialize ¡Ghttps://order2.capital.com.tw/
[11516] 2016/03/07 14:06:21.676 SKQuoteLib_Initialize  SUCCESS 
[11516] 2016/03/07 14:06:21.696 SKQuoteLib_EnterMonitor IP¡Ginfo8.capital.com.tw
[11516] 2016/03/07 14:06:21.698 SKQuoteLib_AttachConnectionCallBack 
[11516] 2016/03/07 14:06:21.698 SKQuoteLib_AttachQuoteCallBack 
[11516] 2016/03/07 14:06:21.699 SKQuoteLib_AttachBest5CallBack 
[11516] 2016/03/07 14:06:22.404 SocketConnect Type¡G100  ErrorCode¡G0
[11516] 2016/03/07 14:06:23.667 Stocks Ready
[11516] 2016/03/07 14:06:40.944 SKQuoteLib_RequestStocks (1,TSEA,TX00,TX03,TX04,TX06,TX09,TX12,TE00,TE03,TE04,TE06,TE09,TE12,TF00,TF03,TF04,TF06,TF09,TF12)
[11516] 2016/03/07 14:06:40.945 Divide StockNo {TSEA}
[11516] 2016/03/07 14:06:40.946 Add Basket MarketNo¡G0 StockIdx¡G10510
[11516] 2016/03/07 14:06:40.946 Divide StockNo {TX00}
[11516] 2016/03/07 14:06:40.947 Add Basket MarketNo¡G2 StockIdx¡G0
[11516] 2016/03/07 14:06:40.947 Divide StockNo {TX03}
[11516] 2016/03/07 14:06:40.948 Add Basket MarketNo¡G2 StockIdx¡G1
[11516] 2016/03/07 14:06:40.948 Divide StockNo {TX04}
[11516] 2016/03/07 14:06:40.949 Add Basket MarketNo¡G2 StockIdx¡G2
[11516] 2016/03/07 14:06:40.949 Divide StockNo {TX06}
[11516] 2016/03/07 14:06:40.950 Add Basket MarketNo¡G2 StockIdx¡G3
[11516] 2016/03/07 14:06:40.950 Divide StockNo {TX09}
[11516] 2016/03/07 14:06:40.951 Add Basket MarketNo¡G2 StockIdx¡G4
[11516] 2016/03/07 14:06:40.951 Divide StockNo {TX12}
[11516] 2016/03/07 14:06:40.952 Add Basket MarketNo¡G2 StockIdx¡G5
[11516] 2016/03/07 14:06:40.952 Divide StockNo {TE00}
[11516] 2016/03/07 14:06:40.952 Add Basket MarketNo¡G2 StockIdx¡G14
[11516] 2016/03/07 14:06:40.953 Divide StockNo {TE03}
[11516] 2016/03/07 14:06:40.953 Add Basket MarketNo¡G2 StockIdx¡G15
[11516] 2016/03/07 14:06:40.954 Divide StockNo {TE04}
[11516] 2016/03/07 14:06:40.955 Add Basket MarketNo¡G2 StockIdx¡G16
[11516] 2016/03/07 14:06:40.955 Divide StockNo {TE06}
[11516] 2016/03/07 14:06:40.955 Add Basket MarketNo¡G2 StockIdx¡G17
[11516] 2016/03/07 14:06:40.956 Divide StockNo {TE09}
[11516] 2016/03/07 14:06:40.956 Add Basket MarketNo¡G2 StockIdx¡G18
[11516] 2016/03/07 14:06:40.957 Divide StockNo {TE12}
[11516] 2016/03/07 14:06:40.957 Add Basket MarketNo¡G2 StockIdx¡G19
[11516] 2016/03/07 14:06:40.958 Divide StockNo {TF00}
[11516] 2016/03/07 14:06:40.958 Add Basket MarketNo¡G2 StockIdx¡G20
[11516] 2016/03/07 14:06:40.959 Divide StockNo {TF03}
[11516] 2016/03/07 14:06:40.959 Add Basket MarketNo¡G2 StockIdx¡G21
[11516] 2016/03/07 14:06:40.960 Divide StockNo {TF04}
[11516] 2016/03/07 14:06:40.960 Add Basket MarketNo¡G2 StockIdx¡G22
[11516] 2016/03/07 14:06:40.961 Divide StockNo {TF06}
[11516] 2016/03/07 14:06:40.961 Add Basket MarketNo¡G2 StockIdx¡G23
[11516] 2016/03/07 14:06:40.962 Divide StockNo {TF09}
[11516] 2016/03/07 14:06:40.962 Add Basket MarketNo¡G2 StockIdx¡G24
[11516] 2016/03/07 14:06:40.963 Divide StockNo {TF12}
[11516] 2016/03/07 14:06:40.963 Add Basket MarketNo¡G2 StockIdx¡G25
[11516] 2016/03/07 14:06:40.964 SKQuoteLib_RequestStocks Page 1
[11516] 2016/03/07 14:06:40.987 SKQuoteLib_RequestTicks (0,TSEA)
[11516] 2016/03/07 14:06:40.988 SKQuoteLib_RequestTicks (0,TX00)
[11516] 2016/03/07 14:06:40.992 SKQuoteLib_RequestTicks (0,TX03)
[11516] 2016/03/07 14:06:40.994 SKQuoteLib_RequestTicks (0,TX04)
[11516] 2016/03/07 14:06:40.998 SKQuoteLib_RequestTicks (0,TX06)
[11516] 2016/03/07 14:06:41.002 SKQuoteLib_RequestTicks (0,TX09)
[11516] 2016/03/07 14:06:41.004 SKQuoteLib_RequestTicks (0,TX12)
[11516] 2016/03/07 14:06:41.008 SKQuoteLib_RequestTicks (0,TE00)
[11516] 2016/03/07 14:06:41.013 SKQuoteLib_RequestTicks (0,TE03)
[11516] 2016/03/07 14:06:41.014 SKQuoteLib_RequestTicks (0,TE04)
[11516] 2016/03/07 14:06:41.018 SKQuoteLib_RequestTicks (0,TE06)
[11516] 2016/03/07 14:06:41.022 SKQuoteLib_RequestTicks (0,TE09)
[11516] 2016/03/07 14:06:41.024 SKQuoteLib_RequestTicks (0,TE12)
[11516] 2016/03/07 14:06:41.027 SKQuoteLib_RequestTicks (0,TF00)
[11516] 2016/03/07 14:06:41.031 SKQuoteLib_RequestTicks (0,TF03)
[11516] 2016/03/07 14:06:41.033 SKQuoteLib_RequestTicks (0,TF04)
[11516] 2016/03/07 14:06:41.036 SKQuoteLib_RequestTicks (0,TF06)
[11516] 2016/03/07 14:06:41.040 SKQuoteLib_RequestTicks (0,TF09)
[11516] 2016/03/07 14:06:41.041 SKQuoteLib_RequestTicks (0,TF12)
[11516] 2016/03/07 14:07:22.396 Check Link Status 
[11516] 2016/03/07 14:08:22.396 Check Link Status 
[11516] 2016/03/07 14:09:22.397 Check Link Status 
[11516] 2016/03/07 14:10:22.396 Check Link Status 
[3948] 2016/03/07 14:47:10.108 API InitInstance 
[3948] 2016/03/07 14:47:10.110 SKQuoteLib_Initialize ¡GB222875498
[3948] 2016/03/07 14:47:10.111 SKQuoteLib_Initialize ¡Ghttps://order2.capital.com.tw/
[10496] 2016/03/07 14:47:49.814 API InitInstance 
[10496] 2016/03/07 14:47:49.817 SKQuoteLib_Initialize ¡GB222875498
[10496] 2016/03/07 14:47:49.817 SKQuoteLib_Initialize ¡Ghttps://order2.capital.com.tw/
