[33384] 2022/06/14 00:50:46.530 API InitInstance 
[33384] 2022/06/14 00:50:46.532 SKOSQuoteLib_Initialize  ID¡GB222875498
[33384] 2022/06/14 00:50:46.533 SKOSQuoteLib_Initialize  Server¡Ghttps://order2.capital.com.tw/
[33384] 2022/06/14 00:50:46.574 SKOSQuoteLib_Initialize  Server¡Ghttps://order3.capital.com.tw/
[33384] 2022/06/14 00:50:46.647 SKOSQuoteLib_AttachConnectCallBack   SK_ERROR_INITIALIZE_FAIL 
[33384] 2022/06/14 00:50:46.648 SKOSQuoteLib_AttachQuoteCallBack   SK_ERROR_INITIALIZE_FAIL 
[33384] 2022/06/14 00:50:46.649 SKOSQuoteLib_AttachBest5CallBack   SK_ERROR_INITIALIZE_FAIL 
[17844] 2022/06/14 01:20:11.383 API InitInstance 
[17844] 2022/06/14 01:20:11.385 SKOSQuoteLib_Initialize  ID¡GB222875498
[17844] 2022/06/14 01:20:11.386 SKOSQuoteLib_Initialize  Server¡Ghttps://order2.capital.com.tw/
[17844] 2022/06/14 01:20:11.430 SKOSQuoteLib_Initialize  Server¡Ghttps://order3.capital.com.tw/
[17844] 2022/06/14 01:20:11.504 SKOSQuoteLib_AttachConnectCallBack   SK_ERROR_INITIALIZE_FAIL 
[17844] 2022/06/14 01:20:11.505 SKOSQuoteLib_AttachQuoteCallBack   SK_ERROR_INITIALIZE_FAIL 
[17844] 2022/06/14 01:20:11.506 SKOSQuoteLib_AttachBest5CallBack   SK_ERROR_INITIALIZE_FAIL 
[17844] 2022/06/14 01:20:56.503 SKOSQuoteLib_LeaveMonitor   SK_ERROR_INITIALIZE_FAIL 
[17844] 2022/06/14 01:20:56.504 SKOSQuoteLib_EnterMonitor   SK_ERROR_INITIALIZE_FAIL 
[17844] 2022/06/14 01:20:56.506 SKOSQuoteLib_Initialize  ID¡GB222875498
[17844] 2022/06/14 01:20:56.506 SKOSQuoteLib_Initialize  Server¡Ghttps://order2.capital.com.tw/
[17844] 2022/06/14 01:20:56.609 SKOSQuoteLib_Initialize  Server¡Ghttps://order3.capital.com.tw/
[27032] 2022/06/14 01:21:30.433 API InitInstance 
[27032] 2022/06/14 01:21:30.434 SKOSQuoteLib_Initialize  ID¡GB222875498
[27032] 2022/06/14 01:21:30.434 SKOSQuoteLib_Initialize  Server¡Ghttps://order2.capital.com.tw/
[27032] 2022/06/14 01:21:30.474 SKOSQuoteLib_Initialize  Server¡Ghttps://order3.capital.com.tw/
[27032] 2022/06/14 01:21:30.517 SKOSQuoteLib_AttachConnectCallBack   SK_ERROR_INITIALIZE_FAIL 
[27032] 2022/06/14 01:21:30.518 SKOSQuoteLib_AttachQuoteCallBack   SK_ERROR_INITIALIZE_FAIL 
[27032] 2022/06/14 01:21:30.518 SKOSQuoteLib_AttachBest5CallBack   SK_ERROR_INITIALIZE_FAIL 
[27032] 2022/06/14 01:22:15.518 SKOSQuoteLib_LeaveMonitor   SK_ERROR_INITIALIZE_FAIL 
[27032] 2022/06/14 01:22:15.519 SKOSQuoteLib_EnterMonitor   SK_ERROR_INITIALIZE_FAIL 
[27032] 2022/06/14 01:22:15.520 SKOSQuoteLib_Initialize  ID¡GB222875498
[27032] 2022/06/14 01:22:15.521 SKOSQuoteLib_Initialize  Server¡Ghttps://order2.capital.com.tw/
[27032] 2022/06/14 01:22:15.615 SKOSQuoteLib_Initialize  Server¡Ghttps://order3.capital.com.tw/
[32240] 2022/06/14 01:34:45.804 API InitInstance 
[32240] 2022/06/14 01:34:45.806 SKOSQuoteLib_Initialize  ID¡GB222875498
[32240] 2022/06/14 01:34:45.806 SKOSQuoteLib_Initialize  Server¡Ghttps://order2.capital.com.tw/
[32240] 2022/06/14 01:34:45.842 SKOSQuoteLib_Initialize  Server¡Ghttps://order3.capital.com.tw/
[32240] 2022/06/14 01:34:45.909 SKOSQuoteLib_AttachConnectCallBack   SK_ERROR_INITIALIZE_FAIL 
[32240] 2022/06/14 01:34:45.910 SKOSQuoteLib_AttachQuoteCallBack   SK_ERROR_INITIALIZE_FAIL 
[32240] 2022/06/14 01:34:45.910 SKOSQuoteLib_AttachBest5CallBack   SK_ERROR_INITIALIZE_FAIL 
[32240] 2022/06/14 01:35:57.762 SKOSQuoteLib_LeaveMonitor   SK_ERROR_INITIALIZE_FAIL 
[32240] 2022/06/14 01:35:57.764 SKOSQuoteLib_EnterMonitor   SK_ERROR_INITIALIZE_FAIL 
[32240] 2022/06/14 01:35:57.765 SKOSQuoteLib_Initialize  ID¡GB222875498
[32240] 2022/06/14 01:35:57.765 SKOSQuoteLib_Initialize  Server¡Ghttps://order2.capital.com.tw/
[32240] 2022/06/14 01:35:57.874 SKOSQuoteLib_Initialize  Server¡Ghttps://order3.capital.com.tw/
[38192] 2022/06/14 01:48:44.774 API InitInstance 
[38192] 2022/06/14 01:48:44.775 SKOSQuoteLib_Initialize  ID¡GB222875498
[38192] 2022/06/14 01:48:44.775 SKOSQuoteLib_Initialize  Server¡Ghttps://order2.capital.com.tw/
[38192] 2022/06/14 01:48:44.809 SKOSQuoteLib_Initialize  Server¡Ghttps://order3.capital.com.tw/
[38192] 2022/06/14 01:48:44.932 SKOSQuoteLib_AttachConnectCallBack   SK_ERROR_INITIALIZE_FAIL 
[38192] 2022/06/14 01:48:44.933 SKOSQuoteLib_AttachQuoteCallBack   SK_ERROR_INITIALIZE_FAIL 
[38192] 2022/06/14 01:48:44.933 SKOSQuoteLib_AttachBest5CallBack   SK_ERROR_INITIALIZE_FAIL 
[25408] 2022/06/14 01:49:08.029 API InitInstance 
[25408] 2022/06/14 01:49:08.038 SKOSQuoteLib_Initialize  ID¡GB222875498
[25408] 2022/06/14 01:49:08.038 SKOSQuoteLib_Initialize  Server¡Ghttps://order2.capital.com.tw/
[25408] 2022/06/14 01:49:08.076 SKOSQuoteLib_Initialize  Server¡Ghttps://order3.capital.com.tw/
[25408] 2022/06/14 01:49:08.180 SKOSQuoteLib_AttachConnectCallBack   SK_ERROR_INITIALIZE_FAIL 
[25408] 2022/06/14 01:49:08.181 SKOSQuoteLib_AttachQuoteCallBack   SK_ERROR_INITIALIZE_FAIL 
[25408] 2022/06/14 01:49:08.181 SKOSQuoteLib_AttachBest5CallBack   SK_ERROR_INITIALIZE_FAIL 
[25408] 2022/06/14 01:49:53.174 SKOSQuoteLib_LeaveMonitor   SK_ERROR_INITIALIZE_FAIL 
[25408] 2022/06/14 01:49:53.175 SKOSQuoteLib_EnterMonitor   SK_ERROR_INITIALIZE_FAIL 
[25408] 2022/06/14 01:49:53.176 SKOSQuoteLib_Initialize  ID¡GB222875498
[25408] 2022/06/14 01:49:53.177 SKOSQuoteLib_Initialize  Server¡Ghttps://order2.capital.com.tw/
[25408] 2022/06/14 01:49:53.281 SKOSQuoteLib_Initialize  Server¡Ghttps://order3.capital.com.tw/
[30268] 2022/06/14 02:04:57.868 API InitInstance 
[30268] 2022/06/14 02:04:57.870 SKOSQuoteLib_Initialize  ID¡GB222875498
[30268] 2022/06/14 02:04:57.871 SKOSQuoteLib_Initialize  Server¡Ghttps://order2.capital.com.tw/
[30268] 2022/06/14 02:04:57.949 SKOSQuoteLib_Initialize  Server¡Ghttps://order3.capital.com.tw/
[30268] 2022/06/14 02:04:58.089 SKOSQuoteLib_AttachConnectCallBack   SK_ERROR_INITIALIZE_FAIL 
[30268] 2022/06/14 02:04:58.090 SKOSQuoteLib_AttachQuoteCallBack   SK_ERROR_INITIALIZE_FAIL 
[30268] 2022/06/14 02:04:58.090 SKOSQuoteLib_AttachBest5CallBack   SK_ERROR_INITIALIZE_FAIL 
[30268] 2022/06/14 02:05:43.082 SKOSQuoteLib_LeaveMonitor   SK_ERROR_INITIALIZE_FAIL 
[30268] 2022/06/14 02:05:43.083 SKOSQuoteLib_EnterMonitor   SK_ERROR_INITIALIZE_FAIL 
[30268] 2022/06/14 02:05:43.084 SKOSQuoteLib_Initialize  ID¡GB222875498
[30268] 2022/06/14 02:05:43.084 SKOSQuoteLib_Initialize  Server¡Ghttps://order2.capital.com.tw/
[30268] 2022/06/14 02:05:43.186 SKOSQuoteLib_Initialize  Server¡Ghttps://order3.capital.com.tw/
[28420] 2022/06/14 19:28:30.232 API InitInstance 
[28420] 2022/06/14 19:28:30.236 SKOSQuoteLib_Initialize  ID¡GB222875498
[28420] 2022/06/14 19:28:30.237 SKOSQuoteLib_Initialize  Server¡Ghttps://order2.capital.com.tw/
[28420] 2022/06/14 19:28:30.286 SKOSQuoteLib_Initialize  Server¡Ghttps://order3.capital.com.tw/
[28420] 2022/06/14 19:28:30.438 SKOSQuoteLib_AttachConnectCallBack   SK_ERROR_INITIALIZE_FAIL 
[28420] 2022/06/14 19:28:30.440 SKOSQuoteLib_AttachQuoteCallBack   SK_ERROR_INITIALIZE_FAIL 
[28420] 2022/06/14 19:28:30.440 SKOSQuoteLib_AttachBest5CallBack   SK_ERROR_INITIALIZE_FAIL 
[40512] 2022/06/14 20:17:50.976 API InitInstance 
[40512] 2022/06/14 20:17:50.978 SKOSQuoteLib_Initialize  ID¡GB222875498
[40512] 2022/06/14 20:17:50.979 SKOSQuoteLib_Initialize  Server¡Ghttps://order2.capital.com.tw/
[40512] 2022/06/14 20:17:51.019 SKOSQuoteLib_Initialize  Server¡Ghttps://order3.capital.com.tw/
[40512] 2022/06/14 20:17:51.166 SKOSQuoteLib_AttachConnectCallBack   SK_ERROR_INITIALIZE_FAIL 
[40512] 2022/06/14 20:17:51.167 SKOSQuoteLib_AttachQuoteCallBack   SK_ERROR_INITIALIZE_FAIL 
[40512] 2022/06/14 20:17:51.168 SKOSQuoteLib_AttachBest5CallBack   SK_ERROR_INITIALIZE_FAIL 
[8248] 2022/06/14 20:18:44.481 API InitInstance 
[8248] 2022/06/14 20:18:44.483 SKOSQuoteLib_Initialize  ID¡GB222875498
[8248] 2022/06/14 20:18:44.483 SKOSQuoteLib_Initialize  Server¡Ghttps://order2.capital.com.tw/
[8248] 2022/06/14 20:18:44.542 SKOSQuoteLib_Initialize  Server¡Ghttps://order3.capital.com.tw/
[8248] 2022/06/14 20:18:44.600 SKOSQuoteLib_AttachConnectCallBack   SK_ERROR_INITIALIZE_FAIL 
[8248] 2022/06/14 20:18:44.601 SKOSQuoteLib_AttachQuoteCallBack   SK_ERROR_INITIALIZE_FAIL 
[8248] 2022/06/14 20:18:44.602 SKOSQuoteLib_AttachBest5CallBack   SK_ERROR_INITIALIZE_FAIL 
[8248] 2022/06/14 20:19:34.054 SKOSQuoteLib_LeaveMonitor   SK_ERROR_INITIALIZE_FAIL 
[8248] 2022/06/14 20:19:34.055 SKOSQuoteLib_EnterMonitor   SK_ERROR_INITIALIZE_FAIL 
[8248] 2022/06/14 20:19:34.056 SKOSQuoteLib_Initialize  ID¡GB222875498
[8248] 2022/06/14 20:19:34.057 SKOSQuoteLib_Initialize  Server¡Ghttps://order2.capital.com.tw/
[8248] 2022/06/14 20:19:34.181 SKOSQuoteLib_Initialize  Server¡Ghttps://order3.capital.com.tw/
[44308] 2022/06/14 20:48:51.498 API InitInstance 
[44308] 2022/06/14 20:48:51.500 SKOSQuoteLib_Initialize  ID¡GB222875498
[44308] 2022/06/14 20:48:51.501 SKOSQuoteLib_Initialize  Server¡Ghttps://order2.capital.com.tw/
[44308] 2022/06/14 20:48:51.550 SKOSQuoteLib_Initialize  Server¡Ghttps://order3.capital.com.tw/
[44308] 2022/06/14 20:48:51.614 SKOSQuoteLib_AttachConnectCallBack   SK_ERROR_INITIALIZE_FAIL 
[44308] 2022/06/14 20:48:51.615 SKOSQuoteLib_AttachQuoteCallBack   SK_ERROR_INITIALIZE_FAIL 
[44308] 2022/06/14 20:48:51.616 SKOSQuoteLib_AttachBest5CallBack   SK_ERROR_INITIALIZE_FAIL 
[44308] 2022/06/14 20:49:36.615 SKOSQuoteLib_LeaveMonitor   SK_ERROR_INITIALIZE_FAIL 
[44308] 2022/06/14 20:49:36.616 SKOSQuoteLib_EnterMonitor   SK_ERROR_INITIALIZE_FAIL 
[44308] 2022/06/14 20:49:36.617 SKOSQuoteLib_Initialize  ID¡GB222875498
[44308] 2022/06/14 20:49:36.617 SKOSQuoteLib_Initialize  Server¡Ghttps://order2.capital.com.tw/
[44308] 2022/06/14 20:49:36.749 SKOSQuoteLib_Initialize  Server¡Ghttps://order3.capital.com.tw/
[5528] 2022/06/14 21:02:56.497 API InitInstance 
[5528] 2022/06/14 21:02:56.499 SKOSQuoteLib_Initialize  ID¡GB222875498
[5528] 2022/06/14 21:02:56.499 SKOSQuoteLib_Initialize  Server¡Ghttps://order2.capital.com.tw/
[5528] 2022/06/14 21:02:56.539 SKOSQuoteLib_Initialize  Server¡Ghttps://order3.capital.com.tw/
[5528] 2022/06/14 21:02:56.604 SKOSQuoteLib_AttachConnectCallBack   SK_ERROR_INITIALIZE_FAIL 
[5528] 2022/06/14 21:02:56.604 SKOSQuoteLib_AttachQuoteCallBack   SK_ERROR_INITIALIZE_FAIL 
[5528] 2022/06/14 21:02:56.605 SKOSQuoteLib_AttachBest5CallBack   SK_ERROR_INITIALIZE_FAIL 
[5528] 2022/06/14 21:03:41.613 SKOSQuoteLib_LeaveMonitor   SK_ERROR_INITIALIZE_FAIL 
[5528] 2022/06/14 21:03:41.614 SKOSQuoteLib_EnterMonitor   SK_ERROR_INITIALIZE_FAIL 
[5528] 2022/06/14 21:03:41.616 SKOSQuoteLib_Initialize  ID¡GB222875498
[5528] 2022/06/14 21:03:41.616 SKOSQuoteLib_Initialize  Server¡Ghttps://order2.capital.com.tw/
[5528] 2022/06/14 21:03:41.720 SKOSQuoteLib_Initialize  Server¡Ghttps://order3.capital.com.tw/
[32924] 2022/06/14 21:10:12.500 API InitInstance 
[32924] 2022/06/14 21:10:12.502 SKOSQuoteLib_Initialize  ID¡GB222875498
[32924] 2022/06/14 21:10:12.503 SKOSQuoteLib_Initialize  Server¡Ghttps://order2.capital.com.tw/
[32924] 2022/06/14 21:10:12.536 SKOSQuoteLib_Initialize  Server¡Ghttps://order3.capital.com.tw/
[32924] 2022/06/14 21:10:12.657 SKOSQuoteLib_AttachConnectCallBack   SK_ERROR_INITIALIZE_FAIL 
[32924] 2022/06/14 21:10:12.658 SKOSQuoteLib_AttachQuoteCallBack   SK_ERROR_INITIALIZE_FAIL 
[32924] 2022/06/14 21:10:12.658 SKOSQuoteLib_AttachBest5CallBack   SK_ERROR_INITIALIZE_FAIL 
[32924] 2022/06/14 21:10:57.658 SKOSQuoteLib_LeaveMonitor   SK_ERROR_INITIALIZE_FAIL 
[32924] 2022/06/14 21:10:57.659 SKOSQuoteLib_EnterMonitor   SK_ERROR_INITIALIZE_FAIL 
[32924] 2022/06/14 21:10:57.660 SKOSQuoteLib_Initialize  ID¡GB222875498
[32924] 2022/06/14 21:10:57.661 SKOSQuoteLib_Initialize  Server¡Ghttps://order2.capital.com.tw/
[32924] 2022/06/14 21:10:57.754 SKOSQuoteLib_Initialize  Server¡Ghttps://order3.capital.com.tw/
[10628] 2022/06/14 21:20:23.834 API InitInstance 
[10628] 2022/06/14 21:20:23.836 SKOSQuoteLib_Initialize  ID¡GB222875498
[10628] 2022/06/14 21:20:23.836 SKOSQuoteLib_Initialize  Server¡Ghttps://order2.capital.com.tw/
[10628] 2022/06/14 21:20:23.884 SKOSQuoteLib_Initialize  Server¡Ghttps://order3.capital.com.tw/
[10628] 2022/06/14 21:20:24.017 SKOSQuoteLib_AttachConnectCallBack   SK_ERROR_INITIALIZE_FAIL 
[10628] 2022/06/14 21:20:24.018 SKOSQuoteLib_AttachQuoteCallBack   SK_ERROR_INITIALIZE_FAIL 
[10628] 2022/06/14 21:20:24.018 SKOSQuoteLib_AttachBest5CallBack   SK_ERROR_INITIALIZE_FAIL 
[10628] 2022/06/14 21:21:09.017 SKOSQuoteLib_LeaveMonitor   SK_ERROR_INITIALIZE_FAIL 
[10628] 2022/06/14 21:21:09.018 SKOSQuoteLib_EnterMonitor   SK_ERROR_INITIALIZE_FAIL 
[10628] 2022/06/14 21:21:09.019 SKOSQuoteLib_Initialize  ID¡GB222875498
[10628] 2022/06/14 21:21:09.020 SKOSQuoteLib_Initialize  Server¡Ghttps://order2.capital.com.tw/
[10628] 2022/06/14 21:21:09.120 SKOSQuoteLib_Initialize  Server¡Ghttps://order3.capital.com.tw/
[29824] 2022/06/14 21:45:23.677 API InitInstance 
[29824] 2022/06/14 21:45:23.679 SKOSQuoteLib_Initialize  ID¡GB222875498
[29824] 2022/06/14 21:45:23.680 SKOSQuoteLib_Initialize  Server¡Ghttps://order2.capital.com.tw/
[29824] 2022/06/14 21:45:23.725 SKOSQuoteLib_Initialize  Server¡Ghttps://order3.capital.com.tw/
[29824] 2022/06/14 21:45:23.866 SKOSQuoteLib_AttachConnectCallBack   SK_ERROR_INITIALIZE_FAIL 
[29824] 2022/06/14 21:45:23.867 SKOSQuoteLib_AttachQuoteCallBack   SK_ERROR_INITIALIZE_FAIL 
[29824] 2022/06/14 21:45:23.867 SKOSQuoteLib_AttachBest5CallBack   SK_ERROR_INITIALIZE_FAIL 
[29824] 2022/06/14 21:46:08.864 SKOSQuoteLib_LeaveMonitor   SK_ERROR_INITIALIZE_FAIL 
[29824] 2022/06/14 21:46:08.865 SKOSQuoteLib_EnterMonitor   SK_ERROR_INITIALIZE_FAIL 
[29824] 2022/06/14 21:46:08.867 SKOSQuoteLib_Initialize  ID¡GB222875498
[29824] 2022/06/14 21:46:08.867 SKOSQuoteLib_Initialize  Server¡Ghttps://order2.capital.com.tw/
[29824] 2022/06/14 21:46:08.970 SKOSQuoteLib_Initialize  Server¡Ghttps://order3.capital.com.tw/
