[19760] 2022/04/17 16:48:42.992 API InitInstance 
[19760] 2022/04/17 16:48:42.993 SKOSQuoteLib_Initialize  ID¡GB222875498
[19760] 2022/04/17 16:48:42.993 SKOSQuoteLib_Initialize  Server¡Ghttps://order2.capital.com.tw/
[19760] 2022/04/17 16:48:43.049 SKOSQuoteLib_Initialize  Server¡Ghttps://order3.capital.com.tw/
[19760] 2022/04/17 16:48:43.140 SKOSQuoteLib_AttachConnectCallBack   SK_ERROR_INITIALIZE_FAIL 
[19760] 2022/04/17 16:48:43.140 SKOSQuoteLib_AttachQuoteCallBack   SK_ERROR_INITIALIZE_FAIL 
[19760] 2022/04/17 16:48:43.141 SKOSQuoteLib_AttachBest5CallBack   SK_ERROR_INITIALIZE_FAIL 
[15072] 2022/04/17 17:07:35.114 API InitInstance 
[15072] 2022/04/17 17:07:35.115 SKOSQuoteLib_Initialize  ID¡GB222875498
[15072] 2022/04/17 17:07:35.116 SKOSQuoteLib_Initialize  Server¡Ghttps://order2.capital.com.tw/
[15072] 2022/04/17 17:07:35.153 SKOSQuoteLib_Initialize  Server¡Ghttps://order3.capital.com.tw/
[15072] 2022/04/17 17:07:35.349 SKOSQuoteLib_AttachConnectCallBack   SK_ERROR_INITIALIZE_FAIL 
[15072] 2022/04/17 17:07:35.350 SKOSQuoteLib_AttachQuoteCallBack   SK_ERROR_INITIALIZE_FAIL 
[15072] 2022/04/17 17:07:35.350 SKOSQuoteLib_AttachBest5CallBack   SK_ERROR_INITIALIZE_FAIL 
[21784] 2022/04/17 17:11:04.622 API InitInstance 
[21784] 2022/04/17 17:11:04.623 SKOSQuoteLib_Initialize  ID¡GB222875498
[21784] 2022/04/17 17:11:04.623 SKOSQuoteLib_Initialize  Server¡Ghttps://order2.capital.com.tw/
[21784] 2022/04/17 17:11:04.658 SKOSQuoteLib_Initialize  Server¡Ghttps://order3.capital.com.tw/
[21784] 2022/04/17 17:11:04.799 SKOSQuoteLib_AttachConnectCallBack   SK_ERROR_INITIALIZE_FAIL 
[21784] 2022/04/17 17:11:04.799 SKOSQuoteLib_AttachQuoteCallBack   SK_ERROR_INITIALIZE_FAIL 
[21784] 2022/04/17 17:11:04.800 SKOSQuoteLib_AttachBest5CallBack   SK_ERROR_INITIALIZE_FAIL 
[7020] 2022/04/17 19:41:32.107 API InitInstance 
[7020] 2022/04/17 19:41:32.108 SKOSQuoteLib_Initialize  ID¡GB222875498
[7020] 2022/04/17 19:41:32.108 SKOSQuoteLib_Initialize  Server¡Ghttps://order2.capital.com.tw/
[7020] 2022/04/17 19:41:32.189 SKOSQuoteLib_Initialize  Server¡Ghttps://order3.capital.com.tw/
[7020] 2022/04/17 19:41:32.331 SKOSQuoteLib_AttachConnectCallBack   SK_ERROR_INITIALIZE_FAIL 
[7020] 2022/04/17 19:41:32.332 SKOSQuoteLib_AttachQuoteCallBack   SK_ERROR_INITIALIZE_FAIL 
[7020] 2022/04/17 19:41:32.332 SKOSQuoteLib_AttachBest5CallBack   SK_ERROR_INITIALIZE_FAIL 
[20916] 2022/04/17 22:30:12.684 API InitInstance 
[20916] 2022/04/17 22:30:12.685 SKOSQuoteLib_Initialize  ID¡GB222875498
[20916] 2022/04/17 22:30:12.685 SKOSQuoteLib_Initialize  Server¡Ghttps://order2.capital.com.tw/
[20916] 2022/04/17 22:30:12.717 SKOSQuoteLib_Initialize  Server¡Ghttps://order3.capital.com.tw/
[20916] 2022/04/17 22:30:12.758 SKOSQuoteLib_AttachConnectCallBack   SK_ERROR_INITIALIZE_FAIL 
[20916] 2022/04/17 22:30:12.758 SKOSQuoteLib_AttachQuoteCallBack   SK_ERROR_INITIALIZE_FAIL 
[20916] 2022/04/17 22:30:12.758 SKOSQuoteLib_AttachBest5CallBack   SK_ERROR_INITIALIZE_FAIL 
