[31432] 2022/06/12 15:28:22.281 API InitInstance 
[31432] 2022/06/12 15:28:22.283 SKOSQuoteLib_Initialize  ID¡GB222875498
[31432] 2022/06/12 15:28:22.283 SKOSQuoteLib_Initialize  Server¡Ghttps://order2.capital.com.tw/
[31432] 2022/06/12 15:28:22.319 SKOSQuoteLib_Initialize  Server¡Ghttps://order3.capital.com.tw/
[31432] 2022/06/12 15:28:22.451 SKOSQuoteLib_AttachConnectCallBack   SK_ERROR_INITIALIZE_FAIL 
[31432] 2022/06/12 15:28:22.451 SKOSQuoteLib_AttachQuoteCallBack   SK_ERROR_INITIALIZE_FAIL 
[31432] 2022/06/12 15:28:22.452 SKOSQuoteLib_AttachBest5CallBack   SK_ERROR_INITIALIZE_FAIL 
[31380] 2022/06/12 15:40:34.342 API InitInstance 
[31380] 2022/06/12 15:40:34.344 SKOSQuoteLib_Initialize  ID¡GB222875498
[31380] 2022/06/12 15:40:34.345 SKOSQuoteLib_Initialize  Server¡Ghttps://order2.capital.com.tw/
[31380] 2022/06/12 15:40:34.510 SKOSQuoteLib_Initialize  Server¡Ghttps://order3.capital.com.tw/
[31380] 2022/06/12 15:40:34.577 SKOSQuoteLib_AttachConnectCallBack   SK_ERROR_INITIALIZE_FAIL 
[31380] 2022/06/12 15:40:34.577 SKOSQuoteLib_AttachQuoteCallBack   SK_ERROR_INITIALIZE_FAIL 
[31380] 2022/06/12 15:40:34.578 SKOSQuoteLib_AttachBest5CallBack   SK_ERROR_INITIALIZE_FAIL 
[18376] 2022/06/12 15:41:03.625 API InitInstance 
[18376] 2022/06/12 15:41:03.627 SKOSQuoteLib_Initialize  ID¡GB222875498
[18376] 2022/06/12 15:41:03.627 SKOSQuoteLib_Initialize  Server¡Ghttps://order2.capital.com.tw/
[18376] 2022/06/12 15:41:03.673 SKOSQuoteLib_Initialize  Server¡Ghttps://order3.capital.com.tw/
[18376] 2022/06/12 15:41:03.830 SKOSQuoteLib_AttachConnectCallBack   SK_ERROR_INITIALIZE_FAIL 
[18376] 2022/06/12 15:41:03.831 SKOSQuoteLib_AttachQuoteCallBack   SK_ERROR_INITIALIZE_FAIL 
[18376] 2022/06/12 15:41:03.831 SKOSQuoteLib_AttachBest5CallBack   SK_ERROR_INITIALIZE_FAIL 
[30616] 2022/06/12 18:09:13.268 API InitInstance 
[30616] 2022/06/12 18:09:13.269 SKOSQuoteLib_Initialize  ID¡GB222875498
[30616] 2022/06/12 18:09:13.269 SKOSQuoteLib_Initialize  Server¡Ghttps://order2.capital.com.tw/
[30616] 2022/06/12 18:09:13.306 SKOSQuoteLib_Initialize  Server¡Ghttps://order3.capital.com.tw/
[30616] 2022/06/12 18:09:13.344 SKOSQuoteLib_AttachConnectCallBack   SK_ERROR_INITIALIZE_FAIL 
[30616] 2022/06/12 18:09:13.345 SKOSQuoteLib_AttachQuoteCallBack   SK_ERROR_INITIALIZE_FAIL 
[30616] 2022/06/12 18:09:13.345 SKOSQuoteLib_AttachBest5CallBack   SK_ERROR_INITIALIZE_FAIL 
[3712] 2022/06/12 19:48:26.694 API InitInstance 
[3712] 2022/06/12 19:48:26.696 SKOSQuoteLib_Initialize  ID¡GB222875498
[3712] 2022/06/12 19:48:26.696 SKOSQuoteLib_Initialize  Server¡Ghttps://order2.capital.com.tw/
[3712] 2022/06/12 19:48:26.740 SKOSQuoteLib_Initialize  Server¡Ghttps://order3.capital.com.tw/
[3712] 2022/06/12 19:48:26.873 SKOSQuoteLib_AttachConnectCallBack   SK_ERROR_INITIALIZE_FAIL 
[3712] 2022/06/12 19:48:26.874 SKOSQuoteLib_AttachQuoteCallBack   SK_ERROR_INITIALIZE_FAIL 
[3712] 2022/06/12 19:48:26.874 SKOSQuoteLib_AttachBest5CallBack   SK_ERROR_INITIALIZE_FAIL 
[3712] 2022/06/13 07:00:26.865 SKOSQuoteLib_RequestStocks   SK_ERROR_INITIALIZE_FAIL 
[3712] 2022/06/13 07:00:26.867 SKOSQuoteLib_RequestTicks   SK_ERROR_INITIALIZE_FAIL 
[3712] 2022/06/13 07:00:26.878 SKOSQuoteLib_LeaveMonitor   SK_ERROR_INITIALIZE_FAIL 
[3712] 2022/06/13 07:00:26.879 SKOSQuoteLib_EnterMonitor   SK_ERROR_INITIALIZE_FAIL 
[3712] 2022/06/13 07:00:26.880 SKOSQuoteLib_Initialize  ID¡GB222875498
[3712] 2022/06/13 07:00:26.880 SKOSQuoteLib_Initialize  Server¡Ghttps://order2.capital.com.tw/
[3712] 2022/06/13 07:00:27.005 SKOSQuoteLib_Initialize  Server¡Ghttps://order3.capital.com.tw/
[3712] 2022/06/13 08:43:26.863 SKOSQuoteLib_RequestStocks   SK_ERROR_INITIALIZE_FAIL 
[3712] 2022/06/13 08:43:26.865 SKOSQuoteLib_RequestTicks   SK_ERROR_INITIALIZE_FAIL 
[3712] 2022/06/13 08:45:26.861 SKOSQuoteLib_RequestStocks   SK_ERROR_INITIALIZE_FAIL 
[3712] 2022/06/13 08:45:26.862 SKOSQuoteLib_RequestTicks   SK_ERROR_INITIALIZE_FAIL 
[3712] 2022/06/13 09:15:26.864 SKOSQuoteLib_RequestStocks   SK_ERROR_INITIALIZE_FAIL 
[3712] 2022/06/13 09:15:26.867 SKOSQuoteLib_RequestTicks   SK_ERROR_INITIALIZE_FAIL 
[3712] 2022/06/13 09:43:26.864 SKOSQuoteLib_RequestStocks   SK_ERROR_INITIALIZE_FAIL 
[3712] 2022/06/13 09:43:26.865 SKOSQuoteLib_RequestTicks   SK_ERROR_INITIALIZE_FAIL 
[3712] 2022/06/13 10:24:26.860 SKOSQuoteLib_RequestStocks   SK_ERROR_INITIALIZE_FAIL 
[3712] 2022/06/13 10:24:26.863 SKOSQuoteLib_RequestTicks   SK_ERROR_INITIALIZE_FAIL 
[3712] 2022/06/13 14:50:26.862 SKOSQuoteLib_RequestStocks   SK_ERROR_INITIALIZE_FAIL 
[3712] 2022/06/13 14:50:26.864 SKOSQuoteLib_RequestTicks   SK_ERROR_INITIALIZE_FAIL 
[3712] 2022/06/13 16:44:26.867 SKOSQuoteLib_RequestStocks   SK_ERROR_INITIALIZE_FAIL 
[3712] 2022/06/13 16:44:26.869 SKOSQuoteLib_RequestTicks   SK_ERROR_INITIALIZE_FAIL 
[3712] 2022/06/13 18:25:26.867 SKOSQuoteLib_RequestStocks   SK_ERROR_INITIALIZE_FAIL 
[3712] 2022/06/13 18:25:26.870 SKOSQuoteLib_RequestTicks   SK_ERROR_INITIALIZE_FAIL 
